Using pre-set license
Built from '2020.2/staging' branch; Version is '2020.2.7f1 (c53830e277f1) revision 12924976'; Using compiler version '192528614'; Build Type 'Release'
OS: 'Windows 10 Pro; OS build 19043.1110; Version 2009; 64bit' Language: 'el' Physical Memory: 3999 MB
BatchMode: 1, IsHumanControllingUs: 0, StartBugReporterOnCrash: 0, Is64bit: 1, IsPro: 0

 COMMAND LINE ARGUMENTS:
C:\Unity\2020.2.7f1\Editor\Unity.exe
-adb2
-batchMode
-noUpm
-name
AssetImportWorker4
-projectPath
C:/Users/User/Desktop/Πτυχιακη/πτυχιακη/FirstScene/ExampleUnityProject
-logFile
Logs/AssetImportWorker4.log
-srvPort
62581
Successfully changed project path to: C:/Users/User/Desktop/Πτυχιακη/πτυχιακη/FirstScene/ExampleUnityProject
C:/Users/User/Desktop/Πτυχιακη/πτυχιακη/FirstScene/ExampleUnityProject
Using Asset Import Pipeline V2.
Refreshing native plugins compatible for Editor in 182.10 ms, found 5 plugins.
Preloading 0 native plugins for Editor in 0.00 ms.
Initialize engine version: 2020.2.7f1 (c53830e277f1)
[Subsystems] Discovering subsystems at path C:/Unity/2020.2.7f1/Editor/Data/Resources/UnitySubsystems
[Subsystems] Discovering subsystems at path C:/Users/User/Desktop/Πτυχιακη/πτυχιακη/FirstScene/ExampleUnityProject/Assets
GfxDevice: creating device client; threaded=0
Direct3D:
    Version:  Direct3D 11.0 [level 11.0]
    Renderer: NVIDIA GeForce 840M (ID=0x1341)
    Vendor:   
    VRAM:     2010 MB
    Driver:   27.21.14.6589
Initialize mono
Mono path[0] = 'C:/Unity/2020.2.7f1/Editor/Data/Managed'
Mono path[1] = 'C:/Unity/2020.2.7f1/Editor/Data/MonoBleedingEdge/lib/mono/unityjit'
Mono config path = 'C:/Unity/2020.2.7f1/Editor/Data/MonoBleedingEdge/etc'
Using monoOptions --debugger-agent=transport=dt_socket,embedding=1,server=y,suspend=n,address=127.0.0.1:56456
Begin MonoManager ReloadAssembly
Registering precompiled unity dll's ...
Register platform support module: C:/Unity/2020.2.7f1/Editor/Data/PlaybackEngines/WindowsStandaloneSupport/UnityEditor.WindowsStandalone.Extensions.dll
Registered in 0.003242 seconds.
Native extension for WindowsStandalone target not found
Refreshing native plugins compatible for Editor in 101.17 ms, found 5 plugins.
Preloading 0 native plugins for Editor in 0.00 ms.
Invoked RoslynAnalysisRunner static constructor.
RoslynAnalysisRunner will not be running.
RoslynAnalysisRunner has terminated.
Mono: successfully reloaded assembly
- Completed reload, in  1.843 seconds
Platform modules already initialized, skipping
Registering precompiled user dll's ...
Registered in 0.021708 seconds.
Begin MonoManager ReloadAssembly
Native extension for WindowsStandalone target not found
Refreshing native plugins compatible for Editor in 1.74 ms, found 5 plugins.
Preloading 0 native plugins for Editor in 0.00 ms.
Invoked RoslynAnalysisRunner static constructor.
RoslynAnalysisRunner will not be running.
RoslynAnalysisRunner has terminated.
Mono: successfully reloaded assembly
- Completed reload, in  1.435 seconds
Platform modules already initialized, skipping
========================================================================
Worker process is ready to serve import requests
Launched and connected shader compiler UnityShaderCompiler.exe after 0.09 seconds
Refreshing native plugins compatible for Editor in 1.87 ms, found 5 plugins.
Preloading 0 native plugins for Editor in 0.00 ms.
Unloading 1907 Unused Serialized files (Serialized files now loaded: 0)
System memory in use before: 146.5 MB.
System memory in use after: 146.3 MB.

Unloading 55 unused Assets to reduce memory usage. Loaded Objects now: 2330.
Total: 6.894800 ms (FindLiveObjects: 1.698100 ms CreateObjectMapping: 0.105300 ms MarkObjects: 2.862400 ms  DeleteObjects: 1.779600 ms)

========================================================================
Received Import Request.
  path: Assets/Scripts/Inventory scripts/InventorySlot.cs
  artifactKey: Guid(8bb94423c2c459f47a477f123f0b3a78) Importer(815301076,1909f56bfc062723c751e8b465ee728b)
Start importing Assets/Scripts/Inventory scripts/InventorySlot.cs using Guid(8bb94423c2c459f47a477f123f0b3a78) Importer(815301076,1909f56bfc062723c751e8b465ee728b)  -> (artifact id: 'c794d70944553c9181b9eb01b20bbdb3') in 0.141303 seconds
  Import took 0.147949 seconds .

========================================================================
Received Prepare
Registering precompiled user dll's ...
Registered in 0.061008 seconds.
Begin MonoManager ReloadAssembly
Native extension for WindowsStandalone target not found
Refreshing native plugins compatible for Editor in 3.82 ms, found 5 plugins.
Preloading 0 native plugins for Editor in 0.00 ms.
Invoked RoslynAnalysisRunner static constructor.
RoslynAnalysisRunner will not be running.
RoslynAnalysisRunner has terminated.
Mono: successfully reloaded assembly
- Completed reload, in  3.459 seconds
Platform modules already initialized, skipping
Refreshing native plugins compatible for Editor in 1.68 ms, found 5 plugins.
Preloading 0 native plugins for Editor in 0.00 ms.
Unloading 1856 Unused Serialized files (Serialized files now loaded: 0)
System memory in use before: 143.0 MB.
System memory in use after: 142.7 MB.

Unloading 49 unused Assets to reduce memory usage. Loaded Objects now: 2334.
Total: 168.935400 ms (FindLiveObjects: 60.870500 ms CreateObjectMapping: 1.085500 ms MarkObjects: 80.601400 ms  DeleteObjects: 26.300200 ms)

========================================================================
Received Prepare
Registering precompiled user dll's ...
Registered in 0.018608 seconds.
Begin MonoManager ReloadAssembly
Native extension for WindowsStandalone target not found
Refreshing native plugins compatible for Editor in 1.34 ms, found 5 plugins.
Preloading 0 native plugins for Editor in 0.00 ms.
Invoked RoslynAnalysisRunner static constructor.
RoslynAnalysisRunner will not be running.
RoslynAnalysisRunner has terminated.
Mono: successfully reloaded assembly
- Completed reload, in  1.896 seconds
Platform modules already initialized, skipping
Refreshing native plugins compatible for Editor in 2.56 ms, found 5 plugins.
Preloading 0 native plugins for Editor in 0.00 ms.
Unloading 1856 Unused Serialized files (Serialized files now loaded: 0)
System memory in use before: 143.0 MB.
System memory in use after: 142.8 MB.

Unloading 49 unused Assets to reduce memory usage. Loaded Objects now: 2338.
Total: 9.922900 ms (FindLiveObjects: 3.285000 ms CreateObjectMapping: 0.237200 ms MarkObjects: 4.736300 ms  DeleteObjects: 1.659100 ms)

========================================================================
Received Prepare
Registering precompiled user dll's ...
Registered in 0.055427 seconds.
Begin MonoManager ReloadAssembly
Native extension for WindowsStandalone target not found
Refreshing native plugins compatible for Editor in 1.53 ms, found 5 plugins.
Preloading 0 native plugins for Editor in 0.00 ms.
Invoked RoslynAnalysisRunner static constructor.
RoslynAnalysisRunner will not be running.
RoslynAnalysisRunner has terminated.
Mono: successfully reloaded assembly
- Completed reload, in  2.898 seconds
Platform modules already initialized, skipping
Refreshing native plugins compatible for Editor in 28.67 ms, found 5 plugins.
Preloading 0 native plugins for Editor in 0.00 ms.
Unloading 1856 Unused Serialized files (Serialized files now loaded: 0)
System memory in use before: 143.0 MB.
System memory in use after: 142.8 MB.

Unloading 49 unused Assets to reduce memory usage. Loaded Objects now: 2342.
Total: 410.753500 ms (FindLiveObjects: 31.632900 ms CreateObjectMapping: 2.720300 ms MarkObjects: 350.647200 ms  DeleteObjects: 25.687900 ms)

========================================================================
Received Prepare
Registering precompiled user dll's ...
Registered in 0.034413 seconds.
Begin MonoManager ReloadAssembly
Native extension for WindowsStandalone target not found
Refreshing native plugins compatible for Editor in 1.20 ms, found 5 plugins.
Preloading 0 native plugins for Editor in 0.00 ms.
Invoked RoslynAnalysisRunner static constructor.
RoslynAnalysisRunner will not be running.
RoslynAnalysisRunner has terminated.
Mono: successfully reloaded assembly
- Completed reload, in  2.047 seconds
Platform modules already initialized, skipping
Refreshing native plugins compatible for Editor in 1.49 ms, found 5 plugins.
Preloading 0 native plugins for Editor in 0.00 ms.
Unloading 1856 Unused Serialized files (Serialized files now loaded: 0)
System memory in use before: 143.1 MB.
System memory in use after: 142.8 MB.

Unloading 49 unused Assets to reduce memory usage. Loaded Objects now: 2346.
Total: 12.111100 ms (FindLiveObjects: 0.537200 ms CreateObjectMapping: 0.165400 ms MarkObjects: 5.870500 ms  DeleteObjects: 5.533100 ms)

========================================================================
Received Prepare
Registering precompiled user dll's ...
Registered in 0.023849 seconds.
Begin MonoManager ReloadAssembly
Native extension for WindowsStandalone target not found
Refreshing native plugins compatible for Editor in 1.36 ms, found 5 plugins.
Preloading 0 native plugins for Editor in 0.00 ms.
Invoked RoslynAnalysisRunner static constructor.
RoslynAnalysisRunner will not be running.
RoslynAnalysisRunner has terminated.
Mono: successfully reloaded assembly
- Completed reload, in  4.018 seconds
Platform modules already initialized, skipping
Refreshing native plugins compatible for Editor in 3.17 ms, found 5 plugins.
Preloading 0 native plugins for Editor in 0.00 ms.
Unloading 1856 Unused Serialized files (Serialized files now loaded: 0)
System memory in use before: 143.0 MB.
System memory in use after: 142.8 MB.

Unloading 49 unused Assets to reduce memory usage. Loaded Objects now: 2350.
Total: 64.639900 ms (FindLiveObjects: 3.637600 ms CreateObjectMapping: 0.539900 ms MarkObjects: 54.935700 ms  DeleteObjects: 5.519000 ms)

========================================================================
Received Import Request.
  Time since last request: 918.727887 seconds.
  path: Assets/Scenes/Game/Game.unity
  artifactKey: Guid(9d99a684b541cc046bf54e92be20bc4e) Importer(815301076,1909f56bfc062723c751e8b465ee728b)
Start importing Assets/Scenes/Game/Game.unity using Guid(9d99a684b541cc046bf54e92be20bc4e) Importer(815301076,1909f56bfc062723c751e8b465ee728b)  -> (artifact id: '47fa31015a7c9f6596ba7f1adc49979c') in 1.640367 seconds
  Import took 2.433315 seconds .

========================================================================
Received Prepare
Registering precompiled user dll's ...
Registered in 0.030276 seconds.
Begin MonoManager ReloadAssembly
Native extension for WindowsStandalone target not found
Refreshing native plugins compatible for Editor in 3.77 ms, found 5 plugins.
Preloading 0 native plugins for Editor in 0.00 ms.
Invoked RoslynAnalysisRunner static constructor.
RoslynAnalysisRunner will not be running.
RoslynAnalysisRunner has terminated.
Mono: successfully reloaded assembly
- Completed reload, in  3.430 seconds
Platform modules already initialized, skipping
Refreshing native plugins compatible for Editor in 2.07 ms, found 5 plugins.
Preloading 0 native plugins for Editor in 0.00 ms.
Unloading 1856 Unused Serialized files (Serialized files now loaded: 0)
System memory in use before: 143.1 MB.
System memory in use after: 142.9 MB.

Unloading 49 unused Assets to reduce memory usage. Loaded Objects now: 2354.
Total: 8.007500 ms (FindLiveObjects: 0.442700 ms CreateObjectMapping: 0.208900 ms MarkObjects: 4.342600 ms  DeleteObjects: 3.009900 ms)

========================================================================
Received Prepare
Registering precompiled user dll's ...
Registered in 0.035546 seconds.
Begin MonoManager ReloadAssembly
Native extension for WindowsStandalone target not found
Refreshing native plugins compatible for Editor in 1.83 ms, found 5 plugins.
Preloading 0 native plugins for Editor in 0.00 ms.
Invoked RoslynAnalysisRunner static constructor.
RoslynAnalysisRunner will not be running.
RoslynAnalysisRunner has terminated.
Mono: successfully reloaded assembly
- Completed reload, in  3.706 seconds
Platform modules already initialized, skipping
Refreshing native plugins compatible for Editor in 7.81 ms, found 5 plugins.
Preloading 0 native plugins for Editor in 0.00 ms.
Unloading 1856 Unused Serialized files (Serialized files now loaded: 0)
System memory in use before: 143.1 MB.
System memory in use after: 142.9 MB.

Unloading 49 unused Assets to reduce memory usage. Loaded Objects now: 2358.
Total: 29.792700 ms (FindLiveObjects: 5.595700 ms CreateObjectMapping: 0.840200 ms MarkObjects: 18.168300 ms  DeleteObjects: 5.136400 ms)

========================================================================
Received Prepare
Registering precompiled user dll's ...
Registered in 0.022565 seconds.
Begin MonoManager ReloadAssembly
Native extension for WindowsStandalone target not found
Refreshing native plugins compatible for Editor in 2.23 ms, found 5 plugins.
Preloading 0 native plugins for Editor in 0.00 ms.
Invoked RoslynAnalysisRunner static constructor.
RoslynAnalysisRunner will not be running.
RoslynAnalysisRunner has terminated.
Mono: successfully reloaded assembly
- Completed reload, in  4.084 seconds
Platform modules already initialized, skipping
Refreshing native plugins compatible for Editor in 25.57 ms, found 5 plugins.
Preloading 0 native plugins for Editor in 0.00 ms.
Unloading 1856 Unused Serialized files (Serialized files now loaded: 0)
System memory in use before: 143.1 MB.
System memory in use after: 142.9 MB.

Unloading 49 unused Assets to reduce memory usage. Loaded Objects now: 2362.
Total: 334.104400 ms (FindLiveObjects: 16.060400 ms CreateObjectMapping: 0.229200 ms MarkObjects: 306.575200 ms  DeleteObjects: 11.232200 ms)

========================================================================
Received Prepare
Registering precompiled user dll's ...
Registered in 0.038022 seconds.
Begin MonoManager ReloadAssembly
Native extension for WindowsStandalone target not found
Refreshing native plugins compatible for Editor in 1.52 ms, found 5 plugins.
Preloading 0 native plugins for Editor in 0.00 ms.
Invoked RoslynAnalysisRunner static constructor.
RoslynAnalysisRunner will not be running.
RoslynAnalysisRunner has terminated.
Mono: successfully reloaded assembly
- Completed reload, in  3.281 seconds
Platform modules already initialized, skipping
Refreshing native plugins compatible for Editor in 1.66 ms, found 5 plugins.
Preloading 0 native plugins for Editor in 0.00 ms.
Unloading 1856 Unused Serialized files (Serialized files now loaded: 0)
System memory in use before: 143.1 MB.
System memory in use after: 142.9 MB.

Unloading 49 unused Assets to reduce memory usage. Loaded Objects now: 2366.
Total: 16.284600 ms (FindLiveObjects: 5.757400 ms CreateObjectMapping: 0.410200 ms MarkObjects: 6.784200 ms  DeleteObjects: 3.305700 ms)

========================================================================
Received Prepare
Registering precompiled user dll's ...
Registered in 0.046415 seconds.
Begin MonoManager ReloadAssembly
Native extension for WindowsStandalone target not found
Refreshing native plugins compatible for Editor in 2.12 ms, found 5 plugins.
Preloading 0 native plugins for Editor in 0.00 ms.
Invoked RoslynAnalysisRunner static constructor.
RoslynAnalysisRunner will not be running.
RoslynAnalysisRunner has terminated.
Mono: successfully reloaded assembly
- Completed reload, in  5.934 seconds
Platform modules already initialized, skipping
Refreshing native plugins compatible for Editor in 47.58 ms, found 5 plugins.
Preloading 0 native plugins for Editor in 0.00 ms.
Unloading 1856 Unused Serialized files (Serialized files now loaded: 0)
System memory in use before: 143.1 MB.
System memory in use after: 142.9 MB.

Unloading 49 unused Assets to reduce memory usage. Loaded Objects now: 2370.
Total: 129.065800 ms (FindLiveObjects: 7.551600 ms CreateObjectMapping: 0.814800 ms MarkObjects: 114.924700 ms  DeleteObjects: 5.748200 ms)

========================================================================
Received Import Request.
  Time since last request: 1068.156838 seconds.
  path: Assets/Scenes/Game/Game.unity
  artifactKey: Guid(9d99a684b541cc046bf54e92be20bc4e) Importer(815301076,1909f56bfc062723c751e8b465ee728b)
Start importing Assets/Scenes/Game/Game.unity using Guid(9d99a684b541cc046bf54e92be20bc4e) Importer(815301076,1909f56bfc062723c751e8b465ee728b)  -> (artifact id: '0b28da6b5574b4845c54518f0ebd8813') in 5.528215 seconds
  Import took 5.591721 seconds .

========================================================================
Received Prepare
Registering precompiled user dll's ...
Registered in 0.035279 seconds.
Begin MonoManager ReloadAssembly
Native extension for WindowsStandalone target not found
Refreshing native plugins compatible for Editor in 1.13 ms, found 5 plugins.
Preloading 0 native plugins for Editor in 0.00 ms.
Invoked RoslynAnalysisRunner static constructor.
RoslynAnalysisRunner will not be running.
RoslynAnalysisRunner has terminated.
Mono: successfully reloaded assembly
- Completed reload, in  2.600 seconds
Platform modules already initialized, skipping
Refreshing native plugins compatible for Editor in 15.04 ms, found 5 plugins.
Preloading 0 native plugins for Editor in 0.00 ms.
Unloading 1856 Unused Serialized files (Serialized files now loaded: 0)
System memory in use before: 143.1 MB.
System memory in use after: 142.9 MB.

Unloading 49 unused Assets to reduce memory usage. Loaded Objects now: 2374.
Total: 314.026900 ms (FindLiveObjects: 4.420200 ms CreateObjectMapping: 0.677700 ms MarkObjects: 304.023300 ms  DeleteObjects: 3.639700 ms)

AssetImportWorkerClient::OnTransportError - code=2 error=End of file
