Using pre-set license
Built from '2020.2/staging' branch; Version is '2020.2.7f1 (c53830e277f1) revision 12924976'; Using compiler version '192528614'; Build Type 'Release'
OS: 'Windows 10 Pro; OS build 19043.1083; Version 2009; 64bit' Language: 'el' Physical Memory: 3999 MB
BatchMode: 1, IsHumanControllingUs: 0, StartBugReporterOnCrash: 0, Is64bit: 1, IsPro: 0

 COMMAND LINE ARGUMENTS:
C:\Unity\2020.2.7f1\Editor\Unity.exe
-adb2
-batchMode
-noUpm
-name
AssetImportWorker1
-projectPath
C:/Users/User/Desktop/Πτυχιακη/πτυχιακη/FirstScene/ExampleUnityProject
-logFile
Logs/AssetImportWorker1.log
-srvPort
55178
Successfully changed project path to: C:/Users/User/Desktop/Πτυχιακη/πτυχιακη/FirstScene/ExampleUnityProject
C:/Users/User/Desktop/Πτυχιακη/πτυχιακη/FirstScene/ExampleUnityProject
Using Asset Import Pipeline V2.
Refreshing native plugins compatible for Editor in 164.13 ms, found 4 plugins.
Preloading 0 native plugins for Editor in 0.00 ms.
Initialize engine version: 2020.2.7f1 (c53830e277f1)
[Subsystems] Discovering subsystems at path C:/Unity/2020.2.7f1/Editor/Data/Resources/UnitySubsystems
[Subsystems] Discovering subsystems at path C:/Users/User/Desktop/Πτυχιακη/πτυχιακη/FirstScene/ExampleUnityProject/Assets
GfxDevice: creating device client; threaded=0
Direct3D:
    Version:  Direct3D 11.0 [level 11.0]
    Renderer: NVIDIA GeForce 840M (ID=0x1341)
    Vendor:   
    VRAM:     2010 MB
    Driver:   27.21.14.6589
Initialize mono
Mono path[0] = 'C:/Unity/2020.2.7f1/Editor/Data/Managed'
Mono path[1] = 'C:/Unity/2020.2.7f1/Editor/Data/MonoBleedingEdge/lib/mono/unityjit'
Mono config path = 'C:/Unity/2020.2.7f1/Editor/Data/MonoBleedingEdge/etc'
Using monoOptions --debugger-agent=transport=dt_socket,embedding=1,server=y,suspend=n,address=127.0.0.1:56708
Begin MonoManager ReloadAssembly
Registering precompiled unity dll's ...
Register platform support module: C:/Unity/2020.2.7f1/Editor/Data/PlaybackEngines/WindowsStandaloneSupport/UnityEditor.WindowsStandalone.Extensions.dll
Registered in 0.007190 seconds.
Native extension for WindowsStandalone target not found
Refreshing native plugins compatible for Editor in 79.27 ms, found 4 plugins.
Preloading 0 native plugins for Editor in 0.00 ms.
Invoked RoslynAnalysisRunner static constructor.
RoslynAnalysisRunner will not be running.
RoslynAnalysisRunner has terminated.
Mono: successfully reloaded assembly
- Completed reload, in  3.118 seconds
Platform modules already initialized, skipping
Registering precompiled user dll's ...
Registered in 0.033689 seconds.
Begin MonoManager ReloadAssembly
Native extension for WindowsStandalone target not found
Refreshing native plugins compatible for Editor in 1.07 ms, found 4 plugins.
Preloading 0 native plugins for Editor in 0.00 ms.
Invoked RoslynAnalysisRunner static constructor.
RoslynAnalysisRunner will not be running.
RoslynAnalysisRunner has terminated.
Mono: successfully reloaded assembly
- Completed reload, in  1.446 seconds
Platform modules already initialized, skipping
========================================================================
Worker process is ready to serve import requests
Launched and connected shader compiler UnityShaderCompiler.exe after 0.13 seconds
Refreshing native plugins compatible for Editor in 3.04 ms, found 4 plugins.
Preloading 0 native plugins for Editor in 0.00 ms.
Unloading 1671 Unused Serialized files (Serialized files now loaded: 0)
System memory in use before: 138.3 MB.
System memory in use after: 138.1 MB.

Unloading 52 unused Assets to reduce memory usage. Loaded Objects now: 2096.
Total: 16.328800 ms (FindLiveObjects: 0.428000 ms CreateObjectMapping: 0.111800 ms MarkObjects: 11.822800 ms  DeleteObjects: 3.961700 ms)

========================================================================
Received Import Request.
  path: Assets/Prefabs/Inventory/InventorySlot.prefab
  artifactKey: Guid(09f19a874eca83a41aaa7cde3b1cc3aa) Importer(815301076,1909f56bfc062723c751e8b465ee728b)
Start importing Assets/Prefabs/Inventory/InventorySlot.prefab using Guid(09f19a874eca83a41aaa7cde3b1cc3aa) Importer(815301076,1909f56bfc062723c751e8b465ee728b)  -> (artifact id: 'ed44fb253106034e75c56f1d79aedea0') in 0.472508 seconds
  Import took 0.489272 seconds .

========================================================================
Received Import Request.
  Time since last request: 0.003454 seconds.
  path: Assets/Photon/PhotonRealtime/Code/Unity/Editor/Wizard/resources/icons_welcome/community.png
  artifactKey: Guid(fd7da1b41e02e2546a5b59597cbbedfd) Importer(815301076,1909f56bfc062723c751e8b465ee728b)
Start importing Assets/Photon/PhotonRealtime/Code/Unity/Editor/Wizard/resources/icons_welcome/community.png using Guid(fd7da1b41e02e2546a5b59597cbbedfd) Importer(815301076,1909f56bfc062723c751e8b465ee728b)  -> (artifact id: '2001683582e65fd89b120e80db3123cd') in 0.843323 seconds
  Import took 0.865123 seconds .

========================================================================
Received Import Request.
  Time since last request: 0.012592 seconds.
  path: Assets/Photon/PhotonUnityNetworking/UtilityScripts/PhotonPlayer/Editor/PhotonUnityNetworking.Utilities.PhotonPlayer.Editor.asmdef
  artifactKey: Guid(7024f760fc566cf45a16d2c838e22b2d) Importer(815301076,1909f56bfc062723c751e8b465ee728b)
Start importing Assets/Photon/PhotonUnityNetworking/UtilityScripts/PhotonPlayer/Editor/PhotonUnityNetworking.Utilities.PhotonPlayer.Editor.asmdef using Guid(7024f760fc566cf45a16d2c838e22b2d) Importer(815301076,1909f56bfc062723c751e8b465ee728b)  -> (artifact id: 'e5802175fcb8880447bb61d86c3fd4c5') in 0.240096 seconds
  Import took 0.258515 seconds .

========================================================================
Received Import Request.
  Time since last request: 0.000091 seconds.
  path: Assets/Photon/PhotonUnityNetworking/Code/PhotonUnityNetworking.asmdef
  artifactKey: Guid(57c32fc907df0f54e8e6e8f0d2488336) Importer(815301076,1909f56bfc062723c751e8b465ee728b)
Start importing Assets/Photon/PhotonUnityNetworking/Code/PhotonUnityNetworking.asmdef using Guid(57c32fc907df0f54e8e6e8f0d2488336) Importer(815301076,1909f56bfc062723c751e8b465ee728b)  -> (artifact id: '2cf4ef770ce5bcb641100c9353c7e95f') in 0.085639 seconds
  Import took 0.454825 seconds .

========================================================================
Received Import Request.
  Time since last request: 0.006861 seconds.
  path: Assets/Photon/PhotonUnityNetworking/Demos/Shared Assets/Textures/UnitTexture.png
  artifactKey: Guid(df33d7843e7ff98489b55381f6cdd866) Importer(815301076,1909f56bfc062723c751e8b465ee728b)
Start importing Assets/Photon/PhotonUnityNetworking/Demos/Shared Assets/Textures/UnitTexture.png using Guid(df33d7843e7ff98489b55381f6cdd866) Importer(815301076,1909f56bfc062723c751e8b465ee728b)  -> (artifact id: '522440bf8e31ca753a63d19c6c798e13') in 0.349196 seconds
  Import took 0.364481 seconds .

========================================================================
Received Import Request.
  Time since last request: 0.000385 seconds.
  path: Assets/Photon/PhotonUnityNetworking/Demos/Shared Assets/Materials/UnitTextureRed.mat
  artifactKey: Guid(4c506c95d32f3494e9453ef5c0124b0e) Importer(815301076,1909f56bfc062723c751e8b465ee728b)
Start importing Assets/Photon/PhotonUnityNetworking/Demos/Shared Assets/Materials/UnitTextureRed.mat using Guid(4c506c95d32f3494e9453ef5c0124b0e) Importer(815301076,1909f56bfc062723c751e8b465ee728b)  -> (artifact id: 'ecc6bc0f75316aa89cb1acb83c1da3db') in 1.191897 seconds
  Import took 1.199938 seconds .

========================================================================
Received Import Request.
  Time since last request: 0.000482 seconds.
  path: Assets/Photon/PhotonUnityNetworking/Demos/PunBasics-Tutorial/Materials/UnitTextureGreen12x.mat
  artifactKey: Guid(8c13ddd2bc8fa4e85943376cf7c8bf7d) Importer(815301076,1909f56bfc062723c751e8b465ee728b)
Start importing Assets/Photon/PhotonUnityNetworking/Demos/PunBasics-Tutorial/Materials/UnitTextureGreen12x.mat using Guid(8c13ddd2bc8fa4e85943376cf7c8bf7d) Importer(815301076,1909f56bfc062723c751e8b465ee728b)  -> (artifact id: '8e247d2fd8b4d68fb9800347133b12ae') in 0.247106 seconds
  Import took 0.269064 seconds .

========================================================================
Received Import Request.
  Time since last request: 0.000605 seconds.
  path: Assets/Photon/PhotonUnityNetworking/Demos/PunBasics-Tutorial/Materials/UnitTextureYellow12x.mat
  artifactKey: Guid(ceba02e8dfaf34474b36fe43b51b69db) Importer(815301076,1909f56bfc062723c751e8b465ee728b)
Start importing Assets/Photon/PhotonUnityNetworking/Demos/PunBasics-Tutorial/Materials/UnitTextureYellow12x.mat using Guid(ceba02e8dfaf34474b36fe43b51b69db) Importer(815301076,1909f56bfc062723c751e8b465ee728b)  -> (artifact id: 'fc6ae507b0a827b74f01124b4bfec181') in 0.091518 seconds
  Import took 0.103592 seconds .

========================================================================
Received Import Request.
  Time since last request: 0.000852 seconds.
  path: Assets/Photon/PhotonUnityNetworking/Demos/Shared Assets/Textures/UnitTextureBlue.png
  artifactKey: Guid(bf44fd0b5bb0c4142b16ba9db02789fc) Importer(815301076,1909f56bfc062723c751e8b465ee728b)
Start importing Assets/Photon/PhotonUnityNetworking/Demos/Shared Assets/Textures/UnitTextureBlue.png using Guid(bf44fd0b5bb0c4142b16ba9db02789fc) Importer(815301076,1909f56bfc062723c751e8b465ee728b)  -> (artifact id: '31fe52629a473082ea006e25fd3887ca') in 0.075809 seconds
  Import took 0.091485 seconds .

========================================================================
Received Import Request.
  Time since last request: 0.000471 seconds.
  path: Assets/Photon/PhotonUnityNetworking/UtilityScripts/Culling/Editor/PhotonUnityNetworking.Utilities.Culling.Editor.asmdef
  artifactKey: Guid(06dafbbe6b7b3a84f84213f47aabe7f0) Importer(815301076,1909f56bfc062723c751e8b465ee728b)
Start importing Assets/Photon/PhotonUnityNetworking/UtilityScripts/Culling/Editor/PhotonUnityNetworking.Utilities.Culling.Editor.asmdef using Guid(06dafbbe6b7b3a84f84213f47aabe7f0) Importer(815301076,1909f56bfc062723c751e8b465ee728b)  -> (artifact id: 'f5cc0928d092831acaa8e58860320a81') in 0.018946 seconds
  Import took 0.026166 seconds .

========================================================================
Received Import Request.
  Time since last request: 0.000313 seconds.
  path: Assets/Photon/PhotonUnityNetworking/Demos/Shared Assets/Textures/UnitCircleTexture.png
  artifactKey: Guid(875557e634eec5c42a4681b331501c01) Importer(815301076,1909f56bfc062723c751e8b465ee728b)
Start importing Assets/Photon/PhotonUnityNetworking/Demos/Shared Assets/Textures/UnitCircleTexture.png using Guid(875557e634eec5c42a4681b331501c01) Importer(815301076,1909f56bfc062723c751e8b465ee728b)  -> (artifact id: 'c2bf714dee5a3ab76723ff36a2502cd8') in 0.241926 seconds
  Import took 0.273385 seconds .

========================================================================
Received Import Request.
  Time since last request: 0.003973 seconds.
  path: Assets/Photon/PhotonUnityNetworking/Demos/PunBasics-Tutorial/Materials/UnitTextureRed12x.mat
  artifactKey: Guid(3f171282ef46c4fbea54d9ab581fcb83) Importer(815301076,1909f56bfc062723c751e8b465ee728b)
Start importing Assets/Photon/PhotonUnityNetworking/Demos/PunBasics-Tutorial/Materials/UnitTextureRed12x.mat using Guid(3f171282ef46c4fbea54d9ab581fcb83) Importer(815301076,1909f56bfc062723c751e8b465ee728b)  -> (artifact id: '975c15400748b72f81a30d80e6e10fc4') in 0.207699 seconds
  Import took 0.227199 seconds .

========================================================================
Received Import Request.
  Time since last request: 0.000736 seconds.
  path: Assets/Scripts/Inventory scripts/Inventory.cs
  artifactKey: Guid(b6e100084be79ce4aa7fbd08403ea9d9) Importer(815301076,1909f56bfc062723c751e8b465ee728b)
Start importing Assets/Scripts/Inventory scripts/Inventory.cs using Guid(b6e100084be79ce4aa7fbd08403ea9d9) Importer(815301076,1909f56bfc062723c751e8b465ee728b)  -> (artifact id: 'cd1afcb4de45c207d87d3939cb923155') in 0.060503 seconds
  Import took 0.068886 seconds .

========================================================================
Received Import Request.
  Time since last request: 0.000480 seconds.
  path: Assets/Photon/PhotonUnityNetworking/Demos/Shared Assets/Textures/UnitTextureRed.png
  artifactKey: Guid(9349ff1a2d6d7804486fef5d7c3a67de) Importer(815301076,1909f56bfc062723c751e8b465ee728b)
Start importing Assets/Photon/PhotonUnityNetworking/Demos/Shared Assets/Textures/UnitTextureRed.png using Guid(9349ff1a2d6d7804486fef5d7c3a67de) Importer(815301076,1909f56bfc062723c751e8b465ee728b)  -> (artifact id: 'a639f2a4af1e2c4711f25bb9618ae13d') in 0.122189 seconds
  Import took 0.135156 seconds .

========================================================================
Received Import Request.
  Time since last request: 0.002158 seconds.
  path: Assets/Prefabs/Inventory/Inventory UI Canvas.prefab
  artifactKey: Guid(8d1fb9941afcab54faa715a57b930282) Importer(815301076,1909f56bfc062723c751e8b465ee728b)
Start importing Assets/Prefabs/Inventory/Inventory UI Canvas.prefab using Guid(8d1fb9941afcab54faa715a57b930282) Importer(815301076,1909f56bfc062723c751e8b465ee728b)  -> (artifact id: '8534e20e3b2576c70c8d23e5a1b5f8bb') in 0.306327 seconds
  Import took 0.320385 seconds .

========================================================================
Received Import Request.
  Time since last request: 0.000666 seconds.
  path: Assets/Scripts/Player's scripts/uniqueKeys.cs
  artifactKey: Guid(8058a127815cd30418085247a3b6924a) Importer(815301076,1909f56bfc062723c751e8b465ee728b)
Start importing Assets/Scripts/Player's scripts/uniqueKeys.cs using Guid(8058a127815cd30418085247a3b6924a) Importer(815301076,1909f56bfc062723c751e8b465ee728b)  -> (artifact id: '72c29f86a50216151c006dcdc278dad9') in 0.039377 seconds
  Import took 0.052901 seconds .

========================================================================
Received Import Request.
  Time since last request: 0.000594 seconds.
  path: Assets/Photon/PhotonUnityNetworking/Demos/PhotonUnityNetworking.Demos.asmdef
  artifactKey: Guid(35cc2632df2760540bcc67312740008b) Importer(815301076,1909f56bfc062723c751e8b465ee728b)
Start importing Assets/Photon/PhotonUnityNetworking/Demos/PhotonUnityNetworking.Demos.asmdef using Guid(35cc2632df2760540bcc67312740008b) Importer(815301076,1909f56bfc062723c751e8b465ee728b)  -> (artifact id: 'a9550b120426a097e88c885f31a25558') in 0.022407 seconds
  Import took 0.030661 seconds .

========================================================================
Received Import Request.
  Time since last request: 0.000444 seconds.
  path: Assets/Photon/PhotonUnityNetworking/Demos/Shared Assets/Materials/UnitCircleTexture.mat
  artifactKey: Guid(80114bc117609cd4e9c988f8692e7a68) Importer(815301076,1909f56bfc062723c751e8b465ee728b)
Start importing Assets/Photon/PhotonUnityNetworking/Demos/Shared Assets/Materials/UnitCircleTexture.mat using Guid(80114bc117609cd4e9c988f8692e7a68) Importer(815301076,1909f56bfc062723c751e8b465ee728b)  -> (artifact id: '563b2a0a2de2ba00054f474323878c12') in 0.896837 seconds
  Import took 0.906193 seconds .

========================================================================
Received Import Request.
  Time since last request: 0.000828 seconds.
  path: Assets/Photon/PhotonUnityNetworking/Demos/Shared Assets/Materials/UnitTextureBlue12x.mat
  artifactKey: Guid(c676d877ef241ab4686e2f237b1e2f13) Importer(815301076,1909f56bfc062723c751e8b465ee728b)
Start importing Assets/Photon/PhotonUnityNetworking/Demos/Shared Assets/Materials/UnitTextureBlue12x.mat using Guid(c676d877ef241ab4686e2f237b1e2f13) Importer(815301076,1909f56bfc062723c751e8b465ee728b)  -> (artifact id: '530d4c6a0324f0af26dd9f593066522c') in 0.193357 seconds
  Import took 0.213020 seconds .

========================================================================
Received Import Request.
  Time since last request: 0.005513 seconds.
  path: Assets/Photon/PhotonUnityNetworking/Demos/Shared Assets/Materials/UnitCircleMaterial.mat
  artifactKey: Guid(fb6c12085a6b0a5429029fcd6478a816) Importer(815301076,1909f56bfc062723c751e8b465ee728b)
Start importing Assets/Photon/PhotonUnityNetworking/Demos/Shared Assets/Materials/UnitCircleMaterial.mat using Guid(fb6c12085a6b0a5429029fcd6478a816) Importer(815301076,1909f56bfc062723c751e8b465ee728b)  -> (artifact id: 'efbceb6207ba41b7203e2b8de713a668') in 0.140923 seconds
  Import took 0.151627 seconds .

========================================================================
Received Import Request.
  Time since last request: 0.000464 seconds.
  path: Assets/Photon/PhotonUnityNetworking/Demos/Shared Assets/Materials/UnitTextureBlue.mat
  artifactKey: Guid(1401c9e6acd739e49a9caa91ab07ac7a) Importer(815301076,1909f56bfc062723c751e8b465ee728b)
Start importing Assets/Photon/PhotonUnityNetworking/Demos/Shared Assets/Materials/UnitTextureBlue.mat using Guid(1401c9e6acd739e49a9caa91ab07ac7a) Importer(815301076,1909f56bfc062723c751e8b465ee728b)  -> (artifact id: 'f198318e74bbbcf8d813e54fe2fad9e6') in 0.502344 seconds
  Import took 0.518472 seconds .

========================================================================
Received Import Request.
  Time since last request: 0.001438 seconds.
  path: Assets/Photon/PhotonUnityNetworking/Code/Editor/PhotonUnityNetworking.Editor.asmdef
  artifactKey: Guid(4025d00f1ce60da4ea2d0830acf5ebfb) Importer(815301076,1909f56bfc062723c751e8b465ee728b)
Start importing Assets/Photon/PhotonUnityNetworking/Code/Editor/PhotonUnityNetworking.Editor.asmdef using Guid(4025d00f1ce60da4ea2d0830acf5ebfb) Importer(815301076,1909f56bfc062723c751e8b465ee728b)  -> (artifact id: '440b12d729373ff8baddd33925bd0e54') in 0.030602 seconds
  Import took 0.043434 seconds .

========================================================================
Received Import Request.
  Time since last request: 0.000449 seconds.
  path: Assets/Photon/PhotonUnityNetworking/UtilityScripts/PhotonUnityNetworking.Utilities.asmdef
  artifactKey: Guid(a738238285a7a8246af046cbf977522f) Importer(815301076,1909f56bfc062723c751e8b465ee728b)
Start importing Assets/Photon/PhotonUnityNetworking/UtilityScripts/PhotonUnityNetworking.Utilities.asmdef using Guid(a738238285a7a8246af046cbf977522f) Importer(815301076,1909f56bfc062723c751e8b465ee728b)  -> (artifact id: 'aadf5bfa79bcd32e4ff305aefc213533') in 0.061468 seconds
  Import took 0.080968 seconds .

========================================================================
Received Prepare
Registering precompiled user dll's ...
Registered in 0.030296 seconds.
Begin MonoManager ReloadAssembly
Native extension for WindowsStandalone target not found
Refreshing native plugins compatible for Editor in 1.34 ms, found 4 plugins.
Preloading 0 native plugins for Editor in 0.00 ms.
Invoked RoslynAnalysisRunner static constructor.
RoslynAnalysisRunner will not be running.
RoslynAnalysisRunner has terminated.
Mono: successfully reloaded assembly
- Completed reload, in  1.811 seconds
Platform modules already initialized, skipping
Refreshing native plugins compatible for Editor in 2.23 ms, found 4 plugins.
Preloading 0 native plugins for Editor in 0.00 ms.
Unloading 1620 Unused Serialized files (Serialized files now loaded: 0)
System memory in use before: 138.4 MB.
System memory in use after: 138.1 MB.

Unloading 47 unused Assets to reduce memory usage. Loaded Objects now: 2146.
Total: 18.229900 ms (FindLiveObjects: 0.957500 ms CreateObjectMapping: 0.171200 ms MarkObjects: 13.521600 ms  DeleteObjects: 3.576700 ms)

AssetImportWorkerClient::OnTransportError - code=2 error=End of file
