Using pre-set license
Built from '2020.2/staging' branch; Version is '2020.2.7f1 (c53830e277f1) revision 12924976'; Using compiler version '192528614'; Build Type 'Release'
OS: 'Windows 10 Pro; OS build 19043.1110; Version 2009; 64bit' Language: 'el' Physical Memory: 3999 MB
BatchMode: 1, IsHumanControllingUs: 0, StartBugReporterOnCrash: 0, Is64bit: 1, IsPro: 0

 COMMAND LINE ARGUMENTS:
C:\Unity\2020.2.7f1\Editor\Unity.exe
-adb2
-batchMode
-noUpm
-name
AssetImportWorker0
-projectPath
C:/Users/User/Desktop/Πτυχιακη/πτυχιακη/FirstScene/ExampleUnityProject
-logFile
Logs/AssetImportWorker0.log
-srvPort
65113
Successfully changed project path to: C:/Users/User/Desktop/Πτυχιακη/πτυχιακη/FirstScene/ExampleUnityProject
C:/Users/User/Desktop/Πτυχιακη/πτυχιακη/FirstScene/ExampleUnityProject
Using Asset Import Pipeline V2.
Refreshing native plugins compatible for Editor in 170.54 ms, found 5 plugins.
Preloading 0 native plugins for Editor in 0.00 ms.
Initialize engine version: 2020.2.7f1 (c53830e277f1)
[Subsystems] Discovering subsystems at path C:/Unity/2020.2.7f1/Editor/Data/Resources/UnitySubsystems
[Subsystems] Discovering subsystems at path C:/Users/User/Desktop/Πτυχιακη/πτυχιακη/FirstScene/ExampleUnityProject/Assets
GfxDevice: creating device client; threaded=0
Direct3D:
    Version:  Direct3D 11.0 [level 11.0]
    Renderer: NVIDIA GeForce 840M (ID=0x1341)
    Vendor:   
    VRAM:     2010 MB
    Driver:   27.21.14.6589
Initialize mono
Mono path[0] = 'C:/Unity/2020.2.7f1/Editor/Data/Managed'
Mono path[1] = 'C:/Unity/2020.2.7f1/Editor/Data/MonoBleedingEdge/lib/mono/unityjit'
Mono config path = 'C:/Unity/2020.2.7f1/Editor/Data/MonoBleedingEdge/etc'
Using monoOptions --debugger-agent=transport=dt_socket,embedding=1,server=y,suspend=n,address=127.0.0.1:56484
Begin MonoManager ReloadAssembly
Registering precompiled unity dll's ...
Register platform support module: C:/Unity/2020.2.7f1/Editor/Data/PlaybackEngines/WindowsStandaloneSupport/UnityEditor.WindowsStandalone.Extensions.dll
Registered in 0.005843 seconds.
Native extension for WindowsStandalone target not found
Refreshing native plugins compatible for Editor in 108.73 ms, found 5 plugins.
Preloading 0 native plugins for Editor in 0.00 ms.
Invoked RoslynAnalysisRunner static constructor.
RoslynAnalysisRunner will not be running.
RoslynAnalysisRunner has terminated.
Mono: successfully reloaded assembly
- Completed reload, in  3.730 seconds
Platform modules already initialized, skipping
Registering precompiled user dll's ...
Registered in 0.026464 seconds.
Begin MonoManager ReloadAssembly
Native extension for WindowsStandalone target not found
Refreshing native plugins compatible for Editor in 1.05 ms, found 5 plugins.
Preloading 0 native plugins for Editor in 0.00 ms.
Invoked RoslynAnalysisRunner static constructor.
RoslynAnalysisRunner will not be running.
RoslynAnalysisRunner has terminated.
Mono: successfully reloaded assembly
- Completed reload, in  1.832 seconds
Platform modules already initialized, skipping
========================================================================
Worker process is ready to serve import requests
Launched and connected shader compiler UnityShaderCompiler.exe after 0.16 seconds
Refreshing native plugins compatible for Editor in 1.36 ms, found 5 plugins.
Preloading 0 native plugins for Editor in 0.00 ms.
Unloading 1910 Unused Serialized files (Serialized files now loaded: 0)
System memory in use before: 152.7 MB.
System memory in use after: 152.5 MB.

Unloading 55 unused Assets to reduce memory usage. Loaded Objects now: 2333.
Total: 5.474300 ms (FindLiveObjects: 0.342900 ms CreateObjectMapping: 0.192000 ms MarkObjects: 2.880200 ms  DeleteObjects: 2.056000 ms)

========================================================================
Received Import Request.
  path: Assets/Scenes/Game/Game.unity
  artifactKey: Guid(9d99a684b541cc046bf54e92be20bc4e) Importer(815301076,1909f56bfc062723c751e8b465ee728b)
Start importing Assets/Scenes/Game/Game.unity using Guid(9d99a684b541cc046bf54e92be20bc4e) Importer(815301076,1909f56bfc062723c751e8b465ee728b)  -> (artifact id: '4506bc0698af506d606e30f1caf320e0') in 0.196554 seconds
  Import took 0.204126 seconds .

========================================================================
Received Prepare
Registering precompiled user dll's ...
Registered in 0.069050 seconds.
Begin MonoManager ReloadAssembly
Native extension for WindowsStandalone target not found
Refreshing native plugins compatible for Editor in 5.68 ms, found 5 plugins.
Preloading 0 native plugins for Editor in 0.00 ms.
Invoked RoslynAnalysisRunner static constructor.
RoslynAnalysisRunner will not be running.
RoslynAnalysisRunner has terminated.
Mono: successfully reloaded assembly
- Completed reload, in  5.987 seconds
Platform modules already initialized, skipping
Refreshing native plugins compatible for Editor in 8.02 ms, found 5 plugins.
Preloading 0 native plugins for Editor in 0.00 ms.
Unloading 1859 Unused Serialized files (Serialized files now loaded: 0)
System memory in use before: 149.2 MB.
System memory in use after: 149.0 MB.

Unloading 49 unused Assets to reduce memory usage. Loaded Objects now: 2337.
Total: 1728.380400 ms (FindLiveObjects: 41.642700 ms CreateObjectMapping: 2.478200 ms MarkObjects: 1670.822500 ms  DeleteObjects: 13.424000 ms)

========================================================================
Received Import Request.
  Time since last request: 1034.592306 seconds.
  path: Assets/Scenes/Game/Game.unity
  artifactKey: Guid(9d99a684b541cc046bf54e92be20bc4e) Importer(815301076,1909f56bfc062723c751e8b465ee728b)
Start importing Assets/Scenes/Game/Game.unity using Guid(9d99a684b541cc046bf54e92be20bc4e) Importer(815301076,1909f56bfc062723c751e8b465ee728b)  -> (artifact id: 'f2cd5dceeabdfa2f5dee320497adcd1e') in 0.214860 seconds
  Import took 0.251273 seconds .

========================================================================
Received Import Request.
  Time since last request: 502.839112 seconds.
  path: Assets/Scenes/Game/Game.unity
  artifactKey: Guid(9d99a684b541cc046bf54e92be20bc4e) Importer(815301076,1909f56bfc062723c751e8b465ee728b)
Start importing Assets/Scenes/Game/Game.unity using Guid(9d99a684b541cc046bf54e92be20bc4e) Importer(815301076,1909f56bfc062723c751e8b465ee728b)  -> (artifact id: '0cd6c72e20bbea354c943de9ad77ac3a') in 0.085191 seconds
  Import took 0.222632 seconds .

========================================================================
Received Prepare
Registering precompiled user dll's ...
Registered in 0.054062 seconds.
Begin MonoManager ReloadAssembly
Native extension for WindowsStandalone target not found
Refreshing native plugins compatible for Editor in 1.57 ms, found 5 plugins.
Preloading 0 native plugins for Editor in 0.00 ms.
Invoked RoslynAnalysisRunner static constructor.
RoslynAnalysisRunner will not be running.
RoslynAnalysisRunner has terminated.
Mono: successfully reloaded assembly
- Completed reload, in  2.522 seconds
Platform modules already initialized, skipping
Refreshing native plugins compatible for Editor in 256.33 ms, found 5 plugins.
Preloading 0 native plugins for Editor in 0.00 ms.
Unloading 1859 Unused Serialized files (Serialized files now loaded: 0)
System memory in use before: 149.2 MB.
System memory in use after: 149.0 MB.

Unloading 49 unused Assets to reduce memory usage. Loaded Objects now: 2341.
Total: 430.006400 ms (FindLiveObjects: 22.711100 ms CreateObjectMapping: 0.714500 ms MarkObjects: 362.381100 ms  DeleteObjects: 43.552500 ms)

========================================================================
Received Import Request.
  Time since last request: 293.434019 seconds.
  path: Assets/Scenes/Game/Game.unity
  artifactKey: Guid(9d99a684b541cc046bf54e92be20bc4e) Importer(815301076,1909f56bfc062723c751e8b465ee728b)
Start importing Assets/Scenes/Game/Game.unity using Guid(9d99a684b541cc046bf54e92be20bc4e) Importer(815301076,1909f56bfc062723c751e8b465ee728b)  -> (artifact id: '13556dbdaf7f6325b13af23cdf58736a') in 0.635052 seconds
  Import took 0.865020 seconds .

========================================================================
Received Prepare
Registering precompiled user dll's ...
Registered in 0.070644 seconds.
Begin MonoManager ReloadAssembly
Native extension for WindowsStandalone target not found
Refreshing native plugins compatible for Editor in 2.10 ms, found 5 plugins.
Preloading 0 native plugins for Editor in 0.00 ms.
Invoked RoslynAnalysisRunner static constructor.
RoslynAnalysisRunner will not be running.
RoslynAnalysisRunner has terminated.
Mono: successfully reloaded assembly
- Completed reload, in  3.243 seconds
Platform modules already initialized, skipping
Refreshing native plugins compatible for Editor in 46.86 ms, found 5 plugins.
Preloading 0 native plugins for Editor in 0.00 ms.
Unloading 1859 Unused Serialized files (Serialized files now loaded: 0)
System memory in use before: 149.3 MB.
System memory in use after: 149.1 MB.

Unloading 49 unused Assets to reduce memory usage. Loaded Objects now: 2345.
Total: 633.689100 ms (FindLiveObjects: 19.803900 ms CreateObjectMapping: 3.074600 ms MarkObjects: 589.553000 ms  DeleteObjects: 21.223700 ms)

========================================================================
Received Import Request.
  Time since last request: 308.796925 seconds.
  path: Assets/Scenes/Game/Game.unity
  artifactKey: Guid(9d99a684b541cc046bf54e92be20bc4e) Importer(815301076,1909f56bfc062723c751e8b465ee728b)
Start importing Assets/Scenes/Game/Game.unity using Guid(9d99a684b541cc046bf54e92be20bc4e) Importer(815301076,1909f56bfc062723c751e8b465ee728b)  -> (artifact id: '11131935306b7f6353a0520f5c0d938a') in 0.573551 seconds
  Import took 0.824270 seconds .

========================================================================
Received Prepare
Registering precompiled user dll's ...
Registered in 0.035398 seconds.
Begin MonoManager ReloadAssembly
Native extension for WindowsStandalone target not found
Refreshing native plugins compatible for Editor in 1.50 ms, found 5 plugins.
Preloading 0 native plugins for Editor in 0.00 ms.
Invoked RoslynAnalysisRunner static constructor.
RoslynAnalysisRunner will not be running.
RoslynAnalysisRunner has terminated.
Mono: successfully reloaded assembly
- Completed reload, in  2.003 seconds
Platform modules already initialized, skipping
Refreshing native plugins compatible for Editor in 1.46 ms, found 5 plugins.
Preloading 0 native plugins for Editor in 0.00 ms.
Unloading 1859 Unused Serialized files (Serialized files now loaded: 0)
System memory in use before: 149.3 MB.
System memory in use after: 149.1 MB.

Unloading 49 unused Assets to reduce memory usage. Loaded Objects now: 2349.
Total: 9.690700 ms (FindLiveObjects: 0.417600 ms CreateObjectMapping: 0.195700 ms MarkObjects: 6.146200 ms  DeleteObjects: 2.926000 ms)

========================================================================
Received Prepare
Registering precompiled user dll's ...
Registered in 0.073211 seconds.
Begin MonoManager ReloadAssembly
Native extension for WindowsStandalone target not found
Refreshing native plugins compatible for Editor in 1.77 ms, found 5 plugins.
Preloading 0 native plugins for Editor in 0.00 ms.
Invoked RoslynAnalysisRunner static constructor.
RoslynAnalysisRunner will not be running.
RoslynAnalysisRunner has terminated.
Mono: successfully reloaded assembly
- Completed reload, in  1.657 seconds
Platform modules already initialized, skipping
Refreshing native plugins compatible for Editor in 1.57 ms, found 5 plugins.
Preloading 0 native plugins for Editor in 0.00 ms.
Unloading 1859 Unused Serialized files (Serialized files now loaded: 0)
System memory in use before: 149.3 MB.
System memory in use after: 149.1 MB.

Unloading 49 unused Assets to reduce memory usage. Loaded Objects now: 2353.
Total: 6.388800 ms (FindLiveObjects: 0.392000 ms CreateObjectMapping: 0.205700 ms MarkObjects: 3.401100 ms  DeleteObjects: 2.387300 ms)

AssetImportWorkerClient::OnTransportError - code=2 error=End of file
