Using pre-set license
Built from '2020.2/staging' branch; Version is '2020.2.7f1 (c53830e277f1) revision 12924976'; Using compiler version '192528614'; Build Type 'Release'
OS: 'Windows 10 Home; OS build 18363.1440; Version 1909; 64bit' Language: 'el' Physical Memory: 7128 MB
BatchMode: 1, IsHumanControllingUs: 0, StartBugReporterOnCrash: 0, Is64bit: 1, IsPro: 0

 COMMAND LINE ARGUMENTS:
C:\Program Files\Unity\Hub\Editor\2020.2.7f1\Editor\Unity.exe
-adb2
-batchMode
-noUpm
-name
AssetImportWorker3
-projectPath
C:/Users/dimit/Desktop/dim/Σχολή/πτυχιακή/FirstScene/ExampleUnityProject
-logFile
Logs/AssetImportWorker3.log
-srvPort
61884
Successfully changed project path to: C:/Users/dimit/Desktop/dim/Σχολή/πτυχιακή/FirstScene/ExampleUnityProject
C:/Users/dimit/Desktop/dim/Σχολή/πτυχιακή/FirstScene/ExampleUnityProject
Using Asset Import Pipeline V2.
Refreshing native plugins compatible for Editor in 134.19 ms, found 0 plugins.
Preloading 0 native plugins for Editor in 0.00 ms.
Initialize engine version: 2020.2.7f1 (c53830e277f1)
[Subsystems] Discovering subsystems at path C:/Program Files/Unity/Hub/Editor/2020.2.7f1/Editor/Data/Resources/UnitySubsystems
[Subsystems] Discovering subsystems at path C:/Users/dimit/Desktop/dim/Σχολή/πτυχιακή/FirstScene/ExampleUnityProject/Assets
GfxDevice: creating device client; threaded=0
Direct3D:
    Version:  Direct3D 11.0 [level 11.1]
    Renderer: AMD Radeon(TM) R5 Graphics (ID=0x9851)
    Vendor:   
    VRAM:     1006 MB
    Driver:   22.19.180.768
Initialize mono
Mono path[0] = 'C:/Program Files/Unity/Hub/Editor/2020.2.7f1/Editor/Data/Managed'
Mono path[1] = 'C:/Program Files/Unity/Hub/Editor/2020.2.7f1/Editor/Data/MonoBleedingEdge/lib/mono/unityjit'
Mono config path = 'C:/Program Files/Unity/Hub/Editor/2020.2.7f1/Editor/Data/MonoBleedingEdge/etc'
Using monoOptions --debugger-agent=transport=dt_socket,embedding=1,server=y,suspend=n,address=127.0.0.1:56216
Begin MonoManager ReloadAssembly
Registering precompiled unity dll's ...
Register platform support module: C:/Program Files/Unity/Hub/Editor/2020.2.7f1/Editor/Data/PlaybackEngines/WindowsStandaloneSupport/UnityEditor.WindowsStandalone.Extensions.dll
Registered in 0.006573 seconds.
Native extension for WindowsStandalone target not found
Refreshing native plugins compatible for Editor in 134.89 ms, found 0 plugins.
Preloading 0 native plugins for Editor in 0.00 ms.
Invoked RoslynAnalysisRunner static constructor.
RoslynAnalysisRunner will not be running.
RoslynAnalysisRunner has terminated.
Mono: successfully reloaded assembly
- Completed reload, in  3.371 seconds
Platform modules already initialized, skipping
Registering precompiled user dll's ...
Registered in 0.003061 seconds.
Begin MonoManager ReloadAssembly
Native extension for WindowsStandalone target not found
Refreshing native plugins compatible for Editor in 1.12 ms, found 0 plugins.
Preloading 0 native plugins for Editor in 0.00 ms.
Invoked RoslynAnalysisRunner static constructor.
RoslynAnalysisRunner will not be running.
RoslynAnalysisRunner has terminated.
Mono: successfully reloaded assembly
- Completed reload, in  2.737 seconds
Platform modules already initialized, skipping
========================================================================
Worker process is ready to serve import requests
Launched and connected shader compiler UnityShaderCompiler.exe after 0.29 seconds
Refreshing native plugins compatible for Editor in 1.25 ms, found 0 plugins.
Preloading 0 native plugins for Editor in 0.00 ms.
Unloading 1281 Unused Serialized files (Serialized files now loaded: 0)
System memory in use before: 93.8 MB.
System memory in use after: 93.7 MB.

Unloading 10 unused Assets to reduce memory usage. Loaded Objects now: 1745.
Total: 7.497600 ms (FindLiveObjects: 0.941300 ms CreateObjectMapping: 0.182100 ms MarkObjects: 4.958500 ms  DeleteObjects: 1.410500 ms)

========================================================================
Received Import Request.
  path: Assets/Scripts/InventoryUI.cs
  artifactKey: Guid(37338b7e708bee749988ef62f5315e39) Importer(815301076,1909f56bfc062723c751e8b465ee728b)
Start importing Assets/Scripts/InventoryUI.cs using Guid(37338b7e708bee749988ef62f5315e39) Importer(815301076,1909f56bfc062723c751e8b465ee728b)  -> (artifact id: 'c42687578b2c500e3bb4ff625fb81532') in 0.403465 seconds
  Import took 0.410695 seconds .

========================================================================
Received Prepare
Registering precompiled user dll's ...
Registered in 0.003053 seconds.
Begin MonoManager ReloadAssembly
Native extension for WindowsStandalone target not found
Refreshing native plugins compatible for Editor in 1.20 ms, found 0 plugins.
Preloading 0 native plugins for Editor in 0.00 ms.
Invoked RoslynAnalysisRunner static constructor.
RoslynAnalysisRunner will not be running.
RoslynAnalysisRunner has terminated.
Mono: successfully reloaded assembly
- Completed reload, in  2.992 seconds
Platform modules already initialized, skipping
Refreshing native plugins compatible for Editor in 1.40 ms, found 0 plugins.
Preloading 0 native plugins for Editor in 0.00 ms.
Unloading 1245 Unused Serialized files (Serialized files now loaded: 0)
System memory in use before: 91.5 MB.
System memory in use after: 91.3 MB.

Unloading 5 unused Assets to reduce memory usage. Loaded Objects now: 1748.
Total: 6.699000 ms (FindLiveObjects: 0.694500 ms CreateObjectMapping: 0.176200 ms MarkObjects: 4.818900 ms  DeleteObjects: 1.004400 ms)

========================================================================
Received Prepare
Registering precompiled user dll's ...
Registered in 0.003269 seconds.
Begin MonoManager ReloadAssembly
Native extension for WindowsStandalone target not found
Refreshing native plugins compatible for Editor in 1.14 ms, found 0 plugins.
Preloading 0 native plugins for Editor in 0.00 ms.
Invoked RoslynAnalysisRunner static constructor.
RoslynAnalysisRunner will not be running.
RoslynAnalysisRunner has terminated.
Mono: successfully reloaded assembly
- Completed reload, in  3.525 seconds
Platform modules already initialized, skipping
Refreshing native plugins compatible for Editor in 1.30 ms, found 0 plugins.
Preloading 0 native plugins for Editor in 0.00 ms.
Unloading 1245 Unused Serialized files (Serialized files now loaded: 0)
System memory in use before: 91.5 MB.
System memory in use after: 91.3 MB.

Unloading 5 unused Assets to reduce memory usage. Loaded Objects now: 1751.
Total: 6.291800 ms (FindLiveObjects: 0.532500 ms CreateObjectMapping: 0.166900 ms MarkObjects: 4.549600 ms  DeleteObjects: 1.038500 ms)

========================================================================
Received Prepare
Registering precompiled user dll's ...
Registered in 0.003005 seconds.
Begin MonoManager ReloadAssembly
Native extension for WindowsStandalone target not found
Refreshing native plugins compatible for Editor in 1.17 ms, found 0 plugins.
Preloading 0 native plugins for Editor in 0.00 ms.
Invoked RoslynAnalysisRunner static constructor.
RoslynAnalysisRunner will not be running.
RoslynAnalysisRunner has terminated.
Mono: successfully reloaded assembly
- Completed reload, in  2.776 seconds
Platform modules already initialized, skipping
Refreshing native plugins compatible for Editor in 2.78 ms, found 0 plugins.
Preloading 0 native plugins for Editor in 0.00 ms.
Unloading 1245 Unused Serialized files (Serialized files now loaded: 0)
System memory in use before: 91.5 MB.
System memory in use after: 91.3 MB.

Unloading 5 unused Assets to reduce memory usage. Loaded Objects now: 1754.
Total: 9.343100 ms (FindLiveObjects: 0.555000 ms CreateObjectMapping: 0.134200 ms MarkObjects: 7.547400 ms  DeleteObjects: 1.101000 ms)

========================================================================
Received Prepare
Registering precompiled user dll's ...
Registered in 0.003051 seconds.
Begin MonoManager ReloadAssembly
Native extension for WindowsStandalone target not found
Refreshing native plugins compatible for Editor in 1.15 ms, found 0 plugins.
Preloading 0 native plugins for Editor in 0.00 ms.
Invoked RoslynAnalysisRunner static constructor.
RoslynAnalysisRunner will not be running.
RoslynAnalysisRunner has terminated.
Mono: successfully reloaded assembly
- Completed reload, in  3.106 seconds
Platform modules already initialized, skipping
Refreshing native plugins compatible for Editor in 1.28 ms, found 0 plugins.
Preloading 0 native plugins for Editor in 0.00 ms.
Unloading 1245 Unused Serialized files (Serialized files now loaded: 0)
System memory in use before: 91.5 MB.
System memory in use after: 91.3 MB.

Unloading 5 unused Assets to reduce memory usage. Loaded Objects now: 1757.
Total: 5.719800 ms (FindLiveObjects: 0.545400 ms CreateObjectMapping: 0.109100 ms MarkObjects: 4.071700 ms  DeleteObjects: 0.989500 ms)

========================================================================
Received Prepare
Registering precompiled user dll's ...
Registered in 0.004857 seconds.
Begin MonoManager ReloadAssembly
Native extension for WindowsStandalone target not found
Refreshing native plugins compatible for Editor in 1.47 ms, found 0 plugins.
Preloading 0 native plugins for Editor in 0.00 ms.
Invoked RoslynAnalysisRunner static constructor.
RoslynAnalysisRunner will not be running.
RoslynAnalysisRunner has terminated.
Mono: successfully reloaded assembly
- Completed reload, in  5.669 seconds
Platform modules already initialized, skipping
Refreshing native plugins compatible for Editor in 1.38 ms, found 0 plugins.
Preloading 0 native plugins for Editor in 0.00 ms.
Unloading 1245 Unused Serialized files (Serialized files now loaded: 0)
System memory in use before: 91.5 MB.
System memory in use after: 91.3 MB.

Unloading 5 unused Assets to reduce memory usage. Loaded Objects now: 1760.
Total: 6.173800 ms (FindLiveObjects: 0.531300 ms CreateObjectMapping: 0.119000 ms MarkObjects: 4.467800 ms  DeleteObjects: 1.051500 ms)

========================================================================
Received Prepare
Registering precompiled user dll's ...
Registered in 0.008450 seconds.
Begin MonoManager ReloadAssembly
Native extension for WindowsStandalone target not found
Refreshing native plugins compatible for Editor in 1.42 ms, found 0 plugins.
Preloading 0 native plugins for Editor in 0.00 ms.
Invoked RoslynAnalysisRunner static constructor.
RoslynAnalysisRunner will not be running.
RoslynAnalysisRunner has terminated.
Mono: successfully reloaded assembly
- Completed reload, in  5.132 seconds
Platform modules already initialized, skipping
Refreshing native plugins compatible for Editor in 1.45 ms, found 0 plugins.
Preloading 0 native plugins for Editor in 0.00 ms.
Unloading 1246 Unused Serialized files (Serialized files now loaded: 0)
System memory in use before: 91.6 MB.
System memory in use after: 91.4 MB.

Unloading 5 unused Assets to reduce memory usage. Loaded Objects now: 1764.
Total: 8.280900 ms (FindLiveObjects: 0.539500 ms CreateObjectMapping: 0.115500 ms MarkObjects: 6.468800 ms  DeleteObjects: 1.151400 ms)

========================================================================
Received Import Request.
  Time since last request: 913.175799 seconds.
  path: Assets/AddToInventory.cs
  artifactKey: Guid(8e9fa4f4541150b4a8424483f7635b2c) Importer(815301076,1909f56bfc062723c751e8b465ee728b)
Start importing Assets/AddToInventory.cs using Guid(8e9fa4f4541150b4a8424483f7635b2c) Importer(815301076,1909f56bfc062723c751e8b465ee728b)  -> (artifact id: '5381af06f0d1ef2cee1c49786e620ff7') in 0.044123 seconds
  Import took 0.050641 seconds .

========================================================================
Received Prepare
Registering precompiled user dll's ...
Registered in 0.003232 seconds.
Begin MonoManager ReloadAssembly
Native extension for WindowsStandalone target not found
Refreshing native plugins compatible for Editor in 1.16 ms, found 0 plugins.
Preloading 0 native plugins for Editor in 0.00 ms.
Invoked RoslynAnalysisRunner static constructor.
RoslynAnalysisRunner will not be running.
RoslynAnalysisRunner has terminated.
Mono: successfully reloaded assembly
- Completed reload, in  3.059 seconds
Platform modules already initialized, skipping
Refreshing native plugins compatible for Editor in 1.35 ms, found 0 plugins.
Preloading 0 native plugins for Editor in 0.00 ms.
Unloading 1245 Unused Serialized files (Serialized files now loaded: 0)
System memory in use before: 91.5 MB.
System memory in use after: 91.4 MB.

Unloading 6 unused Assets to reduce memory usage. Loaded Objects now: 1766.
Total: 5.938400 ms (FindLiveObjects: 0.560500 ms CreateObjectMapping: 0.102800 ms MarkObjects: 4.249100 ms  DeleteObjects: 1.022100 ms)

========================================================================
Received Import Request.
  Time since last request: 40.197667 seconds.
  path: Assets/InventorySlot.cs
  artifactKey: Guid(8bb94423c2c459f47a477f123f0b3a78) Importer(815301076,1909f56bfc062723c751e8b465ee728b)
Start importing Assets/InventorySlot.cs using Guid(8bb94423c2c459f47a477f123f0b3a78) Importer(815301076,1909f56bfc062723c751e8b465ee728b)  -> (artifact id: '1435086aa1b75fe236836c4ce12038a1') in 0.071135 seconds
  Import took 0.079335 seconds .

========================================================================
Received Prepare
Registering precompiled user dll's ...
Registered in 0.002946 seconds.
Begin MonoManager ReloadAssembly
Native extension for WindowsStandalone target not found
Refreshing native plugins compatible for Editor in 1.15 ms, found 0 plugins.
Preloading 0 native plugins for Editor in 0.00 ms.
Invoked RoslynAnalysisRunner static constructor.
RoslynAnalysisRunner will not be running.
RoslynAnalysisRunner has terminated.
Mono: successfully reloaded assembly
- Completed reload, in  2.742 seconds
Platform modules already initialized, skipping
Refreshing native plugins compatible for Editor in 1.45 ms, found 0 plugins.
Preloading 0 native plugins for Editor in 0.00 ms.
Unloading 1246 Unused Serialized files (Serialized files now loaded: 0)
System memory in use before: 91.6 MB.
System memory in use after: 91.4 MB.

Unloading 5 unused Assets to reduce memory usage. Loaded Objects now: 1770.
Total: 6.688800 ms (FindLiveObjects: 0.549600 ms CreateObjectMapping: 0.172300 ms MarkObjects: 4.865700 ms  DeleteObjects: 1.096100 ms)

========================================================================
Received Prepare
Registering precompiled user dll's ...
Registered in 0.003019 seconds.
Begin MonoManager ReloadAssembly
Native extension for WindowsStandalone target not found
Refreshing native plugins compatible for Editor in 1.56 ms, found 0 plugins.
Preloading 0 native plugins for Editor in 0.00 ms.
Invoked RoslynAnalysisRunner static constructor.
RoslynAnalysisRunner will not be running.
RoslynAnalysisRunner has terminated.
Mono: successfully reloaded assembly
- Completed reload, in  9.220 seconds
Platform modules already initialized, skipping
Refreshing native plugins compatible for Editor in 1.42 ms, found 0 plugins.
Preloading 0 native plugins for Editor in 0.00 ms.
Unloading 1246 Unused Serialized files (Serialized files now loaded: 0)
System memory in use before: 91.6 MB.
System memory in use after: 91.4 MB.

Unloading 5 unused Assets to reduce memory usage. Loaded Objects now: 1773.
Total: 5.778800 ms (FindLiveObjects: 0.515000 ms CreateObjectMapping: 0.131900 ms MarkObjects: 4.069200 ms  DeleteObjects: 1.059100 ms)

========================================================================
Received Prepare
Registering precompiled user dll's ...
Registered in 0.006744 seconds.
Begin MonoManager ReloadAssembly
Native extension for WindowsStandalone target not found
Refreshing native plugins compatible for Editor in 1.18 ms, found 0 plugins.
Preloading 0 native plugins for Editor in 0.00 ms.
Invoked RoslynAnalysisRunner static constructor.
RoslynAnalysisRunner will not be running.
RoslynAnalysisRunner has terminated.
Mono: successfully reloaded assembly
- Completed reload, in  3.164 seconds
Platform modules already initialized, skipping
Refreshing native plugins compatible for Editor in 1.30 ms, found 0 plugins.
Preloading 0 native plugins for Editor in 0.00 ms.
Unloading 1246 Unused Serialized files (Serialized files now loaded: 0)
System memory in use before: 91.6 MB.
System memory in use after: 91.4 MB.

Unloading 5 unused Assets to reduce memory usage. Loaded Objects now: 1776.
Total: 6.016100 ms (FindLiveObjects: 0.592700 ms CreateObjectMapping: 0.114400 ms MarkObjects: 4.300400 ms  DeleteObjects: 1.004300 ms)

========================================================================
Received Import Request.
  Time since last request: 127.332379 seconds.
  path: Assets/Scripts/InventorySlot.cs
  artifactKey: Guid(8bb94423c2c459f47a477f123f0b3a78) Importer(815301076,1909f56bfc062723c751e8b465ee728b)
Start importing Assets/Scripts/InventorySlot.cs using Guid(8bb94423c2c459f47a477f123f0b3a78) Importer(815301076,1909f56bfc062723c751e8b465ee728b)  -> (artifact id: 'e1c709c933ba6982895a6c8636b6f945') in 0.021682 seconds
  Import took 0.027859 seconds .

========================================================================
Received Prepare
Registering precompiled user dll's ...
Registered in 0.003472 seconds.
Begin MonoManager ReloadAssembly
Native extension for WindowsStandalone target not found
Refreshing native plugins compatible for Editor in 1.16 ms, found 0 plugins.
Preloading 0 native plugins for Editor in 0.00 ms.
Invoked RoslynAnalysisRunner static constructor.
RoslynAnalysisRunner will not be running.
RoslynAnalysisRunner has terminated.
Mono: successfully reloaded assembly
- Completed reload, in  3.224 seconds
Platform modules already initialized, skipping
Refreshing native plugins compatible for Editor in 1.24 ms, found 0 plugins.
Preloading 0 native plugins for Editor in 0.00 ms.
Unloading 1246 Unused Serialized files (Serialized files now loaded: 0)
System memory in use before: 91.6 MB.
System memory in use after: 91.4 MB.

Unloading 5 unused Assets to reduce memory usage. Loaded Objects now: 1779.
Total: 6.042000 ms (FindLiveObjects: 0.521800 ms CreateObjectMapping: 0.108200 ms MarkObjects: 4.414300 ms  DeleteObjects: 0.993400 ms)

========================================================================
Received Prepare
Registering precompiled user dll's ...
Registered in 0.002987 seconds.
Begin MonoManager ReloadAssembly
Native extension for WindowsStandalone target not found
Refreshing native plugins compatible for Editor in 1.13 ms, found 0 plugins.
Preloading 0 native plugins for Editor in 0.00 ms.
Invoked RoslynAnalysisRunner static constructor.
RoslynAnalysisRunner will not be running.
RoslynAnalysisRunner has terminated.
Mono: successfully reloaded assembly
- Completed reload, in  2.853 seconds
Platform modules already initialized, skipping
Refreshing native plugins compatible for Editor in 1.38 ms, found 0 plugins.
Preloading 0 native plugins for Editor in 0.00 ms.
Unloading 1246 Unused Serialized files (Serialized files now loaded: 0)
System memory in use before: 91.6 MB.
System memory in use after: 91.4 MB.

Unloading 5 unused Assets to reduce memory usage. Loaded Objects now: 1782.
Total: 5.784000 ms (FindLiveObjects: 0.513500 ms CreateObjectMapping: 0.106700 ms MarkObjects: 4.149600 ms  DeleteObjects: 1.010300 ms)

========================================================================
Received Prepare
Registering precompiled user dll's ...
Registered in 0.003459 seconds.
Begin MonoManager ReloadAssembly
Native extension for WindowsStandalone target not found
Refreshing native plugins compatible for Editor in 1.38 ms, found 0 plugins.
Preloading 0 native plugins for Editor in 0.00 ms.
Invoked RoslynAnalysisRunner static constructor.
RoslynAnalysisRunner will not be running.
RoslynAnalysisRunner has terminated.
Mono: successfully reloaded assembly
- Completed reload, in  3.820 seconds
Platform modules already initialized, skipping
Refreshing native plugins compatible for Editor in 1.51 ms, found 0 plugins.
Preloading 0 native plugins for Editor in 0.00 ms.
Unloading 1246 Unused Serialized files (Serialized files now loaded: 0)
System memory in use before: 91.6 MB.
System memory in use after: 91.4 MB.

Unloading 5 unused Assets to reduce memory usage. Loaded Objects now: 1785.
Total: 6.620700 ms (FindLiveObjects: 0.598000 ms CreateObjectMapping: 0.141200 ms MarkObjects: 4.795500 ms  DeleteObjects: 1.079300 ms)

========================================================================
Received Prepare
Registering precompiled user dll's ...
Registered in 0.003111 seconds.
Begin MonoManager ReloadAssembly
Native extension for WindowsStandalone target not found
Refreshing native plugins compatible for Editor in 1.36 ms, found 0 plugins.
Preloading 0 native plugins for Editor in 0.00 ms.
Invoked RoslynAnalysisRunner static constructor.
RoslynAnalysisRunner will not be running.
RoslynAnalysisRunner has terminated.
Mono: successfully reloaded assembly
- Completed reload, in  3.582 seconds
Platform modules already initialized, skipping
Refreshing native plugins compatible for Editor in 1.41 ms, found 0 plugins.
Preloading 0 native plugins for Editor in 0.00 ms.
Unloading 1246 Unused Serialized files (Serialized files now loaded: 0)
System memory in use before: 91.6 MB.
System memory in use after: 91.4 MB.

Unloading 5 unused Assets to reduce memory usage. Loaded Objects now: 1788.
Total: 6.544100 ms (FindLiveObjects: 0.560300 ms CreateObjectMapping: 0.125400 ms MarkObjects: 4.756200 ms  DeleteObjects: 1.097300 ms)

========================================================================
Received Prepare
Registering precompiled user dll's ...
Registered in 0.002963 seconds.
Begin MonoManager ReloadAssembly
Native extension for WindowsStandalone target not found
Refreshing native plugins compatible for Editor in 1.13 ms, found 0 plugins.
Preloading 0 native plugins for Editor in 0.00 ms.
Invoked RoslynAnalysisRunner static constructor.
RoslynAnalysisRunner will not be running.
RoslynAnalysisRunner has terminated.
Mono: successfully reloaded assembly
- Completed reload, in  2.776 seconds
Platform modules already initialized, skipping
Refreshing native plugins compatible for Editor in 1.39 ms, found 0 plugins.
Preloading 0 native plugins for Editor in 0.00 ms.
Unloading 1246 Unused Serialized files (Serialized files now loaded: 0)
System memory in use before: 91.6 MB.
System memory in use after: 91.4 MB.

Unloading 5 unused Assets to reduce memory usage. Loaded Objects now: 1791.
Total: 6.136800 ms (FindLiveObjects: 0.615500 ms CreateObjectMapping: 0.110600 ms MarkObjects: 4.322100 ms  DeleteObjects: 1.083200 ms)

========================================================================
Received Prepare
Registering precompiled user dll's ...
Registered in 0.003172 seconds.
Begin MonoManager ReloadAssembly
Native extension for WindowsStandalone target not found
Refreshing native plugins compatible for Editor in 1.15 ms, found 0 plugins.
Preloading 0 native plugins for Editor in 0.00 ms.
Invoked RoslynAnalysisRunner static constructor.
RoslynAnalysisRunner will not be running.
RoslynAnalysisRunner has terminated.
Mono: successfully reloaded assembly
- Completed reload, in  4.365 seconds
Platform modules already initialized, skipping
Refreshing native plugins compatible for Editor in 1.30 ms, found 0 plugins.
Preloading 0 native plugins for Editor in 0.00 ms.
Unloading 1246 Unused Serialized files (Serialized files now loaded: 0)
System memory in use before: 91.6 MB.
System memory in use after: 91.4 MB.

Unloading 5 unused Assets to reduce memory usage. Loaded Objects now: 1794.
Total: 6.063300 ms (FindLiveObjects: 0.554300 ms CreateObjectMapping: 0.118300 ms MarkObjects: 4.377000 ms  DeleteObjects: 1.007900 ms)

========================================================================
Received Import Request.
  Time since last request: 1407.748236 seconds.
  path: Assets/Items/Test Item.asset
  artifactKey: Guid(5e867170e505c9541b484c4838f96c82) Importer(815301076,1909f56bfc062723c751e8b465ee728b)
Start importing Assets/Items/Test Item.asset using Guid(5e867170e505c9541b484c4838f96c82) Importer(815301076,1909f56bfc062723c751e8b465ee728b)  -> (artifact id: 'debc743901fd22972099ec0d86adc0a1') in 0.137959 seconds
  Import took 0.143948 seconds .

========================================================================
Received Import Request.
  Time since last request: 22.248286 seconds.
  path: Assets/Prefabs/Bgr_Mountains (1).prefab
  artifactKey: Guid(d0b02c86d4264324399622c1aa2bda31) Importer(815301076,1909f56bfc062723c751e8b465ee728b)
Start importing Assets/Prefabs/Bgr_Mountains (1).prefab using Guid(d0b02c86d4264324399622c1aa2bda31) Importer(815301076,1909f56bfc062723c751e8b465ee728b)  -> (artifact id: '1ab97360acbdb6a9545eaad45449d3b6') in 2.079459 seconds
  Import took 2.109751 seconds .

========================================================================
Received Import Request.
  Time since last request: 0.000532 seconds.
  path: Assets/Prefabs/Player1.prefab
  artifactKey: Guid(8e6cf813b612fa4499a30f77de87a445) Importer(815301076,1909f56bfc062723c751e8b465ee728b)
Start importing Assets/Prefabs/Player1.prefab using Guid(8e6cf813b612fa4499a30f77de87a445) Importer(815301076,1909f56bfc062723c751e8b465ee728b)  -> (artifact id: '1a81375da07364aec40a9ce13c0df4ac') in 0.078823 seconds
  Import took 0.085520 seconds .

========================================================================
Received Import Request.
  Time since last request: 0.000647 seconds.
  path: Assets/Prefabs/InventorySlot.prefab
  artifactKey: Guid(09f19a874eca83a41aaa7cde3b1cc3aa) Importer(815301076,1909f56bfc062723c751e8b465ee728b)
Start importing Assets/Prefabs/InventorySlot.prefab using Guid(09f19a874eca83a41aaa7cde3b1cc3aa) Importer(815301076,1909f56bfc062723c751e8b465ee728b)  -> (artifact id: 'd0f590fa7df2d3e026421fbcd90b8b42') in 0.339353 seconds
  Import took 0.345844 seconds .

========================================================================
Received Import Request.
  Time since last request: 0.000753 seconds.
  path: Assets/Prefabs/GFX invetory.prefab
  artifactKey: Guid(747546432ffd8c949b3d1c3f68585dad) Importer(815301076,1909f56bfc062723c751e8b465ee728b)
Start importing Assets/Prefabs/GFX invetory.prefab using Guid(747546432ffd8c949b3d1c3f68585dad) Importer(815301076,1909f56bfc062723c751e8b465ee728b)  -> (artifact id: '20d7e471395488f85e9b0353b1fd2bf4') in 0.052825 seconds
  Import took 0.070390 seconds .

========================================================================
Received Import Request.
  Time since last request: 12.470429 seconds.
  path: Assets/Scenes/Level1/Items/Items.prefab
  artifactKey: Guid(684a5d8f02fdbd44eae7389771dd162a) Importer(815301076,1909f56bfc062723c751e8b465ee728b)
Start importing Assets/Scenes/Level1/Items/Items.prefab using Guid(684a5d8f02fdbd44eae7389771dd162a) Importer(815301076,1909f56bfc062723c751e8b465ee728b)  -> (artifact id: 'da6bb32712ef24177f8d925dd596923c') in 0.157311 seconds
  Import took 0.164173 seconds .

========================================================================
Received Import Request.
  Time since last request: 16.448964 seconds.
  path: Assets/Sprites/1.png
  artifactKey: Guid(363e510866978c445a78843b0ebd118d) Importer(815301076,1909f56bfc062723c751e8b465ee728b)
Start importing Assets/Sprites/1.png using Guid(363e510866978c445a78843b0ebd118d) Importer(815301076,1909f56bfc062723c751e8b465ee728b)  -> (artifact id: '1d23f82a4df9aef896f111d9de7a86ae') in 0.652961 seconds
  Import took 0.659823 seconds .

========================================================================
Received Import Request.
  Time since last request: 0.000372 seconds.
  path: Assets/Sprites/1616073525428.jpeg
  artifactKey: Guid(9ac22602edd728645973f3b92bed9eaa) Importer(815301076,1909f56bfc062723c751e8b465ee728b)
Start importing Assets/Sprites/1616073525428.jpeg using Guid(9ac22602edd728645973f3b92bed9eaa) Importer(815301076,1909f56bfc062723c751e8b465ee728b)  -> (artifact id: 'fa7dfc6f4d0e7b18596cf6c55b2dcbf1') in 0.171436 seconds
  Import took 0.179313 seconds .

========================================================================
Received Import Request.
  Time since last request: 0.000637 seconds.
  path: Assets/Sprites/5.png
  artifactKey: Guid(ab109343f8be313438f9ea56b74707f3) Importer(815301076,1909f56bfc062723c751e8b465ee728b)
Start importing Assets/Sprites/5.png using Guid(ab109343f8be313438f9ea56b74707f3) Importer(815301076,1909f56bfc062723c751e8b465ee728b)  -> (artifact id: '69d77afc7e8f72d653c1687b89f1a372') in 0.158500 seconds
  Import took 0.165309 seconds .

========================================================================
Received Import Request.
  Time since last request: 0.000563 seconds.
  path: Assets/Sprites/2.jpg
  artifactKey: Guid(43d952405289e944fb7bb8d8783e0a6a) Importer(815301076,1909f56bfc062723c751e8b465ee728b)
Start importing Assets/Sprites/2.jpg using Guid(43d952405289e944fb7bb8d8783e0a6a) Importer(815301076,1909f56bfc062723c751e8b465ee728b)  -> (artifact id: 'b924d070a65008bc3ec0612c2560ac84') in 0.180248 seconds
  Import took 0.187348 seconds .

========================================================================
Received Import Request.
  Time since last request: 0.000595 seconds.
  path: Assets/Sprites/6 1.png
  artifactKey: Guid(86b91cf7c92837545836976701a6baf6) Importer(815301076,1909f56bfc062723c751e8b465ee728b)
Start importing Assets/Sprites/6 1.png using Guid(86b91cf7c92837545836976701a6baf6) Importer(815301076,1909f56bfc062723c751e8b465ee728b)  -> (artifact id: 'd8d4819b83d20d566f7a4dbbcb23c512') in 0.175636 seconds
  Import took 0.182603 seconds .

========================================================================
Received Import Request.
  Time since last request: 0.004383 seconds.
  path: Assets/Sprites/6 1.png
  artifactKey: Guid(86b91cf7c92837545836976701a6baf6) Importer(815301076,1909f56bfc062723c751e8b465ee728b)
Start importing Assets/Sprites/6 1.png using Guid(86b91cf7c92837545836976701a6baf6) Importer(815301076,1909f56bfc062723c751e8b465ee728b)  -> (artifact id: 'd8d4819b83d20d566f7a4dbbcb23c512') in 0.124299 seconds
  Import took 0.137543 seconds .

========================================================================
Received Import Request.
  Time since last request: 29.254645 seconds.
  path: Assets/Unity Store Assets
  artifactKey: Guid(4650f62c6eb15cb47820af933ccb010b) Importer(815301076,1909f56bfc062723c751e8b465ee728b)
Start importing Assets/Unity Store Assets using Guid(4650f62c6eb15cb47820af933ccb010b) Importer(815301076,1909f56bfc062723c751e8b465ee728b)  -> (artifact id: '2327fae634d9ec762d884738020a0229') in 0.036392 seconds
  Import took 0.042937 seconds .

========================================================================
Received Import Request.
  Time since last request: 3.001081 seconds.
  path: Assets/Sprites
  artifactKey: Guid(bbb17e79f21ed674cab09eb85bea7971) Importer(815301076,1909f56bfc062723c751e8b465ee728b)
Start importing Assets/Sprites using Guid(bbb17e79f21ed674cab09eb85bea7971) Importer(815301076,1909f56bfc062723c751e8b465ee728b)  -> (artifact id: '8378211825b57087b364384abd2c2865') in 0.030386 seconds
  Import took 0.036644 seconds .

========================================================================
Received Import Request.
  Time since last request: 0.005288 seconds.
  path: Assets/Sprites
  artifactKey: Guid(bbb17e79f21ed674cab09eb85bea7971) Importer(815301076,1909f56bfc062723c751e8b465ee728b)
Start importing Assets/Sprites using Guid(bbb17e79f21ed674cab09eb85bea7971) Importer(815301076,1909f56bfc062723c751e8b465ee728b)  -> (artifact id: '8378211825b57087b364384abd2c2865') in 0.017468 seconds
  Import took 0.025705 seconds .

========================================================================
Received Import Request.
  Time since last request: 83.444654 seconds.
  path: Assets/Sprites/papyrus.png
  artifactKey: Guid(9ae9ac126f6be9b4fa19f7461dcf1715) Importer(815301076,1909f56bfc062723c751e8b465ee728b)
Start importing Assets/Sprites/papyrus.png using Guid(9ae9ac126f6be9b4fa19f7461dcf1715) Importer(815301076,1909f56bfc062723c751e8b465ee728b)  -> (artifact id: '0245c971243b9a207925226ee9b9217d') in 0.073464 seconds
  Import took 0.080939 seconds .

========================================================================
Received Import Request.
  Time since last request: 24.031745 seconds.
  path: Assets/Sprites/papyrus.png
  artifactKey: Guid(9ae9ac126f6be9b4fa19f7461dcf1715) Importer(815301076,1909f56bfc062723c751e8b465ee728b)
Start importing Assets/Sprites/papyrus.png using Guid(9ae9ac126f6be9b4fa19f7461dcf1715) Importer(815301076,1909f56bfc062723c751e8b465ee728b)  -> (artifact id: 'b53524590f3b24d654c260759b1d462a') in 0.068794 seconds
  Import took 0.075084 seconds .

========================================================================
Received Import Request.
  Time since last request: 83.899363 seconds.
  path: Assets/Sprites/Rusty_Key_(Redguard).png
  artifactKey: Guid(50dba14429fad804fbf9582e1f17d813) Importer(815301076,1909f56bfc062723c751e8b465ee728b)
Start importing Assets/Sprites/Rusty_Key_(Redguard).png using Guid(50dba14429fad804fbf9582e1f17d813) Importer(815301076,1909f56bfc062723c751e8b465ee728b)  -> (artifact id: '43d4cd4fa18debcec498749aab65b2b4') in 0.085150 seconds
  Import took 0.092325 seconds .

========================================================================
Received Import Request.
  Time since last request: 10.554875 seconds.
  path: Assets/Sprites/Rusty_Key_(Redguard).png
  artifactKey: Guid(50dba14429fad804fbf9582e1f17d813) Importer(815301076,1909f56bfc062723c751e8b465ee728b)
Start importing Assets/Sprites/Rusty_Key_(Redguard).png using Guid(50dba14429fad804fbf9582e1f17d813) Importer(815301076,1909f56bfc062723c751e8b465ee728b)  -> (artifact id: '05fc2f5eb22f0333ca66582a587c5035') in 0.064030 seconds
  Import took 0.070337 seconds .

========================================================================
Received Import Request.
  Time since last request: 46.437376 seconds.
  path: Assets/Items/Page.asset
  artifactKey: Guid(5e867170e505c9541b484c4838f96c82) Importer(815301076,1909f56bfc062723c751e8b465ee728b)
Start importing Assets/Items/Page.asset using Guid(5e867170e505c9541b484c4838f96c82) Importer(815301076,1909f56bfc062723c751e8b465ee728b)  -> (artifact id: 'f76a51a6a2530f070a042729ded8f515') in 0.032560 seconds
  Import took 0.039778 seconds .

========================================================================
Received Import Request.
  Time since last request: 2.916755 seconds.
  path: Assets/Items/Page 1.asset
  artifactKey: Guid(673e5505664012c4f82515133cab5f93) Importer(815301076,1909f56bfc062723c751e8b465ee728b)
Start importing Assets/Items/Page 1.asset using Guid(673e5505664012c4f82515133cab5f93) Importer(815301076,1909f56bfc062723c751e8b465ee728b)  -> (artifact id: '708faf74b3b20fe27fe23e117ab67fae') in 0.037663 seconds
  Import took 0.044760 seconds .

========================================================================
Received Import Request.
  Time since last request: 0.000563 seconds.
  path: Assets/Items/Page.asset
  artifactKey: Guid(5e867170e505c9541b484c4838f96c82) Importer(815301076,1909f56bfc062723c751e8b465ee728b)
Start importing Assets/Items/Page.asset using Guid(5e867170e505c9541b484c4838f96c82) Importer(815301076,1909f56bfc062723c751e8b465ee728b)  -> (artifact id: '74a7172f9de1e5f1efbf30266555a388') in 0.016223 seconds
  Import took 0.022624 seconds .

========================================================================
Received Import Request.
  Time since last request: 4.874699 seconds.
  path: Assets/Items/Key.asset
  artifactKey: Guid(673e5505664012c4f82515133cab5f93) Importer(815301076,1909f56bfc062723c751e8b465ee728b)
Start importing Assets/Items/Key.asset using Guid(673e5505664012c4f82515133cab5f93) Importer(815301076,1909f56bfc062723c751e8b465ee728b)  -> (artifact id: '4e4bee85e286253a599732eb4cfb2b81') in 0.034232 seconds
  Import took 0.041420 seconds .

========================================================================
Received Prepare
Registering precompiled user dll's ...
Registered in 0.003079 seconds.
Begin MonoManager ReloadAssembly
Native extension for WindowsStandalone target not found
Refreshing native plugins compatible for Editor in 1.14 ms, found 0 plugins.
Preloading 0 native plugins for Editor in 0.00 ms.
Invoked RoslynAnalysisRunner static constructor.
RoslynAnalysisRunner will not be running.
RoslynAnalysisRunner has terminated.
Mono: successfully reloaded assembly
- Completed reload, in  2.537 seconds
Platform modules already initialized, skipping
Refreshing native plugins compatible for Editor in 1.25 ms, found 0 plugins.
Preloading 0 native plugins for Editor in 0.00 ms.
Unloading 1246 Unused Serialized files (Serialized files now loaded: 0)
System memory in use before: 97.3 MB.
System memory in use after: 97.1 MB.

Unloading 5 unused Assets to reduce memory usage. Loaded Objects now: 1818.
Total: 6.177200 ms (FindLiveObjects: 0.780700 ms CreateObjectMapping: 0.112700 ms MarkObjects: 4.262400 ms  DeleteObjects: 1.017300 ms)

========================================================================
Received Import Request.
  Time since last request: 1974.219461 seconds.
  path: Assets/PickUpItem.cs
  artifactKey: Guid(1892e6c3c11566c48ba54b584535328a) Importer(815301076,1909f56bfc062723c751e8b465ee728b)
Start importing Assets/PickUpItem.cs using Guid(1892e6c3c11566c48ba54b584535328a) Importer(815301076,1909f56bfc062723c751e8b465ee728b)  -> (artifact id: '7304930609ac65725190dcc6f238ddb4') in 0.082144 seconds
  Import took 0.116087 seconds .

========================================================================
Received Prepare
Registering precompiled user dll's ...
Registered in 0.002918 seconds.
Begin MonoManager ReloadAssembly
Native extension for WindowsStandalone target not found
Refreshing native plugins compatible for Editor in 1.20 ms, found 0 plugins.
Preloading 0 native plugins for Editor in 0.00 ms.
Invoked RoslynAnalysisRunner static constructor.
RoslynAnalysisRunner will not be running.
RoslynAnalysisRunner has terminated.
Mono: successfully reloaded assembly
- Completed reload, in  3.787 seconds
Platform modules already initialized, skipping
Refreshing native plugins compatible for Editor in 1.50 ms, found 0 plugins.
Preloading 0 native plugins for Editor in 0.00 ms.
Unloading 1247 Unused Serialized files (Serialized files now loaded: 0)
System memory in use before: 97.3 MB.
System memory in use after: 97.1 MB.

Unloading 5 unused Assets to reduce memory usage. Loaded Objects now: 1822.
Total: 13.015200 ms (FindLiveObjects: 0.719900 ms CreateObjectMapping: 2.437500 ms MarkObjects: 8.239100 ms  DeleteObjects: 1.611100 ms)

========================================================================
Received Prepare
Registering precompiled user dll's ...
Registered in 0.004874 seconds.
Begin MonoManager ReloadAssembly
Native extension for WindowsStandalone target not found
Refreshing native plugins compatible for Editor in 1.32 ms, found 0 plugins.
Preloading 0 native plugins for Editor in 0.00 ms.
Invoked RoslynAnalysisRunner static constructor.
RoslynAnalysisRunner will not be running.
RoslynAnalysisRunner has terminated.
Mono: successfully reloaded assembly
- Completed reload, in  3.099 seconds
Platform modules already initialized, skipping
Refreshing native plugins compatible for Editor in 1.48 ms, found 0 plugins.
Preloading 0 native plugins for Editor in 0.00 ms.
Unloading 1247 Unused Serialized files (Serialized files now loaded: 0)
System memory in use before: 97.3 MB.
System memory in use after: 97.1 MB.

Unloading 5 unused Assets to reduce memory usage. Loaded Objects now: 1825.
Total: 6.660600 ms (FindLiveObjects: 0.651800 ms CreateObjectMapping: 0.152300 ms MarkObjects: 4.773400 ms  DeleteObjects: 1.078700 ms)

========================================================================
Received Prepare
Registering precompiled user dll's ...
Registered in 0.007201 seconds.
Begin MonoManager ReloadAssembly
Native extension for WindowsStandalone target not found
Refreshing native plugins compatible for Editor in 1.19 ms, found 0 plugins.
Preloading 0 native plugins for Editor in 0.00 ms.
Invoked RoslynAnalysisRunner static constructor.
RoslynAnalysisRunner will not be running.
RoslynAnalysisRunner has terminated.
Mono: successfully reloaded assembly
- Completed reload, in  3.130 seconds
Platform modules already initialized, skipping
Refreshing native plugins compatible for Editor in 1.35 ms, found 0 plugins.
Preloading 0 native plugins for Editor in 0.00 ms.
Unloading 1247 Unused Serialized files (Serialized files now loaded: 0)
System memory in use before: 97.3 MB.
System memory in use after: 97.2 MB.

Unloading 5 unused Assets to reduce memory usage. Loaded Objects now: 1828.
Total: 7.007600 ms (FindLiveObjects: 0.989800 ms CreateObjectMapping: 0.121800 ms MarkObjects: 4.876100 ms  DeleteObjects: 1.014800 ms)

========================================================================
Received Prepare
Registering precompiled user dll's ...
Registered in 0.003096 seconds.
Begin MonoManager ReloadAssembly
Native extension for WindowsStandalone target not found
Refreshing native plugins compatible for Editor in 1.21 ms, found 0 plugins.
Preloading 0 native plugins for Editor in 0.00 ms.
Invoked RoslynAnalysisRunner static constructor.
RoslynAnalysisRunner will not be running.
RoslynAnalysisRunner has terminated.
Mono: successfully reloaded assembly
- Completed reload, in  2.879 seconds
Platform modules already initialized, skipping
Refreshing native plugins compatible for Editor in 1.31 ms, found 0 plugins.
Preloading 0 native plugins for Editor in 0.00 ms.
Unloading 1247 Unused Serialized files (Serialized files now loaded: 0)
System memory in use before: 97.3 MB.
System memory in use after: 97.2 MB.

Unloading 5 unused Assets to reduce memory usage. Loaded Objects now: 1831.
Total: 6.572500 ms (FindLiveObjects: 0.714500 ms CreateObjectMapping: 0.196900 ms MarkObjects: 4.611700 ms  DeleteObjects: 1.045100 ms)

========================================================================
Received Prepare
Registering precompiled user dll's ...
Registered in 0.003000 seconds.
Begin MonoManager ReloadAssembly
Native extension for WindowsStandalone target not found
Refreshing native plugins compatible for Editor in 1.43 ms, found 0 plugins.
Preloading 0 native plugins for Editor in 0.00 ms.
Invoked RoslynAnalysisRunner static constructor.
RoslynAnalysisRunner will not be running.
RoslynAnalysisRunner has terminated.
Mono: successfully reloaded assembly
- Completed reload, in  2.801 seconds
Platform modules already initialized, skipping
Refreshing native plugins compatible for Editor in 1.60 ms, found 0 plugins.
Preloading 0 native plugins for Editor in 0.00 ms.
Unloading 1247 Unused Serialized files (Serialized files now loaded: 0)
System memory in use before: 97.4 MB.
System memory in use after: 97.2 MB.

Unloading 5 unused Assets to reduce memory usage. Loaded Objects now: 1834.
Total: 6.891300 ms (FindLiveObjects: 0.622500 ms CreateObjectMapping: 0.124400 ms MarkObjects: 5.040500 ms  DeleteObjects: 1.098200 ms)

========================================================================
Received Prepare
Registering precompiled user dll's ...
Registered in 0.003289 seconds.
Begin MonoManager ReloadAssembly
Native extension for WindowsStandalone target not found
Refreshing native plugins compatible for Editor in 1.15 ms, found 0 plugins.
Preloading 0 native plugins for Editor in 0.00 ms.
Invoked RoslynAnalysisRunner static constructor.
RoslynAnalysisRunner will not be running.
RoslynAnalysisRunner has terminated.
Mono: successfully reloaded assembly
- Completed reload, in  3.021 seconds
Platform modules already initialized, skipping
Refreshing native plugins compatible for Editor in 1.26 ms, found 0 plugins.
Preloading 0 native plugins for Editor in 0.00 ms.
Unloading 1247 Unused Serialized files (Serialized files now loaded: 0)
System memory in use before: 97.4 MB.
System memory in use after: 97.2 MB.

Unloading 5 unused Assets to reduce memory usage. Loaded Objects now: 1837.
Total: 6.483000 ms (FindLiveObjects: 0.574100 ms CreateObjectMapping: 0.111000 ms MarkObjects: 4.732000 ms  DeleteObjects: 1.062000 ms)

========================================================================
Received Prepare
Registering precompiled user dll's ...
Registered in 0.003170 seconds.
Begin MonoManager ReloadAssembly
Native extension for WindowsStandalone target not found
Refreshing native plugins compatible for Editor in 1.16 ms, found 0 plugins.
Preloading 0 native plugins for Editor in 0.00 ms.
Invoked RoslynAnalysisRunner static constructor.
RoslynAnalysisRunner will not be running.
RoslynAnalysisRunner has terminated.
Mono: successfully reloaded assembly
- Completed reload, in  3.682 seconds
Platform modules already initialized, skipping
Refreshing native plugins compatible for Editor in 1.36 ms, found 0 plugins.
Preloading 0 native plugins for Editor in 0.00 ms.
Unloading 1247 Unused Serialized files (Serialized files now loaded: 0)
System memory in use before: 97.4 MB.
System memory in use after: 97.2 MB.

Unloading 5 unused Assets to reduce memory usage. Loaded Objects now: 1840.
Total: 5.989100 ms (FindLiveObjects: 0.629600 ms CreateObjectMapping: 0.126000 ms MarkObjects: 4.206300 ms  DeleteObjects: 1.023600 ms)

========================================================================
Received Prepare
Registering precompiled user dll's ...
Registered in 0.002928 seconds.
Begin MonoManager ReloadAssembly
Native extension for WindowsStandalone target not found
Refreshing native plugins compatible for Editor in 1.18 ms, found 0 plugins.
Preloading 0 native plugins for Editor in 0.00 ms.
Invoked RoslynAnalysisRunner static constructor.
RoslynAnalysisRunner will not be running.
RoslynAnalysisRunner has terminated.
Mono: successfully reloaded assembly
- Completed reload, in  3.002 seconds
Platform modules already initialized, skipping
Refreshing native plugins compatible for Editor in 4.14 ms, found 0 plugins.
Preloading 0 native plugins for Editor in 0.00 ms.
Unloading 1247 Unused Serialized files (Serialized files now loaded: 0)
System memory in use before: 97.4 MB.
System memory in use after: 97.2 MB.

Unloading 5 unused Assets to reduce memory usage. Loaded Objects now: 1843.
Total: 12.024000 ms (FindLiveObjects: 2.630700 ms CreateObjectMapping: 0.559300 ms MarkObjects: 7.453500 ms  DeleteObjects: 1.371100 ms)

========================================================================
Received Prepare
Registering precompiled user dll's ...
Registered in 0.003002 seconds.
Begin MonoManager ReloadAssembly
Native extension for WindowsStandalone target not found
Refreshing native plugins compatible for Editor in 1.16 ms, found 0 plugins.
Preloading 0 native plugins for Editor in 0.00 ms.
Invoked RoslynAnalysisRunner static constructor.
RoslynAnalysisRunner will not be running.
RoslynAnalysisRunner has terminated.
Mono: successfully reloaded assembly
- Completed reload, in  2.662 seconds
Platform modules already initialized, skipping
Refreshing native plugins compatible for Editor in 1.32 ms, found 0 plugins.
Preloading 0 native plugins for Editor in 0.00 ms.
Unloading 1247 Unused Serialized files (Serialized files now loaded: 0)
System memory in use before: 97.4 MB.
System memory in use after: 97.2 MB.

Unloading 5 unused Assets to reduce memory usage. Loaded Objects now: 1846.
Total: 7.235900 ms (FindLiveObjects: 0.617700 ms CreateObjectMapping: 0.145400 ms MarkObjects: 5.297500 ms  DeleteObjects: 1.170000 ms)

========================================================================
Received Prepare
Registering precompiled user dll's ...
Registered in 0.002988 seconds.
Begin MonoManager ReloadAssembly
Native extension for WindowsStandalone target not found
Refreshing native plugins compatible for Editor in 1.19 ms, found 0 plugins.
Preloading 0 native plugins for Editor in 0.00 ms.
Invoked RoslynAnalysisRunner static constructor.
RoslynAnalysisRunner will not be running.
RoslynAnalysisRunner has terminated.
Mono: successfully reloaded assembly
- Completed reload, in  2.758 seconds
Platform modules already initialized, skipping
Refreshing native plugins compatible for Editor in 1.25 ms, found 0 plugins.
Preloading 0 native plugins for Editor in 0.00 ms.
Unloading 1247 Unused Serialized files (Serialized files now loaded: 0)
System memory in use before: 97.4 MB.
System memory in use after: 97.2 MB.

Unloading 5 unused Assets to reduce memory usage. Loaded Objects now: 1849.
Total: 6.691200 ms (FindLiveObjects: 0.579200 ms CreateObjectMapping: 0.128500 ms MarkObjects: 4.955100 ms  DeleteObjects: 1.023200 ms)

========================================================================
Received Prepare
Registering precompiled user dll's ...
Registered in 0.003242 seconds.
Begin MonoManager ReloadAssembly
Native extension for WindowsStandalone target not found
Refreshing native plugins compatible for Editor in 1.63 ms, found 0 plugins.
Preloading 0 native plugins for Editor in 0.00 ms.
Invoked RoslynAnalysisRunner static constructor.
RoslynAnalysisRunner will not be running.
RoslynAnalysisRunner has terminated.
Mono: successfully reloaded assembly
- Completed reload, in  2.981 seconds
Platform modules already initialized, skipping
Refreshing native plugins compatible for Editor in 1.29 ms, found 0 plugins.
Preloading 0 native plugins for Editor in 0.00 ms.
Unloading 1247 Unused Serialized files (Serialized files now loaded: 0)
System memory in use before: 97.4 MB.
System memory in use after: 97.2 MB.

Unloading 5 unused Assets to reduce memory usage. Loaded Objects now: 1852.
Total: 5.910100 ms (FindLiveObjects: 0.538300 ms CreateObjectMapping: 0.109100 ms MarkObjects: 4.237900 ms  DeleteObjects: 1.020600 ms)

========================================================================
Received Prepare
Registering precompiled user dll's ...
Registered in 0.002976 seconds.
Begin MonoManager ReloadAssembly
Native extension for WindowsStandalone target not found
Refreshing native plugins compatible for Editor in 1.16 ms, found 0 plugins.
Preloading 0 native plugins for Editor in 0.00 ms.
Invoked RoslynAnalysisRunner static constructor.
RoslynAnalysisRunner will not be running.
RoslynAnalysisRunner has terminated.
Mono: successfully reloaded assembly
- Completed reload, in  2.872 seconds
Platform modules already initialized, skipping
Refreshing native plugins compatible for Editor in 1.47 ms, found 0 plugins.
Preloading 0 native plugins for Editor in 0.00 ms.
Unloading 1247 Unused Serialized files (Serialized files now loaded: 0)
System memory in use before: 97.4 MB.
System memory in use after: 97.2 MB.

Unloading 5 unused Assets to reduce memory usage. Loaded Objects now: 1855.
Total: 6.346900 ms (FindLiveObjects: 0.589400 ms CreateObjectMapping: 0.116300 ms MarkObjects: 4.615900 ms  DeleteObjects: 1.020000 ms)

========================================================================
Received Prepare
Registering precompiled user dll's ...
Registered in 0.002952 seconds.
Begin MonoManager ReloadAssembly
Native extension for WindowsStandalone target not found
Refreshing native plugins compatible for Editor in 1.14 ms, found 0 plugins.
Preloading 0 native plugins for Editor in 0.00 ms.
Invoked RoslynAnalysisRunner static constructor.
RoslynAnalysisRunner will not be running.
RoslynAnalysisRunner has terminated.
Mono: successfully reloaded assembly
- Completed reload, in  2.713 seconds
Platform modules already initialized, skipping
Refreshing native plugins compatible for Editor in 1.54 ms, found 0 plugins.
Preloading 0 native plugins for Editor in 0.00 ms.
Unloading 1247 Unused Serialized files (Serialized files now loaded: 0)
System memory in use before: 97.4 MB.
System memory in use after: 97.2 MB.

Unloading 5 unused Assets to reduce memory usage. Loaded Objects now: 1858.
Total: 6.202400 ms (FindLiveObjects: 0.581800 ms CreateObjectMapping: 0.104700 ms MarkObjects: 4.478100 ms  DeleteObjects: 1.032100 ms)

========================================================================
Received Prepare
Registering precompiled user dll's ...
Registered in 0.003507 seconds.
Begin MonoManager ReloadAssembly
Native extension for WindowsStandalone target not found
Refreshing native plugins compatible for Editor in 1.22 ms, found 0 plugins.
Preloading 0 native plugins for Editor in 0.00 ms.
Invoked RoslynAnalysisRunner static constructor.
RoslynAnalysisRunner will not be running.
RoslynAnalysisRunner has terminated.
Mono: successfully reloaded assembly
- Completed reload, in  3.605 seconds
Platform modules already initialized, skipping
Refreshing native plugins compatible for Editor in 1.37 ms, found 0 plugins.
Preloading 0 native plugins for Editor in 0.00 ms.
Unloading 1247 Unused Serialized files (Serialized files now loaded: 0)
System memory in use before: 97.4 MB.
System memory in use after: 97.2 MB.

Unloading 5 unused Assets to reduce memory usage. Loaded Objects now: 1861.
Total: 6.443300 ms (FindLiveObjects: 0.606100 ms CreateObjectMapping: 0.108100 ms MarkObjects: 4.689000 ms  DeleteObjects: 1.036000 ms)

========================================================================
Received Prepare
Registering precompiled user dll's ...
Registered in 0.003367 seconds.
Begin MonoManager ReloadAssembly
Native extension for WindowsStandalone target not found
Refreshing native plugins compatible for Editor in 1.26 ms, found 0 plugins.
Preloading 0 native plugins for Editor in 0.00 ms.
Invoked RoslynAnalysisRunner static constructor.
RoslynAnalysisRunner will not be running.
RoslynAnalysisRunner has terminated.
Mono: successfully reloaded assembly
- Completed reload, in  2.810 seconds
Platform modules already initialized, skipping
Refreshing native plugins compatible for Editor in 1.24 ms, found 0 plugins.
Preloading 0 native plugins for Editor in 0.00 ms.
Unloading 1247 Unused Serialized files (Serialized files now loaded: 0)
System memory in use before: 97.4 MB.
System memory in use after: 97.2 MB.

Unloading 5 unused Assets to reduce memory usage. Loaded Objects now: 1864.
Total: 6.260400 ms (FindLiveObjects: 0.630500 ms CreateObjectMapping: 0.117400 ms MarkObjects: 4.425000 ms  DeleteObjects: 1.083600 ms)

========================================================================
Received Prepare
Registering precompiled user dll's ...
Registered in 0.002898 seconds.
Begin MonoManager ReloadAssembly
Native extension for WindowsStandalone target not found
Refreshing native plugins compatible for Editor in 1.29 ms, found 0 plugins.
Preloading 0 native plugins for Editor in 0.00 ms.
Invoked RoslynAnalysisRunner static constructor.
RoslynAnalysisRunner will not be running.
RoslynAnalysisRunner has terminated.
Mono: successfully reloaded assembly
- Completed reload, in  3.134 seconds
Platform modules already initialized, skipping
Refreshing native plugins compatible for Editor in 1.27 ms, found 0 plugins.
Preloading 0 native plugins for Editor in 0.00 ms.
Unloading 1247 Unused Serialized files (Serialized files now loaded: 0)
System memory in use before: 97.4 MB.
System memory in use after: 97.2 MB.

Unloading 5 unused Assets to reduce memory usage. Loaded Objects now: 1867.
Total: 6.926200 ms (FindLiveObjects: 0.915900 ms CreateObjectMapping: 0.151400 ms MarkObjects: 4.834500 ms  DeleteObjects: 1.020500 ms)

========================================================================
Received Prepare
Registering precompiled user dll's ...
Registered in 0.002951 seconds.
Begin MonoManager ReloadAssembly
Native extension for WindowsStandalone target not found
Refreshing native plugins compatible for Editor in 1.14 ms, found 0 plugins.
Preloading 0 native plugins for Editor in 0.00 ms.
Invoked RoslynAnalysisRunner static constructor.
RoslynAnalysisRunner will not be running.
RoslynAnalysisRunner has terminated.
Mono: successfully reloaded assembly
- Completed reload, in  2.761 seconds
Platform modules already initialized, skipping
Refreshing native plugins compatible for Editor in 1.72 ms, found 0 plugins.
Preloading 0 native plugins for Editor in 0.00 ms.
Unloading 1247 Unused Serialized files (Serialized files now loaded: 0)
System memory in use before: 97.4 MB.
System memory in use after: 97.2 MB.

Unloading 5 unused Assets to reduce memory usage. Loaded Objects now: 1870.
Total: 7.999400 ms (FindLiveObjects: 0.727400 ms CreateObjectMapping: 0.210600 ms MarkObjects: 5.784600 ms  DeleteObjects: 1.270900 ms)

========================================================================
Received Prepare
Registering precompiled user dll's ...
Registered in 0.003039 seconds.
Begin MonoManager ReloadAssembly
Native extension for WindowsStandalone target not found
Refreshing native plugins compatible for Editor in 1.18 ms, found 0 plugins.
Preloading 0 native plugins for Editor in 0.00 ms.
Invoked RoslynAnalysisRunner static constructor.
RoslynAnalysisRunner will not be running.
RoslynAnalysisRunner has terminated.
Mono: successfully reloaded assembly
- Completed reload, in  2.709 seconds
Platform modules already initialized, skipping
Refreshing native plugins compatible for Editor in 1.49 ms, found 0 plugins.
Preloading 0 native plugins for Editor in 0.00 ms.
Unloading 1247 Unused Serialized files (Serialized files now loaded: 0)
System memory in use before: 97.4 MB.
System memory in use after: 97.2 MB.

Unloading 5 unused Assets to reduce memory usage. Loaded Objects now: 1873.
Total: 10.319200 ms (FindLiveObjects: 0.890500 ms CreateObjectMapping: 0.727400 ms MarkObjects: 7.243300 ms  DeleteObjects: 1.450300 ms)

========================================================================
Received Import Request.
  Time since last request: 4255.802956 seconds.
  path: Assets/Items/Key.asset
  artifactKey: Guid(673e5505664012c4f82515133cab5f93) Importer(815301076,1909f56bfc062723c751e8b465ee728b)
Start importing Assets/Items/Key.asset using Guid(673e5505664012c4f82515133cab5f93) Importer(815301076,1909f56bfc062723c751e8b465ee728b)  -> (artifact id: 'd153ca1f43a8d262b2ea8bbec81dc3cf') in 0.208684 seconds
  Import took 0.234667 seconds .

AssetImportWorkerClient::OnTransportError - code=2 error=End of file
