Using pre-set license
Built from '2020.2/staging' branch; Version is '2020.2.7f1 (c53830e277f1) revision 12924976'; Using compiler version '192528614'; Build Type 'Release'
OS: 'Windows 10 Pro; OS build 19043.1110; Version 2009; 64bit' Language: 'el' Physical Memory: 3999 MB
BatchMode: 1, IsHumanControllingUs: 0, StartBugReporterOnCrash: 0, Is64bit: 1, IsPro: 0

 COMMAND LINE ARGUMENTS:
C:\Unity\2020.2.7f1\Editor\Unity.exe
-adb2
-batchMode
-noUpm
-name
AssetImportWorker8
-projectPath
C:/Users/User/Desktop/Πτυχιακη/πτυχιακη/FirstScene/ExampleUnityProject
-logFile
Logs/AssetImportWorker8.log
-srvPort
55113
Successfully changed project path to: C:/Users/User/Desktop/Πτυχιακη/πτυχιακη/FirstScene/ExampleUnityProject
C:/Users/User/Desktop/Πτυχιακη/πτυχιακη/FirstScene/ExampleUnityProject
Using Asset Import Pipeline V2.
Refreshing native plugins compatible for Editor in 381.97 ms, found 5 plugins.
Preloading 0 native plugins for Editor in 0.00 ms.
Initialize engine version: 2020.2.7f1 (c53830e277f1)
[Subsystems] Discovering subsystems at path C:/Unity/2020.2.7f1/Editor/Data/Resources/UnitySubsystems
[Subsystems] Discovering subsystems at path C:/Users/User/Desktop/Πτυχιακη/πτυχιακη/FirstScene/ExampleUnityProject/Assets
GfxDevice: creating device client; threaded=0
Direct3D:
    Version:  Direct3D 11.0 [level 11.0]
    Renderer: NVIDIA GeForce 840M (ID=0x1341)
    Vendor:   
    VRAM:     2010 MB
    Driver:   27.21.14.6589
Initialize mono
Mono path[0] = 'C:/Unity/2020.2.7f1/Editor/Data/Managed'
Mono path[1] = 'C:/Unity/2020.2.7f1/Editor/Data/MonoBleedingEdge/lib/mono/unityjit'
Mono config path = 'C:/Unity/2020.2.7f1/Editor/Data/MonoBleedingEdge/etc'
Using monoOptions --debugger-agent=transport=dt_socket,embedding=1,server=y,suspend=n,address=127.0.0.1:56064
Begin MonoManager ReloadAssembly
Registering precompiled unity dll's ...
Register platform support module: C:/Unity/2020.2.7f1/Editor/Data/PlaybackEngines/WindowsStandaloneSupport/UnityEditor.WindowsStandalone.Extensions.dll
Registered in 0.007912 seconds.
Native extension for WindowsStandalone target not found
Refreshing native plugins compatible for Editor in 293.71 ms, found 5 plugins.
Preloading 0 native plugins for Editor in 0.00 ms.
Invoked RoslynAnalysisRunner static constructor.
RoslynAnalysisRunner will not be running.
RoslynAnalysisRunner has terminated.
Mono: successfully reloaded assembly
- Completed reload, in  5.602 seconds
Platform modules already initialized, skipping
Registering precompiled user dll's ...
Registered in 0.040231 seconds.
Begin MonoManager ReloadAssembly
Native extension for WindowsStandalone target not found
Refreshing native plugins compatible for Editor in 4.61 ms, found 5 plugins.
Preloading 0 native plugins for Editor in 0.00 ms.
Invoked RoslynAnalysisRunner static constructor.
RoslynAnalysisRunner will not be running.
RoslynAnalysisRunner has terminated.
Mono: successfully reloaded assembly
- Completed reload, in  4.431 seconds
Platform modules already initialized, skipping
========================================================================
Worker process is ready to serve import requests
Launched and connected shader compiler UnityShaderCompiler.exe after 0.16 seconds
Refreshing native plugins compatible for Editor in 2.27 ms, found 5 plugins.
Preloading 0 native plugins for Editor in 0.00 ms.
Unloading 1907 Unused Serialized files (Serialized files now loaded: 0)
System memory in use before: 146.5 MB.
System memory in use after: 146.3 MB.

Unloading 55 unused Assets to reduce memory usage. Loaded Objects now: 2330.
Total: 28.365000 ms (FindLiveObjects: 2.260700 ms CreateObjectMapping: 0.275400 ms MarkObjects: 18.898300 ms  DeleteObjects: 6.925700 ms)

========================================================================
Received Import Request.
  path: Assets/Scripts/Inventory scripts/Inventory.cs
  artifactKey: Guid(b6e100084be79ce4aa7fbd08403ea9d9) Importer(815301076,1909f56bfc062723c751e8b465ee728b)
Start importing Assets/Scripts/Inventory scripts/Inventory.cs using Guid(b6e100084be79ce4aa7fbd08403ea9d9) Importer(815301076,1909f56bfc062723c751e8b465ee728b)  -> (artifact id: 'df1fd4d7ea6272e04c6645a993f368f7') in 0.184283 seconds
  Import took 0.197954 seconds .

========================================================================
Received Import Request.
  Time since last request: 218.750602 seconds.
  path: Assets/Scenes/Game/Game.unity
  artifactKey: Guid(9d99a684b541cc046bf54e92be20bc4e) Importer(815301076,1909f56bfc062723c751e8b465ee728b)
Start importing Assets/Scenes/Game/Game.unity using Guid(9d99a684b541cc046bf54e92be20bc4e) Importer(815301076,1909f56bfc062723c751e8b465ee728b)  -> (artifact id: '9618b5f035e3eea00dacae6fb3050baa') in 0.295701 seconds
  Import took 0.410339 seconds .

========================================================================
Received Prepare
Registering precompiled user dll's ...
Registered in 0.902381 seconds.
Begin MonoManager ReloadAssembly
Native extension for WindowsStandalone target not found
Refreshing native plugins compatible for Editor in 2.62 ms, found 5 plugins.
Preloading 0 native plugins for Editor in 0.00 ms.
Invoked RoslynAnalysisRunner static constructor.
RoslynAnalysisRunner will not be running.
RoslynAnalysisRunner has terminated.
Mono: successfully reloaded assembly
- Completed reload, in  3.025 seconds
Platform modules already initialized, skipping
Refreshing native plugins compatible for Editor in 20.31 ms, found 5 plugins.
Preloading 0 native plugins for Editor in 0.00 ms.
Unloading 1856 Unused Serialized files (Serialized files now loaded: 0)
System memory in use before: 143.0 MB.
System memory in use after: 142.8 MB.

Unloading 49 unused Assets to reduce memory usage. Loaded Objects now: 2334.
Total: 253.986800 ms (FindLiveObjects: 8.850700 ms CreateObjectMapping: 0.892300 ms MarkObjects: 236.987300 ms  DeleteObjects: 7.231000 ms)

========================================================================
Received Import Request.
  Time since last request: 139.118993 seconds.
  path: Assets/Scenes/Game/Game.unity
  artifactKey: Guid(9d99a684b541cc046bf54e92be20bc4e) Importer(815301076,1909f56bfc062723c751e8b465ee728b)
Start importing Assets/Scenes/Game/Game.unity using Guid(9d99a684b541cc046bf54e92be20bc4e) Importer(815301076,1909f56bfc062723c751e8b465ee728b)  -> (artifact id: 'de6f643ddba03800b262b19eb1db5a1c') in 6.168734 seconds
  Import took 6.371477 seconds .

========================================================================
Received Prepare
Registering precompiled user dll's ...
Registered in 0.022504 seconds.
Begin MonoManager ReloadAssembly
Native extension for WindowsStandalone target not found
Refreshing native plugins compatible for Editor in 1.38 ms, found 5 plugins.
Preloading 0 native plugins for Editor in 0.00 ms.
Invoked RoslynAnalysisRunner static constructor.
RoslynAnalysisRunner will not be running.
RoslynAnalysisRunner has terminated.
Mono: successfully reloaded assembly
- Completed reload, in  2.998 seconds
Platform modules already initialized, skipping
Refreshing native plugins compatible for Editor in 2.52 ms, found 5 plugins.
Preloading 0 native plugins for Editor in 0.00 ms.
Unloading 1856 Unused Serialized files (Serialized files now loaded: 0)
System memory in use before: 143.1 MB.
System memory in use after: 142.8 MB.

Unloading 49 unused Assets to reduce memory usage. Loaded Objects now: 2338.
Total: 221.282100 ms (FindLiveObjects: 4.458800 ms CreateObjectMapping: 0.287300 ms MarkObjects: 204.726100 ms  DeleteObjects: 11.459600 ms)

========================================================================
Received Prepare
Registering precompiled user dll's ...
Registered in 0.036433 seconds.
Begin MonoManager ReloadAssembly
Native extension for WindowsStandalone target not found
Refreshing native plugins compatible for Editor in 2.54 ms, found 5 plugins.
Preloading 0 native plugins for Editor in 0.00 ms.
Invoked RoslynAnalysisRunner static constructor.
RoslynAnalysisRunner will not be running.
RoslynAnalysisRunner has terminated.
Mono: successfully reloaded assembly
- Completed reload, in  3.220 seconds
Platform modules already initialized, skipping
Refreshing native plugins compatible for Editor in 16.80 ms, found 5 plugins.
Preloading 0 native plugins for Editor in 0.00 ms.
Unloading 1856 Unused Serialized files (Serialized files now loaded: 0)
System memory in use before: 143.1 MB.
System memory in use after: 142.8 MB.

Unloading 49 unused Assets to reduce memory usage. Loaded Objects now: 2342.
Total: 316.890400 ms (FindLiveObjects: 112.767700 ms CreateObjectMapping: 0.457500 ms MarkObjects: 135.750700 ms  DeleteObjects: 67.528800 ms)

AssetImportWorkerClient::OnTransportError - code=2 error=End of file
