Using pre-set license
Built from '2020.2/staging' branch; Version is '2020.2.7f1 (c53830e277f1) revision 12924976'; Using compiler version '192528614'; Build Type 'Release'
OS: 'Windows 10 Pro; OS build 19043.1110; Version 2009; 64bit' Language: 'el' Physical Memory: 3999 MB
BatchMode: 1, IsHumanControllingUs: 0, StartBugReporterOnCrash: 0, Is64bit: 1, IsPro: 0

 COMMAND LINE ARGUMENTS:
C:\Unity\2020.2.7f1\Editor\Unity.exe
-adb2
-batchMode
-noUpm
-name
AssetImportWorker0
-projectPath
C:/Users/User/Desktop/Πτυχιακη/πτυχιακη/FirstScene/ExampleUnityProject
-logFile
Logs/AssetImportWorker0.log
-srvPort
64236
Successfully changed project path to: C:/Users/User/Desktop/Πτυχιακη/πτυχιακη/FirstScene/ExampleUnityProject
C:/Users/User/Desktop/Πτυχιακη/πτυχιακη/FirstScene/ExampleUnityProject
Using Asset Import Pipeline V2.
Refreshing native plugins compatible for Editor in 225.37 ms, found 5 plugins.
Preloading 0 native plugins for Editor in 0.00 ms.
Initialize engine version: 2020.2.7f1 (c53830e277f1)
[Subsystems] Discovering subsystems at path C:/Unity/2020.2.7f1/Editor/Data/Resources/UnitySubsystems
[Subsystems] Discovering subsystems at path C:/Users/User/Desktop/Πτυχιακη/πτυχιακη/FirstScene/ExampleUnityProject/Assets
GfxDevice: creating device client; threaded=0
Direct3D:
    Version:  Direct3D 11.0 [level 11.0]
    Renderer: NVIDIA GeForce 840M (ID=0x1341)
    Vendor:   
    VRAM:     2010 MB
    Driver:   27.21.14.6589
Initialize mono
Mono path[0] = 'C:/Unity/2020.2.7f1/Editor/Data/Managed'
Mono path[1] = 'C:/Unity/2020.2.7f1/Editor/Data/MonoBleedingEdge/lib/mono/unityjit'
Mono config path = 'C:/Unity/2020.2.7f1/Editor/Data/MonoBleedingEdge/etc'
Using monoOptions --debugger-agent=transport=dt_socket,embedding=1,server=y,suspend=n,address=127.0.0.1:56232
Begin MonoManager ReloadAssembly
Registering precompiled unity dll's ...
Register platform support module: C:/Unity/2020.2.7f1/Editor/Data/PlaybackEngines/WindowsStandaloneSupport/UnityEditor.WindowsStandalone.Extensions.dll
Registered in 0.002576 seconds.
Native extension for WindowsStandalone target not found
Refreshing native plugins compatible for Editor in 72.79 ms, found 5 plugins.
Preloading 0 native plugins for Editor in 0.00 ms.
Invoked RoslynAnalysisRunner static constructor.
RoslynAnalysisRunner will not be running.
RoslynAnalysisRunner has terminated.
Mono: successfully reloaded assembly
- Completed reload, in  3.258 seconds
Platform modules already initialized, skipping
Registering precompiled user dll's ...
Registered in 0.019582 seconds.
Begin MonoManager ReloadAssembly
Native extension for WindowsStandalone target not found
Refreshing native plugins compatible for Editor in 1.30 ms, found 5 plugins.
Preloading 0 native plugins for Editor in 0.00 ms.
Invoked RoslynAnalysisRunner static constructor.
RoslynAnalysisRunner will not be running.
RoslynAnalysisRunner has terminated.
Mono: successfully reloaded assembly
- Completed reload, in  1.298 seconds
Platform modules already initialized, skipping
========================================================================
Worker process is ready to serve import requests
Launched and connected shader compiler UnityShaderCompiler.exe after 0.11 seconds
Refreshing native plugins compatible for Editor in 1.41 ms, found 5 plugins.
Preloading 0 native plugins for Editor in 0.00 ms.
Unloading 1910 Unused Serialized files (Serialized files now loaded: 0)
System memory in use before: 149.6 MB.
System memory in use after: 149.4 MB.

Unloading 55 unused Assets to reduce memory usage. Loaded Objects now: 2333.
Total: 6.578900 ms (FindLiveObjects: 0.410300 ms CreateObjectMapping: 0.118200 ms MarkObjects: 3.576900 ms  DeleteObjects: 2.470100 ms)

========================================================================
Received Import Request.
  path: Assets/Items/Scissor.asset
  artifactKey: Guid(303828c504dca17478346e1f1e2c4e98) Importer(815301076,1909f56bfc062723c751e8b465ee728b)
Start importing Assets/Items/Scissor.asset using Guid(303828c504dca17478346e1f1e2c4e98) Importer(815301076,1909f56bfc062723c751e8b465ee728b)  -> (artifact id: 'c4cce1d96cc04df44a757d9177814fb8') in 0.135409 seconds
  Import took 0.146221 seconds .

========================================================================
Received Import Request.
  Time since last request: 0.000564 seconds.
  path: Assets/Items/Watering_Can.asset
  artifactKey: Guid(cbdf36ebee6fdb0468808336f8548b1f) Importer(815301076,1909f56bfc062723c751e8b465ee728b)
Start importing Assets/Items/Watering_Can.asset using Guid(cbdf36ebee6fdb0468808336f8548b1f) Importer(815301076,1909f56bfc062723c751e8b465ee728b)  -> (artifact id: '180fb21787d68853f885d15321fdef04') in 0.014167 seconds
  Import took 0.022385 seconds .

========================================================================
Received Import Request.
  Time since last request: 0.000316 seconds.
  path: Assets/Items/Sickle.asset
  artifactKey: Guid(5d6df1be9923bed4db569ac02703811c) Importer(815301076,1909f56bfc062723c751e8b465ee728b)
Start importing Assets/Items/Sickle.asset using Guid(5d6df1be9923bed4db569ac02703811c) Importer(815301076,1909f56bfc062723c751e8b465ee728b)  -> (artifact id: '104f13450975dee023b5b168d35c7558') in 0.019018 seconds
  Import took 0.027258 seconds .

========================================================================
Received Import Request.
  Time since last request: 0.000246 seconds.
  path: Assets/Items/Axe.asset
  artifactKey: Guid(26834701377deb242849cdcfe30c0b78) Importer(815301076,1909f56bfc062723c751e8b465ee728b)
Start importing Assets/Items/Axe.asset using Guid(26834701377deb242849cdcfe30c0b78) Importer(815301076,1909f56bfc062723c751e8b465ee728b)  -> (artifact id: 'f6e31834fa2a2f07ef4bd6d66c7785ad') in 0.016587 seconds
  Import took 0.023232 seconds .

========================================================================
Received Import Request.
  Time since last request: 0.000422 seconds.
  path: Assets/Items/Saw.asset
  artifactKey: Guid(3a5c7db54e01efb41951b3fa611c634f) Importer(815301076,1909f56bfc062723c751e8b465ee728b)
Start importing Assets/Items/Saw.asset using Guid(3a5c7db54e01efb41951b3fa611c634f) Importer(815301076,1909f56bfc062723c751e8b465ee728b)  -> (artifact id: '9a2128819b46c6d1cb69448b681b6a9c') in 0.020321 seconds
  Import took 0.033608 seconds .

========================================================================
Received Import Request.
  Time since last request: 0.000304 seconds.
  path: Assets/Items/Shovel.asset
  artifactKey: Guid(6e24dc2118735484a8fb4e487f6fa0c3) Importer(815301076,1909f56bfc062723c751e8b465ee728b)
Start importing Assets/Items/Shovel.asset using Guid(6e24dc2118735484a8fb4e487f6fa0c3) Importer(815301076,1909f56bfc062723c751e8b465ee728b)  -> (artifact id: 'ad70ee2320797812706fb10a03528b1a') in 0.024048 seconds
  Import took 0.030937 seconds .

========================================================================
Received Import Request.
  Time since last request: 0.000235 seconds.
  path: Assets/Items/Hoe.asset
  artifactKey: Guid(7dfcd9f38aa17e84d83f36f0a71fd770) Importer(815301076,1909f56bfc062723c751e8b465ee728b)
Start importing Assets/Items/Hoe.asset using Guid(7dfcd9f38aa17e84d83f36f0a71fd770) Importer(815301076,1909f56bfc062723c751e8b465ee728b)  -> (artifact id: '8377da5fdb4a3d50336d8bfa9ca1bdde') in 0.017687 seconds
  Import took 0.025721 seconds .

========================================================================
Received Import Request.
  Time since last request: 0.000311 seconds.
  path: Assets/Items/Pickaxe.asset
  artifactKey: Guid(dc73912de350f614b9e5429ab8a07716) Importer(815301076,1909f56bfc062723c751e8b465ee728b)
Start importing Assets/Items/Pickaxe.asset using Guid(dc73912de350f614b9e5429ab8a07716) Importer(815301076,1909f56bfc062723c751e8b465ee728b)  -> (artifact id: '6bb8d17cd6e887766c442414ea47168c') in 0.026056 seconds
  Import took 0.036116 seconds .

========================================================================
Received Import Request.
  Time since last request: 9.902619 seconds.
  path: Assets/Scenes/Game/Game.unity
  artifactKey: Guid(9d99a684b541cc046bf54e92be20bc4e) Importer(815301076,1909f56bfc062723c751e8b465ee728b)
Start importing Assets/Scenes/Game/Game.unity using Guid(9d99a684b541cc046bf54e92be20bc4e) Importer(815301076,1909f56bfc062723c751e8b465ee728b)  -> (artifact id: '042ec17dde57cb860d93d9a2dafae122') in 0.016492 seconds
  Import took 0.025935 seconds .

========================================================================
Received Import Request.
  Time since last request: 122.006609 seconds.
  path: Assets/Scenes/Game/Game.unity
  artifactKey: Guid(9d99a684b541cc046bf54e92be20bc4e) Importer(815301076,1909f56bfc062723c751e8b465ee728b)
Start importing Assets/Scenes/Game/Game.unity using Guid(9d99a684b541cc046bf54e92be20bc4e) Importer(815301076,1909f56bfc062723c751e8b465ee728b)  -> (artifact id: 'e1ad2d5dc22f318cc6d27ca446a6fb73') in 0.047366 seconds
  Import took 0.107905 seconds .

========================================================================
Received Import Request.
  Time since last request: 89.726393 seconds.
  path: Assets/Photon/PhotonUnityNetworking/Demos/DemoAsteroids/Materials/FlyerPlayership.mat
  artifactKey: Guid(99fced4bc2985174cac8512dc765d2bc) Importer(815301076,1909f56bfc062723c751e8b465ee728b)
Start importing Assets/Photon/PhotonUnityNetworking/Demos/DemoAsteroids/Materials/FlyerPlayership.mat using Guid(99fced4bc2985174cac8512dc765d2bc) Importer(815301076,1909f56bfc062723c751e8b465ee728b)  -> (artifact id: 'c4193bdd71e675111688ab0bbc8583e7') in 2.600986 seconds
  Import took 2.619159 seconds .

========================================================================
Received Import Request.
  Time since last request: 0.001223 seconds.
  path: Assets/Photon/PhotonUnityNetworking/Demos/DemoAsteroids/Textures/FlyerPlayershipOcclusion.tif
  artifactKey: Guid(34b19bc20b665b240af9c0fc9d0086f6) Importer(815301076,1909f56bfc062723c751e8b465ee728b)
Start importing Assets/Photon/PhotonUnityNetworking/Demos/DemoAsteroids/Textures/FlyerPlayershipOcclusion.tif using Guid(34b19bc20b665b240af9c0fc9d0086f6) Importer(815301076,1909f56bfc062723c751e8b465ee728b)  -> (artifact id: '3d0291507d31f40dce62f3ce99690b2e') in 0.823854 seconds
  Import took 0.836663 seconds .

========================================================================
Received Import Request.
  Time since last request: 0.001312 seconds.
  path: Assets/Photon/PhotonUnityNetworking/Demos/DemoAsteroids/Textures/FlyerPlayershipAlbedo.tif
  artifactKey: Guid(b28381ec2a3dce5459a8fd396a0eb560) Importer(815301076,1909f56bfc062723c751e8b465ee728b)
Start importing Assets/Photon/PhotonUnityNetworking/Demos/DemoAsteroids/Textures/FlyerPlayershipAlbedo.tif using Guid(b28381ec2a3dce5459a8fd396a0eb560) Importer(815301076,1909f56bfc062723c751e8b465ee728b)  -> (artifact id: '879f752f5ca6b7b48e4d98862e403cec') in 0.061245 seconds
  Import took 0.084173 seconds .

========================================================================
Received Import Request.
  Time since last request: 0.001469 seconds.
  path: Assets/Photon/PhotonUnityNetworking/Demos/DemoAsteroids/Textures/FlyerPlayershipEmission.tif
  artifactKey: Guid(88217866776ce4c49944ecb360a5c6ca) Importer(815301076,1909f56bfc062723c751e8b465ee728b)
Start importing Assets/Photon/PhotonUnityNetworking/Demos/DemoAsteroids/Textures/FlyerPlayershipEmission.tif using Guid(88217866776ce4c49944ecb360a5c6ca) Importer(815301076,1909f56bfc062723c751e8b465ee728b)  -> (artifact id: '113d71ad55dfb2c0ec2b2e4e4dec6bf8') in 0.093575 seconds
  Import took 0.116608 seconds .

========================================================================
Received Import Request.
  Time since last request: 0.000875 seconds.
  path: Assets/Unity Store Assets/CS - Signs Free/Models/Sign Backing.fbx
  artifactKey: Guid(bf0e0b8fe71c14448a21fb3412beb3f9) Importer(815301076,1909f56bfc062723c751e8b465ee728b)
Start importing Assets/Unity Store Assets/CS - Signs Free/Models/Sign Backing.fbx using Guid(bf0e0b8fe71c14448a21fb3412beb3f9) Importer(815301076,1909f56bfc062723c751e8b465ee728b)  -> (artifact id: '7b2469f17e3db08c7789a0d17a80b8ab') in 1.104929 seconds
  Import took 1.114010 seconds .

========================================================================
Received Prepare
Registering precompiled user dll's ...
Registered in 0.044879 seconds.
Begin MonoManager ReloadAssembly
Native extension for WindowsStandalone target not found
Refreshing native plugins compatible for Editor in 1.50 ms, found 5 plugins.
Preloading 0 native plugins for Editor in 0.00 ms.
Invoked RoslynAnalysisRunner static constructor.
RoslynAnalysisRunner will not be running.
RoslynAnalysisRunner has terminated.
Mono: successfully reloaded assembly
- Completed reload, in  2.288 seconds
Platform modules already initialized, skipping
Refreshing native plugins compatible for Editor in 8.60 ms, found 5 plugins.
Preloading 0 native plugins for Editor in 0.00 ms.
Unloading 1859 Unused Serialized files (Serialized files now loaded: 0)
System memory in use before: 149.8 MB.
System memory in use after: 149.6 MB.

Unloading 49 unused Assets to reduce memory usage. Loaded Objects now: 2383.
Total: 20.142200 ms (FindLiveObjects: 2.550500 ms CreateObjectMapping: 1.123100 ms MarkObjects: 7.898600 ms  DeleteObjects: 8.565200 ms)

========================================================================
Received Import Request.
  Time since last request: 210.263391 seconds.
  path: Assets/Scenes/Game/Game.unity
  artifactKey: Guid(9d99a684b541cc046bf54e92be20bc4e) Importer(815301076,1909f56bfc062723c751e8b465ee728b)
Start importing Assets/Scenes/Game/Game.unity using Guid(9d99a684b541cc046bf54e92be20bc4e) Importer(815301076,1909f56bfc062723c751e8b465ee728b)  -> (artifact id: 'a24d0926e45453274beeb976c4a76781') in 0.574076 seconds
  Import took 0.700488 seconds .

========================================================================
Received Prepare
Registering precompiled user dll's ...
Registered in 0.029505 seconds.
Begin MonoManager ReloadAssembly
Native extension for WindowsStandalone target not found
Refreshing native plugins compatible for Editor in 2.31 ms, found 5 plugins.
Preloading 0 native plugins for Editor in 0.00 ms.
Invoked RoslynAnalysisRunner static constructor.
RoslynAnalysisRunner will not be running.
RoslynAnalysisRunner has terminated.
Mono: successfully reloaded assembly
- Completed reload, in  5.048 seconds
Platform modules already initialized, skipping
Refreshing native plugins compatible for Editor in 48.55 ms, found 5 plugins.
Preloading 0 native plugins for Editor in 0.00 ms.
Unloading 1859 Unused Serialized files (Serialized files now loaded: 0)
System memory in use before: 149.9 MB.
System memory in use after: 149.7 MB.

Unloading 49 unused Assets to reduce memory usage. Loaded Objects now: 2387.
Total: 287.709600 ms (FindLiveObjects: 15.265900 ms CreateObjectMapping: 1.025300 ms MarkObjects: 246.282000 ms  DeleteObjects: 24.944000 ms)

========================================================================
Received Prepare
Registering precompiled user dll's ...
Registered in 0.027647 seconds.
Begin MonoManager ReloadAssembly
Native extension for WindowsStandalone target not found
Refreshing native plugins compatible for Editor in 1.98 ms, found 5 plugins.
Preloading 0 native plugins for Editor in 0.00 ms.
Invoked RoslynAnalysisRunner static constructor.
RoslynAnalysisRunner will not be running.
RoslynAnalysisRunner has terminated.
Mono: successfully reloaded assembly
- Completed reload, in  3.912 seconds
Platform modules already initialized, skipping
Refreshing native plugins compatible for Editor in 4.44 ms, found 5 plugins.
Preloading 0 native plugins for Editor in 0.00 ms.
Unloading 1859 Unused Serialized files (Serialized files now loaded: 0)
System memory in use before: 149.9 MB.
System memory in use after: 149.7 MB.

Unloading 49 unused Assets to reduce memory usage. Loaded Objects now: 2391.
Total: 60.969100 ms (FindLiveObjects: 0.492500 ms CreateObjectMapping: 0.285000 ms MarkObjects: 57.521900 ms  DeleteObjects: 2.666800 ms)

========================================================================
Received Import Request.
  Time since last request: 683.953637 seconds.
  path: Assets/Scenes/Game/Game.unity
  artifactKey: Guid(9d99a684b541cc046bf54e92be20bc4e) Importer(815301076,1909f56bfc062723c751e8b465ee728b)
Start importing Assets/Scenes/Game/Game.unity using Guid(9d99a684b541cc046bf54e92be20bc4e) Importer(815301076,1909f56bfc062723c751e8b465ee728b)  -> (artifact id: '389cd32fba35ceb2cdf5da8c7c0ae8de') in 0.260122 seconds
  Import took 0.314009 seconds .

========================================================================
Received Prepare
Registering precompiled user dll's ...
Registered in 0.029264 seconds.
Begin MonoManager ReloadAssembly
Native extension for WindowsStandalone target not found
Refreshing native plugins compatible for Editor in 2.73 ms, found 5 plugins.
Preloading 0 native plugins for Editor in 0.00 ms.
Invoked RoslynAnalysisRunner static constructor.
RoslynAnalysisRunner will not be running.
RoslynAnalysisRunner has terminated.
Mono: successfully reloaded assembly
- Completed reload, in  5.989 seconds
Platform modules already initialized, skipping
Refreshing native plugins compatible for Editor in 116.34 ms, found 5 plugins.
Preloading 0 native plugins for Editor in 0.00 ms.
Unloading 1859 Unused Serialized files (Serialized files now loaded: 0)
System memory in use before: 149.9 MB.
System memory in use after: 149.7 MB.

Unloading 49 unused Assets to reduce memory usage. Loaded Objects now: 2395.
Total: 502.369000 ms (FindLiveObjects: 10.325600 ms CreateObjectMapping: 0.543700 ms MarkObjects: 407.822300 ms  DeleteObjects: 82.988000 ms)

========================================================================
Received Prepare
Registering precompiled user dll's ...
Registered in 0.033703 seconds.
Begin MonoManager ReloadAssembly
Native extension for WindowsStandalone target not found
Refreshing native plugins compatible for Editor in 2.98 ms, found 5 plugins.
Preloading 0 native plugins for Editor in 0.00 ms.
Invoked RoslynAnalysisRunner static constructor.
RoslynAnalysisRunner will not be running.
RoslynAnalysisRunner has terminated.
Mono: successfully reloaded assembly
- Completed reload, in  6.361 seconds
Platform modules already initialized, skipping
Refreshing native plugins compatible for Editor in 1.41 ms, found 5 plugins.
Preloading 0 native plugins for Editor in 0.00 ms.
Unloading 1859 Unused Serialized files (Serialized files now loaded: 0)
System memory in use before: 149.9 MB.
System memory in use after: 149.7 MB.

Unloading 49 unused Assets to reduce memory usage. Loaded Objects now: 2399.
Total: 5.150800 ms (FindLiveObjects: 0.444200 ms CreateObjectMapping: 0.113100 ms MarkObjects: 2.918100 ms  DeleteObjects: 1.671700 ms)

========================================================================
Received Import Request.
  Time since last request: 1964.339663 seconds.
  path: Assets/Unity Store Assets/GardenTools/Watering Can/Materials/Watering Can.mat
  artifactKey: Guid(a97f91e3f9ba1f940b3a4faddefea2cd) Importer(815301076,1909f56bfc062723c751e8b465ee728b)
Start importing Assets/Unity Store Assets/GardenTools/Watering Can/Materials/Watering Can.mat using Guid(a97f91e3f9ba1f940b3a4faddefea2cd) Importer(815301076,1909f56bfc062723c751e8b465ee728b)  -> (artifact id: 'cc615a045cf64af43aaad451a37df2e1') in 10.635676 seconds
  Import took 10.998034 seconds .

========================================================================
Received Import Request.
  Time since last request: 0.003389 seconds.
  path: Assets/Sprites/watering-can.png
  artifactKey: Guid(281ea3707c1c09c48bf9d94dc304d751) Importer(815301076,1909f56bfc062723c751e8b465ee728b)
Start importing Assets/Sprites/watering-can.png using Guid(281ea3707c1c09c48bf9d94dc304d751) Importer(815301076,1909f56bfc062723c751e8b465ee728b)  -> (artifact id: '76596679cae18badefdb1e327a510e5e') in 0.279223 seconds
  Import took 0.292540 seconds .

========================================================================
Received Import Request.
  Time since last request: 0.000897 seconds.
  path: Assets/Unity Store Assets/GardenTools/Watering Can/Watering CanNM.png
  artifactKey: Guid(f5aefc0ce2845194482dbe790ff9438f) Importer(815301076,1909f56bfc062723c751e8b465ee728b)
Start importing Assets/Unity Store Assets/GardenTools/Watering Can/Watering CanNM.png using Guid(f5aefc0ce2845194482dbe790ff9438f) Importer(815301076,1909f56bfc062723c751e8b465ee728b)  -> (artifact id: '29a15f6726cd2f8f582a345a19d6f59c') in 0.097125 seconds
  Import took 0.104507 seconds .

========================================================================
Received Import Request.
  Time since last request: 0.000821 seconds.
  path: Assets/Unity Store Assets/GardenTools/Watering Can/Watering Can.png
  artifactKey: Guid(56aa4fc98578eb843b953fd25770eda2) Importer(815301076,1909f56bfc062723c751e8b465ee728b)
Start importing Assets/Unity Store Assets/GardenTools/Watering Can/Watering Can.png using Guid(56aa4fc98578eb843b953fd25770eda2) Importer(815301076,1909f56bfc062723c751e8b465ee728b)  -> (artifact id: 'bf70b567c17aa4ad584fe4d4ddf285a1') in 0.155383 seconds
  Import took 0.168852 seconds .

========================================================================
Received Import Request.
  Time since last request: 0.000879 seconds.
  path: Assets/Unity Store Assets/GardenTools/Watering Can/Watering Can.fbx
  artifactKey: Guid(158f788eeb1973d45933b060a20c6a8b) Importer(815301076,1909f56bfc062723c751e8b465ee728b)
Start importing Assets/Unity Store Assets/GardenTools/Watering Can/Watering Can.fbx using Guid(158f788eeb1973d45933b060a20c6a8b) Importer(815301076,1909f56bfc062723c751e8b465ee728b)  -> (artifact id: 'd1d576d7596a80563a513ffb8f5532e7') in 0.513836 seconds
  Import took 0.530892 seconds .

========================================================================
Received Import Request.
  Time since last request: 0.016337 seconds.
  path: Assets/Unity Store Assets/GardenTools/Watering Can/WateringCanPrefab.prefab
  artifactKey: Guid(220c818457a8d2441bf84edb4edee095) Importer(815301076,1909f56bfc062723c751e8b465ee728b)
Start importing Assets/Unity Store Assets/GardenTools/Watering Can/WateringCanPrefab.prefab using Guid(220c818457a8d2441bf84edb4edee095) Importer(815301076,1909f56bfc062723c751e8b465ee728b)  -> (artifact id: 'd23ddbd8fbd6304c617f121fc1717867') in 0.256748 seconds
  Import took 0.267800 seconds .

========================================================================
Received Prepare
Registering precompiled user dll's ...
Registered in 0.036062 seconds.
Begin MonoManager ReloadAssembly
Native extension for WindowsStandalone target not found
Refreshing native plugins compatible for Editor in 2.48 ms, found 5 plugins.
Preloading 0 native plugins for Editor in 0.00 ms.
Invoked RoslynAnalysisRunner static constructor.
RoslynAnalysisRunner will not be running.
RoslynAnalysisRunner has terminated.
Mono: successfully reloaded assembly
- Completed reload, in  5.097 seconds
Platform modules already initialized, skipping
Refreshing native plugins compatible for Editor in 1.57 ms, found 5 plugins.
Preloading 0 native plugins for Editor in 0.00 ms.
Unloading 1859 Unused Serialized files (Serialized files now loaded: 0)
System memory in use before: 150.0 MB.
System memory in use after: 149.8 MB.

Unloading 49 unused Assets to reduce memory usage. Loaded Objects now: 2407.
Total: 161.389000 ms (FindLiveObjects: 8.345800 ms CreateObjectMapping: 1.926600 ms MarkObjects: 142.300600 ms  DeleteObjects: 7.844100 ms)

========================================================================
Received Import Request.
  Time since last request: 3246.664744 seconds.
  path: ProjectSettings/TagManager.asset
  artifactKey: Guid(00000000000000003000000000000000) Importer(815301076,1909f56bfc062723c751e8b465ee728b)
Start importing ProjectSettings/TagManager.asset using Guid(00000000000000003000000000000000) Importer(815301076,1909f56bfc062723c751e8b465ee728b)  -> (artifact id: '462af776ea2123598902a03decdc840f') in 0.248308 seconds
  Import took 0.285384 seconds .

========================================================================
Received Import Request.
  Time since last request: 243.348675 seconds.
  path: Assets/Scenes/Game/Game.unity
  artifactKey: Guid(9d99a684b541cc046bf54e92be20bc4e) Importer(815301076,1909f56bfc062723c751e8b465ee728b)
Start importing Assets/Scenes/Game/Game.unity using Guid(9d99a684b541cc046bf54e92be20bc4e) Importer(815301076,1909f56bfc062723c751e8b465ee728b)  -> (artifact id: 'fb02ddb388d36d72df95aaee174bed90') in 0.114895 seconds
  Import took 0.380203 seconds .

========================================================================
Received Prepare
Registering precompiled user dll's ...
Registered in 0.040064 seconds.
Begin MonoManager ReloadAssembly
Native extension for WindowsStandalone target not found
Refreshing native plugins compatible for Editor in 1.95 ms, found 5 plugins.
Preloading 0 native plugins for Editor in 0.00 ms.
Invoked RoslynAnalysisRunner static constructor.
RoslynAnalysisRunner will not be running.
RoslynAnalysisRunner has terminated.
Mono: successfully reloaded assembly
- Completed reload, in  3.054 seconds
Platform modules already initialized, skipping
Refreshing native plugins compatible for Editor in 1.82 ms, found 5 plugins.
Preloading 0 native plugins for Editor in 0.00 ms.
Unloading 1859 Unused Serialized files (Serialized files now loaded: 0)
System memory in use before: 150.0 MB.
System memory in use after: 149.8 MB.

Unloading 50 unused Assets to reduce memory usage. Loaded Objects now: 2411.
Total: 15.688300 ms (FindLiveObjects: 1.077500 ms CreateObjectMapping: 0.189100 ms MarkObjects: 11.254700 ms  DeleteObjects: 3.155900 ms)

========================================================================
Received Import Request.
  Time since last request: 239.069577 seconds.
  path: Assets/Scenes/Game/Game.unity
  artifactKey: Guid(9d99a684b541cc046bf54e92be20bc4e) Importer(815301076,1909f56bfc062723c751e8b465ee728b)
Start importing Assets/Scenes/Game/Game.unity using Guid(9d99a684b541cc046bf54e92be20bc4e) Importer(815301076,1909f56bfc062723c751e8b465ee728b)  -> (artifact id: 'b80b311571cedb7331e256e263c1dfeb') in 0.717519 seconds
  Import took 0.989378 seconds .

========================================================================
Received Import Request.
  Time since last request: 108.983750 seconds.
  path: Assets/Western Props/Prefabs/Chopped Wood Pile.prefab
  artifactKey: Guid(b9194464b029e4b478d5ca5d068b5179) Importer(815301076,1909f56bfc062723c751e8b465ee728b)
Start importing Assets/Western Props/Prefabs/Chopped Wood Pile.prefab using Guid(b9194464b029e4b478d5ca5d068b5179) Importer(815301076,1909f56bfc062723c751e8b465ee728b)  -> (artifact id: 'a5dd7c3f204339177698a8f728f21963') in 1.739055 seconds
  Import took 2.035811 seconds .

========================================================================
Received Import Request.
  Time since last request: 0.000683 seconds.
  path: Assets/Western Props/Models/Chopped Wood Pile/Textures/Chopped_Wood_Pile_Metallic.tga
  artifactKey: Guid(1f71919c0fec2464487f9314f88d907e) Importer(815301076,1909f56bfc062723c751e8b465ee728b)
Start importing Assets/Western Props/Models/Chopped Wood Pile/Textures/Chopped_Wood_Pile_Metallic.tga using Guid(1f71919c0fec2464487f9314f88d907e) Importer(815301076,1909f56bfc062723c751e8b465ee728b)  -> (artifact id: '2416d0c5843e23354e174eef73804f71') in 0.263463 seconds
  Import took 0.275166 seconds .

========================================================================
Received Import Request.
  Time since last request: 0.000740 seconds.
  path: Assets/Western Props/Models/Chopped Wood Pile/Materials/Chopped_Wood_Pile.mat
  artifactKey: Guid(2b7632d3b3d200443bc9dbce443ec3d6) Importer(815301076,1909f56bfc062723c751e8b465ee728b)
Start importing Assets/Western Props/Models/Chopped Wood Pile/Materials/Chopped_Wood_Pile.mat using Guid(2b7632d3b3d200443bc9dbce443ec3d6) Importer(815301076,1909f56bfc062723c751e8b465ee728b)  -> (artifact id: '0c216377a8b27ade095a675f7a24e1d2') in 0.296208 seconds
  Import took 0.305255 seconds .

========================================================================
Received Import Request.
  Time since last request: 0.000753 seconds.
  path: Assets/Western Props/Models/Chopped Wood Pile/Textures/Chopped_Wood_Pile_Albedo.png
  artifactKey: Guid(d69a0e98684783947aa01aabeb84a0d9) Importer(815301076,1909f56bfc062723c751e8b465ee728b)
Start importing Assets/Western Props/Models/Chopped Wood Pile/Textures/Chopped_Wood_Pile_Albedo.png using Guid(d69a0e98684783947aa01aabeb84a0d9) Importer(815301076,1909f56bfc062723c751e8b465ee728b)  -> (artifact id: '934f481dd5d9e412dcd8353449328151') in 0.064240 seconds
  Import took 0.085525 seconds .

========================================================================
Received Import Request.
  Time since last request: 0.000866 seconds.
  path: Assets/Western Props/Models/Chopped Wood Pile/Chopped_Wood_Pile.fbx
  artifactKey: Guid(bb06b90107b74e142b9e4f748cf12c15) Importer(815301076,1909f56bfc062723c751e8b465ee728b)
Start importing Assets/Western Props/Models/Chopped Wood Pile/Chopped_Wood_Pile.fbx using Guid(bb06b90107b74e142b9e4f748cf12c15) Importer(815301076,1909f56bfc062723c751e8b465ee728b)  -> (artifact id: 'fd49d2d2effc56b9d825efd1a4b5697e') in 0.588428 seconds
  Import took 0.598688 seconds .

========================================================================
Received Import Request.
  Time since last request: 0.000925 seconds.
  path: Assets/Western Props/Models/Chopped Wood Pile/Textures/Chopped_Wood_Pile_Occlusion.png
  artifactKey: Guid(0cd89eef8a908764293c32e7af00f696) Importer(815301076,1909f56bfc062723c751e8b465ee728b)
Start importing Assets/Western Props/Models/Chopped Wood Pile/Textures/Chopped_Wood_Pile_Occlusion.png using Guid(0cd89eef8a908764293c32e7af00f696) Importer(815301076,1909f56bfc062723c751e8b465ee728b)  -> (artifact id: '6b0c72cd88dc11b81cf0a126a6cc12c4') in 0.260255 seconds
  Import took 0.285482 seconds .

========================================================================
Received Import Request.
  Time since last request: 0.002159 seconds.
  path: Assets/Western Props/Models/Chopped Wood Pile/Textures/Chopped_Wood_Pile_Normal.png
  artifactKey: Guid(fa8ff29a2f8fe8d4f95f013a57079c32) Importer(815301076,1909f56bfc062723c751e8b465ee728b)
Start importing Assets/Western Props/Models/Chopped Wood Pile/Textures/Chopped_Wood_Pile_Normal.png using Guid(fa8ff29a2f8fe8d4f95f013a57079c32) Importer(815301076,1909f56bfc062723c751e8b465ee728b)  -> (artifact id: '5f99a0f0e5b049bf1e10bd3495eb9644') in 0.217311 seconds
  Import took 0.236705 seconds .

========================================================================
Received Import Request.
  Time since last request: 0.249195 seconds.
  path: Assets/Standard Assets/PhysicsMaterials/Wood.physicmaterial
  artifactKey: Guid(3aeb7dadc0c69d54d9e5777e9d5631f1) Importer(815301076,1909f56bfc062723c751e8b465ee728b)
Start importing Assets/Standard Assets/PhysicsMaterials/Wood.physicmaterial using Guid(3aeb7dadc0c69d54d9e5777e9d5631f1) Importer(815301076,1909f56bfc062723c751e8b465ee728b)  -> (artifact id: 'da37e39d5dd6726686c535b526878d67') in 0.034595 seconds
  Import took 0.042478 seconds .

========================================================================
Received Import Request.
  Time since last request: 0.000790 seconds.
  path: Assets/Western Demo Audio Assets/Objects/Wood Item Drop 3.wav
  artifactKey: Guid(ce42aa9d3313140d38949492e4da9311) Importer(815301076,1909f56bfc062723c751e8b465ee728b)
Start importing Assets/Western Demo Audio Assets/Objects/Wood Item Drop 3.wav using Guid(ce42aa9d3313140d38949492e4da9311) Importer(815301076,1909f56bfc062723c751e8b465ee728b)  -> (artifact id: '129533eb5b06ffcc2959872cba47b702') in 0.196324 seconds
  Import took 0.208372 seconds .

========================================================================
Received Import Request.
  Time since last request: 0.000901 seconds.
  path: Assets/Standard Assets/PhysicsMaterials/Wood.physicmaterial
  artifactKey: Guid(3aeb7dadc0c69d54d9e5777e9d5631f1) Importer(815301076,1909f56bfc062723c751e8b465ee728b)
Start importing Assets/Standard Assets/PhysicsMaterials/Wood.physicmaterial using Guid(3aeb7dadc0c69d54d9e5777e9d5631f1) Importer(815301076,1909f56bfc062723c751e8b465ee728b)  -> (artifact id: 'da37e39d5dd6726686c535b526878d67') in 0.010682 seconds
  Import took 0.020479 seconds .

========================================================================
Received Import Request.
  Time since last request: 0.000348 seconds.
  path: Assets/Western Demo Audio Assets/Objects/Wood Item Drop 1.wav
  artifactKey: Guid(673d7767c520a469985cb49759328145) Importer(815301076,1909f56bfc062723c751e8b465ee728b)
Start importing Assets/Western Demo Audio Assets/Objects/Wood Item Drop 1.wav using Guid(673d7767c520a469985cb49759328145) Importer(815301076,1909f56bfc062723c751e8b465ee728b)  -> (artifact id: 'ebeb696af301c114961de8f82dd06508') in 0.054168 seconds
  Import took 0.062279 seconds .

========================================================================
Received Import Request.
  Time since last request: 0.000774 seconds.
  path: Assets/Western Demo Audio Assets/Objects/Wood Item Drop 2.wav
  artifactKey: Guid(9d0e2862a2e954546bd78fcf51a8ab4a) Importer(815301076,1909f56bfc062723c751e8b465ee728b)
Start importing Assets/Western Demo Audio Assets/Objects/Wood Item Drop 2.wav using Guid(9d0e2862a2e954546bd78fcf51a8ab4a) Importer(815301076,1909f56bfc062723c751e8b465ee728b)  -> (artifact id: '2e636b80f89a8fea165a2ade69174e59') in 0.064580 seconds
  Import took 0.072374 seconds .

========================================================================
Received Import Request.
  Time since last request: 1.224864 seconds.
  path: Assets/Western Demo Audio Assets/Objects/Wood Item Pickup.wav
  artifactKey: Guid(dc363c776491547728fee7e579866e57) Importer(815301076,1909f56bfc062723c751e8b465ee728b)
Start importing Assets/Western Demo Audio Assets/Objects/Wood Item Pickup.wav using Guid(dc363c776491547728fee7e579866e57) Importer(815301076,1909f56bfc062723c751e8b465ee728b)  -> (artifact id: 'a40d901207b1a04e494b7f56e86a0af9') in 0.063107 seconds
  Import took 0.069422 seconds .

========================================================================
Received Import Request.
  Time since last request: 0.000673 seconds.
  path: Assets/Unity Store Assets/Sun_Temple/Content/Meshes/Main/Materials/Wood_Glazed_Tiling.mat
  artifactKey: Guid(779d5b1e8b9889b4d8c6714f522240a2) Importer(815301076,1909f56bfc062723c751e8b465ee728b)
Start importing Assets/Unity Store Assets/Sun_Temple/Content/Meshes/Main/Materials/Wood_Glazed_Tiling.mat using Guid(779d5b1e8b9889b4d8c6714f522240a2) Importer(815301076,1909f56bfc062723c751e8b465ee728b)  -> (artifact id: '04b818d242be666931d20d503aa15b10') in 0.409754 seconds
  Import took 0.417920 seconds .

========================================================================
Received Import Request.
  Time since last request: 0.000652 seconds.
  path: Assets/Western Demo Audio Assets/Objects/Wood Item Pickup.wav
  artifactKey: Guid(dc363c776491547728fee7e579866e57) Importer(815301076,1909f56bfc062723c751e8b465ee728b)
Start importing Assets/Western Demo Audio Assets/Objects/Wood Item Pickup.wav using Guid(dc363c776491547728fee7e579866e57) Importer(815301076,1909f56bfc062723c751e8b465ee728b)  -> (artifact id: 'a40d901207b1a04e494b7f56e86a0af9') in 0.026896 seconds
  Import took 0.032988 seconds .

========================================================================
Received Import Request.
  Time since last request: 86.123719 seconds.
  path: ProjectSettings/TagManager.asset
  artifactKey: Guid(00000000000000003000000000000000) Importer(815301076,1909f56bfc062723c751e8b465ee728b)
Start importing ProjectSettings/TagManager.asset using Guid(00000000000000003000000000000000) Importer(815301076,1909f56bfc062723c751e8b465ee728b)  -> (artifact id: 'e89d74fe0893901a7ee2caf1142b04a1') in 0.011878 seconds
  Import took 0.018320 seconds .

========================================================================
Received Import Request.
  Time since last request: 0.007450 seconds.
  path: ProjectSettings/TagManager.asset
  artifactKey: Guid(00000000000000003000000000000000) Importer(815301076,1909f56bfc062723c751e8b465ee728b)
Start importing ProjectSettings/TagManager.asset using Guid(00000000000000003000000000000000) Importer(815301076,1909f56bfc062723c751e8b465ee728b)  -> (artifact id: 'e89d74fe0893901a7ee2caf1142b04a1') in 0.008533 seconds
  Import took 0.015484 seconds .

========================================================================
Received Prepare
Registering precompiled user dll's ...
Registered in 0.062231 seconds.
Begin MonoManager ReloadAssembly
Native extension for WindowsStandalone target not found
Refreshing native plugins compatible for Editor in 1.55 ms, found 5 plugins.
Preloading 0 native plugins for Editor in 0.00 ms.
Invoked RoslynAnalysisRunner static constructor.
RoslynAnalysisRunner will not be running.
RoslynAnalysisRunner has terminated.
Mono: successfully reloaded assembly
- Completed reload, in  3.098 seconds
Platform modules already initialized, skipping
Refreshing native plugins compatible for Editor in 24.65 ms, found 5 plugins.
Preloading 0 native plugins for Editor in 0.00 ms.
Unloading 1859 Unused Serialized files (Serialized files now loaded: 0)
System memory in use before: 150.2 MB.
System memory in use after: 149.9 MB.

Unloading 52 unused Assets to reduce memory usage. Loaded Objects now: 2419.
Total: 115.987300 ms (FindLiveObjects: 1.701400 ms CreateObjectMapping: 0.147800 ms MarkObjects: 107.264700 ms  DeleteObjects: 6.821500 ms)

========================================================================
Received Import Request.
  Time since last request: 319.443028 seconds.
  path: Assets/Western Demo Audio Assets/Objects/Furniture Bump 2.wav
  artifactKey: Guid(741d5d835393446e1b82dc5c5e27a8f3) Importer(815301076,1909f56bfc062723c751e8b465ee728b)
Start importing Assets/Western Demo Audio Assets/Objects/Furniture Bump 2.wav using Guid(741d5d835393446e1b82dc5c5e27a8f3) Importer(815301076,1909f56bfc062723c751e8b465ee728b)  -> (artifact id: '350cfa6d1337d7b906302c3b03a6972e') in 6.715178 seconds
  Import took 6.772687 seconds .

========================================================================
Received Import Request.
  Time since last request: 0.001560 seconds.
  path: Assets/Western Demo Audio Assets/Objects/Glass Drop 1.wav
  artifactKey: Guid(45ebaf4415c0942c6b569535228cf8dc) Importer(815301076,1909f56bfc062723c751e8b465ee728b)
Start importing Assets/Western Demo Audio Assets/Objects/Glass Drop 1.wav using Guid(45ebaf4415c0942c6b569535228cf8dc) Importer(815301076,1909f56bfc062723c751e8b465ee728b)  -> (artifact id: '246500da3f5a21cd46d528116a2501a1') in 0.099716 seconds
  Import took 0.111151 seconds .

========================================================================
Received Import Request.
  Time since last request: 0.000253 seconds.
  path: Assets/Western Demo Audio Assets/Objects/Metal Cup Drop 1.wav
  artifactKey: Guid(1e4b0796170cc43a7ba72c858ab4ca2d) Importer(815301076,1909f56bfc062723c751e8b465ee728b)
Start importing Assets/Western Demo Audio Assets/Objects/Metal Cup Drop 1.wav using Guid(1e4b0796170cc43a7ba72c858ab4ca2d) Importer(815301076,1909f56bfc062723c751e8b465ee728b)  -> (artifact id: '40575a83954d7a03cc80134efc819105') in 0.029761 seconds
  Import took 0.034971 seconds .

========================================================================
Received Import Request.
  Time since last request: 0.000251 seconds.
  path: Assets/Western Demo Audio Assets/Objects/Paper Flap 1.wav
  artifactKey: Guid(2c41e0e4367ae4f3ba260779cf4d00e5) Importer(815301076,1909f56bfc062723c751e8b465ee728b)
Start importing Assets/Western Demo Audio Assets/Objects/Paper Flap 1.wav using Guid(2c41e0e4367ae4f3ba260779cf4d00e5) Importer(815301076,1909f56bfc062723c751e8b465ee728b)  -> (artifact id: '34cab2f4e492d29d68e02b1f506789fa') in 0.037348 seconds
  Import took 0.042433 seconds .

========================================================================
Received Import Request.
  Time since last request: 0.000267 seconds.
  path: Assets/Western Demo Audio Assets/Objects/Hat Drop.wav
  artifactKey: Guid(5b695bf26f8d54073a9e5f89b10d820f) Importer(815301076,1909f56bfc062723c751e8b465ee728b)
Start importing Assets/Western Demo Audio Assets/Objects/Hat Drop.wav using Guid(5b695bf26f8d54073a9e5f89b10d820f) Importer(815301076,1909f56bfc062723c751e8b465ee728b)  -> (artifact id: 'fabb74d1e14ced165a4ddd3da3680ccb') in 0.031844 seconds
  Import took 0.038250 seconds .

========================================================================
Received Import Request.
  Time since last request: 0.000266 seconds.
  path: Assets/Western Demo Audio Assets/Objects/Tumbleweed 3.wav
  artifactKey: Guid(19d900beae36741c1aa52d5b07007e89) Importer(815301076,1909f56bfc062723c751e8b465ee728b)
Start importing Assets/Western Demo Audio Assets/Objects/Tumbleweed 3.wav using Guid(19d900beae36741c1aa52d5b07007e89) Importer(815301076,1909f56bfc062723c751e8b465ee728b)  -> (artifact id: '718ea0ea025a3b7343aaafe75e11f61d') in 0.030517 seconds
  Import took 0.036249 seconds .

========================================================================
Received Import Request.
  Time since last request: 0.000303 seconds.
  path: Assets/Western Demo Audio Assets/Objects/Box Slide Open.wav
  artifactKey: Guid(c9d4883d1970f44678f04b98ddf44552) Importer(815301076,1909f56bfc062723c751e8b465ee728b)
Start importing Assets/Western Demo Audio Assets/Objects/Box Slide Open.wav using Guid(c9d4883d1970f44678f04b98ddf44552) Importer(815301076,1909f56bfc062723c751e8b465ee728b)  -> (artifact id: 'f0824885aec88520eff592e6665a479f') in 0.028224 seconds
  Import took 0.033345 seconds .

========================================================================
Received Import Request.
  Time since last request: 0.000322 seconds.
  path: Assets/Western Demo Audio Assets/Objects/Tumbleweed 2.wav
  artifactKey: Guid(2fcf574ed10f640639a120a3938457c3) Importer(815301076,1909f56bfc062723c751e8b465ee728b)
Start importing Assets/Western Demo Audio Assets/Objects/Tumbleweed 2.wav using Guid(2fcf574ed10f640639a120a3938457c3) Importer(815301076,1909f56bfc062723c751e8b465ee728b)  -> (artifact id: 'fd7d817fb1765898299a400dec8ffea6') in 0.027031 seconds
  Import took 0.032746 seconds .

========================================================================
Received Import Request.
  Time since last request: 0.000299 seconds.
  path: Assets/Western Demo Audio Assets/Objects/Tumbleweed 1.wav
  artifactKey: Guid(1984b6d3c2008496d970d19f71cc95b8) Importer(815301076,1909f56bfc062723c751e8b465ee728b)
Start importing Assets/Western Demo Audio Assets/Objects/Tumbleweed 1.wav using Guid(1984b6d3c2008496d970d19f71cc95b8) Importer(815301076,1909f56bfc062723c751e8b465ee728b)  -> (artifact id: '2c482f745fc80b8b0930de68d31647d9') in 0.031551 seconds
  Import took 0.039193 seconds .

========================================================================
Received Import Request.
  Time since last request: 0.000321 seconds.
  path: Assets/Western Demo Audio Assets/Objects/Paper Flap 3.wav
  artifactKey: Guid(4160c3cd33ce44fa5964b6bc6ec7c5a1) Importer(815301076,1909f56bfc062723c751e8b465ee728b)
Start importing Assets/Western Demo Audio Assets/Objects/Paper Flap 3.wav using Guid(4160c3cd33ce44fa5964b6bc6ec7c5a1) Importer(815301076,1909f56bfc062723c751e8b465ee728b)  -> (artifact id: 'd6326de20d1a26cd3420d81c2b4c8c56') in 0.060518 seconds
  Import took 0.068440 seconds .

========================================================================
Received Import Request.
  Time since last request: 0.000311 seconds.
  path: Assets/Western Demo Audio Assets/Objects/Metal Cup Pickup.wav
  artifactKey: Guid(6657aa58cfc0b4b90b20f7c5c9d67871) Importer(815301076,1909f56bfc062723c751e8b465ee728b)
Start importing Assets/Western Demo Audio Assets/Objects/Metal Cup Pickup.wav using Guid(6657aa58cfc0b4b90b20f7c5c9d67871) Importer(815301076,1909f56bfc062723c751e8b465ee728b)  -> (artifact id: '156efd2cbeefeee99261ad4cd955c699') in 0.090007 seconds
  Import took 0.096892 seconds .

========================================================================
Received Import Request.
  Time since last request: 0.000316 seconds.
  path: Assets/Western Demo Audio Assets/Objects/Glass Pickup.wav
  artifactKey: Guid(71c16f39e660f4a6eb503620191f8aca) Importer(815301076,1909f56bfc062723c751e8b465ee728b)
Start importing Assets/Western Demo Audio Assets/Objects/Glass Pickup.wav using Guid(71c16f39e660f4a6eb503620191f8aca) Importer(815301076,1909f56bfc062723c751e8b465ee728b)  -> (artifact id: '2e8b8472c672c2aea5694219b47db784') in 0.073946 seconds
  Import took 0.079080 seconds .

========================================================================
Received Import Request.
  Time since last request: 0.000238 seconds.
  path: Assets/Western Demo Audio Assets/Objects/Bar Bump 2.wav
  artifactKey: Guid(8484de1a5db0649af92c3696c88f6764) Importer(815301076,1909f56bfc062723c751e8b465ee728b)
Start importing Assets/Western Demo Audio Assets/Objects/Bar Bump 2.wav using Guid(8484de1a5db0649af92c3696c88f6764) Importer(815301076,1909f56bfc062723c751e8b465ee728b)  -> (artifact id: 'd3f72c5958a58eccc14be8c256ac55f4') in 0.043364 seconds
  Import took 0.049518 seconds .

========================================================================
Received Import Request.
  Time since last request: 0.000302 seconds.
  path: Assets/Western Demo Audio Assets/Objects/Paper Flap 2.wav
  artifactKey: Guid(cb1a9edec8d3345dd8e530d490891cb8) Importer(815301076,1909f56bfc062723c751e8b465ee728b)
Start importing Assets/Western Demo Audio Assets/Objects/Paper Flap 2.wav using Guid(cb1a9edec8d3345dd8e530d490891cb8) Importer(815301076,1909f56bfc062723c751e8b465ee728b)  -> (artifact id: '6e0afcb34becbacd109872ae223261ff') in 0.039184 seconds
  Import took 0.045692 seconds .

========================================================================
Received Import Request.
  Time since last request: 0.000304 seconds.
  path: Assets/Western Demo Audio Assets/Objects/Bar Bump 1.wav
  artifactKey: Guid(067fff9fa110449a89d5107775c2c467) Importer(815301076,1909f56bfc062723c751e8b465ee728b)
Start importing Assets/Western Demo Audio Assets/Objects/Bar Bump 1.wav using Guid(067fff9fa110449a89d5107775c2c467) Importer(815301076,1909f56bfc062723c751e8b465ee728b)  -> (artifact id: '64d7f9c6bded5fa63b007d8b7caf79be') in 0.036761 seconds
  Import took 0.047731 seconds .

========================================================================
Received Import Request.
  Time since last request: 0.000465 seconds.
  path: Assets/Western Demo Audio Assets/Objects/Glass Drop 2.wav
  artifactKey: Guid(858d6621a88f04967bd9e9ff2f7c7f8b) Importer(815301076,1909f56bfc062723c751e8b465ee728b)
Start importing Assets/Western Demo Audio Assets/Objects/Glass Drop 2.wav using Guid(858d6621a88f04967bd9e9ff2f7c7f8b) Importer(815301076,1909f56bfc062723c751e8b465ee728b)  -> (artifact id: '3139e7558fbe5732cf5efd2b89a877b4') in 0.039150 seconds
  Import took 0.063969 seconds .

========================================================================
Received Import Request.
  Time since last request: 0.000382 seconds.
  path: Assets/Western Demo Audio Assets/Objects/Box Slide Closed.wav
  artifactKey: Guid(1b8751f3dba4b4b688db5c8cbb6c32bd) Importer(815301076,1909f56bfc062723c751e8b465ee728b)
Start importing Assets/Western Demo Audio Assets/Objects/Box Slide Closed.wav using Guid(1b8751f3dba4b4b688db5c8cbb6c32bd) Importer(815301076,1909f56bfc062723c751e8b465ee728b)  -> (artifact id: '274ec0474564169eb93edd31b3d3ad34') in 0.062490 seconds
  Import took 0.072635 seconds .

========================================================================
Received Import Request.
  Time since last request: 0.000338 seconds.
  path: Assets/Western Demo Audio Assets/Objects/Furniture Bump 1.wav
  artifactKey: Guid(457c2fe0857104ea7ba3ef6539337b9a) Importer(815301076,1909f56bfc062723c751e8b465ee728b)
Start importing Assets/Western Demo Audio Assets/Objects/Furniture Bump 1.wav using Guid(457c2fe0857104ea7ba3ef6539337b9a) Importer(815301076,1909f56bfc062723c751e8b465ee728b)  -> (artifact id: '8a66a11f69d6f677c3dab8029c575d18') in 0.059562 seconds
  Import took 0.068734 seconds .

========================================================================
Received Import Request.
  Time since last request: 0.000379 seconds.
  path: Assets/Western Demo Audio Assets/Objects/Cloth 2.wav
  artifactKey: Guid(be9a069ff677d400d9d5e072b99fa6bc) Importer(815301076,1909f56bfc062723c751e8b465ee728b)
Start importing Assets/Western Demo Audio Assets/Objects/Cloth 2.wav using Guid(be9a069ff677d400d9d5e072b99fa6bc) Importer(815301076,1909f56bfc062723c751e8b465ee728b)  -> (artifact id: 'd2ed7fcf17e51a6005f33be54f5d8986') in 0.033257 seconds
  Import took 0.040556 seconds .

========================================================================
Received Import Request.
  Time since last request: 0.000351 seconds.
  path: Assets/Western Demo Audio Assets/Objects/Cloth 1.wav
  artifactKey: Guid(3e45ad8c684094c01b255f97917aad47) Importer(815301076,1909f56bfc062723c751e8b465ee728b)
Start importing Assets/Western Demo Audio Assets/Objects/Cloth 1.wav using Guid(3e45ad8c684094c01b255f97917aad47) Importer(815301076,1909f56bfc062723c751e8b465ee728b)  -> (artifact id: '0ea48a14ee82ef7303f16477ef47e047') in 0.067748 seconds
  Import took 0.077622 seconds .

========================================================================
Received Prepare
Registering precompiled user dll's ...
Registered in 0.030876 seconds.
Begin MonoManager ReloadAssembly
Native extension for WindowsStandalone target not found
Refreshing native plugins compatible for Editor in 2.67 ms, found 5 plugins.
Preloading 0 native plugins for Editor in 0.00 ms.
Invoked RoslynAnalysisRunner static constructor.
RoslynAnalysisRunner will not be running.
RoslynAnalysisRunner has terminated.
Mono: successfully reloaded assembly
- Completed reload, in  3.359 seconds
Platform modules already initialized, skipping
Refreshing native plugins compatible for Editor in 12.90 ms, found 5 plugins.
Preloading 0 native plugins for Editor in 0.00 ms.
Unloading 1859 Unused Serialized files (Serialized files now loaded: 0)
System memory in use before: 150.2 MB.
System memory in use after: 149.9 MB.

Unloading 49 unused Assets to reduce memory usage. Loaded Objects now: 2424.
Total: 530.138600 ms (FindLiveObjects: 98.473600 ms CreateObjectMapping: 2.402700 ms MarkObjects: 343.411800 ms  DeleteObjects: 85.615300 ms)

