Using pre-set license
Built from '2020.2/staging' branch; Version is '2020.2.7f1 (c53830e277f1) revision 12924976'; Using compiler version '192528614'; Build Type 'Release'
OS: 'Windows 10 Home; OS build 18363.1440; Version 1909; 64bit' Language: 'el' Physical Memory: 7128 MB
BatchMode: 1, IsHumanControllingUs: 0, StartBugReporterOnCrash: 0, Is64bit: 1, IsPro: 0

 COMMAND LINE ARGUMENTS:
C:\Program Files\Unity\Hub\Editor\2020.2.7f1\Editor\Unity.exe
-adb2
-batchMode
-noUpm
-name
AssetImportWorker2
-projectPath
C:/Users/dimit/Desktop/dim/Σχολή/πτυχιακή/FirstScene/ExampleUnityProject
-logFile
Logs/AssetImportWorker2.log
-srvPort
57188
Successfully changed project path to: C:/Users/dimit/Desktop/dim/Σχολή/πτυχιακή/FirstScene/ExampleUnityProject
C:/Users/dimit/Desktop/dim/Σχολή/πτυχιακή/FirstScene/ExampleUnityProject
Using Asset Import Pipeline V2.
Refreshing native plugins compatible for Editor in 334.71 ms, found 0 plugins.
Preloading 0 native plugins for Editor in 0.00 ms.
Initialize engine version: 2020.2.7f1 (c53830e277f1)
[Subsystems] Discovering subsystems at path C:/Program Files/Unity/Hub/Editor/2020.2.7f1/Editor/Data/Resources/UnitySubsystems
[Subsystems] Discovering subsystems at path C:/Users/dimit/Desktop/dim/Σχολή/πτυχιακή/FirstScene/ExampleUnityProject/Assets
GfxDevice: creating device client; threaded=0
Direct3D:
    Version:  Direct3D 11.0 [level 11.1]
    Renderer: AMD Radeon(TM) R5 Graphics (ID=0x9851)
    Vendor:   
    VRAM:     1006 MB
    Driver:   22.19.180.768
Initialize mono
Mono path[0] = 'C:/Program Files/Unity/Hub/Editor/2020.2.7f1/Editor/Data/Managed'
Mono path[1] = 'C:/Program Files/Unity/Hub/Editor/2020.2.7f1/Editor/Data/MonoBleedingEdge/lib/mono/unityjit'
Mono config path = 'C:/Program Files/Unity/Hub/Editor/2020.2.7f1/Editor/Data/MonoBleedingEdge/etc'
Using monoOptions --debugger-agent=transport=dt_socket,embedding=1,server=y,suspend=n,address=127.0.0.1:56348
Begin MonoManager ReloadAssembly
Registering precompiled unity dll's ...
Register platform support module: C:/Program Files/Unity/Hub/Editor/2020.2.7f1/Editor/Data/PlaybackEngines/WindowsStandaloneSupport/UnityEditor.WindowsStandalone.Extensions.dll
Registered in 0.019139 seconds.
Native extension for WindowsStandalone target not found
Refreshing native plugins compatible for Editor in 346.34 ms, found 0 plugins.
Preloading 0 native plugins for Editor in 0.00 ms.
Invoked RoslynAnalysisRunner static constructor.
RoslynAnalysisRunner will not be running.
RoslynAnalysisRunner has terminated.
Mono: successfully reloaded assembly
- Completed reload, in 10.048 seconds
Platform modules already initialized, skipping
Registering precompiled user dll's ...
Registered in 0.006342 seconds.
Begin MonoManager ReloadAssembly
Native extension for WindowsStandalone target not found
Refreshing native plugins compatible for Editor in 1.99 ms, found 0 plugins.
Preloading 0 native plugins for Editor in 0.00 ms.
Invoked RoslynAnalysisRunner static constructor.
RoslynAnalysisRunner will not be running.
RoslynAnalysisRunner has terminated.
Mono: successfully reloaded assembly
- Completed reload, in  7.330 seconds
Platform modules already initialized, skipping
========================================================================
Worker process is ready to serve import requests
Launched and connected shader compiler UnityShaderCompiler.exe after 0.34 seconds
Refreshing native plugins compatible for Editor in 2.01 ms, found 0 plugins.
Preloading 0 native plugins for Editor in 0.00 ms.
Unloading 1284 Unused Serialized files (Serialized files now loaded: 0)
System memory in use before: 94.4 MB.
System memory in use after: 94.2 MB.

Unloading 10 unused Assets to reduce memory usage. Loaded Objects now: 1748.
Total: 12.808400 ms (FindLiveObjects: 0.898000 ms CreateObjectMapping: 0.242100 ms MarkObjects: 9.304200 ms  DeleteObjects: 2.355500 ms)

========================================================================
Received Import Request.
  path: Assets/Scripts/Canvases scripts
  artifactKey: Guid(9435e41f693cba140b60d048da63bd91) Importer(815301076,1909f56bfc062723c751e8b465ee728b)
Start importing Assets/Scripts/Canvases scripts using Guid(9435e41f693cba140b60d048da63bd91) Importer(815301076,1909f56bfc062723c751e8b465ee728b)  -> (artifact id: 'a16734e0277acc74b10bcd1f8cf31e70') in 0.113340 seconds
  Import took 0.125801 seconds .

========================================================================
Received Prepare
Registering precompiled user dll's ...
Registered in 0.006128 seconds.
Begin MonoManager ReloadAssembly
Native extension for WindowsStandalone target not found
Refreshing native plugins compatible for Editor in 2.02 ms, found 0 plugins.
Preloading 0 native plugins for Editor in 0.00 ms.
Invoked RoslynAnalysisRunner static constructor.
RoslynAnalysisRunner will not be running.
RoslynAnalysisRunner has terminated.
Mono: successfully reloaded assembly
- Completed reload, in  6.209 seconds
Platform modules already initialized, skipping
Refreshing native plugins compatible for Editor in 2.08 ms, found 0 plugins.
Preloading 0 native plugins for Editor in 0.00 ms.
Unloading 1248 Unused Serialized files (Serialized files now loaded: 0)
System memory in use before: 92.0 MB.
System memory in use after: 91.8 MB.

Unloading 5 unused Assets to reduce memory usage. Loaded Objects now: 1751.
Total: 11.516700 ms (FindLiveObjects: 0.859200 ms CreateObjectMapping: 0.231300 ms MarkObjects: 8.404700 ms  DeleteObjects: 2.014700 ms)

========================================================================
Received Prepare
Registering precompiled user dll's ...
Registered in 0.008204 seconds.
Begin MonoManager ReloadAssembly
Native extension for WindowsStandalone target not found
Refreshing native plugins compatible for Editor in 2.01 ms, found 0 plugins.
Preloading 0 native plugins for Editor in 0.00 ms.
Invoked RoslynAnalysisRunner static constructor.
RoslynAnalysisRunner will not be running.
RoslynAnalysisRunner has terminated.
Mono: successfully reloaded assembly
- Completed reload, in  6.445 seconds
Platform modules already initialized, skipping
Refreshing native plugins compatible for Editor in 2.40 ms, found 0 plugins.
Preloading 0 native plugins for Editor in 0.00 ms.
Unloading 1248 Unused Serialized files (Serialized files now loaded: 0)
System memory in use before: 92.0 MB.
System memory in use after: 91.8 MB.

Unloading 5 unused Assets to reduce memory usage. Loaded Objects now: 1754.
Total: 10.838100 ms (FindLiveObjects: 0.866300 ms CreateObjectMapping: 0.226300 ms MarkObjects: 7.695300 ms  DeleteObjects: 2.043800 ms)

========================================================================
Received Prepare
Registering precompiled user dll's ...
Registered in 0.006136 seconds.
Begin MonoManager ReloadAssembly
Native extension for WindowsStandalone target not found
Refreshing native plugins compatible for Editor in 2.02 ms, found 0 plugins.
Preloading 0 native plugins for Editor in 0.00 ms.
Invoked RoslynAnalysisRunner static constructor.
RoslynAnalysisRunner will not be running.
RoslynAnalysisRunner has terminated.
Mono: successfully reloaded assembly
- Completed reload, in  6.723 seconds
Platform modules already initialized, skipping
Refreshing native plugins compatible for Editor in 3.39 ms, found 0 plugins.
Preloading 0 native plugins for Editor in 0.00 ms.
Unloading 1248 Unused Serialized files (Serialized files now loaded: 0)
System memory in use before: 92.0 MB.
System memory in use after: 91.8 MB.

Unloading 5 unused Assets to reduce memory usage. Loaded Objects now: 1757.
Total: 19.883500 ms (FindLiveObjects: 1.096500 ms CreateObjectMapping: 1.367300 ms MarkObjects: 13.841500 ms  DeleteObjects: 3.569400 ms)

========================================================================
Received Prepare
Registering precompiled user dll's ...
Registered in 0.008731 seconds.
Begin MonoManager ReloadAssembly
Native extension for WindowsStandalone target not found
Refreshing native plugins compatible for Editor in 2.04 ms, found 0 plugins.
Preloading 0 native plugins for Editor in 0.00 ms.
Invoked RoslynAnalysisRunner static constructor.
RoslynAnalysisRunner will not be running.
RoslynAnalysisRunner has terminated.
Mono: successfully reloaded assembly
- Completed reload, in  6.584 seconds
Platform modules already initialized, skipping
Refreshing native plugins compatible for Editor in 2.20 ms, found 0 plugins.
Preloading 0 native plugins for Editor in 0.00 ms.
Unloading 1248 Unused Serialized files (Serialized files now loaded: 0)
System memory in use before: 92.0 MB.
System memory in use after: 91.8 MB.

Unloading 5 unused Assets to reduce memory usage. Loaded Objects now: 1760.
Total: 11.414500 ms (FindLiveObjects: 0.884800 ms CreateObjectMapping: 0.226500 ms MarkObjects: 8.161800 ms  DeleteObjects: 2.134700 ms)

========================================================================
Received Prepare
Registering precompiled user dll's ...
Registered in 0.005867 seconds.
Begin MonoManager ReloadAssembly
Native extension for WindowsStandalone target not found
Refreshing native plugins compatible for Editor in 2.09 ms, found 0 plugins.
Preloading 0 native plugins for Editor in 0.00 ms.
Invoked RoslynAnalysisRunner static constructor.
RoslynAnalysisRunner will not be running.
RoslynAnalysisRunner has terminated.
Mono: successfully reloaded assembly
- Completed reload, in  8.560 seconds
Platform modules already initialized, skipping
Refreshing native plugins compatible for Editor in 2.24 ms, found 0 plugins.
Preloading 0 native plugins for Editor in 0.00 ms.
Unloading 1248 Unused Serialized files (Serialized files now loaded: 0)
System memory in use before: 92.0 MB.
System memory in use after: 91.8 MB.

Unloading 5 unused Assets to reduce memory usage. Loaded Objects now: 1763.
Total: 11.920400 ms (FindLiveObjects: 0.975500 ms CreateObjectMapping: 0.244400 ms MarkObjects: 8.491900 ms  DeleteObjects: 2.199400 ms)

========================================================================
Received Prepare
Registering precompiled user dll's ...
Registered in 0.008440 seconds.
Begin MonoManager ReloadAssembly
Native extension for WindowsStandalone target not found
Refreshing native plugins compatible for Editor in 1.97 ms, found 0 plugins.
Preloading 0 native plugins for Editor in 0.00 ms.
Invoked RoslynAnalysisRunner static constructor.
RoslynAnalysisRunner will not be running.
RoslynAnalysisRunner has terminated.
Mono: successfully reloaded assembly
- Completed reload, in 15.352 seconds
Platform modules already initialized, skipping
Refreshing native plugins compatible for Editor in 2.23 ms, found 0 plugins.
Preloading 0 native plugins for Editor in 0.00 ms.
Unloading 1248 Unused Serialized files (Serialized files now loaded: 0)
System memory in use before: 92.0 MB.
System memory in use after: 91.8 MB.

Unloading 5 unused Assets to reduce memory usage. Loaded Objects now: 1766.
Total: 12.830800 ms (FindLiveObjects: 1.010500 ms CreateObjectMapping: 0.264700 ms MarkObjects: 9.174600 ms  DeleteObjects: 2.370700 ms)

========================================================================
Received Prepare
Registering precompiled user dll's ...
Registered in 0.005912 seconds.
Begin MonoManager ReloadAssembly
Native extension for WindowsStandalone target not found
Refreshing native plugins compatible for Editor in 1.97 ms, found 0 plugins.
Preloading 0 native plugins for Editor in 0.00 ms.
Invoked RoslynAnalysisRunner static constructor.
RoslynAnalysisRunner will not be running.
RoslynAnalysisRunner has terminated.
Mono: successfully reloaded assembly
- Completed reload, in  6.691 seconds
Platform modules already initialized, skipping
Refreshing native plugins compatible for Editor in 2.10 ms, found 0 plugins.
Preloading 0 native plugins for Editor in 0.00 ms.
Unloading 1248 Unused Serialized files (Serialized files now loaded: 0)
System memory in use before: 92.0 MB.
System memory in use after: 91.8 MB.

Unloading 5 unused Assets to reduce memory usage. Loaded Objects now: 1769.
Total: 11.477500 ms (FindLiveObjects: 0.867100 ms CreateObjectMapping: 0.229500 ms MarkObjects: 8.237900 ms  DeleteObjects: 2.135800 ms)

========================================================================
Received Prepare
Registering precompiled user dll's ...
Registered in 0.005962 seconds.
Begin MonoManager ReloadAssembly
Native extension for WindowsStandalone target not found
Refreshing native plugins compatible for Editor in 8.05 ms, found 0 plugins.
Preloading 0 native plugins for Editor in 0.00 ms.
Invoked RoslynAnalysisRunner static constructor.
RoslynAnalysisRunner will not be running.
RoslynAnalysisRunner has terminated.
Mono: successfully reloaded assembly
- Completed reload, in  6.528 seconds
Platform modules already initialized, skipping
Refreshing native plugins compatible for Editor in 2.53 ms, found 0 plugins.
Preloading 0 native plugins for Editor in 0.00 ms.
Unloading 1248 Unused Serialized files (Serialized files now loaded: 0)
System memory in use before: 92.0 MB.
System memory in use after: 91.9 MB.

Unloading 5 unused Assets to reduce memory usage. Loaded Objects now: 1772.
Total: 21.436600 ms (FindLiveObjects: 1.295600 ms CreateObjectMapping: 0.265300 ms MarkObjects: 15.915600 ms  DeleteObjects: 3.946400 ms)

========================================================================
Received Prepare
Registering precompiled user dll's ...
Registered in 0.006220 seconds.
Begin MonoManager ReloadAssembly
Native extension for WindowsStandalone target not found
Refreshing native plugins compatible for Editor in 2.24 ms, found 0 plugins.
Preloading 0 native plugins for Editor in 0.00 ms.
Invoked RoslynAnalysisRunner static constructor.
RoslynAnalysisRunner will not be running.
RoslynAnalysisRunner has terminated.
Mono: successfully reloaded assembly
- Completed reload, in 15.989 seconds
Platform modules already initialized, skipping
Refreshing native plugins compatible for Editor in 2.90 ms, found 0 plugins.
Preloading 0 native plugins for Editor in 0.00 ms.
Unloading 1248 Unused Serialized files (Serialized files now loaded: 0)
System memory in use before: 92.0 MB.
System memory in use after: 91.9 MB.

Unloading 5 unused Assets to reduce memory usage. Loaded Objects now: 1775.
Total: 12.009900 ms (FindLiveObjects: 0.949800 ms CreateObjectMapping: 0.269100 ms MarkObjects: 8.483900 ms  DeleteObjects: 2.297500 ms)

========================================================================
Received Prepare
Registering precompiled user dll's ...
Registered in 0.007547 seconds.
Begin MonoManager ReloadAssembly
Native extension for WindowsStandalone target not found
Refreshing native plugins compatible for Editor in 2.29 ms, found 0 plugins.
Preloading 0 native plugins for Editor in 0.00 ms.
Invoked RoslynAnalysisRunner static constructor.
RoslynAnalysisRunner will not be running.
RoslynAnalysisRunner has terminated.
Mono: successfully reloaded assembly
- Completed reload, in 11.891 seconds
Platform modules already initialized, skipping
Refreshing native plugins compatible for Editor in 2.19 ms, found 0 plugins.
Preloading 0 native plugins for Editor in 0.00 ms.
Unloading 1248 Unused Serialized files (Serialized files now loaded: 0)
System memory in use before: 92.0 MB.
System memory in use after: 91.9 MB.

Unloading 5 unused Assets to reduce memory usage. Loaded Objects now: 1778.
Total: 12.104300 ms (FindLiveObjects: 0.918700 ms CreateObjectMapping: 0.246300 ms MarkObjects: 8.778300 ms  DeleteObjects: 2.153100 ms)

========================================================================
Received Prepare
Registering precompiled user dll's ...
Registered in 0.006455 seconds.
Begin MonoManager ReloadAssembly
Native extension for WindowsStandalone target not found
Refreshing native plugins compatible for Editor in 2.03 ms, found 0 plugins.
Preloading 0 native plugins for Editor in 0.00 ms.
Invoked RoslynAnalysisRunner static constructor.
RoslynAnalysisRunner will not be running.
RoslynAnalysisRunner has terminated.
Mono: successfully reloaded assembly
- Completed reload, in  6.341 seconds
Platform modules already initialized, skipping
Refreshing native plugins compatible for Editor in 2.10 ms, found 0 plugins.
Preloading 0 native plugins for Editor in 0.00 ms.
Unloading 1248 Unused Serialized files (Serialized files now loaded: 0)
System memory in use before: 92.0 MB.
System memory in use after: 91.9 MB.

Unloading 5 unused Assets to reduce memory usage. Loaded Objects now: 1781.
Total: 11.452300 ms (FindLiveObjects: 0.899500 ms CreateObjectMapping: 0.231300 ms MarkObjects: 8.283600 ms  DeleteObjects: 2.029700 ms)

========================================================================
Received Prepare
Registering precompiled user dll's ...
Registered in 0.006252 seconds.
Begin MonoManager ReloadAssembly
Native extension for WindowsStandalone target not found
Refreshing native plugins compatible for Editor in 1.99 ms, found 0 plugins.
Preloading 0 native plugins for Editor in 0.00 ms.
Invoked RoslynAnalysisRunner static constructor.
RoslynAnalysisRunner will not be running.
RoslynAnalysisRunner has terminated.
Mono: successfully reloaded assembly
- Completed reload, in  6.286 seconds
Platform modules already initialized, skipping
Refreshing native plugins compatible for Editor in 2.63 ms, found 0 plugins.
Preloading 0 native plugins for Editor in 0.00 ms.
Unloading 1248 Unused Serialized files (Serialized files now loaded: 0)
System memory in use before: 92.1 MB.
System memory in use after: 91.9 MB.

Unloading 5 unused Assets to reduce memory usage. Loaded Objects now: 1784.
Total: 14.485600 ms (FindLiveObjects: 0.959800 ms CreateObjectMapping: 0.259000 ms MarkObjects: 11.064500 ms  DeleteObjects: 2.194500 ms)

========================================================================
Received Prepare
Registering precompiled user dll's ...
Registered in 0.008093 seconds.
Begin MonoManager ReloadAssembly
Native extension for WindowsStandalone target not found
Refreshing native plugins compatible for Editor in 2.79 ms, found 0 plugins.
Preloading 0 native plugins for Editor in 0.00 ms.
Invoked RoslynAnalysisRunner static constructor.
RoslynAnalysisRunner will not be running.
RoslynAnalysisRunner has terminated.
Mono: successfully reloaded assembly
- Completed reload, in 10.219 seconds
Platform modules already initialized, skipping
Refreshing native plugins compatible for Editor in 2.08 ms, found 0 plugins.
Preloading 0 native plugins for Editor in 0.00 ms.
Unloading 1248 Unused Serialized files (Serialized files now loaded: 0)
System memory in use before: 92.1 MB.
System memory in use after: 91.9 MB.

Unloading 5 unused Assets to reduce memory usage. Loaded Objects now: 1787.
Total: 18.423500 ms (FindLiveObjects: 1.014300 ms CreateObjectMapping: 0.325300 ms MarkObjects: 14.530500 ms  DeleteObjects: 2.543700 ms)

========================================================================
Received Prepare
Registering precompiled user dll's ...
Registered in 0.006480 seconds.
Begin MonoManager ReloadAssembly
Native extension for WindowsStandalone target not found
Refreshing native plugins compatible for Editor in 2.09 ms, found 0 plugins.
Preloading 0 native plugins for Editor in 0.00 ms.
Invoked RoslynAnalysisRunner static constructor.
RoslynAnalysisRunner will not be running.
RoslynAnalysisRunner has terminated.
Mono: successfully reloaded assembly
- Completed reload, in 14.127 seconds
Platform modules already initialized, skipping
Refreshing native plugins compatible for Editor in 2.07 ms, found 0 plugins.
Preloading 0 native plugins for Editor in 0.00 ms.
Unloading 1248 Unused Serialized files (Serialized files now loaded: 0)
System memory in use before: 92.1 MB.
System memory in use after: 91.9 MB.

Unloading 5 unused Assets to reduce memory usage. Loaded Objects now: 1790.
Total: 11.843000 ms (FindLiveObjects: 0.924200 ms CreateObjectMapping: 0.251800 ms MarkObjects: 8.550600 ms  DeleteObjects: 2.109200 ms)

========================================================================
Received Prepare
Registering precompiled user dll's ...
Registered in 0.007280 seconds.
Begin MonoManager ReloadAssembly
Native extension for WindowsStandalone target not found
Refreshing native plugins compatible for Editor in 2.12 ms, found 0 plugins.
Preloading 0 native plugins for Editor in 0.00 ms.
Invoked RoslynAnalysisRunner static constructor.
RoslynAnalysisRunner will not be running.
RoslynAnalysisRunner has terminated.
Mono: successfully reloaded assembly
- Completed reload, in  8.270 seconds
Platform modules already initialized, skipping
Refreshing native plugins compatible for Editor in 3.95 ms, found 0 plugins.
Preloading 0 native plugins for Editor in 0.00 ms.
Unloading 1248 Unused Serialized files (Serialized files now loaded: 0)
System memory in use before: 92.1 MB.
System memory in use after: 91.9 MB.

Unloading 5 unused Assets to reduce memory usage. Loaded Objects now: 1793.
Total: 20.255600 ms (FindLiveObjects: 1.254500 ms CreateObjectMapping: 0.460400 ms MarkObjects: 13.137900 ms  DeleteObjects: 5.390800 ms)

========================================================================
Received Import Request.
  Time since last request: 3226.865462 seconds.
  path: Assets/Items/Key.asset
  artifactKey: Guid(673e5505664012c4f82515133cab5f93) Importer(815301076,1909f56bfc062723c751e8b465ee728b)
Start importing Assets/Items/Key.asset using Guid(673e5505664012c4f82515133cab5f93) Importer(815301076,1909f56bfc062723c751e8b465ee728b)  -> (artifact id: 'd153ca1f43a8d262b2ea8bbec81dc3cf') in 0.418953 seconds
  Import took 0.463067 seconds .

========================================================================
Received Import Request.
  Time since last request: 0.000943 seconds.
  path: Assets/Items/Page.asset
  artifactKey: Guid(5e867170e505c9541b484c4838f96c82) Importer(815301076,1909f56bfc062723c751e8b465ee728b)
Start importing Assets/Items/Page.asset using Guid(5e867170e505c9541b484c4838f96c82) Importer(815301076,1909f56bfc062723c751e8b465ee728b)  -> (artifact id: '74a7172f9de1e5f1efbf30266555a388') in 0.112698 seconds
  Import took 0.126241 seconds .

========================================================================
Received Prepare
Registering precompiled user dll's ...
Registered in 0.039870 seconds.
Begin MonoManager ReloadAssembly
Native extension for WindowsStandalone target not found
Refreshing native plugins compatible for Editor in 2.11 ms, found 0 plugins.
Preloading 0 native plugins for Editor in 0.00 ms.
Invoked RoslynAnalysisRunner static constructor.
RoslynAnalysisRunner will not be running.
RoslynAnalysisRunner has terminated.
Mono: successfully reloaded assembly
- Completed reload, in  6.343 seconds
Platform modules already initialized, skipping
Refreshing native plugins compatible for Editor in 2.12 ms, found 0 plugins.
Preloading 0 native plugins for Editor in 0.00 ms.
Unloading 1248 Unused Serialized files (Serialized files now loaded: 0)
System memory in use before: 92.1 MB.
System memory in use after: 91.9 MB.

Unloading 5 unused Assets to reduce memory usage. Loaded Objects now: 1796.
Total: 12.128800 ms (FindLiveObjects: 1.096100 ms CreateObjectMapping: 0.264800 ms MarkObjects: 8.663500 ms  DeleteObjects: 2.094400 ms)

========================================================================
Received Import Request.
  Time since last request: 63.080882 seconds.
  path: Assets/Unity Store Assets/Rust Key/Textures/rust_key_Albedo.png
  artifactKey: Guid(5bd6483ca03c6af49819f42e9546af01) Importer(815301076,1909f56bfc062723c751e8b465ee728b)
Start importing Assets/Unity Store Assets/Rust Key/Textures/rust_key_Albedo.png using Guid(5bd6483ca03c6af49819f42e9546af01) Importer(815301076,1909f56bfc062723c751e8b465ee728b)  -> (artifact id: 'af902be3f29e195dc34d48246f0ae741') in 1.176329 seconds
  Import took 1.189700 seconds .

========================================================================
Received Import Request.
  Time since last request: 0.001343 seconds.
  path: Assets/Unity Store Assets/Rust Key/Textures/rust_key_Specular.png
  artifactKey: Guid(52677d52f236f71418c3f498e0fc9695) Importer(815301076,1909f56bfc062723c751e8b465ee728b)
Start importing Assets/Unity Store Assets/Rust Key/Textures/rust_key_Specular.png using Guid(52677d52f236f71418c3f498e0fc9695) Importer(815301076,1909f56bfc062723c751e8b465ee728b)  -> (artifact id: '730f5effcfbe4f60d886c2d3eaf9f042') in 0.289161 seconds
  Import took 0.301785 seconds .

========================================================================
Received Import Request.
  Time since last request: 0.001265 seconds.
  path: Assets/Unity Store Assets/Rust Key/Textures/rust_key_Roughness.png
  artifactKey: Guid(c72ad8a32b08a9147999f3928803c81e) Importer(815301076,1909f56bfc062723c751e8b465ee728b)
Start importing Assets/Unity Store Assets/Rust Key/Textures/rust_key_Roughness.png using Guid(c72ad8a32b08a9147999f3928803c81e) Importer(815301076,1909f56bfc062723c751e8b465ee728b)  -> (artifact id: '5bab4530a3bfe6a0f9de994bf76efa82') in 0.371567 seconds
  Import took 0.387089 seconds .

========================================================================
Received Import Request.
  Time since last request: 0.000286 seconds.
  path: Assets/Unity Store Assets/Rust Key/Prefabs/rust_key.prefab
  artifactKey: Guid(78df1db2fbc8ec64f949fac0c05bf693) Importer(815301076,1909f56bfc062723c751e8b465ee728b)
Start importing Assets/Unity Store Assets/Rust Key/Prefabs/rust_key.prefab using Guid(78df1db2fbc8ec64f949fac0c05bf693) Importer(815301076,1909f56bfc062723c751e8b465ee728b)  -> (artifact id: 'e6793f65fa43e626f19765ca956efc2b') in 1.403227 seconds
  Import took 1.419727 seconds .

========================================================================
Received Import Request.
  Time since last request: 0.002099 seconds.
  path: Assets/Unity Store Assets/Rust Key/Textures/rust_key_Metalness.png
  artifactKey: Guid(ae3d3bc9a246cb74e918dba5a7fe89d7) Importer(815301076,1909f56bfc062723c751e8b465ee728b)
Start importing Assets/Unity Store Assets/Rust Key/Textures/rust_key_Metalness.png using Guid(ae3d3bc9a246cb74e918dba5a7fe89d7) Importer(815301076,1909f56bfc062723c751e8b465ee728b)  -> (artifact id: '6ce75a4314ecd6a8b5186cbf3fcab731') in 0.287946 seconds
  Import took 0.315675 seconds .

========================================================================
Received Import Request.
  Time since last request: 0.001128 seconds.
  path: Assets/Unity Store Assets/Rust Key/Prefabs
  artifactKey: Guid(51583b4ac38b90748b20a384ff8098db) Importer(815301076,1909f56bfc062723c751e8b465ee728b)
Start importing Assets/Unity Store Assets/Rust Key/Prefabs using Guid(51583b4ac38b90748b20a384ff8098db) Importer(815301076,1909f56bfc062723c751e8b465ee728b)  -> (artifact id: 'ccda5dd7f1922891c35e3e4281ede1ec') in 0.057626 seconds
  Import took 0.070594 seconds .

========================================================================
Received Import Request.
  Time since last request: 0.000244 seconds.
  path: Assets/Unity Store Assets/Rust Key/Textures/rust_key_Normal.png
  artifactKey: Guid(c924f4719ce4d6242a0057ec80cf0758) Importer(815301076,1909f56bfc062723c751e8b465ee728b)
Start importing Assets/Unity Store Assets/Rust Key/Textures/rust_key_Normal.png using Guid(c924f4719ce4d6242a0057ec80cf0758) Importer(815301076,1909f56bfc062723c751e8b465ee728b)  -> (artifact id: '7dda3f801456db5dbb9a167000383f84') in 0.479401 seconds
  Import took 0.496770 seconds .

========================================================================
Received Import Request.
  Time since last request: 0.001662 seconds.
  path: Assets/Unity Store Assets/Rust Key/Materials/rust_key_standard.mat
  artifactKey: Guid(c4ce38443ffac714c82a4b78c56ea38a) Importer(815301076,1909f56bfc062723c751e8b465ee728b)
Start importing Assets/Unity Store Assets/Rust Key/Materials/rust_key_standard.mat using Guid(c4ce38443ffac714c82a4b78c56ea38a) Importer(815301076,1909f56bfc062723c751e8b465ee728b)  -> (artifact id: '308641d55fbcbf3381f546ad0f4a3c4e') in 4.040817 seconds
  Import took 4.056428 seconds .

========================================================================
Received Import Request.
  Time since last request: 0.001226 seconds.
  path: Assets/Unity Store Assets/Sun_Temple/Content/Meshes/Main/Prop_Rug_A.fbx
  artifactKey: Guid(24e08ab40f078e74f82a708ad574bcff) Importer(815301076,1909f56bfc062723c751e8b465ee728b)
Start importing Assets/Unity Store Assets/Sun_Temple/Content/Meshes/Main/Prop_Rug_A.fbx using Guid(24e08ab40f078e74f82a708ad574bcff) Importer(815301076,1909f56bfc062723c751e8b465ee728b)  -> (artifact id: 'd81b53e6c2092d0ba443cdc44e8d790d') in 2.916411 seconds
  Import took 2.935493 seconds .

========================================================================
Received Import Request.
  Time since last request: 0.001181 seconds.
  path: Assets/Sprites/RustyKey.png
  artifactKey: Guid(50dba14429fad804fbf9582e1f17d813) Importer(815301076,1909f56bfc062723c751e8b465ee728b)
Start importing Assets/Sprites/RustyKey.png using Guid(50dba14429fad804fbf9582e1f17d813) Importer(815301076,1909f56bfc062723c751e8b465ee728b)  -> (artifact id: '550b5aa6661781e82afa6b8099293371') in 0.753807 seconds
  Import took 0.780518 seconds .

========================================================================
Received Import Request.
  Time since last request: 0.000931 seconds.
  path: Assets/Unity Store Assets/Sun_Temple/Content/Meshes/Main/Prop_Rug_B.fbx
  artifactKey: Guid(e530c6e224537ec4ca3073f534943d30) Importer(815301076,1909f56bfc062723c751e8b465ee728b)
Start importing Assets/Unity Store Assets/Sun_Temple/Content/Meshes/Main/Prop_Rug_B.fbx using Guid(e530c6e224537ec4ca3073f534943d30) Importer(815301076,1909f56bfc062723c751e8b465ee728b)  -> (artifact id: '22147347dcf555fded63f254e7b94353') in 0.295530 seconds
  Import took 0.309323 seconds .

========================================================================
Received Import Request.
  Time since last request: 0.000943 seconds.
  path: Assets/Unity Store Assets/Rust Key/Materials/rust_key_autodesk.mat
  artifactKey: Guid(1a7c6b13b8983fa4bbfb1dbfbb5fef57) Importer(815301076,1909f56bfc062723c751e8b465ee728b)
Start importing Assets/Unity Store Assets/Rust Key/Materials/rust_key_autodesk.mat using Guid(1a7c6b13b8983fa4bbfb1dbfbb5fef57) Importer(815301076,1909f56bfc062723c751e8b465ee728b)  -> (artifact id: '75ab2890274e50ca90815f56bbb48b16') in 0.756425 seconds
  Import took 0.769219 seconds .

========================================================================
Received Import Request.
  Time since last request: 0.000797 seconds.
  path: Assets/Sprites/papyrus.png
  artifactKey: Guid(9ae9ac126f6be9b4fa19f7461dcf1715) Importer(815301076,1909f56bfc062723c751e8b465ee728b)
Start importing Assets/Sprites/papyrus.png using Guid(9ae9ac126f6be9b4fa19f7461dcf1715) Importer(815301076,1909f56bfc062723c751e8b465ee728b)  -> (artifact id: '064f94eb91e98cf6f4d2e9d202958faf') in 0.559917 seconds
  Import took 0.587066 seconds .

========================================================================
Received Import Request.
  Time since last request: 0.001125 seconds.
  path: Assets/Unity Store Assets/Rust Key/Mesh/rust_key.FBX
  artifactKey: Guid(0669f3d8f4b119f418a4bbe061cc198f) Importer(815301076,1909f56bfc062723c751e8b465ee728b)
Start importing Assets/Unity Store Assets/Rust Key/Mesh/rust_key.FBX using Guid(0669f3d8f4b119f418a4bbe061cc198f) Importer(815301076,1909f56bfc062723c751e8b465ee728b)  -> (artifact id: '776f32e9ff17684c231cfdef9002528e') in 1.259127 seconds
  Import took 1.288532 seconds .

========================================================================
Received Import Request.
  Time since last request: 169.918532 seconds.
  path: Assets/Prefabs/Bgr_Mountains (1).prefab
  artifactKey: Guid(d0b02c86d4264324399622c1aa2bda31) Importer(815301076,1909f56bfc062723c751e8b465ee728b)
Start importing Assets/Prefabs/Bgr_Mountains (1).prefab using Guid(d0b02c86d4264324399622c1aa2bda31) Importer(815301076,1909f56bfc062723c751e8b465ee728b)  -> (artifact id: '1ab97360acbdb6a9545eaad45449d3b6') in 1.870886 seconds
  Import took 1.935650 seconds .

========================================================================
Received Import Request.
  Time since last request: 0.000912 seconds.
  path: Assets/Prefabs/Player1.prefab
  artifactKey: Guid(8e6cf813b612fa4499a30f77de87a445) Importer(815301076,1909f56bfc062723c751e8b465ee728b)
Start importing Assets/Prefabs/Player1.prefab using Guid(8e6cf813b612fa4499a30f77de87a445) Importer(815301076,1909f56bfc062723c751e8b465ee728b)  -> (artifact id: 'df2331a02453c64452a3251523b8dfb2') in 0.098453 seconds
  Import took 0.116315 seconds .

========================================================================
Received Import Request.
  Time since last request: 0.001094 seconds.
  path: Assets/Prefabs/InventorySlot.prefab
  artifactKey: Guid(09f19a874eca83a41aaa7cde3b1cc3aa) Importer(815301076,1909f56bfc062723c751e8b465ee728b)
Start importing Assets/Prefabs/InventorySlot.prefab using Guid(09f19a874eca83a41aaa7cde3b1cc3aa) Importer(815301076,1909f56bfc062723c751e8b465ee728b)  -> (artifact id: 'aa436c1051b676a75888b066f3bf478a') in 0.266206 seconds
  Import took 0.283726 seconds .

========================================================================
Received Import Request.
  Time since last request: 21.788358 seconds.
  path: Assets/Sprites/inventorybag.png
  artifactKey: Guid(b8786c2b0650e374186e209b1d90541e) Importer(815301076,1909f56bfc062723c751e8b465ee728b)
Start importing Assets/Sprites/inventorybag.png using Guid(b8786c2b0650e374186e209b1d90541e) Importer(815301076,1909f56bfc062723c751e8b465ee728b)  -> (artifact id: '2921b9e681362df27b0dc78e9af6088d') in 0.349188 seconds
  Import took 0.361025 seconds .

========================================================================
Received Import Request.
  Time since last request: 0.021742 seconds.
  path: Assets/Sprites/inventorybag.png
  artifactKey: Guid(b8786c2b0650e374186e209b1d90541e) Importer(815301076,1909f56bfc062723c751e8b465ee728b)
Start importing Assets/Sprites/inventorybag.png using Guid(b8786c2b0650e374186e209b1d90541e) Importer(815301076,1909f56bfc062723c751e8b465ee728b)  -> (artifact id: '2921b9e681362df27b0dc78e9af6088d') in 0.126652 seconds
  Import took 0.139625 seconds .

========================================================================
Received Prepare
Registering precompiled user dll's ...
Registered in 0.005917 seconds.
Begin MonoManager ReloadAssembly
Native extension for WindowsStandalone target not found
Refreshing native plugins compatible for Editor in 2.38 ms, found 0 plugins.
Preloading 0 native plugins for Editor in 0.00 ms.
Invoked RoslynAnalysisRunner static constructor.
RoslynAnalysisRunner will not be running.
RoslynAnalysisRunner has terminated.
Mono: successfully reloaded assembly
- Completed reload, in  7.285 seconds
Platform modules already initialized, skipping
Refreshing native plugins compatible for Editor in 2.22 ms, found 0 plugins.
Preloading 0 native plugins for Editor in 0.00 ms.
Unloading 1248 Unused Serialized files (Serialized files now loaded: 0)
System memory in use before: 98.2 MB.
System memory in use after: 98.0 MB.

Unloading 5 unused Assets to reduce memory usage. Loaded Objects now: 1850.
Total: 13.861300 ms (FindLiveObjects: 0.972300 ms CreateObjectMapping: 0.342800 ms MarkObjects: 9.915900 ms  DeleteObjects: 2.621200 ms)

========================================================================
Received Import Request.
  Time since last request: 89.557853 seconds.
  path: Assets/Scenes/Level1/Items/Page.prefab
  artifactKey: Guid(187b14d50e0154249bda51d45ccb290b) Importer(815301076,1909f56bfc062723c751e8b465ee728b)
Start importing Assets/Scenes/Level1/Items/Page.prefab using Guid(187b14d50e0154249bda51d45ccb290b) Importer(815301076,1909f56bfc062723c751e8b465ee728b)  -> (artifact id: '5098d8ce35595d77f3d7c8b2e2cc16a4') in 0.571373 seconds
  Import took 0.587842 seconds .

========================================================================
Received Import Request.
  Time since last request: 77.427649 seconds.
  path: Assets/Scripts/Items scripts
  artifactKey: Guid(566f54fb875a57242b62479a60ffda8f) Importer(815301076,1909f56bfc062723c751e8b465ee728b)
Start importing Assets/Scripts/Items scripts using Guid(566f54fb875a57242b62479a60ffda8f) Importer(815301076,1909f56bfc062723c751e8b465ee728b)  -> (artifact id: 'de159c90a2f7f7e47b163d3de4aa4e8a') in 0.119100 seconds
  Import took 0.131850 seconds .

========================================================================
Received Import Request.
  Time since last request: 0.038575 seconds.
  path: Assets/Scripts/Items scripts
  artifactKey: Guid(566f54fb875a57242b62479a60ffda8f) Importer(815301076,1909f56bfc062723c751e8b465ee728b)
Start importing Assets/Scripts/Items scripts using Guid(566f54fb875a57242b62479a60ffda8f) Importer(815301076,1909f56bfc062723c751e8b465ee728b)  -> (artifact id: 'de159c90a2f7f7e47b163d3de4aa4e8a') in 0.028762 seconds
  Import took 0.041319 seconds .

========================================================================
Received Prepare
Registering precompiled user dll's ...
Registered in 0.006615 seconds.
Begin MonoManager ReloadAssembly
Native extension for WindowsStandalone target not found
Refreshing native plugins compatible for Editor in 2.35 ms, found 0 plugins.
Preloading 0 native plugins for Editor in 0.00 ms.
Invoked RoslynAnalysisRunner static constructor.
RoslynAnalysisRunner will not be running.
RoslynAnalysisRunner has terminated.
Mono: successfully reloaded assembly
- Completed reload, in  6.207 seconds
Platform modules already initialized, skipping
Refreshing native plugins compatible for Editor in 2.08 ms, found 0 plugins.
Preloading 0 native plugins for Editor in 0.00 ms.
Unloading 1248 Unused Serialized files (Serialized files now loaded: 0)
System memory in use before: 98.2 MB.
System memory in use after: 98.0 MB.

Unloading 5 unused Assets to reduce memory usage. Loaded Objects now: 1855.
Total: 13.023300 ms (FindLiveObjects: 1.206900 ms CreateObjectMapping: 0.250000 ms MarkObjects: 9.473600 ms  DeleteObjects: 2.083600 ms)

========================================================================
Received Prepare
Registering precompiled user dll's ...
Registered in 0.006315 seconds.
Begin MonoManager ReloadAssembly
Native extension for WindowsStandalone target not found
Refreshing native plugins compatible for Editor in 3.21 ms, found 0 plugins.
Preloading 0 native plugins for Editor in 0.00 ms.
Invoked RoslynAnalysisRunner static constructor.
RoslynAnalysisRunner will not be running.
RoslynAnalysisRunner has terminated.
Mono: successfully reloaded assembly
- Completed reload, in 15.884 seconds
Platform modules already initialized, skipping
Refreshing native plugins compatible for Editor in 2.13 ms, found 0 plugins.
Preloading 0 native plugins for Editor in 0.00 ms.
Unloading 1248 Unused Serialized files (Serialized files now loaded: 0)
System memory in use before: 98.2 MB.
System memory in use after: 98.0 MB.

Unloading 5 unused Assets to reduce memory usage. Loaded Objects now: 1858.
Total: 12.074100 ms (FindLiveObjects: 1.046900 ms CreateObjectMapping: 0.284000 ms MarkObjects: 8.625900 ms  DeleteObjects: 2.110200 ms)

========================================================================
Received Prepare
Registering precompiled user dll's ...
Registered in 0.006053 seconds.
Begin MonoManager ReloadAssembly
Native extension for WindowsStandalone target not found
Refreshing native plugins compatible for Editor in 1.98 ms, found 0 plugins.
Preloading 0 native plugins for Editor in 0.00 ms.
Invoked RoslynAnalysisRunner static constructor.
RoslynAnalysisRunner will not be running.
RoslynAnalysisRunner has terminated.
Mono: successfully reloaded assembly
- Completed reload, in  6.612 seconds
Platform modules already initialized, skipping
Refreshing native plugins compatible for Editor in 5.15 ms, found 0 plugins.
Preloading 0 native plugins for Editor in 0.00 ms.
Unloading 1248 Unused Serialized files (Serialized files now loaded: 0)
System memory in use before: 98.2 MB.
System memory in use after: 98.1 MB.

Unloading 5 unused Assets to reduce memory usage. Loaded Objects now: 1861.
Total: 12.438400 ms (FindLiveObjects: 0.989400 ms CreateObjectMapping: 0.257000 ms MarkObjects: 9.097000 ms  DeleteObjects: 2.085300 ms)

AssetImportWorkerClient::OnTransportError - code=2 error=End of file
