Base path: 'C:/Program Files/Unity/Editor/Data', plugins path 'C:/Program Files/Unity/Editor/Data/PlaybackEngines'
Cmd: initializeCompiler

Cmd: disassembleShader
  platform=d3d11 type=15 mask=6 insize=1894 outsize=3310 ok=1

Cmd: disassembleShader
  platform=d3d11 type=15 mask=6 insize=2362 outsize=3924 ok=1

Cmd: disassembleShader
  platform=d3d11 type=15 mask=6 insize=1638 outsize=2982 ok=1

Cmd: disassembleShader
  platform=d3d11 type=15 mask=6 insize=2746 outsize=4495 ok=1

Cmd: disassembleShader
  platform=d3d11 type=15 mask=6 insize=2854 outsize=4651 ok=1

Cmd: disassembleShader
  platform=d3d11 type=15 mask=6 insize=2018 outsize=3466 ok=1

Cmd: disassembleShader
  platform=d3d11 type=15 mask=6 insize=2466 outsize=4133 ok=1

Cmd: disassembleShader
  platform=d3d11 type=15 mask=6 insize=2370 outsize=3962 ok=1

Cmd: disassembleShader
  platform=d3d11 type=15 mask=6 insize=1914 outsize=3389 ok=1

Cmd: disassembleShader
  platform=d3d11 type=15 mask=6 insize=2050 outsize=3578 ok=1

Cmd: disassembleShader
  platform=d3d11 type=15 mask=6 insize=3634 outsize=5727 ok=1

Cmd: disassembleShader
  platform=d3d11 type=15 mask=6 insize=1914 outsize=3337 ok=1

Cmd: disassembleShader
  platform=d3d11 type=15 mask=6 insize=1746 outsize=3138 ok=1

Cmd: disassembleShader
  platform=d3d11 type=15 mask=6 insize=1658 outsize=3009 ok=1

Cmd: disassembleShader
  platform=d3d11 type=15 mask=6 insize=2126 outsize=3622 ok=1

Cmd: disassembleShader
  platform=d3d11 type=15 mask=6 insize=3214 outsize=5109 ok=1

Cmd: disassembleShader
  platform=d3d11 type=15 mask=6 insize=2254 outsize=3800 ok=1

Cmd: disassembleShader
  platform=d3d11 type=15 mask=6 insize=2050 outsize=3578 ok=1

Cmd: disassembleShader
  platform=d3d11 type=15 mask=6 insize=1934 outsize=3416 ok=1

Cmd: disassembleShader
  platform=d3d11 type=15 mask=6 insize=2466 outsize=4133 ok=1

Cmd: disassembleShader
  platform=d3d11 type=15 mask=6 insize=3634 outsize=5727 ok=1

Cmd: disassembleShader
  platform=d3d11 type=17 mask=6 insize=6886 outsize=9768 ok=1

Cmd: disassembleShader
  platform=d3d11 type=17 mask=6 insize=4094 outsize=6219 ok=1

Cmd: disassembleShader
  platform=d3d11 type=17 mask=6 insize=6490 outsize=9246 ok=1

Cmd: disassembleShader
  platform=d3d11 type=17 mask=6 insize=6026 outsize=8530 ok=1

Cmd: disassembleShader
  platform=d3d11 type=17 mask=6 insize=7366 outsize=10510 ok=1

Cmd: disassembleShader
  platform=d3d11 type=17 mask=6 insize=6230 outsize=9131 ok=1

Cmd: compileSnippet
  insize=1489 path=Assets/DefaultResourcesExtra cachingPP=1 ppOnly=0 stripLineD=0 buildPlatform=5 rsLen=0 pKW=UNITY_ENABLE_REFLECTION_BUFFERS UNITY_USE_DITHER_MASK_FOR_ALPHABLENDED_SHADOWS UNITY_PBS_USE_BRDF1 UNITY_SPECCUBE_BOX_PROJECTION UNITY_SPECCUBE_BLENDING UNITY_ENABLE_DETAIL_NORMALMAP SHADER_API_DESKTOP UNITY_COLORSPACE_GAMMA UNITY_LIGHT_PROBE_PROXY_VOLUME UNITY_LIGHTMAP_FULL_HDR UNITY_PASS_FORWARDBASE uKW=DIRECTIONAL _EMISSION _NORMALMAP dKW=FOG_LINEAR FOG_EXP FOG_EXP2 INSTANCING_ON _ALPHATEST_ON _ALPHABLEND_ON _ALPHAPREMULTIPLY_ON _METALLICGLOSSMAP _DETAIL_MULX2 _SMOOTHNESS_TEXTURE_ALBEDO_CHANNEL_A _SPECULARHIGHLIGHTS_OFF _GLOSSYREFLECTIONS_OFF _PARALLAXMAP LIGHTPROBE_SH SHADOWS_SHADOWMASK DYNAMICLIGHTMAP_ON LIGHTMAP_ON LIGHTMAP_SHADOW_MIXING DIRLIGHTMAP_COMBINED SHADOWS_SCREEN UNITY_NO_DXT5nm UNITY_ENABLE_NATIVE_SHADOW_LOOKUPS UNITY_METAL_SHADOWS_USE_POINT_FILTERING UNITY_NO_SCREENSPACE_SHADOWS UNITY_PBS_USE_BRDF2 UNITY_PBS_USE_BRDF3 UNITY_NO_FULL_STANDARD_SHADER UNITY_HARDWARE_TIER1 UNITY_HARDWARE_TIER2 UNITY_HARDWARE_TIER3 UNITY_HALF_PRECISION_FRAGMENT_SHADER_REGISTERS UNITY_LIGHTMAP_DLDR_ENCODING UNITY_LIGHTMAP_RGBM_ENCODING UNITY_VIRTUAL_TEXTURING UNITY_PRETRANSFORM_TO_DISPLAY_ORIENTATION UNITY_ASTC_NORMALMAP_ENCODING SHADER_API_GLES30 flags=0 lang=0 type=Fragment platform=d3d11 reqs=227 mask=6 start=68 ok=1 outsize=6086

Cmd: disassembleShader
  platform=d3d11 type=17 mask=6 insize=6086 outsize=8657 ok=1

Cmd: disassembleShader
  platform=d3d11 type=17 mask=6 insize=7426 outsize=10591 ok=1

Cmd: disassembleShader
  platform=d3d11 type=17 mask=6 insize=7818 outsize=11158 ok=1

Cmd: disassembleShader
  platform=d3d11 type=17 mask=6 insize=7686 outsize=11044 ok=1

Cmd: disassembleShader
  platform=d3d11 type=17 mask=6 insize=6394 outsize=9397 ok=1

Cmd: disassembleShader
  platform=d3d11 type=17 mask=6 insize=7354 outsize=10451 ok=1

Cmd: disassembleShader
  platform=d3d11 type=17 mask=6 insize=6018 outsize=8542 ok=1

Cmd: compileSnippet
  insize=1489 path=Assets/DefaultResourcesExtra cachingPP=1 ppOnly=0 stripLineD=0 buildPlatform=5 rsLen=0 pKW=UNITY_ENABLE_REFLECTION_BUFFERS UNITY_USE_DITHER_MASK_FOR_ALPHABLENDED_SHADOWS UNITY_PBS_USE_BRDF1 UNITY_SPECCUBE_BOX_PROJECTION UNITY_SPECCUBE_BLENDING UNITY_ENABLE_DETAIL_NORMALMAP SHADER_API_DESKTOP UNITY_COLORSPACE_GAMMA UNITY_LIGHT_PROBE_PROXY_VOLUME UNITY_LIGHTMAP_FULL_HDR UNITY_PASS_FORWARDBASE uKW=DIRECTIONAL _EMISSION INSTANCING_ON _NORMALMAP dKW=FOG_LINEAR FOG_EXP FOG_EXP2 _ALPHATEST_ON _ALPHABLEND_ON _ALPHAPREMULTIPLY_ON _METALLICGLOSSMAP _DETAIL_MULX2 _SMOOTHNESS_TEXTURE_ALBEDO_CHANNEL_A _SPECULARHIGHLIGHTS_OFF _GLOSSYREFLECTIONS_OFF _PARALLAXMAP LIGHTPROBE_SH SHADOWS_SHADOWMASK DYNAMICLIGHTMAP_ON LIGHTMAP_ON LIGHTMAP_SHADOW_MIXING DIRLIGHTMAP_COMBINED SHADOWS_SCREEN UNITY_NO_DXT5nm UNITY_ENABLE_NATIVE_SHADOW_LOOKUPS UNITY_METAL_SHADOWS_USE_POINT_FILTERING UNITY_NO_SCREENSPACE_SHADOWS UNITY_PBS_USE_BRDF2 UNITY_PBS_USE_BRDF3 UNITY_NO_FULL_STANDARD_SHADER UNITY_HARDWARE_TIER1 UNITY_HARDWARE_TIER2 UNITY_HARDWARE_TIER3 UNITY_HALF_PRECISION_FRAGMENT_SHADER_REGISTERS UNITY_LIGHTMAP_DLDR_ENCODING UNITY_LIGHTMAP_RGBM_ENCODING UNITY_VIRTUAL_TEXTURING UNITY_PRETRANSFORM_TO_DISPLAY_ORIENTATION UNITY_ASTC_NORMALMAP_ENCODING SHADER_API_GLES30 flags=0 lang=0 type=Fragment platform=d3d11 reqs=2275 mask=6 start=68 ok=1 outsize=6122

Cmd: disassembleShader
  platform=d3d11 type=17 mask=6 insize=6122 outsize=8727 ok=1

Cmd: disassembleShader
  platform=d3d11 type=17 mask=6 insize=5950 outsize=8346 ok=1

Cmd: disassembleShader
  platform=d3d11 type=17 mask=6 insize=5978 outsize=8457 ok=1

Cmd: disassembleShader
  platform=d3d11 type=17 mask=6 insize=6082 outsize=8642 ok=1

Cmd: disassembleShader
  platform=d3d11 type=17 mask=6 insize=6370 outsize=9024 ok=1

Cmd: disassembleShader
  platform=d3d11 type=17 mask=6 insize=6474 outsize=9209 ok=1

Cmd: disassembleShader
  platform=d3d11 type=17 mask=6 insize=6238 outsize=8910 ok=1

Cmd: disassembleShader
  platform=d3d11 type=17 mask=6 insize=4946 outsize=7251 ok=1

Cmd: disassembleShader
  platform=d3d11 type=17 mask=6 insize=5942 outsize=8375 ok=1

Cmd: disassembleShader
  platform=d3d11 type=17 mask=6 insize=7686 outsize=10861 ok=1

Cmd: disassembleShader
  platform=d3d11 type=17 mask=6 insize=7338 outsize=10335 ok=1

Cmd: disassembleShader
  platform=d3d11 type=17 mask=6 insize=7366 outsize=10437 ok=1

Cmd: disassembleShader
  platform=d3d11 type=17 mask=6 insize=7470 outsize=10622 ok=1

Cmd: disassembleShader
  platform=d3d11 type=17 mask=6 insize=7758 outsize=11004 ok=1

Cmd: disassembleShader
  platform=d3d11 type=17 mask=6 insize=7862 outsize=11189 ok=1

Cmd: disassembleShader
  platform=d3d11 type=17 mask=6 insize=7626 outsize=10890 ok=1

Cmd: disassembleShader
  platform=d3d11 type=17 mask=6 insize=6334 outsize=9240 ok=1

Cmd: disassembleShader
  platform=d3d11 type=17 mask=6 insize=7294 outsize=10294 ok=1

Cmd: disassembleShader
  platform=d3d11 type=17 mask=6 insize=6754 outsize=9517 ok=1

Cmd: compileSnippet
  insize=1489 path=Assets/DefaultResourcesExtra cachingPP=1 ppOnly=0 stripLineD=0 buildPlatform=5 rsLen=0 pKW=UNITY_ENABLE_REFLECTION_BUFFERS UNITY_USE_DITHER_MASK_FOR_ALPHABLENDED_SHADOWS UNITY_PBS_USE_BRDF1 UNITY_SPECCUBE_BOX_PROJECTION UNITY_SPECCUBE_BLENDING UNITY_ENABLE_DETAIL_NORMALMAP SHADER_API_DESKTOP UNITY_COLORSPACE_GAMMA UNITY_LIGHT_PROBE_PROXY_VOLUME UNITY_LIGHTMAP_FULL_HDR UNITY_PASS_FORWARDBASE uKW=DIRECTIONAL SHADOWS_SCREEN FOG_EXP2 _EMISSION INSTANCING_ON _NORMALMAP dKW=FOG_LINEAR FOG_EXP _ALPHATEST_ON _ALPHABLEND_ON _ALPHAPREMULTIPLY_ON _METALLICGLOSSMAP _DETAIL_MULX2 _SMOOTHNESS_TEXTURE_ALBEDO_CHANNEL_A _SPECULARHIGHLIGHTS_OFF _GLOSSYREFLECTIONS_OFF _PARALLAXMAP LIGHTPROBE_SH SHADOWS_SHADOWMASK DYNAMICLIGHTMAP_ON LIGHTMAP_ON LIGHTMAP_SHADOW_MIXING DIRLIGHTMAP_COMBINED UNITY_NO_DXT5nm UNITY_ENABLE_NATIVE_SHADOW_LOOKUPS UNITY_METAL_SHADOWS_USE_POINT_FILTERING UNITY_NO_SCREENSPACE_SHADOWS UNITY_PBS_USE_BRDF2 UNITY_PBS_USE_BRDF3 UNITY_NO_FULL_STANDARD_SHADER UNITY_HARDWARE_TIER1 UNITY_HARDWARE_TIER2 UNITY_HARDWARE_TIER3 UNITY_HALF_PRECISION_FRAGMENT_SHADER_REGISTERS UNITY_LIGHTMAP_DLDR_ENCODING UNITY_LIGHTMAP_RGBM_ENCODING UNITY_VIRTUAL_TEXTURING UNITY_PRETRANSFORM_TO_DISPLAY_ORIENTATION UNITY_ASTC_NORMALMAP_ENCODING SHADER_API_GLES30 flags=0 lang=0 type=Fragment platform=d3d11 reqs=2275 mask=6 start=68 ok=1 outsize=6858

Cmd: disassembleShader
  platform=d3d11 type=17 mask=6 insize=6858 outsize=9702 ok=1

Cmd: disassembleShader
  platform=d3d11 type=17 mask=6 insize=5986 outsize=8416 ok=1

Cmd: disassembleShader
  platform=d3d11 type=17 mask=6 insize=6014 outsize=8527 ok=1

Cmd: disassembleShader
  platform=d3d11 type=17 mask=6 insize=6406 outsize=9094 ok=1

Cmd: disassembleShader
  platform=d3d11 type=17 mask=6 insize=6274 outsize=8980 ok=1

Cmd: disassembleShader
  platform=d3d11 type=17 mask=6 insize=4982 outsize=7321 ok=1

Cmd: disassembleShader
  platform=d3d11 type=15 mask=6 insize=1918 outsize=3415 ok=1

Cmd: disassembleShader
  platform=d3d11 type=15 mask=6 insize=1918 outsize=3410 ok=1

Cmd: disassembleShader
  platform=d3d11 type=15 mask=6 insize=1918 outsize=3415 ok=1

Cmd: disassembleShader
  platform=d3d11 type=15 mask=6 insize=2178 outsize=3720 ok=1

Cmd: disassembleShader
  platform=d3d11 type=15 mask=6 insize=2434 outsize=4078 ok=1

Cmd: disassembleShader
  platform=d3d11 type=15 mask=6 insize=1918 outsize=3410 ok=1

Cmd: disassembleShader
  platform=d3d11 type=15 mask=6 insize=1918 outsize=3410 ok=1

Cmd: disassembleShader
  platform=d3d11 type=15 mask=6 insize=1918 outsize=3410 ok=1

Cmd: disassembleShader
  platform=d3d11 type=15 mask=6 insize=2318 outsize=3926 ok=1

Cmd: disassembleShader
  platform=d3d11 type=15 mask=6 insize=2318 outsize=3921 ok=1

Cmd: disassembleShader
  platform=d3d11 type=15 mask=6 insize=1938 outsize=3442 ok=1

Cmd: disassembleShader
  platform=d3d11 type=15 mask=6 insize=1938 outsize=3447 ok=1

Cmd: disassembleShader
  platform=d3d11 type=15 mask=6 insize=2054 outsize=3594 ok=1

Cmd: disassembleShader
  platform=d3d11 type=15 mask=6 insize=2318 outsize=3921 ok=1

Cmd: disassembleShader
  platform=d3d11 type=15 mask=6 insize=2318 outsize=3921 ok=1

Cmd: disassembleShader
  platform=d3d11 type=15 mask=6 insize=1938 outsize=3437 ok=1

Cmd: disassembleShader
  platform=d3d11 type=17 mask=6 insize=4578 outsize=6794 ok=1

Cmd: disassembleShader
  platform=d3d11 type=17 mask=6 insize=4442 outsize=6584 ok=1

Cmd: disassembleShader
  platform=d3d11 type=17 mask=6 insize=4290 outsize=6384 ok=1

Cmd: disassembleShader
  platform=d3d11 type=17 mask=6 insize=4094 outsize=6093 ok=1

Cmd: disassembleShader
  platform=d3d11 type=17 mask=6 insize=5214 outsize=7596 ok=1

Cmd: disassembleShader
  platform=d3d11 type=17 mask=6 insize=6574 outsize=9487 ok=1

Cmd: disassembleShader
  platform=d3d11 type=17 mask=6 insize=4390 outsize=6461 ok=1

Cmd: disassembleShader
  platform=d3d11 type=17 mask=6 insize=4650 outsize=6868 ok=1

Cmd: disassembleShader
  platform=d3d11 type=17 mask=6 insize=5098 outsize=7313 ok=1

Cmd: disassembleShader
  platform=d3d11 type=17 mask=6 insize=5498 outsize=7960 ok=1

Cmd: disassembleShader
  platform=d3d11 type=17 mask=6 insize=5190 outsize=7478 ok=1

Cmd: disassembleShader
  platform=d3d11 type=17 mask=6 insize=5590 outsize=8125 ok=1

Cmd: disassembleShader
  platform=d3d11 type=17 mask=6 insize=4198 outsize=6219 ok=1

Cmd: disassembleShader
  platform=d3d11 type=17 mask=6 insize=4102 outsize=6033 ok=1

Cmd: disassembleShader
  platform=d3d11 type=17 mask=6 insize=4710 outsize=6931 ok=1

Cmd: disassembleShader
  platform=d3d11 type=17 mask=6 insize=4558 outsize=6731 ok=1

Cmd: disassembleShader
  platform=d3d11 type=17 mask=6 insize=4362 outsize=6440 ok=1

Cmd: disassembleShader
  platform=d3d11 type=17 mask=6 insize=5466 outsize=7893 ok=1

Cmd: disassembleShader
  platform=d3d11 type=17 mask=6 insize=6826 outsize=9784 ok=1

Cmd: disassembleShader
  platform=d3d11 type=17 mask=6 insize=4642 outsize=6758 ok=1

Cmd: disassembleShader
  platform=d3d11 type=17 mask=6 insize=4510 outsize=6598 ok=1

Cmd: disassembleShader
  platform=d3d11 type=17 mask=6 insize=4970 outsize=6985 ok=1

Cmd: disassembleShader
  platform=d3d11 type=17 mask=6 insize=5370 outsize=7632 ok=1

Cmd: disassembleShader
  platform=d3d11 type=17 mask=6 insize=5062 outsize=7150 ok=1

Cmd: disassembleShader
  platform=d3d11 type=17 mask=6 insize=5462 outsize=7797 ok=1

Cmd: disassembleShader
  platform=d3d11 type=17 mask=6 insize=4086 outsize=5941 ok=1

Cmd: disassembleShader
  platform=d3d11 type=15 mask=6 insize=1574 outsize=2550 ok=1

Cmd: disassembleShader
  platform=d3d11 type=17 mask=6 insize=714 outsize=1505 ok=1

Cmd: disassembleShader
  platform=d3d11 type=15 mask=6 insize=2166 outsize=3621 ok=1

Cmd: disassembleShader
  platform=d3d11 type=15 mask=6 insize=1806 outsize=3163 ok=1

Cmd: disassembleShader
  platform=d3d11 type=15 mask=6 insize=1826 outsize=3242 ok=1

Cmd: disassembleShader
  platform=d3d11 type=15 mask=6 insize=1826 outsize=3242 ok=1

Cmd: disassembleShader
  platform=d3d11 type=15 mask=6 insize=2242 outsize=3797 ok=1

Cmd: disassembleShader
  platform=d3d11 type=17 mask=6 insize=2542 outsize=4500 ok=1

Cmd: disassembleShader
  platform=d3d11 type=17 mask=6 insize=2514 outsize=4464 ok=1

Cmd: disassembleShader
  platform=d3d11 type=17 mask=6 insize=1602 outsize=3162 ok=1

Cmd: disassembleShader
  platform=d3d11 type=17 mask=6 insize=2594 outsize=4622 ok=1

Cmd: disassembleShader
  platform=d3d11 type=17 mask=6 insize=2946 outsize=5138 ok=1

Cmd: compileSnippet
  insize=1432 path=Assets/DefaultResourcesExtra cachingPP=1 ppOnly=0 stripLineD=0 buildPlatform=5 rsLen=0 pKW=UNITY_ENABLE_REFLECTION_BUFFERS UNITY_USE_DITHER_MASK_FOR_ALPHABLENDED_SHADOWS UNITY_PBS_USE_BRDF1 UNITY_SPECCUBE_BOX_PROJECTION UNITY_SPECCUBE_BLENDING UNITY_ENABLE_DETAIL_NORMALMAP SHADER_API_DESKTOP UNITY_COLORSPACE_GAMMA UNITY_LIGHT_PROBE_PROXY_VOLUME UNITY_LIGHTMAP_FULL_HDR UNITY_PASS_DEFERRED uKW=_EMISSION dKW=INSTANCING_ON _NORMALMAP _ALPHATEST_ON _ALPHABLEND_ON _ALPHAPREMULTIPLY_ON _METALLICGLOSSMAP _SMOOTHNESS_TEXTURE_ALBEDO_CHANNEL_A _SPECULARHIGHLIGHTS_OFF _DETAIL_MULX2 _PARALLAXMAP LIGHTPROBE_SH DYNAMICLIGHTMAP_ON SHADOWS_SHADOWMASK LIGHTMAP_ON DIRLIGHTMAP_COMBINED UNITY_HDR_ON UNITY_NO_DXT5nm UNITY_ENABLE_NATIVE_SHADOW_LOOKUPS UNITY_METAL_SHADOWS_USE_POINT_FILTERING UNITY_NO_SCREENSPACE_SHADOWS UNITY_PBS_USE_BRDF2 UNITY_PBS_USE_BRDF3 UNITY_NO_FULL_STANDARD_SHADER UNITY_HARDWARE_TIER1 UNITY_HARDWARE_TIER2 UNITY_HARDWARE_TIER3 UNITY_HALF_PRECISION_FRAGMENT_SHADER_REGISTERS UNITY_LIGHTMAP_DLDR_ENCODING UNITY_LIGHTMAP_RGBM_ENCODING UNITY_VIRTUAL_TEXTURING UNITY_PRETRANSFORM_TO_DISPLAY_ORIENTATION UNITY_ASTC_NORMALMAP_ENCODING SHADER_API_GLES30 flags=0 lang=0 type=Fragment platform=d3d11 reqs=227 mask=6 start=168 ok=1 outsize=1230

Cmd: disassembleShader
  platform=d3d11 type=17 mask=6 insize=1230 outsize=2595 ok=1

Cmd: disassembleShader
  platform=d3d11 type=17 mask=6 insize=1722 outsize=3399 ok=1

Cmd: disassembleShader
  platform=d3d11 type=17 mask=6 insize=1158 outsize=2471 ok=1

Cmd: compileSnippet
  insize=1432 path=Assets/DefaultResourcesExtra cachingPP=1 ppOnly=0 stripLineD=0 buildPlatform=5 rsLen=0 pKW=UNITY_ENABLE_REFLECTION_BUFFERS UNITY_USE_DITHER_MASK_FOR_ALPHABLENDED_SHADOWS UNITY_PBS_USE_BRDF1 UNITY_SPECCUBE_BOX_PROJECTION UNITY_SPECCUBE_BLENDING UNITY_ENABLE_DETAIL_NORMALMAP SHADER_API_DESKTOP UNITY_COLORSPACE_GAMMA UNITY_LIGHT_PROBE_PROXY_VOLUME UNITY_LIGHTMAP_FULL_HDR UNITY_PASS_DEFERRED uKW=LIGHTPROBE_SH _EMISSION UNITY_HDR_ON INSTANCING_ON _NORMALMAP dKW=_ALPHATEST_ON _ALPHABLEND_ON _ALPHAPREMULTIPLY_ON _METALLICGLOSSMAP _SMOOTHNESS_TEXTURE_ALBEDO_CHANNEL_A _SPECULARHIGHLIGHTS_OFF _DETAIL_MULX2 _PARALLAXMAP DYNAMICLIGHTMAP_ON SHADOWS_SHADOWMASK LIGHTMAP_ON DIRLIGHTMAP_COMBINED UNITY_NO_DXT5nm UNITY_ENABLE_NATIVE_SHADOW_LOOKUPS UNITY_METAL_SHADOWS_USE_POINT_FILTERING UNITY_NO_SCREENSPACE_SHADOWS UNITY_PBS_USE_BRDF2 UNITY_PBS_USE_BRDF3 UNITY_NO_FULL_STANDARD_SHADER UNITY_HARDWARE_TIER1 UNITY_HARDWARE_TIER2 UNITY_HARDWARE_TIER3 UNITY_HALF_PRECISION_FRAGMENT_SHADER_REGISTERS UNITY_LIGHTMAP_DLDR_ENCODING UNITY_LIGHTMAP_RGBM_ENCODING UNITY_VIRTUAL_TEXTURING UNITY_PRETRANSFORM_TO_DISPLAY_ORIENTATION UNITY_ASTC_NORMALMAP_ENCODING SHADER_API_GLES30 flags=0 lang=0 type=Fragment platform=d3d11 reqs=2275 mask=6 start=168 ok=1 outsize=3134

Cmd: disassembleShader
  platform=d3d11 type=17 mask=6 insize=3134 outsize=5428 ok=1

Cmd: disassembleShader
  platform=d3d11 type=15 mask=6 insize=2694 outsize=4408 ok=1

Cmd: disassembleShader
  platform=d3d11 type=15 mask=6 insize=1746 outsize=3138 ok=1

Cmd: disassembleShader
  platform=d3d11 type=15 mask=6 insize=2094 outsize=3555 ok=1

Cmd: disassembleShader
  platform=d3d11 type=15 mask=6 insize=3430 outsize=5394 ok=1

Cmd: disassembleShader
  platform=d3d11 type=15 mask=6 insize=2854 outsize=4651 ok=1

Cmd: disassembleShader
  platform=d3d11 type=15 mask=6 insize=1938 outsize=3338 ok=1

Cmd: disassembleShader
  platform=d3d11 type=15 mask=6 insize=1746 outsize=3138 ok=1

Cmd: disassembleShader
  platform=d3d11 type=15 mask=6 insize=2318 outsize=3822 ok=1

Cmd: disassembleShader
  platform=d3d11 type=15 mask=6 insize=3654 outsize=5661 ok=1

Cmd: disassembleShader
  platform=d3d11 type=15 mask=6 insize=2854 outsize=4651 ok=1

Cmd: disassembleShader
  platform=d3d11 type=17 mask=6 insize=2950 outsize=4934 ok=1

Cmd: compileSnippet
  insize=1284 path=Assets/DefaultResourcesExtra cachingPP=1 ppOnly=0 stripLineD=0 buildPlatform=5 rsLen=0 pKW=UNITY_ENABLE_REFLECTION_BUFFERS UNITY_USE_DITHER_MASK_FOR_ALPHABLENDED_SHADOWS UNITY_PBS_USE_BRDF1 UNITY_SPECCUBE_BOX_PROJECTION UNITY_SPECCUBE_BLENDING UNITY_ENABLE_DETAIL_NORMALMAP SHADER_API_DESKTOP UNITY_COLORSPACE_GAMMA UNITY_LIGHT_PROBE_PROXY_VOLUME UNITY_LIGHTMAP_FULL_HDR UNITY_PASS_FORWARDBASE uKW=DIRECTIONAL SHADOWS_SCREEN _EMISSION dKW=FOG_LINEAR FOG_EXP FOG_EXP2 _NORMALMAP _ALPHATEST_ON _ALPHABLEND_ON _ALPHAPREMULTIPLY_ON _METALLICGLOSSMAP _SMOOTHNESS_TEXTURE_ALBEDO_CHANNEL_A _SPECULARHIGHLIGHTS_OFF _GLOSSYREFLECTIONS_OFF LIGHTPROBE_SH SHADOWS_SHADOWMASK DYNAMICLIGHTMAP_ON LIGHTMAP_ON LIGHTMAP_SHADOW_MIXING UNITY_NO_DXT5nm UNITY_ENABLE_NATIVE_SHADOW_LOOKUPS UNITY_METAL_SHADOWS_USE_POINT_FILTERING UNITY_NO_SCREENSPACE_SHADOWS UNITY_PBS_USE_BRDF2 UNITY_PBS_USE_BRDF3 UNITY_NO_FULL_STANDARD_SHADER UNITY_HARDWARE_TIER1 UNITY_HARDWARE_TIER2 UNITY_HARDWARE_TIER3 UNITY_HALF_PRECISION_FRAGMENT_SHADER_REGISTERS UNITY_LIGHTMAP_DLDR_ENCODING UNITY_LIGHTMAP_RGBM_ENCODING UNITY_VIRTUAL_TEXTURING UNITY_PRETRANSFORM_TO_DISPLAY_ORIENTATION UNITY_ASTC_NORMALMAP_ENCODING SHADER_API_GLES30 flags=0 lang=0 type=Fragment platform=d3d11 reqs=227 mask=6 start=237 ok=1 outsize=6130

Cmd: disassembleShader
  platform=d3d11 type=17 mask=6 insize=6130 outsize=8715 ok=1

Cmd: compileSnippet
  insize=1284 path=Assets/DefaultResourcesExtra cachingPP=1 ppOnly=0 stripLineD=0 buildPlatform=5 rsLen=0 pKW=UNITY_ENABLE_REFLECTION_BUFFERS UNITY_USE_DITHER_MASK_FOR_ALPHABLENDED_SHADOWS UNITY_PBS_USE_BRDF1 UNITY_SPECCUBE_BOX_PROJECTION UNITY_SPECCUBE_BLENDING UNITY_ENABLE_DETAIL_NORMALMAP SHADER_API_DESKTOP UNITY_COLORSPACE_GAMMA UNITY_LIGHT_PROBE_PROXY_VOLUME UNITY_LIGHTMAP_FULL_HDR UNITY_PASS_FORWARDBASE uKW=DIRECTIONAL SHADOWS_SCREEN FOG_EXP2 _EMISSION dKW=FOG_LINEAR FOG_EXP _NORMALMAP _ALPHATEST_ON _ALPHABLEND_ON _ALPHAPREMULTIPLY_ON _METALLICGLOSSMAP _SMOOTHNESS_TEXTURE_ALBEDO_CHANNEL_A _SPECULARHIGHLIGHTS_OFF _GLOSSYREFLECTIONS_OFF LIGHTPROBE_SH SHADOWS_SHADOWMASK DYNAMICLIGHTMAP_ON LIGHTMAP_ON LIGHTMAP_SHADOW_MIXING UNITY_NO_DXT5nm UNITY_ENABLE_NATIVE_SHADOW_LOOKUPS UNITY_METAL_SHADOWS_USE_POINT_FILTERING UNITY_NO_SCREENSPACE_SHADOWS UNITY_PBS_USE_BRDF2 UNITY_PBS_USE_BRDF3 UNITY_NO_FULL_STANDARD_SHADER UNITY_HARDWARE_TIER1 UNITY_HARDWARE_TIER2 UNITY_HARDWARE_TIER3 UNITY_HALF_PRECISION_FRAGMENT_SHADER_REGISTERS UNITY_LIGHTMAP_DLDR_ENCODING UNITY_LIGHTMAP_RGBM_ENCODING UNITY_VIRTUAL_TEXTURING UNITY_PRETRANSFORM_TO_DISPLAY_ORIENTATION UNITY_ASTC_NORMALMAP_ENCODING SHADER_API_GLES30 flags=0 lang=0 type=Fragment platform=d3d11 reqs=227 mask=6 start=237 ok=1 outsize=6430

Cmd: disassembleShader
  platform=d3d11 type=17 mask=6 insize=6430 outsize=9065 ok=1

Cmd: disassembleShader
  platform=d3d11 type=15 mask=6 insize=1766 outsize=3169 ok=1

Cmd: disassembleShader
  platform=d3d11 type=15 mask=6 insize=2450 outsize=4077 ok=1

Cmd: disassembleShader
  platform=d3d11 type=15 mask=6 insize=1994 outsize=3494 ok=1

Cmd: disassembleShader
  platform=d3d11 type=15 mask=6 insize=2070 outsize=3593 ok=1

Cmd: disassembleShader
  platform=d3d11 type=15 mask=6 insize=2054 outsize=3594 ok=1

Cmd: disassembleShader
  platform=d3d11 type=15 mask=6 insize=2450 outsize=4072 ok=1

Cmd: disassembleShader
  platform=d3d11 type=15 mask=6 insize=2450 outsize=4072 ok=1

Cmd: disassembleShader
  platform=d3d11 type=15 mask=6 insize=2294 outsize=3860 ok=1

Cmd: disassembleShader
  platform=d3d11 type=15 mask=6 insize=2294 outsize=3855 ok=1

Cmd: disassembleShader
  platform=d3d11 type=15 mask=6 insize=2294 outsize=3860 ok=1

Cmd: disassembleShader
  platform=d3d11 type=15 mask=6 insize=2434 outsize=4078 ok=1

Cmd: disassembleShader
  platform=d3d11 type=15 mask=6 insize=2674 outsize=4339 ok=1

Cmd: disassembleShader
  platform=d3d11 type=15 mask=6 insize=2294 outsize=3855 ok=1

Cmd: disassembleShader
  platform=d3d11 type=17 mask=6 insize=1982 outsize=3516 ok=1

Cmd: disassembleShader
  platform=d3d11 type=17 mask=6 insize=2770 outsize=4737 ok=1

Cmd: disassembleShader
  platform=d3d11 type=17 mask=6 insize=2618 outsize=4537 ok=1

Cmd: disassembleShader
  platform=d3d11 type=17 mask=6 insize=2498 outsize=4335 ok=1

Cmd: disassembleShader
  platform=d3d11 type=17 mask=6 insize=2510 outsize=4326 ok=1

Cmd: disassembleShader
  platform=d3d11 type=17 mask=6 insize=4326 outsize=6326 ok=1

Cmd: disassembleShader
  platform=d3d11 type=17 mask=6 insize=4586 outsize=6734 ok=1

Cmd: disassembleShader
  platform=d3d11 type=17 mask=6 insize=2410 outsize=4093 ok=1

Cmd: disassembleShader
  platform=d3d11 type=17 mask=6 insize=2502 outsize=4258 ok=1

Cmd: disassembleShader
  platform=d3d11 type=17 mask=6 insize=2526 outsize=4372 ok=1

Cmd: disassembleShader
  platform=d3d11 type=17 mask=6 insize=2286 outsize=3988 ok=1

Cmd: disassembleShader
  platform=d3d11 type=17 mask=6 insize=2818 outsize=4798 ok=1

Cmd: disassembleShader
  platform=d3d11 type=17 mask=6 insize=2666 outsize=4598 ok=1

Cmd: disassembleShader
  platform=d3d11 type=17 mask=6 insize=2546 outsize=4396 ok=1

Cmd: disassembleShader
  platform=d3d11 type=17 mask=6 insize=2262 outsize=3956 ok=1

Cmd: disassembleShader
  platform=d3d11 type=17 mask=6 insize=2274 outsize=3947 ok=1

Cmd: disassembleShader
  platform=d3d11 type=17 mask=6 insize=4186 outsize=6056 ok=1

Cmd: disassembleShader
  platform=d3d11 type=17 mask=6 insize=4446 outsize=6464 ok=1

Cmd: disassembleShader
  platform=d3d11 type=17 mask=6 insize=1718 outsize=3096 ok=1

Cmd: disassembleShader
  platform=d3d11 type=17 mask=6 insize=1810 outsize=3261 ok=1

Cmd: disassembleShader
  platform=d3d11 type=17 mask=6 insize=1834 outsize=3375 ok=1

Cmd: disassembleShader
  platform=d3d11 type=17 mask=6 insize=218 outsize=660 ok=1

Cmd: shutdown
