Base path: 'C:/Program Files/Unity/Editor/Data', plugins path 'C:/Program Files/Unity/Editor/Data/PlaybackEngines'
Cmd: initializeCompiler

Cmd: disassembleShader
  platform=d3d11 type=15 mask=6 insize=1894 outsize=3310 ok=1

Cmd: disassembleShader
  platform=d3d11 type=15 mask=6 insize=2330 outsize=3944 ok=1

Cmd: disassembleShader
  platform=d3d11 type=15 mask=6 insize=1746 outsize=3138 ok=1

Cmd: disassembleShader
  platform=d3d11 type=15 mask=6 insize=2002 outsize=3466 ok=1

Cmd: disassembleShader
  platform=d3d11 type=15 mask=6 insize=2766 outsize=4522 ok=1

Cmd: disassembleShader
  platform=d3d11 type=15 mask=6 insize=3214 outsize=5109 ok=1

Cmd: disassembleShader
  platform=d3d11 type=15 mask=6 insize=2038 outsize=3493 ok=1

Cmd: disassembleShader
  platform=d3d11 type=15 mask=6 insize=2050 outsize=3578 ok=1

Cmd: disassembleShader
  platform=d3d11 type=15 mask=6 insize=2370 outsize=3962 ok=1

Cmd: disassembleShader
  platform=d3d11 type=15 mask=6 insize=3122 outsize=5036 ok=1

Cmd: disassembleShader
  platform=d3d11 type=15 mask=6 insize=3634 outsize=5727 ok=1

Cmd: disassembleShader
  platform=d3d11 type=15 mask=6 insize=2350 outsize=3971 ok=1

Cmd: disassembleShader
  platform=d3d11 type=17 mask=6 insize=5590 outsize=7905 ok=1

Cmd: disassembleShader
  platform=d3d11 type=17 mask=6 insize=7146 outsize=10221 ok=1

Cmd: disassembleShader
  platform=d3d11 type=17 mask=6 insize=6070 outsize=8571 ok=1

Cmd: disassembleShader
  platform=d3d11 type=17 mask=6 insize=7234 outsize=10356 ok=1

Cmd: compileSnippet
  insize=1489 path=Assets/DefaultResourcesExtra cachingPP=1 ppOnly=0 stripLineD=0 buildPlatform=5 rsLen=0 pKW=UNITY_ENABLE_REFLECTION_BUFFERS UNITY_USE_DITHER_MASK_FOR_ALPHABLENDED_SHADOWS UNITY_PBS_USE_BRDF1 UNITY_SPECCUBE_BOX_PROJECTION UNITY_SPECCUBE_BLENDING UNITY_ENABLE_DETAIL_NORMALMAP SHADER_API_DESKTOP UNITY_COLORSPACE_GAMMA UNITY_LIGHT_PROBE_PROXY_VOLUME UNITY_LIGHTMAP_FULL_HDR UNITY_PASS_FORWARDBASE uKW=DIRECTIONAL SHADOWS_SCREEN LIGHTPROBE_SH _EMISSION _NORMALMAP dKW=FOG_LINEAR FOG_EXP FOG_EXP2 INSTANCING_ON _ALPHATEST_ON _ALPHABLEND_ON _ALPHAPREMULTIPLY_ON _METALLICGLOSSMAP _DETAIL_MULX2 _SMOOTHNESS_TEXTURE_ALBEDO_CHANNEL_A _SPECULARHIGHLIGHTS_OFF _GLOSSYREFLECTIONS_OFF _PARALLAXMAP SHADOWS_SHADOWMASK DYNAMICLIGHTMAP_ON LIGHTMAP_ON LIGHTMAP_SHADOW_MIXING DIRLIGHTMAP_COMBINED UNITY_NO_DXT5nm UNITY_ENABLE_NATIVE_SHADOW_LOOKUPS UNITY_METAL_SHADOWS_USE_POINT_FILTERING UNITY_NO_SCREENSPACE_SHADOWS UNITY_PBS_USE_BRDF2 UNITY_PBS_USE_BRDF3 UNITY_NO_FULL_STANDARD_SHADER UNITY_HARDWARE_TIER1 UNITY_HARDWARE_TIER2 UNITY_HARDWARE_TIER3 UNITY_HALF_PRECISION_FRAGMENT_SHADER_REGISTERS UNITY_LIGHTMAP_DLDR_ENCODING UNITY_LIGHTMAP_RGBM_ENCODING UNITY_VIRTUAL_TEXTURING UNITY_PRETRANSFORM_TO_DISPLAY_ORIENTATION UNITY_ASTC_NORMALMAP_ENCODING SHADER_API_GLES30 flags=0 lang=0 type=Fragment platform=d3d11 reqs=227 mask=6 start=68 ok=1 outsize=7686

Cmd: disassembleShader
  platform=d3d11 type=17 mask=6 insize=7686 outsize=10937 ok=1

Cmd: disassembleShader
  platform=d3d11 type=17 mask=6 insize=7398 outsize=10492 ok=1

Cmd: disassembleShader
  platform=d3d11 type=17 mask=6 insize=7530 outsize=10776 ok=1

Cmd: disassembleShader
  platform=d3d11 type=17 mask=6 insize=7922 outsize=11343 ok=1

Cmd: disassembleShader
  platform=d3d11 type=17 mask=6 insize=8562 outsize=12271 ok=1

Cmd: disassembleShader
  platform=d3d11 type=17 mask=6 insize=4738 outsize=7135 ok=1

Cmd: compileSnippet
  insize=1489 path=Assets/DefaultResourcesExtra cachingPP=1 ppOnly=0 stripLineD=0 buildPlatform=5 rsLen=0 pKW=UNITY_ENABLE_REFLECTION_BUFFERS UNITY_USE_DITHER_MASK_FOR_ALPHABLENDED_SHADOWS UNITY_PBS_USE_BRDF1 UNITY_SPECCUBE_BOX_PROJECTION UNITY_SPECCUBE_BLENDING UNITY_ENABLE_DETAIL_NORMALMAP SHADER_API_DESKTOP UNITY_COLORSPACE_GAMMA UNITY_LIGHT_PROBE_PROXY_VOLUME UNITY_LIGHTMAP_FULL_HDR UNITY_PASS_FORWARDBASE uKW=DIRECTIONAL _EMISSION INSTANCING_ON dKW=FOG_LINEAR FOG_EXP FOG_EXP2 _NORMALMAP _ALPHATEST_ON _ALPHABLEND_ON _ALPHAPREMULTIPLY_ON _METALLICGLOSSMAP _DETAIL_MULX2 _SMOOTHNESS_TEXTURE_ALBEDO_CHANNEL_A _SPECULARHIGHLIGHTS_OFF _GLOSSYREFLECTIONS_OFF _PARALLAXMAP LIGHTPROBE_SH SHADOWS_SHADOWMASK DYNAMICLIGHTMAP_ON LIGHTMAP_ON LIGHTMAP_SHADOW_MIXING DIRLIGHTMAP_COMBINED SHADOWS_SCREEN UNITY_NO_DXT5nm UNITY_ENABLE_NATIVE_SHADOW_LOOKUPS UNITY_METAL_SHADOWS_USE_POINT_FILTERING UNITY_NO_SCREENSPACE_SHADOWS UNITY_PBS_USE_BRDF2 UNITY_PBS_USE_BRDF3 UNITY_NO_FULL_STANDARD_SHADER UNITY_HARDWARE_TIER1 UNITY_HARDWARE_TIER2 UNITY_HARDWARE_TIER3 UNITY_HALF_PRECISION_FRAGMENT_SHADER_REGISTERS UNITY_LIGHTMAP_DLDR_ENCODING UNITY_LIGHTMAP_RGBM_ENCODING UNITY_VIRTUAL_TEXTURING UNITY_PRETRANSFORM_TO_DISPLAY_ORIENTATION UNITY_ASTC_NORMALMAP_ENCODING SHADER_API_GLES30 flags=0 lang=0 type=Fragment platform=d3d11 reqs=2275 mask=6 start=68 ok=1 outsize=5730

Cmd: disassembleShader
  platform=d3d11 type=17 mask=6 insize=5730 outsize=8160 ok=1

Cmd: disassembleShader
  platform=d3d11 type=17 mask=6 insize=7114 outsize=10132 ok=1

Cmd: disassembleShader
  platform=d3d11 type=17 mask=6 insize=3186 outsize=4921 ok=1

Cmd: compileSnippet
  insize=1489 path=Assets/DefaultResourcesExtra cachingPP=1 ppOnly=0 stripLineD=0 buildPlatform=5 rsLen=0 pKW=UNITY_ENABLE_REFLECTION_BUFFERS UNITY_USE_DITHER_MASK_FOR_ALPHABLENDED_SHADOWS UNITY_PBS_USE_BRDF1 UNITY_SPECCUBE_BOX_PROJECTION UNITY_SPECCUBE_BLENDING UNITY_ENABLE_DETAIL_NORMALMAP SHADER_API_DESKTOP UNITY_COLORSPACE_GAMMA UNITY_LIGHT_PROBE_PROXY_VOLUME UNITY_LIGHTMAP_FULL_HDR UNITY_PASS_FORWARDBASE uKW=DIRECTIONAL LIGHTPROBE_SH FOG_EXP2 _EMISSION INSTANCING_ON dKW=FOG_LINEAR FOG_EXP _NORMALMAP _ALPHATEST_ON _ALPHABLEND_ON _ALPHAPREMULTIPLY_ON _METALLICGLOSSMAP _DETAIL_MULX2 _SMOOTHNESS_TEXTURE_ALBEDO_CHANNEL_A _SPECULARHIGHLIGHTS_OFF _GLOSSYREFLECTIONS_OFF _PARALLAXMAP SHADOWS_SHADOWMASK DYNAMICLIGHTMAP_ON LIGHTMAP_ON LIGHTMAP_SHADOW_MIXING DIRLIGHTMAP_COMBINED SHADOWS_SCREEN UNITY_NO_DXT5nm UNITY_ENABLE_NATIVE_SHADOW_LOOKUPS UNITY_METAL_SHADOWS_USE_POINT_FILTERING UNITY_NO_SCREENSPACE_SHADOWS UNITY_PBS_USE_BRDF2 UNITY_PBS_USE_BRDF3 UNITY_NO_FULL_STANDARD_SHADER UNITY_HARDWARE_TIER1 UNITY_HARDWARE_TIER2 UNITY_HARDWARE_TIER3 UNITY_HALF_PRECISION_FRAGMENT_SHADER_REGISTERS UNITY_LIGHTMAP_DLDR_ENCODING UNITY_LIGHTMAP_RGBM_ENCODING UNITY_VIRTUAL_TEXTURING UNITY_PRETRANSFORM_TO_DISPLAY_ORIENTATION UNITY_ASTC_NORMALMAP_ENCODING SHADER_API_GLES30 flags=0 lang=0 type=Fragment platform=d3d11 reqs=2275 mask=6 start=68 ok=1 outsize=7398

Cmd: disassembleShader
  platform=d3d11 type=17 mask=6 insize=7398 outsize=10479 ok=1

Cmd: disassembleShader
  platform=d3d11 type=15 mask=6 insize=1690 outsize=3080 ok=1

Cmd: disassembleShader
  platform=d3d11 type=15 mask=6 insize=1918 outsize=3415 ok=1

Cmd: disassembleShader
  platform=d3d11 type=15 mask=6 insize=1918 outsize=3405 ok=1

Cmd: disassembleShader
  platform=d3d11 type=15 mask=6 insize=2298 outsize=3904 ok=1

Cmd: disassembleShader
  platform=d3d11 type=15 mask=6 insize=2178 outsize=3720 ok=1

Cmd: disassembleShader
  platform=d3d11 type=15 mask=6 insize=1918 outsize=3410 ok=1

Cmd: disassembleShader
  platform=d3d11 type=15 mask=6 insize=1918 outsize=3410 ok=1

Cmd: disassembleShader
  platform=d3d11 type=15 mask=6 insize=1918 outsize=3410 ok=1

Cmd: disassembleShader
  platform=d3d11 type=15 mask=6 insize=2090 outsize=3591 ok=1

Cmd: disassembleShader
  platform=d3d11 type=15 mask=6 insize=2318 outsize=3926 ok=1

Cmd: disassembleShader
  platform=d3d11 type=15 mask=6 insize=1938 outsize=3432 ok=1

Cmd: disassembleShader
  platform=d3d11 type=15 mask=6 insize=1938 outsize=3442 ok=1

Cmd: disassembleShader
  platform=d3d11 type=15 mask=6 insize=1798 outsize=3236 ok=1

Cmd: disassembleShader
  platform=d3d11 type=15 mask=6 insize=2318 outsize=3921 ok=1

Cmd: disassembleShader
  platform=d3d11 type=15 mask=6 insize=2318 outsize=3921 ok=1

Cmd: disassembleShader
  platform=d3d11 type=15 mask=6 insize=1938 outsize=3437 ok=1

Cmd: disassembleShader
  platform=d3d11 type=17 mask=6 insize=3702 outsize=5572 ok=1

Cmd: disassembleShader
  platform=d3d11 type=17 mask=6 insize=5186 outsize=7692 ok=1

Cmd: disassembleShader
  platform=d3d11 type=17 mask=6 insize=5034 outsize=7492 ok=1

Cmd: disassembleShader
  platform=d3d11 type=17 mask=6 insize=4838 outsize=7201 ok=1

Cmd: disassembleShader
  platform=d3d11 type=17 mask=6 insize=5958 outsize=8704 ok=1

Cmd: disassembleShader
  platform=d3d11 type=17 mask=6 insize=7318 outsize=10597 ok=1

Cmd: disassembleShader
  platform=d3d11 type=17 mask=6 insize=5134 outsize=7569 ok=1

Cmd: disassembleShader
  platform=d3d11 type=17 mask=6 insize=5394 outsize=7976 ok=1

Cmd: disassembleShader
  platform=d3d11 type=17 mask=6 insize=5842 outsize=8421 ok=1

Cmd: disassembleShader
  platform=d3d11 type=17 mask=6 insize=6242 outsize=9068 ok=1

Cmd: disassembleShader
  platform=d3d11 type=17 mask=6 insize=5934 outsize=8586 ok=1

Cmd: disassembleShader
  platform=d3d11 type=17 mask=6 insize=6334 outsize=9233 ok=1

Cmd: disassembleShader
  platform=d3d11 type=17 mask=6 insize=4942 outsize=7327 ok=1

Cmd: disassembleShader
  platform=d3d11 type=17 mask=6 insize=4846 outsize=7141 ok=1

Cmd: disassembleShader
  platform=d3d11 type=17 mask=6 insize=5454 outsize=8039 ok=1

Cmd: disassembleShader
  platform=d3d11 type=17 mask=6 insize=5302 outsize=7839 ok=1

Cmd: disassembleShader
  platform=d3d11 type=17 mask=6 insize=5106 outsize=7548 ok=1

Cmd: disassembleShader
  platform=d3d11 type=17 mask=6 insize=6210 outsize=9001 ok=1

Cmd: disassembleShader
  platform=d3d11 type=17 mask=6 insize=7570 outsize=10894 ok=1

Cmd: disassembleShader
  platform=d3d11 type=17 mask=6 insize=5386 outsize=7866 ok=1

Cmd: disassembleShader
  platform=d3d11 type=17 mask=6 insize=5646 outsize=8273 ok=1

Cmd: disassembleShader
  platform=d3d11 type=17 mask=6 insize=6094 outsize=8718 ok=1

Cmd: disassembleShader
  platform=d3d11 type=17 mask=6 insize=6494 outsize=9365 ok=1

Cmd: disassembleShader
  platform=d3d11 type=17 mask=6 insize=6186 outsize=8883 ok=1

Cmd: disassembleShader
  platform=d3d11 type=17 mask=6 insize=6586 outsize=9530 ok=1

Cmd: disassembleShader
  platform=d3d11 type=17 mask=6 insize=5210 outsize=7674 ok=1

Cmd: disassembleShader
  platform=d3d11 type=15 mask=6 insize=1298 outsize=2142 ok=1

Cmd: disassembleShader
  platform=d3d11 type=15 mask=6 insize=1694 outsize=2766 ok=1

Cmd: disassembleShader
  platform=d3d11 type=17 mask=6 insize=218 outsize=660 ok=1

Cmd: disassembleShader
  platform=d3d11 type=17 mask=6 insize=714 outsize=1505 ok=1

Cmd: disassembleShader
  platform=d3d11 type=15 mask=6 insize=1806 outsize=3163 ok=1

Cmd: disassembleShader
  platform=d3d11 type=15 mask=6 insize=2166 outsize=3621 ok=1

Cmd: disassembleShader
  platform=d3d11 type=15 mask=6 insize=1930 outsize=3319 ok=1

Cmd: disassembleShader
  platform=d3d11 type=15 mask=6 insize=1826 outsize=3242 ok=1

Cmd: disassembleShader
  platform=d3d11 type=15 mask=6 insize=2146 outsize=3626 ok=1

Cmd: disassembleShader
  platform=d3d11 type=17 mask=6 insize=2578 outsize=4598 ok=1

Cmd: compileSnippet
  insize=1432 path=Assets/DefaultResourcesExtra cachingPP=1 ppOnly=0 stripLineD=0 buildPlatform=5 rsLen=0 pKW=UNITY_ENABLE_REFLECTION_BUFFERS UNITY_USE_DITHER_MASK_FOR_ALPHABLENDED_SHADOWS UNITY_PBS_USE_BRDF1 UNITY_SPECCUBE_BOX_PROJECTION UNITY_SPECCUBE_BLENDING UNITY_ENABLE_DETAIL_NORMALMAP SHADER_API_DESKTOP UNITY_COLORSPACE_GAMMA UNITY_LIGHT_PROBE_PROXY_VOLUME UNITY_LIGHTMAP_FULL_HDR UNITY_PASS_DEFERRED uKW=_EMISSION UNITY_HDR_ON dKW=INSTANCING_ON _NORMALMAP _ALPHATEST_ON _ALPHABLEND_ON _ALPHAPREMULTIPLY_ON _METALLICGLOSSMAP _SMOOTHNESS_TEXTURE_ALBEDO_CHANNEL_A _SPECULARHIGHLIGHTS_OFF _DETAIL_MULX2 _PARALLAXMAP LIGHTPROBE_SH DYNAMICLIGHTMAP_ON SHADOWS_SHADOWMASK LIGHTMAP_ON DIRLIGHTMAP_COMBINED UNITY_NO_DXT5nm UNITY_ENABLE_NATIVE_SHADOW_LOOKUPS UNITY_METAL_SHADOWS_USE_POINT_FILTERING UNITY_NO_SCREENSPACE_SHADOWS UNITY_PBS_USE_BRDF2 UNITY_PBS_USE_BRDF3 UNITY_NO_FULL_STANDARD_SHADER UNITY_HARDWARE_TIER1 UNITY_HARDWARE_TIER2 UNITY_HARDWARE_TIER3 UNITY_HALF_PRECISION_FRAGMENT_SHADER_REGISTERS UNITY_LIGHTMAP_DLDR_ENCODING UNITY_LIGHTMAP_RGBM_ENCODING UNITY_VIRTUAL_TEXTURING UNITY_PRETRANSFORM_TO_DISPLAY_ORIENTATION UNITY_ASTC_NORMALMAP_ENCODING SHADER_API_GLES30 flags=0 lang=0 type=Fragment platform=d3d11 reqs=227 mask=6 start=168 ok=1 outsize=1206

Cmd: disassembleShader
  platform=d3d11 type=17 mask=6 insize=1206 outsize=2568 ok=1

Cmd: disassembleShader
  platform=d3d11 type=17 mask=6 insize=2726 outsize=4837 ok=1

Cmd: disassembleShader
  platform=d3d11 type=17 mask=6 insize=2986 outsize=5290 ok=1

Cmd: compileSnippet
  insize=1432 path=Assets/DefaultResourcesExtra cachingPP=1 ppOnly=0 stripLineD=0 buildPlatform=5 rsLen=0 pKW=UNITY_ENABLE_REFLECTION_BUFFERS UNITY_USE_DITHER_MASK_FOR_ALPHABLENDED_SHADOWS UNITY_PBS_USE_BRDF1 UNITY_SPECCUBE_BOX_PROJECTION UNITY_SPECCUBE_BLENDING UNITY_ENABLE_DETAIL_NORMALMAP SHADER_API_DESKTOP UNITY_COLORSPACE_GAMMA UNITY_LIGHT_PROBE_PROXY_VOLUME UNITY_LIGHTMAP_FULL_HDR UNITY_PASS_DEFERRED uKW=_EMISSION UNITY_HDR_ON INSTANCING_ON dKW=_NORMALMAP _ALPHATEST_ON _ALPHABLEND_ON _ALPHAPREMULTIPLY_ON _METALLICGLOSSMAP _SMOOTHNESS_TEXTURE_ALBEDO_CHANNEL_A _SPECULARHIGHLIGHTS_OFF _DETAIL_MULX2 _PARALLAXMAP LIGHTPROBE_SH DYNAMICLIGHTMAP_ON SHADOWS_SHADOWMASK LIGHTMAP_ON DIRLIGHTMAP_COMBINED UNITY_NO_DXT5nm UNITY_ENABLE_NATIVE_SHADOW_LOOKUPS UNITY_METAL_SHADOWS_USE_POINT_FILTERING UNITY_NO_SCREENSPACE_SHADOWS UNITY_PBS_USE_BRDF2 UNITY_PBS_USE_BRDF3 UNITY_NO_FULL_STANDARD_SHADER UNITY_HARDWARE_TIER1 UNITY_HARDWARE_TIER2 UNITY_HARDWARE_TIER3 UNITY_HALF_PRECISION_FRAGMENT_SHADER_REGISTERS UNITY_LIGHTMAP_DLDR_ENCODING UNITY_LIGHTMAP_RGBM_ENCODING UNITY_VIRTUAL_TEXTURING UNITY_PRETRANSFORM_TO_DISPLAY_ORIENTATION UNITY_ASTC_NORMALMAP_ENCODING SHADER_API_GLES30 flags=0 lang=0 type=Fragment platform=d3d11 reqs=2275 mask=6 start=168 ok=1 outsize=1242

Cmd: disassembleShader
  platform=d3d11 type=17 mask=6 insize=1242 outsize=2638 ok=1

Cmd: disassembleShader
  platform=d3d11 type=17 mask=6 insize=1638 outsize=3253 ok=1

Cmd: disassembleShader
  platform=d3d11 type=17 mask=6 insize=1482 outsize=3079 ok=1

Cmd: disassembleShader
  platform=d3d11 type=15 mask=6 insize=2694 outsize=4408 ok=1

Cmd: disassembleShader
  platform=d3d11 type=15 mask=6 insize=2002 outsize=3466 ok=1

Cmd: disassembleShader
  platform=d3d11 type=15 mask=6 insize=3430 outsize=5394 ok=1

Cmd: disassembleShader
  platform=d3d11 type=15 mask=6 insize=2126 outsize=3622 ok=1

Cmd: disassembleShader
  platform=d3d11 type=15 mask=6 insize=1714 outsize=3071 ok=1

Cmd: disassembleShader
  platform=d3d11 type=15 mask=6 insize=2558 outsize=4217 ok=1

Cmd: disassembleShader
  platform=d3d11 type=15 mask=6 insize=2002 outsize=3466 ok=1

Cmd: disassembleShader
  platform=d3d11 type=15 mask=6 insize=3654 outsize=5661 ok=1

Cmd: disassembleShader
  platform=d3d11 type=15 mask=6 insize=2126 outsize=3622 ok=1

Cmd: disassembleShader
  platform=d3d11 type=15 mask=6 insize=1938 outsize=3338 ok=1

Cmd: disassembleShader
  platform=d3d11 type=17 mask=6 insize=3070 outsize=5082 ok=1

Cmd: disassembleShader
  platform=d3d11 type=17 mask=6 insize=3234 outsize=5374 ok=1

Cmd: compileSnippet
  insize=1284 path=Assets/DefaultResourcesExtra cachingPP=1 ppOnly=0 stripLineD=0 buildPlatform=5 rsLen=0 pKW=UNITY_ENABLE_REFLECTION_BUFFERS UNITY_USE_DITHER_MASK_FOR_ALPHABLENDED_SHADOWS UNITY_PBS_USE_BRDF1 UNITY_SPECCUBE_BOX_PROJECTION UNITY_SPECCUBE_BLENDING UNITY_ENABLE_DETAIL_NORMALMAP SHADER_API_DESKTOP UNITY_COLORSPACE_GAMMA UNITY_LIGHT_PROBE_PROXY_VOLUME UNITY_LIGHTMAP_FULL_HDR UNITY_PASS_FORWARDBASE uKW=DIRECTIONAL SHADOWS_SCREEN _EMISSION _NORMALMAP dKW=FOG_LINEAR FOG_EXP FOG_EXP2 _ALPHATEST_ON _ALPHABLEND_ON _ALPHAPREMULTIPLY_ON _METALLICGLOSSMAP _SMOOTHNESS_TEXTURE_ALBEDO_CHANNEL_A _SPECULARHIGHLIGHTS_OFF _GLOSSYREFLECTIONS_OFF LIGHTPROBE_SH SHADOWS_SHADOWMASK DYNAMICLIGHTMAP_ON LIGHTMAP_ON LIGHTMAP_SHADOW_MIXING UNITY_NO_DXT5nm UNITY_ENABLE_NATIVE_SHADOW_LOOKUPS UNITY_METAL_SHADOWS_USE_POINT_FILTERING UNITY_NO_SCREENSPACE_SHADOWS UNITY_PBS_USE_BRDF2 UNITY_PBS_USE_BRDF3 UNITY_NO_FULL_STANDARD_SHADER UNITY_HARDWARE_TIER1 UNITY_HARDWARE_TIER2 UNITY_HARDWARE_TIER3 UNITY_HALF_PRECISION_FRAGMENT_SHADER_REGISTERS UNITY_LIGHTMAP_DLDR_ENCODING UNITY_LIGHTMAP_RGBM_ENCODING UNITY_VIRTUAL_TEXTURING UNITY_PRETRANSFORM_TO_DISPLAY_ORIENTATION UNITY_ASTC_NORMALMAP_ENCODING SHADER_API_GLES30 flags=0 lang=0 type=Fragment platform=d3d11 reqs=227 mask=6 start=237 ok=1 outsize=6522

Cmd: disassembleShader
  platform=d3d11 type=17 mask=6 insize=6522 outsize=9282 ok=1

Cmd: disassembleShader
  platform=d3d11 type=17 mask=6 insize=3270 outsize=5426 ok=1

Cmd: disassembleShader
  platform=d3d11 type=17 mask=6 insize=2134 outsize=3753 ok=1

Cmd: disassembleShader
  platform=d3d11 type=15 mask=6 insize=2450 outsize=4077 ok=1

Cmd: disassembleShader
  platform=d3d11 type=15 mask=6 insize=2070 outsize=3593 ok=1

Cmd: disassembleShader
  platform=d3d11 type=15 mask=6 insize=2374 outsize=3978 ok=1

Cmd: disassembleShader
  platform=d3d11 type=15 mask=6 insize=2450 outsize=4077 ok=1

Cmd: disassembleShader
  platform=d3d11 type=15 mask=6 insize=2054 outsize=3594 ok=1

Cmd: disassembleShader
  platform=d3d11 type=15 mask=6 insize=2070 outsize=3588 ok=1

Cmd: disassembleShader
  platform=d3d11 type=15 mask=6 insize=2070 outsize=3588 ok=1

Cmd: disassembleShader
  platform=d3d11 type=15 mask=6 insize=2674 outsize=4344 ok=1

Cmd: disassembleShader
  platform=d3d11 type=15 mask=6 insize=2294 outsize=3860 ok=1

Cmd: disassembleShader
  platform=d3d11 type=15 mask=6 insize=2598 outsize=4245 ok=1

Cmd: disassembleShader
  platform=d3d11 type=15 mask=6 insize=2674 outsize=4344 ok=1

Cmd: disassembleShader
  platform=d3d11 type=15 mask=6 insize=2054 outsize=3594 ok=1

Cmd: disassembleShader
  platform=d3d11 type=15 mask=6 insize=2294 outsize=3855 ok=1

Cmd: disassembleShader
  platform=d3d11 type=15 mask=6 insize=2294 outsize=3855 ok=1

Cmd: disassembleShader
  platform=d3d11 type=17 mask=6 insize=2238 outsize=3927 ok=1

Cmd: disassembleShader
  platform=d3d11 type=17 mask=6 insize=2550 outsize=4431 ok=1

Cmd: disassembleShader
  platform=d3d11 type=17 mask=6 insize=2398 outsize=4231 ok=1

Cmd: disassembleShader
  platform=d3d11 type=17 mask=6 insize=2278 outsize=4029 ok=1

Cmd: disassembleShader
  platform=d3d11 type=17 mask=6 insize=2290 outsize=4020 ok=1

Cmd: disassembleShader
  platform=d3d11 type=17 mask=6 insize=3998 outsize=5894 ok=1

Cmd: disassembleShader
  platform=d3d11 type=17 mask=6 insize=4258 outsize=6301 ok=1

Cmd: disassembleShader
  platform=d3d11 type=17 mask=6 insize=2190 outsize=3787 ok=1

Cmd: disassembleShader
  platform=d3d11 type=17 mask=6 insize=2282 outsize=3952 ok=1

Cmd: disassembleShader
  platform=d3d11 type=17 mask=6 insize=2306 outsize=4066 ok=1

Cmd: disassembleShader
  platform=d3d11 type=17 mask=6 insize=2066 outsize=3683 ok=1

Cmd: disassembleShader
  platform=d3d11 type=17 mask=6 insize=2598 outsize=4492 ok=1

Cmd: disassembleShader
  platform=d3d11 type=17 mask=6 insize=2446 outsize=4292 ok=1

Cmd: disassembleShader
  platform=d3d11 type=17 mask=6 insize=2326 outsize=4090 ok=1

Cmd: disassembleShader
  platform=d3d11 type=17 mask=6 insize=2338 outsize=4081 ok=1

Cmd: disassembleShader
  platform=d3d11 type=17 mask=6 insize=2466 outsize=4319 ok=1

Cmd: disassembleShader
  platform=d3d11 type=17 mask=6 insize=4510 outsize=6644 ok=1

Cmd: disassembleShader
  platform=d3d11 type=17 mask=6 insize=4770 outsize=7051 ok=1

Cmd: disassembleShader
  platform=d3d11 type=17 mask=6 insize=2366 outsize=4086 ok=1

Cmd: disassembleShader
  platform=d3d11 type=17 mask=6 insize=2458 outsize=4251 ok=1

Cmd: disassembleShader
  platform=d3d11 type=17 mask=6 insize=2482 outsize=4365 ok=1

Cmd: disassembleShader
  platform=d3d11 type=15 mask=6 insize=1298 outsize=2142 ok=1

Cmd: disassembleShader
  platform=d3d11 type=17 mask=6 insize=442 outsize=1063 ok=1

Cmd: shutdown
