Base path: 'C:/Program Files/Unity/Editor/Data', plugins path 'C:/Program Files/Unity/Editor/Data/PlaybackEngines'
Cmd: initializeCompiler

Cmd: disassembleShader
  platform=d3d11 type=15 mask=6 insize=2254 outsize=3768 ok=1

Cmd: disassembleShader
  platform=d3d11 type=15 mask=6 insize=2126 outsize=3622 ok=1

Cmd: disassembleShader
  platform=d3d11 type=15 mask=6 insize=2018 outsize=3466 ok=1

Cmd: disassembleShader
  platform=d3d11 type=15 mask=6 insize=2746 outsize=4495 ok=1

Cmd: disassembleShader
  platform=d3d11 type=15 mask=6 insize=1746 outsize=3138 ok=1

Cmd: disassembleShader
  platform=d3d11 type=15 mask=6 insize=1638 outsize=2982 ok=1

Cmd: disassembleShader
  platform=d3d11 type=15 mask=6 insize=2630 outsize=4302 ok=1

Cmd: disassembleShader
  platform=d3d11 type=15 mask=6 insize=2766 outsize=4491 ok=1

Cmd: disassembleShader
  platform=d3d11 type=15 mask=6 insize=1914 outsize=3389 ok=1

Cmd: disassembleShader
  platform=d3d11 type=15 mask=6 insize=3102 outsize=5009 ok=1

Cmd: disassembleShader
  platform=d3d11 type=15 mask=6 insize=3238 outsize=5198 ok=1

Cmd: disassembleShader
  platform=d3d11 type=15 mask=6 insize=1658 outsize=3009 ok=1

Cmd: disassembleShader
  platform=d3d11 type=15 mask=6 insize=1746 outsize=3138 ok=1

Cmd: disassembleShader
  platform=d3d11 type=15 mask=6 insize=2038 outsize=3493 ok=1

Cmd: disassembleShader
  platform=d3d11 type=15 mask=6 insize=3126 outsize=4980 ok=1

Cmd: disassembleShader
  platform=d3d11 type=15 mask=6 insize=2854 outsize=4651 ok=1

Cmd: disassembleShader
  platform=d3d11 type=15 mask=6 insize=1934 outsize=3416 ok=1

Cmd: disassembleShader
  platform=d3d11 type=15 mask=6 insize=2050 outsize=3578 ok=1

Cmd: disassembleShader
  platform=d3d11 type=15 mask=6 insize=2350 outsize=3971 ok=1

Cmd: disassembleShader
  platform=d3d11 type=15 mask=6 insize=3518 outsize=5565 ok=1

Cmd: disassembleShader
  platform=d3d11 type=15 mask=6 insize=3238 outsize=5198 ok=1

Cmd: disassembleShader
  platform=d3d11 type=17 mask=6 insize=7278 outsize=10335 ok=1

Cmd: disassembleShader
  platform=d3d11 type=17 mask=6 insize=6418 outsize=9097 ok=1

Cmd: disassembleShader
  platform=d3d11 type=17 mask=6 insize=6358 outsize=9132 ok=1

Cmd: disassembleShader
  platform=d3d11 type=17 mask=6 insize=7582 outsize=10752 ok=1

Cmd: disassembleShader
  platform=d3d11 type=17 mask=6 insize=7758 outsize=11077 ok=1

Cmd: disassembleShader
  platform=d3d11 type=17 mask=6 insize=7190 outsize=10185 ok=1

Cmd: disassembleShader
  platform=d3d11 type=17 mask=6 insize=5662 outsize=8057 ok=1

Cmd: disassembleShader
  platform=d3d11 type=17 mask=6 insize=6158 outsize=8809 ok=1

Cmd: disassembleShader
  platform=d3d11 type=17 mask=6 insize=4630 outsize=6851 ok=1

Cmd: compileSnippet
  insize=1489 path=Assets/DefaultResourcesExtra cachingPP=1 ppOnly=0 stripLineD=0 buildPlatform=5 rsLen=0 pKW=UNITY_ENABLE_REFLECTION_BUFFERS UNITY_USE_DITHER_MASK_FOR_ALPHABLENDED_SHADOWS UNITY_PBS_USE_BRDF1 UNITY_SPECCUBE_BOX_PROJECTION UNITY_SPECCUBE_BLENDING UNITY_ENABLE_DETAIL_NORMALMAP SHADER_API_DESKTOP UNITY_COLORSPACE_GAMMA UNITY_LIGHT_PROBE_PROXY_VOLUME UNITY_LIGHTMAP_FULL_HDR UNITY_PASS_FORWARDBASE uKW=DIRECTIONAL LIGHTPROBE_SH _EMISSION INSTANCING_ON dKW=FOG_LINEAR FOG_EXP FOG_EXP2 _NORMALMAP _ALPHATEST_ON _ALPHABLEND_ON _ALPHAPREMULTIPLY_ON _METALLICGLOSSMAP _DETAIL_MULX2 _SMOOTHNESS_TEXTURE_ALBEDO_CHANNEL_A _SPECULARHIGHLIGHTS_OFF _GLOSSYREFLECTIONS_OFF _PARALLAXMAP SHADOWS_SHADOWMASK DYNAMICLIGHTMAP_ON LIGHTMAP_ON LIGHTMAP_SHADOW_MIXING DIRLIGHTMAP_COMBINED SHADOWS_SCREEN UNITY_NO_DXT5nm UNITY_ENABLE_NATIVE_SHADOW_LOOKUPS UNITY_METAL_SHADOWS_USE_POINT_FILTERING UNITY_NO_SCREENSPACE_SHADOWS UNITY_PBS_USE_BRDF2 UNITY_PBS_USE_BRDF3 UNITY_NO_FULL_STANDARD_SHADER UNITY_HARDWARE_TIER1 UNITY_HARDWARE_TIER2 UNITY_HARDWARE_TIER3 UNITY_HALF_PRECISION_FRAGMENT_SHADER_REGISTERS UNITY_LIGHTMAP_DLDR_ENCODING UNITY_LIGHTMAP_RGBM_ENCODING UNITY_VIRTUAL_TEXTURING UNITY_PRETRANSFORM_TO_DISPLAY_ORIENTATION UNITY_ASTC_NORMALMAP_ENCODING SHADER_API_GLES30 flags=0 lang=0 type=Fragment platform=d3d11 reqs=2275 mask=6 start=68 ok=1 outsize=7082

Cmd: disassembleShader
  platform=d3d11 type=17 mask=6 insize=7082 outsize=10079 ok=1

Cmd: disassembleShader
  platform=d3d11 type=17 mask=6 insize=6090 outsize=8694 ok=1

Cmd: disassembleShader
  platform=d3d11 type=17 mask=6 insize=5958 outsize=8580 ok=1

Cmd: disassembleShader
  platform=d3d11 type=17 mask=6 insize=4666 outsize=6921 ok=1

Cmd: disassembleShader
  platform=d3d11 type=17 mask=6 insize=5906 outsize=8305 ok=1

Cmd: disassembleShader
  platform=d3d11 type=17 mask=6 insize=7522 outsize=10595 ok=1

Cmd: disassembleShader
  platform=d3d11 type=17 mask=6 insize=7174 outsize=10069 ok=1

Cmd: disassembleShader
  platform=d3d11 type=17 mask=6 insize=7306 outsize=10353 ok=1

Cmd: disassembleShader
  platform=d3d11 type=17 mask=6 insize=7698 outsize=10920 ok=1

Cmd: disassembleShader
  platform=d3d11 type=17 mask=6 insize=8338 outsize=11843 ok=1

Cmd: disassembleShader
  platform=d3d11 type=17 mask=6 insize=7130 outsize=10028 ok=1

Cmd: disassembleShader
  platform=d3d11 type=17 mask=6 insize=6718 outsize=9447 ok=1

Cmd: compileSnippet
  insize=1489 path=Assets/DefaultResourcesExtra cachingPP=1 ppOnly=0 stripLineD=0 buildPlatform=5 rsLen=0 pKW=UNITY_ENABLE_REFLECTION_BUFFERS UNITY_USE_DITHER_MASK_FOR_ALPHABLENDED_SHADOWS UNITY_PBS_USE_BRDF1 UNITY_SPECCUBE_BOX_PROJECTION UNITY_SPECCUBE_BLENDING UNITY_ENABLE_DETAIL_NORMALMAP SHADER_API_DESKTOP UNITY_COLORSPACE_GAMMA UNITY_LIGHT_PROBE_PROXY_VOLUME UNITY_LIGHTMAP_FULL_HDR UNITY_PASS_FORWARDBASE uKW=DIRECTIONAL SHADOWS_SCREEN FOG_EXP2 _EMISSION _NORMALMAP dKW=FOG_LINEAR FOG_EXP INSTANCING_ON _ALPHATEST_ON _ALPHABLEND_ON _ALPHAPREMULTIPLY_ON _METALLICGLOSSMAP _DETAIL_MULX2 _SMOOTHNESS_TEXTURE_ALBEDO_CHANNEL_A _SPECULARHIGHLIGHTS_OFF _GLOSSYREFLECTIONS_OFF _PARALLAXMAP LIGHTPROBE_SH SHADOWS_SHADOWMASK DYNAMICLIGHTMAP_ON LIGHTMAP_ON LIGHTMAP_SHADOW_MIXING DIRLIGHTMAP_COMBINED UNITY_NO_DXT5nm UNITY_ENABLE_NATIVE_SHADOW_LOOKUPS UNITY_METAL_SHADOWS_USE_POINT_FILTERING UNITY_NO_SCREENSPACE_SHADOWS UNITY_PBS_USE_BRDF2 UNITY_PBS_USE_BRDF3 UNITY_NO_FULL_STANDARD_SHADER UNITY_HARDWARE_TIER1 UNITY_HARDWARE_TIER2 UNITY_HARDWARE_TIER3 UNITY_HALF_PRECISION_FRAGMENT_SHADER_REGISTERS UNITY_LIGHTMAP_DLDR_ENCODING UNITY_LIGHTMAP_RGBM_ENCODING UNITY_VIRTUAL_TEXTURING UNITY_PRETRANSFORM_TO_DISPLAY_ORIENTATION UNITY_ASTC_NORMALMAP_ENCODING SHADER_API_GLES30 flags=0 lang=0 type=Fragment platform=d3d11 reqs=227 mask=6 start=68 ok=1 outsize=6822

Cmd: disassembleShader
  platform=d3d11 type=17 mask=6 insize=6822 outsize=9632 ok=1

Cmd: disassembleShader
  platform=d3d11 type=17 mask=6 insize=8502 outsize=12112 ok=1

Cmd: disassembleShader
  platform=d3d11 type=17 mask=6 insize=4574 outsize=6885 ok=1

Cmd: compileSnippet
  insize=1489 path=Assets/DefaultResourcesExtra cachingPP=1 ppOnly=0 stripLineD=0 buildPlatform=5 rsLen=0 pKW=UNITY_ENABLE_REFLECTION_BUFFERS UNITY_USE_DITHER_MASK_FOR_ALPHABLENDED_SHADOWS UNITY_PBS_USE_BRDF1 UNITY_SPECCUBE_BOX_PROJECTION UNITY_SPECCUBE_BLENDING UNITY_ENABLE_DETAIL_NORMALMAP SHADER_API_DESKTOP UNITY_COLORSPACE_GAMMA UNITY_LIGHT_PROBE_PROXY_VOLUME UNITY_LIGHTMAP_FULL_HDR UNITY_PASS_FORWARDBASE uKW=DIRECTIONAL SHADOWS_SCREEN FOG_EXP2 _EMISSION INSTANCING_ON dKW=FOG_LINEAR FOG_EXP _NORMALMAP _ALPHATEST_ON _ALPHABLEND_ON _ALPHAPREMULTIPLY_ON _METALLICGLOSSMAP _DETAIL_MULX2 _SMOOTHNESS_TEXTURE_ALBEDO_CHANNEL_A _SPECULARHIGHLIGHTS_OFF _GLOSSYREFLECTIONS_OFF _PARALLAXMAP LIGHTPROBE_SH SHADOWS_SHADOWMASK DYNAMICLIGHTMAP_ON LIGHTMAP_ON LIGHTMAP_SHADOW_MIXING DIRLIGHTMAP_COMBINED UNITY_NO_DXT5nm UNITY_ENABLE_NATIVE_SHADOW_LOOKUPS UNITY_METAL_SHADOWS_USE_POINT_FILTERING UNITY_NO_SCREENSPACE_SHADOWS UNITY_PBS_USE_BRDF2 UNITY_PBS_USE_BRDF3 UNITY_NO_FULL_STANDARD_SHADER UNITY_HARDWARE_TIER1 UNITY_HARDWARE_TIER2 UNITY_HARDWARE_TIER3 UNITY_HALF_PRECISION_FRAGMENT_SHADER_REGISTERS UNITY_LIGHTMAP_DLDR_ENCODING UNITY_LIGHTMAP_RGBM_ENCODING UNITY_VIRTUAL_TEXTURING UNITY_PRETRANSFORM_TO_DISPLAY_ORIENTATION UNITY_ASTC_NORMALMAP_ENCODING SHADER_API_GLES30 flags=0 lang=0 type=Fragment platform=d3d11 reqs=2275 mask=6 start=68 ok=1 outsize=6466

Cmd: disassembleShader
  platform=d3d11 type=17 mask=6 insize=6466 outsize=9135 ok=1

Cmd: disassembleShader
  platform=d3d11 type=17 mask=6 insize=6118 outsize=8712 ok=1

Cmd: disassembleShader
  platform=d3d11 type=17 mask=6 insize=6510 outsize=9279 ok=1

Cmd: disassembleShader
  platform=d3d11 type=17 mask=6 insize=7150 outsize=10202 ok=1

Cmd: disassembleShader
  platform=d3d11 type=17 mask=6 insize=3222 outsize=4991 ok=1

Cmd: disassembleShader
  platform=d3d11 type=15 mask=6 insize=1690 outsize=3080 ok=1

Cmd: disassembleShader
  platform=d3d11 type=15 mask=6 insize=2298 outsize=3899 ok=1

Cmd: disassembleShader
  platform=d3d11 type=15 mask=6 insize=1918 outsize=3405 ok=1

Cmd: disassembleShader
  platform=d3d11 type=15 mask=6 insize=1918 outsize=3415 ok=1

Cmd: disassembleShader
  platform=d3d11 type=15 mask=6 insize=1798 outsize=3236 ok=1

Cmd: disassembleShader
  platform=d3d11 type=15 mask=6 insize=2298 outsize=3894 ok=1

Cmd: disassembleShader
  platform=d3d11 type=15 mask=6 insize=2298 outsize=3894 ok=1

Cmd: disassembleShader
  platform=d3d11 type=15 mask=6 insize=1918 outsize=3410 ok=1

Cmd: disassembleShader
  platform=d3d11 type=15 mask=6 insize=1938 outsize=3437 ok=1

Cmd: disassembleShader
  platform=d3d11 type=15 mask=6 insize=1938 outsize=3442 ok=1

Cmd: disassembleShader
  platform=d3d11 type=15 mask=6 insize=2318 outsize=3916 ok=1

Cmd: disassembleShader
  platform=d3d11 type=15 mask=6 insize=2318 outsize=3926 ok=1

Cmd: disassembleShader
  platform=d3d11 type=15 mask=6 insize=2318 outsize=3931 ok=1

Cmd: disassembleShader
  platform=d3d11 type=15 mask=6 insize=2178 outsize=3720 ok=1

Cmd: disassembleShader
  platform=d3d11 type=15 mask=6 insize=1938 outsize=3437 ok=1

Cmd: disassembleShader
  platform=d3d11 type=15 mask=6 insize=1938 outsize=3437 ok=1

Cmd: disassembleShader
  platform=d3d11 type=15 mask=6 insize=1938 outsize=3437 ok=1

Cmd: disassembleShader
  platform=d3d11 type=17 mask=6 insize=3834 outsize=5686 ok=1

Cmd: disassembleShader
  platform=d3d11 type=17 mask=6 insize=4378 outsize=6450 ok=1

Cmd: disassembleShader
  platform=d3d11 type=17 mask=6 insize=4226 outsize=6250 ok=1

Cmd: disassembleShader
  platform=d3d11 type=17 mask=6 insize=4030 outsize=5959 ok=1

Cmd: disassembleShader
  platform=d3d11 type=17 mask=6 insize=5150 outsize=7462 ok=1

Cmd: disassembleShader
  platform=d3d11 type=17 mask=6 insize=6510 outsize=9355 ok=1

Cmd: disassembleShader
  platform=d3d11 type=17 mask=6 insize=4326 outsize=6326 ok=1

Cmd: disassembleShader
  platform=d3d11 type=17 mask=6 insize=4586 outsize=6734 ok=1

Cmd: disassembleShader
  platform=d3d11 type=17 mask=6 insize=5034 outsize=7179 ok=1

Cmd: disassembleShader
  platform=d3d11 type=17 mask=6 insize=5434 outsize=7826 ok=1

Cmd: disassembleShader
  platform=d3d11 type=17 mask=6 insize=5126 outsize=7344 ok=1

Cmd: disassembleShader
  platform=d3d11 type=17 mask=6 insize=4734 outsize=6777 ok=1

Cmd: disassembleShader
  platform=d3d11 type=17 mask=6 insize=5134 outsize=7424 ok=1

Cmd: disassembleShader
  platform=d3d11 type=17 mask=6 insize=4010 outsize=5865 ok=1

Cmd: disassembleShader
  platform=d3d11 type=17 mask=6 insize=3646 outsize=5331 ok=1

Cmd: disassembleShader
  platform=d3d11 type=17 mask=6 insize=4254 outsize=6230 ok=1

Cmd: disassembleShader
  platform=d3d11 type=17 mask=6 insize=4102 outsize=6030 ok=1

Cmd: disassembleShader
  platform=d3d11 type=17 mask=6 insize=3906 outsize=5739 ok=1

Cmd: disassembleShader
  platform=d3d11 type=17 mask=6 insize=5010 outsize=7192 ok=1

Cmd: disassembleShader
  platform=d3d11 type=17 mask=6 insize=6370 outsize=9084 ok=1

Cmd: disassembleShader
  platform=d3d11 type=17 mask=6 insize=4186 outsize=6056 ok=1

Cmd: disassembleShader
  platform=d3d11 type=17 mask=6 insize=4446 outsize=6464 ok=1

Cmd: disassembleShader
  platform=d3d11 type=17 mask=6 insize=4894 outsize=6909 ok=1

Cmd: disassembleShader
  platform=d3d11 type=17 mask=6 insize=5294 outsize=7556 ok=1

Cmd: disassembleShader
  platform=d3d11 type=17 mask=6 insize=4986 outsize=7074 ok=1

Cmd: disassembleShader
  platform=d3d11 type=17 mask=6 insize=5386 outsize=7721 ok=1

Cmd: disassembleShader
  platform=d3d11 type=15 mask=6 insize=1578 outsize=2639 ok=1

Cmd: disassembleShader
  platform=d3d11 type=17 mask=6 insize=714 outsize=1505 ok=1

Cmd: disassembleShader
  platform=d3d11 type=15 mask=6 insize=1550 outsize=2835 ok=1

Cmd: disassembleShader
  platform=d3d11 type=15 mask=6 insize=1806 outsize=3163 ok=1

Cmd: disassembleShader
  platform=d3d11 type=15 mask=6 insize=2146 outsize=3626 ok=1

Cmd: disassembleShader
  platform=d3d11 type=15 mask=6 insize=2542 outsize=4155 ok=1

Cmd: disassembleShader
  platform=d3d11 type=15 mask=6 insize=2242 outsize=3797 ok=1

Cmd: disassembleShader
  platform=d3d11 type=17 mask=6 insize=3010 outsize=5216 ok=1

Cmd: disassembleShader
  platform=d3d11 type=17 mask=6 insize=2514 outsize=4464 ok=1

Cmd: disassembleShader
  platform=d3d11 type=17 mask=6 insize=1270 outsize=2702 ok=1

Cmd: disassembleShader
  platform=d3d11 type=17 mask=6 insize=1122 outsize=2401 ok=1

Cmd: disassembleShader
  platform=d3d11 type=17 mask=6 insize=2658 outsize=4756 ok=1

Cmd: disassembleShader
  platform=d3d11 type=17 mask=6 insize=2490 outsize=4437 ok=1

Cmd: disassembleShader
  platform=d3d11 type=17 mask=6 insize=1294 outsize=2729 ok=1

Cmd: disassembleShader
  platform=d3d11 type=17 mask=6 insize=2346 outsize=4291 ok=1

Cmd: disassembleShader
  platform=d3d11 type=17 mask=6 insize=3054 outsize=5270 ok=1

Cmd: disassembleShader
  platform=d3d11 type=17 mask=6 insize=3118 outsize=5404 ok=1

Cmd: disassembleShader
  platform=d3d11 type=17 mask=6 insize=2662 outsize=4703 ok=1

Cmd: compileSnippet
  insize=1432 path=Assets/DefaultResourcesExtra cachingPP=1 ppOnly=0 stripLineD=0 buildPlatform=5 rsLen=0 pKW=UNITY_ENABLE_REFLECTION_BUFFERS UNITY_USE_DITHER_MASK_FOR_ALPHABLENDED_SHADOWS UNITY_PBS_USE_BRDF1 UNITY_SPECCUBE_BOX_PROJECTION UNITY_SPECCUBE_BLENDING UNITY_ENABLE_DETAIL_NORMALMAP SHADER_API_DESKTOP UNITY_COLORSPACE_GAMMA UNITY_LIGHT_PROBE_PROXY_VOLUME UNITY_LIGHTMAP_FULL_HDR UNITY_PASS_DEFERRED uKW=_EMISSION UNITY_HDR_ON INSTANCING_ON _NORMALMAP dKW=_ALPHATEST_ON _ALPHABLEND_ON _ALPHAPREMULTIPLY_ON _METALLICGLOSSMAP _SMOOTHNESS_TEXTURE_ALBEDO_CHANNEL_A _SPECULARHIGHLIGHTS_OFF _DETAIL_MULX2 _PARALLAXMAP LIGHTPROBE_SH DYNAMICLIGHTMAP_ON SHADOWS_SHADOWMASK LIGHTMAP_ON DIRLIGHTMAP_COMBINED UNITY_NO_DXT5nm UNITY_ENABLE_NATIVE_SHADOW_LOOKUPS UNITY_METAL_SHADOWS_USE_POINT_FILTERING UNITY_NO_SCREENSPACE_SHADOWS UNITY_PBS_USE_BRDF2 UNITY_PBS_USE_BRDF3 UNITY_NO_FULL_STANDARD_SHADER UNITY_HARDWARE_TIER1 UNITY_HARDWARE_TIER2 UNITY_HARDWARE_TIER3 UNITY_HALF_PRECISION_FRAGMENT_SHADER_REGISTERS UNITY_LIGHTMAP_DLDR_ENCODING UNITY_LIGHTMAP_RGBM_ENCODING UNITY_VIRTUAL_TEXTURING UNITY_PRETRANSFORM_TO_DISPLAY_ORIENTATION UNITY_ASTC_NORMALMAP_ENCODING SHADER_API_GLES30 flags=0 lang=0 type=Fragment platform=d3d11 reqs=2275 mask=6 start=168 ok=1 outsize=1658

Cmd: disassembleShader
  platform=d3d11 type=17 mask=6 insize=1658 outsize=3265 ok=1

Cmd: disassembleShader
  platform=d3d11 type=17 mask=6 insize=1158 outsize=2492 ok=1

Cmd: disassembleShader
  platform=d3d11 type=15 mask=6 insize=1746 outsize=3138 ok=1

Cmd: disassembleShader
  platform=d3d11 type=15 mask=6 insize=2362 outsize=3924 ok=1

Cmd: disassembleShader
  platform=d3d11 type=15 mask=6 insize=3070 outsize=4936 ok=1

Cmd: disassembleShader
  platform=d3d11 type=15 mask=6 insize=1746 outsize=3138 ok=1

Cmd: disassembleShader
  platform=d3d11 type=15 mask=6 insize=1714 outsize=3071 ok=1

Cmd: disassembleShader
  platform=d3d11 type=15 mask=6 insize=2126 outsize=3622 ok=1

Cmd: disassembleShader
  platform=d3d11 type=15 mask=6 insize=2362 outsize=3924 ok=1

Cmd: disassembleShader
  platform=d3d11 type=15 mask=6 insize=3294 outsize=5203 ok=1

Cmd: disassembleShader
  platform=d3d11 type=15 mask=6 insize=1746 outsize=3138 ok=1

Cmd: disassembleShader
  platform=d3d11 type=15 mask=6 insize=1938 outsize=3338 ok=1

Cmd: disassembleShader
  platform=d3d11 type=17 mask=6 insize=3130 outsize=5189 ok=1

Cmd: disassembleShader
  platform=d3d11 type=17 mask=6 insize=6418 outsize=9097 ok=1

Cmd: disassembleShader
  platform=d3d11 type=17 mask=6 insize=6490 outsize=9246 ok=1

Cmd: disassembleShader
  platform=d3d11 type=17 mask=6 insize=6026 outsize=8530 ok=1

Cmd: disassembleShader
  platform=d3d11 type=17 mask=6 insize=7262 outsize=10325 ok=1

Cmd: disassembleShader
  platform=d3d11 type=17 mask=6 insize=4574 outsize=6869 ok=1

Cmd: disassembleShader
  platform=d3d11 type=17 mask=6 insize=2994 outsize=4970 ok=1

Cmd: compileSnippet
  insize=1284 path=Assets/DefaultResourcesExtra cachingPP=1 ppOnly=0 stripLineD=0 buildPlatform=5 rsLen=0 pKW=UNITY_ENABLE_REFLECTION_BUFFERS UNITY_USE_DITHER_MASK_FOR_ALPHABLENDED_SHADOWS UNITY_PBS_USE_BRDF1 UNITY_SPECCUBE_BOX_PROJECTION UNITY_SPECCUBE_BLENDING UNITY_ENABLE_DETAIL_NORMALMAP SHADER_API_DESKTOP UNITY_COLORSPACE_GAMMA UNITY_LIGHT_PROBE_PROXY_VOLUME UNITY_LIGHTMAP_FULL_HDR UNITY_PASS_FORWARDBASE uKW=DIRECTIONAL _EMISSION _NORMALMAP dKW=FOG_LINEAR FOG_EXP FOG_EXP2 _ALPHATEST_ON _ALPHABLEND_ON _ALPHAPREMULTIPLY_ON _METALLICGLOSSMAP _SMOOTHNESS_TEXTURE_ALBEDO_CHANNEL_A _SPECULARHIGHLIGHTS_OFF _GLOSSYREFLECTIONS_OFF LIGHTPROBE_SH SHADOWS_SHADOWMASK DYNAMICLIGHTMAP_ON LIGHTMAP_ON LIGHTMAP_SHADOW_MIXING SHADOWS_SCREEN UNITY_NO_DXT5nm UNITY_ENABLE_NATIVE_SHADOW_LOOKUPS UNITY_METAL_SHADOWS_USE_POINT_FILTERING UNITY_NO_SCREENSPACE_SHADOWS UNITY_PBS_USE_BRDF2 UNITY_PBS_USE_BRDF3 UNITY_NO_FULL_STANDARD_SHADER UNITY_HARDWARE_TIER1 UNITY_HARDWARE_TIER2 UNITY_HARDWARE_TIER3 UNITY_HALF_PRECISION_FRAGMENT_SHADER_REGISTERS UNITY_LIGHTMAP_DLDR_ENCODING UNITY_LIGHTMAP_RGBM_ENCODING UNITY_VIRTUAL_TEXTURING UNITY_PRETRANSFORM_TO_DISPLAY_ORIENTATION UNITY_ASTC_NORMALMAP_ENCODING SHADER_API_GLES30 flags=0 lang=0 type=Fragment platform=d3d11 reqs=1 mask=6 start=237 ok=1 outsize=3098

Cmd: disassembleShader
  platform=d3d11 type=17 mask=6 insize=3098 outsize=5156 ok=1

Cmd: disassembleShader
  platform=d3d11 type=17 mask=6 insize=6370 outsize=8921 ok=1

Cmd: disassembleShader
  platform=d3d11 type=17 mask=6 insize=6398 outsize=9029 ok=1

Cmd: disassembleShader
  platform=d3d11 type=17 mask=6 insize=6502 outsize=9214 ok=1

Cmd: disassembleShader
  platform=d3d11 type=17 mask=6 insize=6790 outsize=9596 ok=1

Cmd: disassembleShader
  platform=d3d11 type=17 mask=6 insize=6894 outsize=9781 ok=1

Cmd: disassembleShader
  platform=d3d11 type=17 mask=6 insize=5366 outsize=7826 ok=1

Cmd: disassembleShader
  platform=d3d11 type=17 mask=6 insize=3710 outsize=5590 ok=1

Cmd: disassembleShader
  platform=d3d11 type=17 mask=6 insize=6326 outsize=8880 ok=1

Cmd: compileSnippet
  insize=1284 path=Assets/DefaultResourcesExtra cachingPP=1 ppOnly=0 stripLineD=0 buildPlatform=5 rsLen=0 pKW=UNITY_ENABLE_REFLECTION_BUFFERS UNITY_USE_DITHER_MASK_FOR_ALPHABLENDED_SHADOWS UNITY_PBS_USE_BRDF1 UNITY_SPECCUBE_BOX_PROJECTION UNITY_SPECCUBE_BLENDING UNITY_ENABLE_DETAIL_NORMALMAP SHADER_API_DESKTOP UNITY_COLORSPACE_GAMMA UNITY_LIGHT_PROBE_PROXY_VOLUME UNITY_LIGHTMAP_FULL_HDR UNITY_PASS_FORWARDBASE uKW=DIRECTIONAL SHADOWS_SCREEN LIGHTPROBE_SH FOG_EXP2 _EMISSION dKW=FOG_LINEAR FOG_EXP _NORMALMAP _ALPHATEST_ON _ALPHABLEND_ON _ALPHAPREMULTIPLY_ON _METALLICGLOSSMAP _SMOOTHNESS_TEXTURE_ALBEDO_CHANNEL_A _SPECULARHIGHLIGHTS_OFF _GLOSSYREFLECTIONS_OFF SHADOWS_SHADOWMASK DYNAMICLIGHTMAP_ON LIGHTMAP_ON LIGHTMAP_SHADOW_MIXING UNITY_NO_DXT5nm UNITY_ENABLE_NATIVE_SHADOW_LOOKUPS UNITY_METAL_SHADOWS_USE_POINT_FILTERING UNITY_NO_SCREENSPACE_SHADOWS UNITY_PBS_USE_BRDF2 UNITY_PBS_USE_BRDF3 UNITY_NO_FULL_STANDARD_SHADER UNITY_HARDWARE_TIER1 UNITY_HARDWARE_TIER2 UNITY_HARDWARE_TIER3 UNITY_HALF_PRECISION_FRAGMENT_SHADER_REGISTERS UNITY_LIGHTMAP_DLDR_ENCODING UNITY_LIGHTMAP_RGBM_ENCODING UNITY_VIRTUAL_TEXTURING UNITY_PRETRANSFORM_TO_DISPLAY_ORIENTATION UNITY_ASTC_NORMALMAP_ENCODING SHADER_API_GLES30 flags=0 lang=0 type=Fragment platform=d3d11 reqs=227 mask=6 start=237 ok=1 outsize=7594

Cmd: disassembleShader
  platform=d3d11 type=17 mask=6 insize=7594 outsize=10720 ok=1

Cmd: disassembleShader
  platform=d3d11 type=15 mask=6 insize=1766 outsize=3169 ok=1

Cmd: disassembleShader
  platform=d3d11 type=15 mask=6 insize=2070 outsize=3593 ok=1

Cmd: disassembleShader
  platform=d3d11 type=15 mask=6 insize=1994 outsize=3494 ok=1

Cmd: disassembleShader
  platform=d3d11 type=15 mask=6 insize=2178 outsize=3720 ok=1

Cmd: disassembleShader
  platform=d3d11 type=15 mask=6 insize=2434 outsize=4078 ok=1

Cmd: disassembleShader
  platform=d3d11 type=15 mask=6 insize=2070 outsize=3588 ok=1

Cmd: disassembleShader
  platform=d3d11 type=15 mask=6 insize=2294 outsize=3855 ok=1

Cmd: disassembleShader
  platform=d3d11 type=15 mask=6 insize=2674 outsize=4339 ok=1

Cmd: disassembleShader
  platform=d3d11 type=15 mask=6 insize=2294 outsize=3860 ok=1

Cmd: disassembleShader
  platform=d3d11 type=15 mask=6 insize=1798 outsize=3236 ok=1

Cmd: disassembleShader
  platform=d3d11 type=15 mask=6 insize=2294 outsize=3855 ok=1

Cmd: disassembleShader
  platform=d3d11 type=15 mask=6 insize=2674 outsize=4339 ok=1

Cmd: disassembleShader
  platform=d3d11 type=17 mask=6 insize=2146 outsize=3860 ok=1

Cmd: disassembleShader
  platform=d3d11 type=17 mask=6 insize=2962 outsize=5109 ok=1

Cmd: disassembleShader
  platform=d3d11 type=17 mask=6 insize=2810 outsize=4909 ok=1

Cmd: disassembleShader
  platform=d3d11 type=17 mask=6 insize=2690 outsize=4707 ok=1

Cmd: disassembleShader
  platform=d3d11 type=17 mask=6 insize=2702 outsize=4698 ok=1

Cmd: disassembleShader
  platform=d3d11 type=17 mask=6 insize=5134 outsize=7569 ok=1

Cmd: disassembleShader
  platform=d3d11 type=17 mask=6 insize=5394 outsize=7976 ok=1

Cmd: disassembleShader
  platform=d3d11 type=17 mask=6 insize=2602 outsize=4465 ok=1

Cmd: disassembleShader
  platform=d3d11 type=17 mask=6 insize=2694 outsize=4630 ok=1

Cmd: disassembleShader
  platform=d3d11 type=17 mask=6 insize=2718 outsize=4744 ok=1

Cmd: disassembleShader
  platform=d3d11 type=17 mask=6 insize=2478 outsize=4361 ok=1

Cmd: disassembleShader
  platform=d3d11 type=17 mask=6 insize=3010 outsize=5170 ok=1

Cmd: disassembleShader
  platform=d3d11 type=17 mask=6 insize=2858 outsize=4970 ok=1

Cmd: disassembleShader
  platform=d3d11 type=17 mask=6 insize=2738 outsize=4768 ok=1

Cmd: disassembleShader
  platform=d3d11 type=17 mask=6 insize=1818 outsize=3329 ok=1

Cmd: disassembleShader
  platform=d3d11 type=17 mask=6 insize=3066 outsize=4774 ok=1

Cmd: disassembleShader
  platform=d3d11 type=17 mask=6 insize=3326 outsize=5182 ok=1

Cmd: disassembleShader
  platform=d3d11 type=17 mask=6 insize=2650 outsize=4526 ok=1

Cmd: disassembleShader
  platform=d3d11 type=17 mask=6 insize=2742 outsize=4691 ok=1

Cmd: disassembleShader
  platform=d3d11 type=17 mask=6 insize=2766 outsize=4805 ok=1

Cmd: disassembleShader
  platform=d3d11 type=15 mask=6 insize=1418 outsize=2358 ok=1

Cmd: disassembleShader
  platform=d3d11 type=17 mask=6 insize=218 outsize=660 ok=1

Cmd: shutdown
