Base path: 'C:/Program Files/Unity/Editor/Data', plugins path 'C:/Program Files/Unity/Editor/Data/PlaybackEngines'
Cmd: initializeCompiler

Cmd: disassembleShader
  platform=d3d11 type=15 mask=6 insize=1746 outsize=3138 ok=1

Cmd: disassembleShader
  platform=d3d11 type=15 mask=6 insize=2002 outsize=3466 ok=1

Cmd: disassembleShader
  platform=d3d11 type=15 mask=6 insize=2002 outsize=3466 ok=1

Cmd: disassembleShader
  platform=d3d11 type=15 mask=6 insize=2746 outsize=4495 ok=1

Cmd: disassembleShader
  platform=d3d11 type=15 mask=6 insize=2126 outsize=3622 ok=1

Cmd: disassembleShader
  platform=d3d11 type=15 mask=6 insize=2018 outsize=3466 ok=1

Cmd: disassembleShader
  platform=d3d11 type=15 mask=6 insize=2234 outsize=3773 ok=1

Cmd: disassembleShader
  platform=d3d11 type=15 mask=6 insize=2050 outsize=3578 ok=1

Cmd: disassembleShader
  platform=d3d11 type=15 mask=6 insize=1914 outsize=3389 ok=1

Cmd: disassembleShader
  platform=d3d11 type=15 mask=6 insize=3498 outsize=5538 ok=1

Cmd: disassembleShader
  platform=d3d11 type=15 mask=6 insize=3634 outsize=5727 ok=1

Cmd: disassembleShader
  platform=d3d11 type=15 mask=6 insize=1914 outsize=3389 ok=1

Cmd: disassembleShader
  platform=d3d11 type=15 mask=6 insize=2126 outsize=3622 ok=1

Cmd: disassembleShader
  platform=d3d11 type=15 mask=6 insize=2362 outsize=3924 ok=1

Cmd: disassembleShader
  platform=d3d11 type=15 mask=6 insize=2766 outsize=4522 ok=1

Cmd: disassembleShader
  platform=d3d11 type=15 mask=6 insize=2126 outsize=3622 ok=1

Cmd: disassembleShader
  platform=d3d11 type=15 mask=6 insize=1658 outsize=3009 ok=1

Cmd: disassembleShader
  platform=d3d11 type=15 mask=6 insize=2254 outsize=3800 ok=1

Cmd: disassembleShader
  platform=d3d11 type=15 mask=6 insize=2370 outsize=3962 ok=1

Cmd: disassembleShader
  platform=d3d11 type=15 mask=6 insize=3518 outsize=5565 ok=1

Cmd: disassembleShader
  platform=d3d11 type=15 mask=6 insize=2466 outsize=4133 ok=1

Cmd: disassembleShader
  platform=d3d11 type=15 mask=6 insize=1934 outsize=3416 ok=1

Cmd: disassembleShader
  platform=d3d11 type=17 mask=6 insize=7206 outsize=10195 ok=1

Cmd: disassembleShader
  platform=d3d11 type=17 mask=6 insize=5854 outsize=8574 ok=1

Cmd: disassembleShader
  platform=d3d11 type=17 mask=6 insize=6202 outsize=8864 ok=1

Cmd: disassembleShader
  platform=d3d11 type=17 mask=6 insize=3410 outsize=5240 ok=1

Cmd: disassembleShader
  platform=d3d11 type=17 mask=6 insize=7262 outsize=10325 ok=1

Cmd: disassembleShader
  platform=d3d11 type=17 mask=6 insize=8398 outsize=12005 ok=1

Cmd: disassembleShader
  platform=d3d11 type=17 mask=6 insize=5982 outsize=8472 ok=1

Cmd: disassembleShader
  platform=d3d11 type=17 mask=6 insize=5766 outsize=8242 ok=1

Cmd: disassembleShader
  platform=d3d11 type=17 mask=6 insize=5922 outsize=8510 ok=1

Cmd: disassembleShader
  platform=d3d11 type=17 mask=6 insize=2870 outsize=4521 ok=1

Cmd: disassembleShader
  platform=d3d11 type=17 mask=6 insize=7370 outsize=10461 ok=1

Cmd: disassembleShader
  platform=d3d11 type=17 mask=6 insize=7022 outsize=9935 ok=1

Cmd: disassembleShader
  platform=d3d11 type=17 mask=6 insize=7050 outsize=10037 ok=1

Cmd: disassembleShader
  platform=d3d11 type=17 mask=6 insize=7154 outsize=10222 ok=1

Cmd: disassembleShader
  platform=d3d11 type=17 mask=6 insize=7442 outsize=10604 ok=1

Cmd: disassembleShader
  platform=d3d11 type=17 mask=6 insize=7546 outsize=10789 ok=1

Cmd: disassembleShader
  platform=d3d11 type=17 mask=6 insize=7310 outsize=10490 ok=1

Cmd: disassembleShader
  platform=d3d11 type=17 mask=6 insize=8186 outsize=11712 ok=1

Cmd: disassembleShader
  platform=d3d11 type=17 mask=6 insize=6018 outsize=8840 ok=1

Cmd: disassembleShader
  platform=d3d11 type=17 mask=6 insize=4258 outsize=6485 ok=1

Cmd: disassembleShader
  platform=d3d11 type=17 mask=6 insize=6978 outsize=9894 ok=1

Cmd: compileSnippet
  insize=1489 path=Assets/DefaultResourcesExtra cachingPP=1 ppOnly=0 stripLineD=0 buildPlatform=5 rsLen=0 pKW=UNITY_ENABLE_REFLECTION_BUFFERS UNITY_USE_DITHER_MASK_FOR_ALPHABLENDED_SHADOWS UNITY_PBS_USE_BRDF1 UNITY_SPECCUBE_BOX_PROJECTION UNITY_SPECCUBE_BLENDING UNITY_ENABLE_DETAIL_NORMALMAP SHADER_API_DESKTOP UNITY_COLORSPACE_GAMMA UNITY_LIGHT_PROBE_PROXY_VOLUME UNITY_LIGHTMAP_FULL_HDR UNITY_PASS_FORWARDBASE uKW=DIRECTIONAL SHADOWS_SCREEN _EMISSION INSTANCING_ON dKW=FOG_LINEAR FOG_EXP FOG_EXP2 _NORMALMAP _ALPHATEST_ON _ALPHABLEND_ON _ALPHAPREMULTIPLY_ON _METALLICGLOSSMAP _DETAIL_MULX2 _SMOOTHNESS_TEXTURE_ALBEDO_CHANNEL_A _SPECULARHIGHLIGHTS_OFF _GLOSSYREFLECTIONS_OFF _PARALLAXMAP LIGHTPROBE_SH SHADOWS_SHADOWMASK DYNAMICLIGHTMAP_ON LIGHTMAP_ON LIGHTMAP_SHADOW_MIXING DIRLIGHTMAP_COMBINED UNITY_NO_DXT5nm UNITY_ENABLE_NATIVE_SHADOW_LOOKUPS UNITY_METAL_SHADOWS_USE_POINT_FILTERING UNITY_NO_SCREENSPACE_SHADOWS UNITY_PBS_USE_BRDF2 UNITY_PBS_USE_BRDF3 UNITY_NO_FULL_STANDARD_SHADER UNITY_HARDWARE_TIER1 UNITY_HARDWARE_TIER2 UNITY_HARDWARE_TIER3 UNITY_HALF_PRECISION_FRAGMENT_SHADER_REGISTERS UNITY_LIGHTMAP_DLDR_ENCODING UNITY_LIGHTMAP_RGBM_ENCODING UNITY_VIRTUAL_TEXTURING UNITY_PRETRANSFORM_TO_DISPLAY_ORIENTATION UNITY_ASTC_NORMALMAP_ENCODING SHADER_API_GLES30 flags=0 lang=0 type=Fragment platform=d3d11 reqs=2275 mask=6 start=68 ok=1 outsize=6166

Cmd: disassembleShader
  platform=d3d11 type=17 mask=6 insize=6166 outsize=8785 ok=1

Cmd: disassembleShader
  platform=d3d11 type=17 mask=6 insize=6370 outsize=8921 ok=1

Cmd: disassembleShader
  platform=d3d11 type=17 mask=6 insize=6398 outsize=9029 ok=1

Cmd: disassembleShader
  platform=d3d11 type=17 mask=6 insize=6790 outsize=9596 ok=1

Cmd: disassembleShader
  platform=d3d11 type=17 mask=6 insize=6658 outsize=9482 ok=1

Cmd: disassembleShader
  platform=d3d11 type=17 mask=6 insize=5366 outsize=7826 ok=1

Cmd: disassembleShader
  platform=d3d11 type=17 mask=6 insize=6326 outsize=8880 ok=1

Cmd: disassembleShader
  platform=d3d11 type=17 mask=6 insize=7882 outsize=11102 ok=1

Cmd: compileSnippet
  insize=1489 path=Assets/DefaultResourcesExtra cachingPP=1 ppOnly=0 stripLineD=0 buildPlatform=5 rsLen=0 pKW=UNITY_ENABLE_REFLECTION_BUFFERS UNITY_USE_DITHER_MASK_FOR_ALPHABLENDED_SHADOWS UNITY_PBS_USE_BRDF1 UNITY_SPECCUBE_BOX_PROJECTION UNITY_SPECCUBE_BLENDING UNITY_ENABLE_DETAIL_NORMALMAP SHADER_API_DESKTOP UNITY_COLORSPACE_GAMMA UNITY_LIGHT_PROBE_PROXY_VOLUME UNITY_LIGHTMAP_FULL_HDR UNITY_PASS_FORWARDBASE uKW=DIRECTIONAL SHADOWS_SCREEN LIGHTPROBE_SH FOG_EXP2 _EMISSION _NORMALMAP dKW=FOG_LINEAR FOG_EXP INSTANCING_ON _ALPHATEST_ON _ALPHABLEND_ON _ALPHAPREMULTIPLY_ON _METALLICGLOSSMAP _DETAIL_MULX2 _SMOOTHNESS_TEXTURE_ALBEDO_CHANNEL_A _SPECULARHIGHLIGHTS_OFF _GLOSSYREFLECTIONS_OFF _PARALLAXMAP SHADOWS_SHADOWMASK DYNAMICLIGHTMAP_ON LIGHTMAP_ON LIGHTMAP_SHADOW_MIXING DIRLIGHTMAP_COMBINED UNITY_NO_DXT5nm UNITY_ENABLE_NATIVE_SHADOW_LOOKUPS UNITY_METAL_SHADOWS_USE_POINT_FILTERING UNITY_NO_SCREENSPACE_SHADOWS UNITY_PBS_USE_BRDF2 UNITY_PBS_USE_BRDF3 UNITY_NO_FULL_STANDARD_SHADER UNITY_HARDWARE_TIER1 UNITY_HARDWARE_TIER2 UNITY_HARDWARE_TIER3 UNITY_HALF_PRECISION_FRAGMENT_SHADER_REGISTERS UNITY_LIGHTMAP_DLDR_ENCODING UNITY_LIGHTMAP_RGBM_ENCODING UNITY_VIRTUAL_TEXTURING UNITY_PRETRANSFORM_TO_DISPLAY_ORIENTATION UNITY_ASTC_NORMALMAP_ENCODING SHADER_API_GLES30 flags=0 lang=0 type=Fragment platform=d3d11 reqs=227 mask=6 start=68 ok=1 outsize=7986

Cmd: disassembleShader
  platform=d3d11 type=17 mask=6 insize=7986 outsize=11287 ok=1

Cmd: disassembleShader
  platform=d3d11 type=17 mask=6 insize=7698 outsize=10842 ok=1

Cmd: disassembleShader
  platform=d3d11 type=17 mask=6 insize=7726 outsize=10941 ok=1

Cmd: disassembleShader
  platform=d3d11 type=17 mask=6 insize=7830 outsize=11126 ok=1

Cmd: disassembleShader
  platform=d3d11 type=17 mask=6 insize=8118 outsize=11508 ok=1

Cmd: disassembleShader
  platform=d3d11 type=17 mask=6 insize=8222 outsize=11693 ok=1

Cmd: disassembleShader
  platform=d3d11 type=17 mask=6 insize=7986 outsize=11394 ok=1

Cmd: disassembleShader
  platform=d3d11 type=17 mask=6 insize=8862 outsize=12621 ok=1

Cmd: disassembleShader
  platform=d3d11 type=17 mask=6 insize=6694 outsize=9747 ok=1

Cmd: disassembleShader
  platform=d3d11 type=17 mask=6 insize=5038 outsize=7485 ok=1

Cmd: disassembleShader
  platform=d3d11 type=17 mask=6 insize=7654 outsize=10801 ok=1

Cmd: compileSnippet
  insize=1489 path=Assets/DefaultResourcesExtra cachingPP=1 ppOnly=0 stripLineD=0 buildPlatform=5 rsLen=0 pKW=UNITY_ENABLE_REFLECTION_BUFFERS UNITY_USE_DITHER_MASK_FOR_ALPHABLENDED_SHADOWS UNITY_PBS_USE_BRDF1 UNITY_SPECCUBE_BOX_PROJECTION UNITY_SPECCUBE_BLENDING UNITY_ENABLE_DETAIL_NORMALMAP SHADER_API_DESKTOP UNITY_COLORSPACE_GAMMA UNITY_LIGHT_PROBE_PROXY_VOLUME UNITY_LIGHTMAP_FULL_HDR UNITY_PASS_FORWARDBASE uKW=DIRECTIONAL FOG_EXP2 _EMISSION INSTANCING_ON dKW=FOG_LINEAR FOG_EXP _NORMALMAP _ALPHATEST_ON _ALPHABLEND_ON _ALPHAPREMULTIPLY_ON _METALLICGLOSSMAP _DETAIL_MULX2 _SMOOTHNESS_TEXTURE_ALBEDO_CHANNEL_A _SPECULARHIGHLIGHTS_OFF _GLOSSYREFLECTIONS_OFF _PARALLAXMAP LIGHTPROBE_SH SHADOWS_SHADOWMASK DYNAMICLIGHTMAP_ON LIGHTMAP_ON LIGHTMAP_SHADOW_MIXING DIRLIGHTMAP_COMBINED SHADOWS_SCREEN UNITY_NO_DXT5nm UNITY_ENABLE_NATIVE_SHADOW_LOOKUPS UNITY_METAL_SHADOWS_USE_POINT_FILTERING UNITY_NO_SCREENSPACE_SHADOWS UNITY_PBS_USE_BRDF2 UNITY_PBS_USE_BRDF3 UNITY_NO_FULL_STANDARD_SHADER UNITY_HARDWARE_TIER1 UNITY_HARDWARE_TIER2 UNITY_HARDWARE_TIER3 UNITY_HALF_PRECISION_FRAGMENT_SHADER_REGISTERS UNITY_LIGHTMAP_DLDR_ENCODING UNITY_LIGHTMAP_RGBM_ENCODING UNITY_VIRTUAL_TEXTURING UNITY_PRETRANSFORM_TO_DISPLAY_ORIENTATION UNITY_ASTC_NORMALMAP_ENCODING SHADER_API_GLES30 flags=0 lang=0 type=Fragment platform=d3d11 reqs=2275 mask=6 start=68 ok=1 outsize=6046

Cmd: disassembleShader
  platform=d3d11 type=17 mask=6 insize=6046 outsize=8560 ok=1

Cmd: disassembleShader
  platform=d3d11 type=15 mask=6 insize=1690 outsize=3080 ok=1

Cmd: disassembleShader
  platform=d3d11 type=15 mask=6 insize=1918 outsize=3410 ok=1

Cmd: disassembleShader
  platform=d3d11 type=15 mask=6 insize=2298 outsize=3899 ok=1

Cmd: disassembleShader
  platform=d3d11 type=15 mask=6 insize=2298 outsize=3904 ok=1

Cmd: disassembleShader
  platform=d3d11 type=15 mask=6 insize=2054 outsize=3594 ok=1

Cmd: disassembleShader
  platform=d3d11 type=15 mask=6 insize=1918 outsize=3410 ok=1

Cmd: disassembleShader
  platform=d3d11 type=15 mask=6 insize=1918 outsize=3410 ok=1

Cmd: disassembleShader
  platform=d3d11 type=15 mask=6 insize=2298 outsize=3894 ok=1

Cmd: disassembleShader
  platform=d3d11 type=15 mask=6 insize=2090 outsize=3591 ok=1

Cmd: disassembleShader
  platform=d3d11 type=15 mask=6 insize=1938 outsize=3437 ok=1

Cmd: disassembleShader
  platform=d3d11 type=15 mask=6 insize=1938 outsize=3432 ok=1

Cmd: disassembleShader
  platform=d3d11 type=15 mask=6 insize=1938 outsize=3447 ok=1

Cmd: disassembleShader
  platform=d3d11 type=15 mask=6 insize=2434 outsize=4078 ok=1

Cmd: disassembleShader
  platform=d3d11 type=15 mask=6 insize=2318 outsize=3921 ok=1

Cmd: disassembleShader
  platform=d3d11 type=15 mask=6 insize=1938 outsize=3437 ok=1

Cmd: disassembleShader
  platform=d3d11 type=15 mask=6 insize=1938 outsize=3437 ok=1

Cmd: disassembleShader
  platform=d3d11 type=17 mask=6 insize=3442 outsize=5119 ok=1

Cmd: disassembleShader
  platform=d3d11 type=17 mask=6 insize=4062 outsize=5959 ok=1

Cmd: disassembleShader
  platform=d3d11 type=17 mask=6 insize=3910 outsize=5759 ok=1

Cmd: disassembleShader
  platform=d3d11 type=17 mask=6 insize=3714 outsize=5468 ok=1

Cmd: disassembleShader
  platform=d3d11 type=17 mask=6 insize=4834 outsize=6971 ok=1

Cmd: disassembleShader
  platform=d3d11 type=17 mask=6 insize=6194 outsize=8863 ok=1

Cmd: disassembleShader
  platform=d3d11 type=17 mask=6 insize=4010 outsize=5835 ok=1

Cmd: disassembleShader
  platform=d3d11 type=17 mask=6 insize=4270 outsize=6243 ok=1

Cmd: disassembleShader
  platform=d3d11 type=17 mask=6 insize=4718 outsize=6688 ok=1

Cmd: disassembleShader
  platform=d3d11 type=17 mask=6 insize=5118 outsize=7335 ok=1

Cmd: disassembleShader
  platform=d3d11 type=17 mask=6 insize=4810 outsize=6853 ok=1

Cmd: disassembleShader
  platform=d3d11 type=17 mask=6 insize=5198 outsize=7558 ok=1

Cmd: disassembleShader
  platform=d3d11 type=17 mask=6 insize=3806 outsize=5652 ok=1

Cmd: disassembleShader
  platform=d3d11 type=17 mask=6 insize=3710 outsize=5466 ok=1

Cmd: disassembleShader
  platform=d3d11 type=17 mask=6 insize=4318 outsize=6364 ok=1

Cmd: disassembleShader
  platform=d3d11 type=17 mask=6 insize=4166 outsize=6164 ok=1

Cmd: disassembleShader
  platform=d3d11 type=17 mask=6 insize=3970 outsize=5873 ok=1

Cmd: disassembleShader
  platform=d3d11 type=17 mask=6 insize=5074 outsize=7326 ok=1

Cmd: disassembleShader
  platform=d3d11 type=17 mask=6 insize=6434 outsize=9216 ok=1

Cmd: disassembleShader
  platform=d3d11 type=17 mask=6 insize=4250 outsize=6191 ok=1

Cmd: disassembleShader
  platform=d3d11 type=17 mask=6 insize=4902 outsize=7165 ok=1

Cmd: disassembleShader
  platform=d3d11 type=17 mask=6 insize=5350 outsize=7610 ok=1

Cmd: disassembleShader
  platform=d3d11 type=17 mask=6 insize=5618 outsize=8143 ok=1

Cmd: disassembleShader
  platform=d3d11 type=17 mask=6 insize=5310 outsize=7661 ok=1

Cmd: disassembleShader
  platform=d3d11 type=17 mask=6 insize=5710 outsize=8308 ok=1

Cmd: disassembleShader
  platform=d3d11 type=17 mask=6 insize=4334 outsize=6452 ok=1

Cmd: disassembleShader
  platform=d3d11 type=15 mask=6 insize=1298 outsize=2142 ok=1

Cmd: disassembleShader
  platform=d3d11 type=15 mask=6 insize=1574 outsize=2550 ok=1

Cmd: disassembleShader
  platform=d3d11 type=17 mask=6 insize=218 outsize=660 ok=1

Cmd: disassembleShader
  platform=d3d11 type=17 mask=6 insize=218 outsize=660 ok=1

Cmd: disassembleShader
  platform=d3d11 type=15 mask=6 insize=1806 outsize=3163 ok=1

Cmd: disassembleShader
  platform=d3d11 type=15 mask=6 insize=1550 outsize=2835 ok=1

Cmd: disassembleShader
  platform=d3d11 type=15 mask=6 insize=1550 outsize=2835 ok=1

Cmd: disassembleShader
  platform=d3d11 type=15 mask=6 insize=2242 outsize=3797 ok=1

Cmd: disassembleShader
  platform=d3d11 type=17 mask=6 insize=2970 outsize=5165 ok=1

Cmd: compileSnippet
  insize=1432 path=Assets/DefaultResourcesExtra cachingPP=1 ppOnly=0 stripLineD=0 buildPlatform=5 rsLen=0 pKW=UNITY_ENABLE_REFLECTION_BUFFERS UNITY_USE_DITHER_MASK_FOR_ALPHABLENDED_SHADOWS UNITY_PBS_USE_BRDF1 UNITY_SPECCUBE_BOX_PROJECTION UNITY_SPECCUBE_BLENDING UNITY_ENABLE_DETAIL_NORMALMAP SHADER_API_DESKTOP UNITY_COLORSPACE_GAMMA UNITY_LIGHT_PROBE_PROXY_VOLUME UNITY_LIGHTMAP_FULL_HDR UNITY_PASS_DEFERRED uKW=_EMISSION UNITY_HDR_ON _NORMALMAP dKW=INSTANCING_ON _ALPHATEST_ON _ALPHABLEND_ON _ALPHAPREMULTIPLY_ON _METALLICGLOSSMAP _SMOOTHNESS_TEXTURE_ALBEDO_CHANNEL_A _SPECULARHIGHLIGHTS_OFF _DETAIL_MULX2 _PARALLAXMAP LIGHTPROBE_SH DYNAMICLIGHTMAP_ON SHADOWS_SHADOWMASK LIGHTMAP_ON DIRLIGHTMAP_COMBINED UNITY_NO_DXT5nm UNITY_ENABLE_NATIVE_SHADOW_LOOKUPS UNITY_METAL_SHADOWS_USE_POINT_FILTERING UNITY_NO_SCREENSPACE_SHADOWS UNITY_PBS_USE_BRDF2 UNITY_PBS_USE_BRDF3 UNITY_NO_FULL_STANDARD_SHADER UNITY_HARDWARE_TIER1 UNITY_HARDWARE_TIER2 UNITY_HARDWARE_TIER3 UNITY_HALF_PRECISION_FRAGMENT_SHADER_REGISTERS UNITY_LIGHTMAP_DLDR_ENCODING UNITY_LIGHTMAP_RGBM_ENCODING UNITY_VIRTUAL_TEXTURING UNITY_PRETRANSFORM_TO_DISPLAY_ORIENTATION UNITY_ASTC_NORMALMAP_ENCODING SHADER_API_GLES30 flags=0 lang=0 type=Fragment platform=d3d11 reqs=227 mask=6 start=168 ok=1 outsize=1622

Cmd: disassembleShader
  platform=d3d11 type=17 mask=6 insize=1622 outsize=3195 ok=1

Cmd: disassembleShader
  platform=d3d11 type=17 mask=6 insize=2830 outsize=5022 ok=1

Cmd: disassembleShader
  platform=d3d11 type=17 mask=6 insize=3862 outsize=6512 ok=1

Cmd: disassembleShader
  platform=d3d11 type=17 mask=6 insize=1574 outsize=3098 ok=1

Cmd: disassembleShader
  platform=d3d11 type=17 mask=6 insize=1222 outsize=2605 ok=1

Cmd: disassembleShader
  platform=d3d11 type=17 mask=6 insize=1638 outsize=3232 ok=1

Cmd: disassembleShader
  platform=d3d11 type=17 mask=6 insize=2382 outsize=4340 ok=1

Cmd: disassembleShader
  platform=d3d11 type=17 mask=6 insize=3030 outsize=5243 ok=1

Cmd: disassembleShader
  platform=d3d11 type=17 mask=6 insize=2702 outsize=4810 ok=1

Cmd: disassembleShader
  platform=d3d11 type=17 mask=6 insize=3094 outsize=5377 ok=1

Cmd: disassembleShader
  platform=d3d11 type=17 mask=6 insize=2962 outsize=5263 ok=1

Cmd: disassembleShader
  platform=d3d11 type=17 mask=6 insize=2638 outsize=4676 ok=1

Cmd: compileSnippet
  insize=1432 path=Assets/DefaultResourcesExtra cachingPP=1 ppOnly=0 stripLineD=0 buildPlatform=5 rsLen=0 pKW=UNITY_ENABLE_REFLECTION_BUFFERS UNITY_USE_DITHER_MASK_FOR_ALPHABLENDED_SHADOWS UNITY_PBS_USE_BRDF1 UNITY_SPECCUBE_BOX_PROJECTION UNITY_SPECCUBE_BLENDING UNITY_ENABLE_DETAIL_NORMALMAP SHADER_API_DESKTOP UNITY_COLORSPACE_GAMMA UNITY_LIGHT_PROBE_PROXY_VOLUME UNITY_LIGHTMAP_FULL_HDR UNITY_PASS_DEFERRED uKW=_EMISSION INSTANCING_ON dKW=_NORMALMAP _ALPHATEST_ON _ALPHABLEND_ON _ALPHAPREMULTIPLY_ON _METALLICGLOSSMAP _SMOOTHNESS_TEXTURE_ALBEDO_CHANNEL_A _SPECULARHIGHLIGHTS_OFF _DETAIL_MULX2 _PARALLAXMAP LIGHTPROBE_SH DYNAMICLIGHTMAP_ON SHADOWS_SHADOWMASK LIGHTMAP_ON DIRLIGHTMAP_COMBINED UNITY_HDR_ON UNITY_NO_DXT5nm UNITY_ENABLE_NATIVE_SHADOW_LOOKUPS UNITY_METAL_SHADOWS_USE_POINT_FILTERING UNITY_NO_SCREENSPACE_SHADOWS UNITY_PBS_USE_BRDF2 UNITY_PBS_USE_BRDF3 UNITY_NO_FULL_STANDARD_SHADER UNITY_HARDWARE_TIER1 UNITY_HARDWARE_TIER2 UNITY_HARDWARE_TIER3 UNITY_HALF_PRECISION_FRAGMENT_SHADER_REGISTERS UNITY_LIGHTMAP_DLDR_ENCODING UNITY_LIGHTMAP_RGBM_ENCODING UNITY_VIRTUAL_TEXTURING UNITY_PRETRANSFORM_TO_DISPLAY_ORIENTATION UNITY_ASTC_NORMALMAP_ENCODING SHADER_API_GLES30 flags=0 lang=0 type=Fragment platform=d3d11 reqs=2275 mask=6 start=168 ok=1 outsize=1266

Cmd: disassembleShader
  platform=d3d11 type=17 mask=6 insize=1266 outsize=2665 ok=1

Cmd: disassembleShader
  platform=d3d11 type=15 mask=6 insize=2334 outsize=3950 ok=1

Cmd: disassembleShader
  platform=d3d11 type=15 mask=6 insize=2126 outsize=3622 ok=1

Cmd: disassembleShader
  platform=d3d11 type=15 mask=6 insize=1714 outsize=3071 ok=1

Cmd: disassembleShader
  platform=d3d11 type=15 mask=6 insize=3070 outsize=4936 ok=1

Cmd: disassembleShader
  platform=d3d11 type=15 mask=6 insize=2854 outsize=4651 ok=1

Cmd: disassembleShader
  platform=d3d11 type=15 mask=6 insize=2918 outsize=4675 ok=1

Cmd: disassembleShader
  platform=d3d11 type=15 mask=6 insize=2126 outsize=3622 ok=1

Cmd: disassembleShader
  platform=d3d11 type=15 mask=6 insize=1938 outsize=3338 ok=1

Cmd: disassembleShader
  platform=d3d11 type=15 mask=6 insize=3294 outsize=5203 ok=1

Cmd: disassembleShader
  platform=d3d11 type=15 mask=6 insize=2854 outsize=4651 ok=1

Cmd: disassembleShader
  platform=d3d11 type=17 mask=6 insize=2846 outsize=4749 ok=1

Cmd: disassembleShader
  platform=d3d11 type=17 mask=6 insize=2786 outsize=4642 ok=1

Cmd: disassembleShader
  platform=d3d11 type=17 mask=6 insize=6202 outsize=8864 ok=1

Cmd: disassembleShader
  platform=d3d11 type=17 mask=6 insize=3410 outsize=5240 ok=1

Cmd: compileSnippet
  insize=1284 path=Assets/DefaultResourcesExtra cachingPP=1 ppOnly=0 stripLineD=0 buildPlatform=5 rsLen=0 pKW=UNITY_ENABLE_REFLECTION_BUFFERS UNITY_USE_DITHER_MASK_FOR_ALPHABLENDED_SHADOWS UNITY_PBS_USE_BRDF1 UNITY_SPECCUBE_BOX_PROJECTION UNITY_SPECCUBE_BLENDING UNITY_ENABLE_DETAIL_NORMALMAP SHADER_API_DESKTOP UNITY_COLORSPACE_GAMMA UNITY_LIGHT_PROBE_PROXY_VOLUME UNITY_LIGHTMAP_FULL_HDR UNITY_PASS_FORWARDBASE uKW=DIRECTIONAL SHADOWS_SCREEN LIGHTPROBE_SH _EMISSION _NORMALMAP dKW=FOG_LINEAR FOG_EXP FOG_EXP2 _ALPHATEST_ON _ALPHABLEND_ON _ALPHAPREMULTIPLY_ON _METALLICGLOSSMAP _SMOOTHNESS_TEXTURE_ALBEDO_CHANNEL_A _SPECULARHIGHLIGHTS_OFF _GLOSSYREFLECTIONS_OFF SHADOWS_SHADOWMASK DYNAMICLIGHTMAP_ON LIGHTMAP_ON LIGHTMAP_SHADOW_MIXING UNITY_NO_DXT5nm UNITY_ENABLE_NATIVE_SHADOW_LOOKUPS UNITY_METAL_SHADOWS_USE_POINT_FILTERING UNITY_NO_SCREENSPACE_SHADOWS UNITY_PBS_USE_BRDF2 UNITY_PBS_USE_BRDF3 UNITY_NO_FULL_STANDARD_SHADER UNITY_HARDWARE_TIER1 UNITY_HARDWARE_TIER2 UNITY_HARDWARE_TIER3 UNITY_HALF_PRECISION_FRAGMENT_SHADER_REGISTERS UNITY_LIGHTMAP_DLDR_ENCODING UNITY_LIGHTMAP_RGBM_ENCODING UNITY_VIRTUAL_TEXTURING UNITY_PRETRANSFORM_TO_DISPLAY_ORIENTATION UNITY_ASTC_NORMALMAP_ENCODING SHADER_API_GLES30 flags=0 lang=0 type=Fragment platform=d3d11 reqs=227 mask=6 start=237 ok=1 outsize=7686

Cmd: disassembleShader
  platform=d3d11 type=17 mask=6 insize=7686 outsize=10937 ok=1

Cmd: disassembleShader
  platform=d3d11 type=17 mask=6 insize=6530 outsize=9481 ok=1

Cmd: compileSnippet
  insize=1284 path=Assets/DefaultResourcesExtra cachingPP=1 ppOnly=0 stripLineD=0 buildPlatform=5 rsLen=0 pKW=UNITY_ENABLE_REFLECTION_BUFFERS UNITY_USE_DITHER_MASK_FOR_ALPHABLENDED_SHADOWS UNITY_PBS_USE_BRDF1 UNITY_SPECCUBE_BOX_PROJECTION UNITY_SPECCUBE_BLENDING UNITY_ENABLE_DETAIL_NORMALMAP SHADER_API_DESKTOP UNITY_COLORSPACE_GAMMA UNITY_LIGHT_PROBE_PROXY_VOLUME UNITY_LIGHTMAP_FULL_HDR UNITY_PASS_FORWARDBASE uKW=DIRECTIONAL FOG_EXP2 _EMISSION dKW=FOG_LINEAR FOG_EXP _NORMALMAP _ALPHATEST_ON _ALPHABLEND_ON _ALPHAPREMULTIPLY_ON _METALLICGLOSSMAP _SMOOTHNESS_TEXTURE_ALBEDO_CHANNEL_A _SPECULARHIGHLIGHTS_OFF _GLOSSYREFLECTIONS_OFF LIGHTPROBE_SH SHADOWS_SHADOWMASK DYNAMICLIGHTMAP_ON LIGHTMAP_ON LIGHTMAP_SHADOW_MIXING SHADOWS_SCREEN UNITY_NO_DXT5nm UNITY_ENABLE_NATIVE_SHADOW_LOOKUPS UNITY_METAL_SHADOWS_USE_POINT_FILTERING UNITY_NO_SCREENSPACE_SHADOWS UNITY_PBS_USE_BRDF2 UNITY_PBS_USE_BRDF3 UNITY_NO_FULL_STANDARD_SHADER UNITY_HARDWARE_TIER1 UNITY_HARDWARE_TIER2 UNITY_HARDWARE_TIER3 UNITY_HALF_PRECISION_FRAGMENT_SHADER_REGISTERS UNITY_LIGHTMAP_DLDR_ENCODING UNITY_LIGHTMAP_RGBM_ENCODING UNITY_VIRTUAL_TEXTURING UNITY_PRETRANSFORM_TO_DISPLAY_ORIENTATION UNITY_ASTC_NORMALMAP_ENCODING SHADER_API_GLES30 flags=0 lang=0 type=Fragment platform=d3d11 reqs=1 mask=6 start=237 ok=1 outsize=2926

Cmd: disassembleShader
  platform=d3d11 type=17 mask=6 insize=2926 outsize=4880 ok=1

Cmd: disassembleShader
  platform=d3d11 type=15 mask=6 insize=2146 outsize=3653 ok=1

Cmd: disassembleShader
  platform=d3d11 type=15 mask=6 insize=2070 outsize=3588 ok=1

Cmd: disassembleShader
  platform=d3d11 type=15 mask=6 insize=2450 outsize=4077 ok=1

Cmd: disassembleShader
  platform=d3d11 type=15 mask=6 insize=2178 outsize=3720 ok=1

Cmd: disassembleShader
  platform=d3d11 type=15 mask=6 insize=2070 outsize=3588 ok=1

Cmd: disassembleShader
  platform=d3d11 type=15 mask=6 insize=2070 outsize=3588 ok=1

Cmd: disassembleShader
  platform=d3d11 type=15 mask=6 insize=1990 outsize=3436 ok=1

Cmd: disassembleShader
  platform=d3d11 type=15 mask=6 insize=2674 outsize=4339 ok=1

Cmd: disassembleShader
  platform=d3d11 type=15 mask=6 insize=2598 outsize=4245 ok=1

Cmd: disassembleShader
  platform=d3d11 type=15 mask=6 insize=1798 outsize=3236 ok=1

Cmd: disassembleShader
  platform=d3d11 type=15 mask=6 insize=2178 outsize=3720 ok=1

Cmd: disassembleShader
  platform=d3d11 type=15 mask=6 insize=2294 outsize=3855 ok=1

Cmd: disassembleShader
  platform=d3d11 type=15 mask=6 insize=2294 outsize=3855 ok=1

Cmd: disassembleShader
  platform=d3d11 type=17 mask=6 insize=2302 outsize=4062 ok=1

Cmd: disassembleShader
  platform=d3d11 type=17 mask=6 insize=2678 outsize=4669 ok=1

Cmd: disassembleShader
  platform=d3d11 type=17 mask=6 insize=2526 outsize=4469 ok=1

Cmd: disassembleShader
  platform=d3d11 type=17 mask=6 insize=2406 outsize=4267 ok=1

Cmd: disassembleShader
  platform=d3d11 type=17 mask=6 insize=2418 outsize=4258 ok=1

Cmd: disassembleShader
  platform=d3d11 type=17 mask=6 insize=4258 outsize=6347 ok=1

Cmd: disassembleShader
  platform=d3d11 type=17 mask=6 insize=4518 outsize=6754 ok=1

Cmd: disassembleShader
  platform=d3d11 type=17 mask=6 insize=2318 outsize=4025 ok=1

Cmd: disassembleShader
  platform=d3d11 type=17 mask=6 insize=2410 outsize=4190 ok=1

Cmd: disassembleShader
  platform=d3d11 type=17 mask=6 insize=2434 outsize=4304 ok=1

Cmd: disassembleShader
  platform=d3d11 type=17 mask=6 insize=2194 outsize=3921 ok=1

Cmd: disassembleShader
  platform=d3d11 type=17 mask=6 insize=2726 outsize=4730 ok=1

Cmd: disassembleShader
  platform=d3d11 type=17 mask=6 insize=2574 outsize=4530 ok=1

Cmd: disassembleShader
  platform=d3d11 type=17 mask=6 insize=2454 outsize=4328 ok=1

Cmd: disassembleShader
  platform=d3d11 type=17 mask=6 insize=4250 outsize=6191 ok=1

Cmd: disassembleShader
  platform=d3d11 type=17 mask=6 insize=4510 outsize=6598 ok=1

Cmd: disassembleShader
  platform=d3d11 type=17 mask=6 insize=2238 outsize=3848 ok=1

Cmd: disassembleShader
  platform=d3d11 type=17 mask=6 insize=2330 outsize=4013 ok=1

Cmd: disassembleShader
  platform=d3d11 type=17 mask=6 insize=2354 outsize=4127 ok=1

Cmd: disassembleShader
  platform=d3d11 type=15 mask=6 insize=1414 outsize=2269 ok=1

Cmd: disassembleShader
  platform=d3d11 type=17 mask=6 insize=218 outsize=660 ok=1

Cmd: shutdown
