Base path: 'C:/Program Files/Unity/Editor/Data', plugins path 'C:/Program Files/Unity/Editor/Data/PlaybackEngines'
Cmd: initializeCompiler

Cmd: disassembleShader
  platform=d3d11 type=15 mask=6 insize=1894 outsize=3310 ok=1

Cmd: disassembleShader
  platform=d3d11 type=15 mask=6 insize=1746 outsize=3138 ok=1

Cmd: disassembleShader
  platform=d3d11 type=15 mask=6 insize=1638 outsize=2982 ok=1

Cmd: disassembleShader
  platform=d3d11 type=15 mask=6 insize=3106 outsize=4953 ok=1

Cmd: disassembleShader
  platform=d3d11 type=15 mask=6 insize=3214 outsize=5109 ok=1

Cmd: disassembleShader
  platform=d3d11 type=15 mask=6 insize=1638 outsize=2982 ok=1

Cmd: disassembleShader
  platform=d3d11 type=15 mask=6 insize=2234 outsize=3773 ok=1

Cmd: disassembleShader
  platform=d3d11 type=15 mask=6 insize=2370 outsize=3962 ok=1

Cmd: disassembleShader
  platform=d3d11 type=15 mask=6 insize=2330 outsize=3944 ok=1

Cmd: disassembleShader
  platform=d3d11 type=15 mask=6 insize=2466 outsize=4133 ok=1

Cmd: disassembleShader
  platform=d3d11 type=15 mask=6 insize=3238 outsize=5198 ok=1

Cmd: disassembleShader
  platform=d3d11 type=15 mask=6 insize=2274 outsize=3795 ok=1

Cmd: disassembleShader
  platform=d3d11 type=15 mask=6 insize=2126 outsize=3622 ok=1

Cmd: disassembleShader
  platform=d3d11 type=15 mask=6 insize=1658 outsize=3009 ok=1

Cmd: disassembleShader
  platform=d3d11 type=15 mask=6 insize=2766 outsize=4522 ok=1

Cmd: disassembleShader
  platform=d3d11 type=15 mask=6 insize=2854 outsize=4651 ok=1

Cmd: disassembleShader
  platform=d3d11 type=15 mask=6 insize=2650 outsize=4329 ok=1

Cmd: disassembleShader
  platform=d3d11 type=15 mask=6 insize=2466 outsize=4133 ok=1

Cmd: disassembleShader
  platform=d3d11 type=15 mask=6 insize=1934 outsize=3416 ok=1

Cmd: disassembleShader
  platform=d3d11 type=15 mask=6 insize=3122 outsize=5036 ok=1

Cmd: disassembleShader
  platform=d3d11 type=15 mask=6 insize=3238 outsize=5198 ok=1

Cmd: disassembleShader
  platform=d3d11 type=17 mask=6 insize=6990 outsize=9953 ok=1

Cmd: compileSnippet
  insize=1489 path=Assets/DefaultResourcesExtra cachingPP=1 ppOnly=0 stripLineD=0 buildPlatform=5 rsLen=0 pKW=UNITY_ENABLE_REFLECTION_BUFFERS UNITY_USE_DITHER_MASK_FOR_ALPHABLENDED_SHADOWS UNITY_PBS_USE_BRDF1 UNITY_SPECCUBE_BOX_PROJECTION UNITY_SPECCUBE_BLENDING UNITY_ENABLE_DETAIL_NORMALMAP SHADER_API_DESKTOP UNITY_COLORSPACE_GAMMA UNITY_LIGHT_PROBE_PROXY_VOLUME UNITY_LIGHTMAP_FULL_HDR UNITY_PASS_FORWARDBASE uKW=DIRECTIONAL SHADOWS_SCREEN _EMISSION dKW=FOG_LINEAR FOG_EXP FOG_EXP2 INSTANCING_ON _NORMALMAP _ALPHATEST_ON _ALPHABLEND_ON _ALPHAPREMULTIPLY_ON _METALLICGLOSSMAP _DETAIL_MULX2 _SMOOTHNESS_TEXTURE_ALBEDO_CHANNEL_A _SPECULARHIGHLIGHTS_OFF _GLOSSYREFLECTIONS_OFF _PARALLAXMAP LIGHTPROBE_SH SHADOWS_SHADOWMASK DYNAMICLIGHTMAP_ON LIGHTMAP_ON LIGHTMAP_SHADOW_MIXING DIRLIGHTMAP_COMBINED UNITY_NO_DXT5nm UNITY_ENABLE_NATIVE_SHADOW_LOOKUPS UNITY_METAL_SHADOWS_USE_POINT_FILTERING UNITY_NO_SCREENSPACE_SHADOWS UNITY_PBS_USE_BRDF2 UNITY_PBS_USE_BRDF3 UNITY_NO_FULL_STANDARD_SHADER UNITY_HARDWARE_TIER1 UNITY_HARDWARE_TIER2 UNITY_HARDWARE_TIER3 UNITY_HALF_PRECISION_FRAGMENT_SHADER_REGISTERS UNITY_LIGHTMAP_DLDR_ENCODING UNITY_LIGHTMAP_RGBM_ENCODING UNITY_VIRTUAL_TEXTURING UNITY_PRETRANSFORM_TO_DISPLAY_ORIENTATION UNITY_ASTC_NORMALMAP_ENCODING SHADER_API_GLES30 flags=0 lang=0 type=Fragment platform=d3d11 reqs=227 mask=6 start=68 ok=1 outsize=6130

Cmd: disassembleShader
  platform=d3d11 type=17 mask=6 insize=6130 outsize=8715 ok=1

Cmd: disassembleShader
  platform=d3d11 type=17 mask=6 insize=6454 outsize=9167 ok=1

Cmd: compileSnippet
  insize=1489 path=Assets/DefaultResourcesExtra cachingPP=1 ppOnly=0 stripLineD=0 buildPlatform=5 rsLen=0 pKW=UNITY_ENABLE_REFLECTION_BUFFERS UNITY_USE_DITHER_MASK_FOR_ALPHABLENDED_SHADOWS UNITY_PBS_USE_BRDF1 UNITY_SPECCUBE_BOX_PROJECTION UNITY_SPECCUBE_BLENDING UNITY_ENABLE_DETAIL_NORMALMAP SHADER_API_DESKTOP UNITY_COLORSPACE_GAMMA UNITY_LIGHT_PROBE_PROXY_VOLUME UNITY_LIGHTMAP_FULL_HDR UNITY_PASS_FORWARDBASE uKW=DIRECTIONAL SHADOWS_SCREEN _EMISSION INSTANCING_ON _NORMALMAP dKW=FOG_LINEAR FOG_EXP FOG_EXP2 _ALPHATEST_ON _ALPHABLEND_ON _ALPHAPREMULTIPLY_ON _METALLICGLOSSMAP _DETAIL_MULX2 _SMOOTHNESS_TEXTURE_ALBEDO_CHANNEL_A _SPECULARHIGHLIGHTS_OFF _GLOSSYREFLECTIONS_OFF _PARALLAXMAP LIGHTPROBE_SH SHADOWS_SHADOWMASK DYNAMICLIGHTMAP_ON LIGHTMAP_ON LIGHTMAP_SHADOW_MIXING DIRLIGHTMAP_COMBINED UNITY_NO_DXT5nm UNITY_ENABLE_NATIVE_SHADOW_LOOKUPS UNITY_METAL_SHADOWS_USE_POINT_FILTERING UNITY_NO_SCREENSPACE_SHADOWS UNITY_PBS_USE_BRDF2 UNITY_PBS_USE_BRDF3 UNITY_NO_FULL_STANDARD_SHADER UNITY_HARDWARE_TIER1 UNITY_HARDWARE_TIER2 UNITY_HARDWARE_TIER3 UNITY_HALF_PRECISION_FRAGMENT_SHADER_REGISTERS UNITY_LIGHTMAP_DLDR_ENCODING UNITY_LIGHTMAP_RGBM_ENCODING UNITY_VIRTUAL_TEXTURING UNITY_PRETRANSFORM_TO_DISPLAY_ORIENTATION UNITY_ASTC_NORMALMAP_ENCODING SHADER_API_GLES30 flags=0 lang=0 type=Fragment platform=d3d11 reqs=2275 mask=6 start=68 ok=1 outsize=6558

Cmd: disassembleShader
  platform=d3d11 type=17 mask=6 insize=6558 outsize=9352 ok=1

Cmd: disassembleShader
  platform=d3d11 type=17 mask=6 insize=6502 outsize=9214 ok=1

Cmd: disassembleShader
  platform=d3d11 type=17 mask=6 insize=6894 outsize=9781 ok=1

Cmd: disassembleShader
  platform=d3d11 type=17 mask=6 insize=7534 outsize=10706 ok=1

Cmd: disassembleShader
  platform=d3d11 type=17 mask=6 insize=3710 outsize=5590 ok=1

Cmd: compileSnippet
  insize=1489 path=Assets/DefaultResourcesExtra cachingPP=1 ppOnly=0 stripLineD=0 buildPlatform=5 rsLen=0 pKW=UNITY_ENABLE_REFLECTION_BUFFERS UNITY_USE_DITHER_MASK_FOR_ALPHABLENDED_SHADOWS UNITY_PBS_USE_BRDF1 UNITY_SPECCUBE_BOX_PROJECTION UNITY_SPECCUBE_BLENDING UNITY_ENABLE_DETAIL_NORMALMAP SHADER_API_DESKTOP UNITY_COLORSPACE_GAMMA UNITY_LIGHT_PROBE_PROXY_VOLUME UNITY_LIGHTMAP_FULL_HDR UNITY_PASS_FORWARDBASE uKW=DIRECTIONAL SHADOWS_SCREEN LIGHTPROBE_SH FOG_EXP2 _EMISSION dKW=FOG_LINEAR FOG_EXP INSTANCING_ON _NORMALMAP _ALPHATEST_ON _ALPHABLEND_ON _ALPHAPREMULTIPLY_ON _METALLICGLOSSMAP _DETAIL_MULX2 _SMOOTHNESS_TEXTURE_ALBEDO_CHANNEL_A _SPECULARHIGHLIGHTS_OFF _GLOSSYREFLECTIONS_OFF _PARALLAXMAP SHADOWS_SHADOWMASK DYNAMICLIGHTMAP_ON LIGHTMAP_ON LIGHTMAP_SHADOW_MIXING DIRLIGHTMAP_COMBINED UNITY_NO_DXT5nm UNITY_ENABLE_NATIVE_SHADOW_LOOKUPS UNITY_METAL_SHADOWS_USE_POINT_FILTERING UNITY_NO_SCREENSPACE_SHADOWS UNITY_PBS_USE_BRDF2 UNITY_PBS_USE_BRDF3 UNITY_NO_FULL_STANDARD_SHADER UNITY_HARDWARE_TIER1 UNITY_HARDWARE_TIER2 UNITY_HARDWARE_TIER3 UNITY_HALF_PRECISION_FRAGMENT_SHADER_REGISTERS UNITY_LIGHTMAP_DLDR_ENCODING UNITY_LIGHTMAP_RGBM_ENCODING UNITY_VIRTUAL_TEXTURING UNITY_PRETRANSFORM_TO_DISPLAY_ORIENTATION UNITY_ASTC_NORMALMAP_ENCODING SHADER_API_GLES30 flags=0 lang=0 type=Fragment platform=d3d11 reqs=227 mask=6 start=68 ok=1 outsize=7594

Cmd: disassembleShader
  platform=d3d11 type=17 mask=6 insize=7594 outsize=10720 ok=1

Cmd: disassembleShader
  platform=d3d11 type=17 mask=6 insize=8046 outsize=11368 ok=1

Cmd: compileSnippet
  insize=1489 path=Assets/DefaultResourcesExtra cachingPP=1 ppOnly=0 stripLineD=0 buildPlatform=5 rsLen=0 pKW=UNITY_ENABLE_REFLECTION_BUFFERS UNITY_USE_DITHER_MASK_FOR_ALPHABLENDED_SHADOWS UNITY_PBS_USE_BRDF1 UNITY_SPECCUBE_BOX_PROJECTION UNITY_SPECCUBE_BLENDING UNITY_ENABLE_DETAIL_NORMALMAP SHADER_API_DESKTOP UNITY_COLORSPACE_GAMMA UNITY_LIGHT_PROBE_PROXY_VOLUME UNITY_LIGHTMAP_FULL_HDR UNITY_PASS_FORWARDBASE uKW=DIRECTIONAL SHADOWS_SCREEN LIGHTPROBE_SH FOG_EXP2 _EMISSION INSTANCING_ON _NORMALMAP dKW=FOG_LINEAR FOG_EXP _ALPHATEST_ON _ALPHABLEND_ON _ALPHAPREMULTIPLY_ON _METALLICGLOSSMAP _DETAIL_MULX2 _SMOOTHNESS_TEXTURE_ALBEDO_CHANNEL_A _SPECULARHIGHLIGHTS_OFF _GLOSSYREFLECTIONS_OFF _PARALLAXMAP SHADOWS_SHADOWMASK DYNAMICLIGHTMAP_ON LIGHTMAP_ON LIGHTMAP_SHADOW_MIXING DIRLIGHTMAP_COMBINED UNITY_NO_DXT5nm UNITY_ENABLE_NATIVE_SHADOW_LOOKUPS UNITY_METAL_SHADOWS_USE_POINT_FILTERING UNITY_NO_SCREENSPACE_SHADOWS UNITY_PBS_USE_BRDF2 UNITY_PBS_USE_BRDF3 UNITY_NO_FULL_STANDARD_SHADER UNITY_HARDWARE_TIER1 UNITY_HARDWARE_TIER2 UNITY_HARDWARE_TIER3 UNITY_HALF_PRECISION_FRAGMENT_SHADER_REGISTERS UNITY_LIGHTMAP_DLDR_ENCODING UNITY_LIGHTMAP_RGBM_ENCODING UNITY_VIRTUAL_TEXTURING UNITY_PRETRANSFORM_TO_DISPLAY_ORIENTATION UNITY_ASTC_NORMALMAP_ENCODING SHADER_API_GLES30 flags=0 lang=0 type=Fragment platform=d3d11 reqs=2275 mask=6 start=68 ok=1 outsize=8150

Cmd: disassembleShader
  platform=d3d11 type=17 mask=6 insize=8150 outsize=11553 ok=1

Cmd: disassembleShader
  platform=d3d11 type=15 mask=6 insize=2298 outsize=3899 ok=1

Cmd: disassembleShader
  platform=d3d11 type=15 mask=6 insize=1918 outsize=3410 ok=1

Cmd: disassembleShader
  platform=d3d11 type=15 mask=6 insize=1918 outsize=3405 ok=1

Cmd: disassembleShader
  platform=d3d11 type=15 mask=6 insize=1918 outsize=3420 ok=1

Cmd: disassembleShader
  platform=d3d11 type=15 mask=6 insize=2434 outsize=4078 ok=1

Cmd: disassembleShader
  platform=d3d11 type=15 mask=6 insize=2298 outsize=3894 ok=1

Cmd: disassembleShader
  platform=d3d11 type=15 mask=6 insize=1918 outsize=3410 ok=1

Cmd: disassembleShader
  platform=d3d11 type=15 mask=6 insize=1918 outsize=3410 ok=1

Cmd: disassembleShader
  platform=d3d11 type=15 mask=6 insize=1710 outsize=3107 ok=1

Cmd: disassembleShader
  platform=d3d11 type=15 mask=6 insize=2318 outsize=3921 ok=1

Cmd: disassembleShader
  platform=d3d11 type=15 mask=6 insize=2318 outsize=3916 ok=1

Cmd: disassembleShader
  platform=d3d11 type=15 mask=6 insize=1938 outsize=3447 ok=1

Cmd: disassembleShader
  platform=d3d11 type=15 mask=6 insize=2318 outsize=3931 ok=1

Cmd: disassembleShader
  platform=d3d11 type=15 mask=6 insize=2054 outsize=3594 ok=1

Cmd: disassembleShader
  platform=d3d11 type=15 mask=6 insize=1938 outsize=3437 ok=1

Cmd: disassembleShader
  platform=d3d11 type=15 mask=6 insize=1938 outsize=3437 ok=1

Cmd: disassembleShader
  platform=d3d11 type=15 mask=6 insize=2318 outsize=3921 ok=1

Cmd: disassembleShader
  platform=d3d11 type=17 mask=6 insize=3454 outsize=5060 ok=1

Cmd: disassembleShader
  platform=d3d11 type=17 mask=6 insize=4050 outsize=6017 ok=1

Cmd: disassembleShader
  platform=d3d11 type=17 mask=6 insize=3898 outsize=5817 ok=1

Cmd: disassembleShader
  platform=d3d11 type=17 mask=6 insize=3702 outsize=5526 ok=1

Cmd: disassembleShader
  platform=d3d11 type=17 mask=6 insize=4822 outsize=7029 ok=1

Cmd: disassembleShader
  platform=d3d11 type=17 mask=6 insize=6182 outsize=8919 ok=1

Cmd: disassembleShader
  platform=d3d11 type=17 mask=6 insize=3998 outsize=5894 ok=1

Cmd: disassembleShader
  platform=d3d11 type=17 mask=6 insize=4258 outsize=6301 ok=1

Cmd: disassembleShader
  platform=d3d11 type=17 mask=6 insize=4706 outsize=6746 ok=1

Cmd: disassembleShader
  platform=d3d11 type=17 mask=6 insize=5106 outsize=7393 ok=1

Cmd: disassembleShader
  platform=d3d11 type=17 mask=6 insize=4798 outsize=6911 ok=1

Cmd: disassembleShader
  platform=d3d11 type=17 mask=6 insize=5210 outsize=7500 ok=1

Cmd: disassembleShader
  platform=d3d11 type=17 mask=6 insize=3818 outsize=5594 ok=1

Cmd: disassembleShader
  platform=d3d11 type=17 mask=6 insize=3722 outsize=5407 ok=1

Cmd: disassembleShader
  platform=d3d11 type=17 mask=6 insize=4330 outsize=6306 ok=1

Cmd: disassembleShader
  platform=d3d11 type=17 mask=6 insize=4178 outsize=6106 ok=1

Cmd: disassembleShader
  platform=d3d11 type=17 mask=6 insize=3982 outsize=5815 ok=1

Cmd: disassembleShader
  platform=d3d11 type=17 mask=6 insize=5402 outsize=7759 ok=1

Cmd: disassembleShader
  platform=d3d11 type=17 mask=6 insize=6762 outsize=9652 ok=1

Cmd: disassembleShader
  platform=d3d11 type=17 mask=6 insize=4578 outsize=6623 ok=1

Cmd: disassembleShader
  platform=d3d11 type=17 mask=6 insize=4838 outsize=7031 ok=1

Cmd: disassembleShader
  platform=d3d11 type=17 mask=6 insize=5286 outsize=7476 ok=1

Cmd: disassembleShader
  platform=d3d11 type=17 mask=6 insize=5686 outsize=8123 ok=1

Cmd: disassembleShader
  platform=d3d11 type=17 mask=6 insize=5378 outsize=7641 ok=1

Cmd: disassembleShader
  platform=d3d11 type=17 mask=6 insize=5778 outsize=8288 ok=1

Cmd: disassembleShader
  platform=d3d11 type=17 mask=6 insize=4402 outsize=6432 ok=1

Cmd: disassembleShader
  platform=d3d11 type=15 mask=6 insize=1534 outsize=2485 ok=1

Cmd: disassembleShader
  platform=d3d11 type=17 mask=6 insize=218 outsize=660 ok=1

Cmd: disassembleShader
  platform=d3d11 type=15 mask=6 insize=1930 outsize=3319 ok=1

Cmd: disassembleShader
  platform=d3d11 type=15 mask=6 insize=2166 outsize=3621 ok=1

Cmd: disassembleShader
  platform=d3d11 type=15 mask=6 insize=2146 outsize=3626 ok=1

Cmd: disassembleShader
  platform=d3d11 type=15 mask=6 insize=1826 outsize=3242 ok=1

Cmd: disassembleShader
  platform=d3d11 type=15 mask=6 insize=1826 outsize=3242 ok=1

Cmd: disassembleShader
  platform=d3d11 type=17 mask=6 insize=2906 outsize=5031 ok=1

Cmd: disassembleShader
  platform=d3d11 type=17 mask=6 insize=3714 outsize=6273 ok=1

Cmd: disassembleShader
  platform=d3d11 type=17 mask=6 insize=1186 outsize=2535 ok=1

Cmd: disassembleShader
  platform=d3d11 type=17 mask=6 insize=1122 outsize=2401 ok=1

Cmd: disassembleShader
  platform=d3d11 type=17 mask=6 insize=2554 outsize=4571 ok=1

Cmd: disassembleShader
  platform=d3d11 type=17 mask=6 insize=2490 outsize=4437 ok=1

Cmd: disassembleShader
  platform=d3d11 type=17 mask=6 insize=1186 outsize=2556 ok=1

Cmd: disassembleShader
  platform=d3d11 type=17 mask=6 insize=1446 outsize=3009 ok=1

Cmd: compileSnippet
  insize=1432 path=Assets/DefaultResourcesExtra cachingPP=1 ppOnly=0 stripLineD=0 buildPlatform=5 rsLen=0 pKW=UNITY_ENABLE_REFLECTION_BUFFERS UNITY_USE_DITHER_MASK_FOR_ALPHABLENDED_SHADOWS UNITY_PBS_USE_BRDF1 UNITY_SPECCUBE_BOX_PROJECTION UNITY_SPECCUBE_BLENDING UNITY_ENABLE_DETAIL_NORMALMAP SHADER_API_DESKTOP UNITY_COLORSPACE_GAMMA UNITY_LIGHT_PROBE_PROXY_VOLUME UNITY_LIGHTMAP_FULL_HDR UNITY_PASS_DEFERRED uKW=LIGHTPROBE_SH _EMISSION INSTANCING_ON dKW=_NORMALMAP _ALPHATEST_ON _ALPHABLEND_ON _ALPHAPREMULTIPLY_ON _METALLICGLOSSMAP _SMOOTHNESS_TEXTURE_ALBEDO_CHANNEL_A _SPECULARHIGHLIGHTS_OFF _DETAIL_MULX2 _PARALLAXMAP DYNAMICLIGHTMAP_ON SHADOWS_SHADOWMASK LIGHTMAP_ON DIRLIGHTMAP_COMBINED UNITY_HDR_ON UNITY_NO_DXT5nm UNITY_ENABLE_NATIVE_SHADOW_LOOKUPS UNITY_METAL_SHADOWS_USE_POINT_FILTERING UNITY_NO_SCREENSPACE_SHADOWS UNITY_PBS_USE_BRDF2 UNITY_PBS_USE_BRDF3 UNITY_NO_FULL_STANDARD_SHADER UNITY_HARDWARE_TIER1 UNITY_HARDWARE_TIER2 UNITY_HARDWARE_TIER3 UNITY_HALF_PRECISION_FRAGMENT_SHADER_REGISTERS UNITY_LIGHTMAP_DLDR_ENCODING UNITY_LIGHTMAP_RGBM_ENCODING UNITY_VIRTUAL_TEXTURING UNITY_PRETRANSFORM_TO_DISPLAY_ORIENTATION UNITY_ASTC_NORMALMAP_ENCODING SHADER_API_GLES30 flags=0 lang=0 type=Fragment platform=d3d11 reqs=2275 mask=6 start=168 ok=1 outsize=2766

Cmd: disassembleShader
  platform=d3d11 type=17 mask=6 insize=2766 outsize=4888 ok=1

Cmd: disassembleShader
  platform=d3d11 type=17 mask=6 insize=1186 outsize=2528 ok=1

Cmd: disassembleShader
  platform=d3d11 type=17 mask=6 insize=1222 outsize=2626 ok=1

Cmd: disassembleShader
  platform=d3d11 type=17 mask=6 insize=1330 outsize=2799 ok=1

Cmd: disassembleShader
  platform=d3d11 type=17 mask=6 insize=1746 outsize=3426 ok=1

Cmd: disassembleShader
  platform=d3d11 type=17 mask=6 insize=2382 outsize=4361 ok=1

Cmd: disassembleShader
  platform=d3d11 type=15 mask=6 insize=2334 outsize=3950 ok=1

Cmd: disassembleShader
  platform=d3d11 type=15 mask=6 insize=2002 outsize=3466 ok=1

Cmd: disassembleShader
  platform=d3d11 type=15 mask=6 insize=1714 outsize=3071 ok=1

Cmd: disassembleShader
  platform=d3d11 type=15 mask=6 insize=1746 outsize=3138 ok=1

Cmd: disassembleShader
  platform=d3d11 type=15 mask=6 insize=2094 outsize=3555 ok=1

Cmd: disassembleShader
  platform=d3d11 type=15 mask=6 insize=2918 outsize=4675 ok=1

Cmd: disassembleShader
  platform=d3d11 type=15 mask=6 insize=2002 outsize=3466 ok=1

Cmd: disassembleShader
  platform=d3d11 type=15 mask=6 insize=1938 outsize=3338 ok=1

Cmd: disassembleShader
  platform=d3d11 type=15 mask=6 insize=1746 outsize=3138 ok=1

Cmd: disassembleShader
  platform=d3d11 type=15 mask=6 insize=2318 outsize=3822 ok=1

Cmd: compileSnippet
  insize=1284 path=Assets/DefaultResourcesExtra cachingPP=1 ppOnly=0 stripLineD=0 buildPlatform=5 rsLen=0 pKW=UNITY_ENABLE_REFLECTION_BUFFERS UNITY_USE_DITHER_MASK_FOR_ALPHABLENDED_SHADOWS UNITY_PBS_USE_BRDF1 UNITY_SPECCUBE_BOX_PROJECTION UNITY_SPECCUBE_BLENDING UNITY_ENABLE_DETAIL_NORMALMAP SHADER_API_DESKTOP UNITY_COLORSPACE_GAMMA UNITY_LIGHT_PROBE_PROXY_VOLUME UNITY_LIGHTMAP_FULL_HDR UNITY_PASS_FORWARDBASE uKW=DIRECTIONAL LIGHTPROBE_SH _EMISSION _NORMALMAP dKW=FOG_LINEAR FOG_EXP FOG_EXP2 _ALPHATEST_ON _ALPHABLEND_ON _ALPHAPREMULTIPLY_ON _METALLICGLOSSMAP _SMOOTHNESS_TEXTURE_ALBEDO_CHANNEL_A _SPECULARHIGHLIGHTS_OFF _GLOSSYREFLECTIONS_OFF SHADOWS_SHADOWMASK DYNAMICLIGHTMAP_ON LIGHTMAP_ON LIGHTMAP_SHADOW_MIXING SHADOWS_SCREEN UNITY_NO_DXT5nm UNITY_ENABLE_NATIVE_SHADOW_LOOKUPS UNITY_METAL_SHADOWS_USE_POINT_FILTERING UNITY_NO_SCREENSPACE_SHADOWS UNITY_PBS_USE_BRDF2 UNITY_PBS_USE_BRDF3 UNITY_NO_FULL_STANDARD_SHADER UNITY_HARDWARE_TIER1 UNITY_HARDWARE_TIER2 UNITY_HARDWARE_TIER3 UNITY_HALF_PRECISION_FRAGMENT_SHADER_REGISTERS UNITY_LIGHTMAP_DLDR_ENCODING UNITY_LIGHTMAP_RGBM_ENCODING UNITY_VIRTUAL_TEXTURING UNITY_PRETRANSFORM_TO_DISPLAY_ORIENTATION UNITY_ASTC_NORMALMAP_ENCODING SHADER_API_GLES30 flags=0 lang=0 type=Fragment platform=d3d11 reqs=1 mask=6 start=237 ok=1 outsize=3174

Cmd: disassembleShader
  platform=d3d11 type=17 mask=6 insize=3174 outsize=5268 ok=1

Cmd: disassembleShader
  platform=d3d11 type=17 mask=6 insize=2770 outsize=4637 ok=1

Cmd: disassembleShader
  platform=d3d11 type=17 mask=6 insize=2446 outsize=4129 ok=1

Cmd: disassembleShader
  platform=d3d11 type=17 mask=6 insize=2822 outsize=4694 ok=1

Cmd: disassembleShader
  platform=d3d11 type=17 mask=6 insize=3182 outsize=5246 ok=1

Cmd: compileSnippet
  insize=1284 path=Assets/DefaultResourcesExtra cachingPP=1 ppOnly=0 stripLineD=0 buildPlatform=5 rsLen=0 pKW=UNITY_ENABLE_REFLECTION_BUFFERS UNITY_USE_DITHER_MASK_FOR_ALPHABLENDED_SHADOWS UNITY_PBS_USE_BRDF1 UNITY_SPECCUBE_BOX_PROJECTION UNITY_SPECCUBE_BLENDING UNITY_ENABLE_DETAIL_NORMALMAP SHADER_API_DESKTOP UNITY_COLORSPACE_GAMMA UNITY_LIGHT_PROBE_PROXY_VOLUME UNITY_LIGHTMAP_FULL_HDR UNITY_PASS_FORWARDBASE uKW=DIRECTIONAL LIGHTPROBE_SH FOG_EXP2 _EMISSION _NORMALMAP dKW=FOG_LINEAR FOG_EXP _ALPHATEST_ON _ALPHABLEND_ON _ALPHAPREMULTIPLY_ON _METALLICGLOSSMAP _SMOOTHNESS_TEXTURE_ALBEDO_CHANNEL_A _SPECULARHIGHLIGHTS_OFF _GLOSSYREFLECTIONS_OFF SHADOWS_SHADOWMASK DYNAMICLIGHTMAP_ON LIGHTMAP_ON LIGHTMAP_SHADOW_MIXING SHADOWS_SCREEN UNITY_NO_DXT5nm UNITY_ENABLE_NATIVE_SHADOW_LOOKUPS UNITY_METAL_SHADOWS_USE_POINT_FILTERING UNITY_NO_SCREENSPACE_SHADOWS UNITY_PBS_USE_BRDF2 UNITY_PBS_USE_BRDF3 UNITY_NO_FULL_STANDARD_SHADER UNITY_HARDWARE_TIER1 UNITY_HARDWARE_TIER2 UNITY_HARDWARE_TIER3 UNITY_HALF_PRECISION_FRAGMENT_SHADER_REGISTERS UNITY_LIGHTMAP_DLDR_ENCODING UNITY_LIGHTMAP_RGBM_ENCODING UNITY_VIRTUAL_TEXTURING UNITY_PRETRANSFORM_TO_DISPLAY_ORIENTATION UNITY_ASTC_NORMALMAP_ENCODING SHADER_API_GLES30 flags=0 lang=0 type=Fragment platform=d3d11 reqs=1 mask=6 start=237 ok=1 outsize=3286

Cmd: disassembleShader
  platform=d3d11 type=17 mask=6 insize=3286 outsize=5432 ok=1

Cmd: disassembleShader
  platform=d3d11 type=17 mask=6 insize=7534 outsize=10576 ok=1

Cmd: disassembleShader
  platform=d3d11 type=17 mask=6 insize=7562 outsize=10675 ok=1

Cmd: disassembleShader
  platform=d3d11 type=17 mask=6 insize=7666 outsize=10860 ok=1

Cmd: disassembleShader
  platform=d3d11 type=17 mask=6 insize=7954 outsize=11242 ok=1

Cmd: disassembleShader
  platform=d3d11 type=17 mask=6 insize=8058 outsize=11427 ok=1

Cmd: disassembleShader
  platform=d3d11 type=17 mask=6 insize=4874 outsize=7219 ok=1

Cmd: disassembleShader
  platform=d3d11 type=17 mask=6 insize=3106 outsize=5134 ok=1

Cmd: disassembleShader
  platform=d3d11 type=17 mask=6 insize=2850 outsize=4723 ok=1

Cmd: disassembleShader
  platform=d3d11 type=17 mask=6 insize=2882 outsize=4801 ok=1

Cmd: disassembleShader
  platform=d3d11 type=17 mask=6 insize=2986 outsize=4986 ok=1

Cmd: disassembleShader
  platform=d3d11 type=17 mask=6 insize=3166 outsize=5241 ok=1

Cmd: disassembleShader
  platform=d3d11 type=17 mask=6 insize=2558 outsize=4293 ok=1

Cmd: disassembleShader
  platform=d3d11 type=15 mask=6 insize=2070 outsize=3593 ok=1

Cmd: disassembleShader
  platform=d3d11 type=15 mask=6 insize=2070 outsize=3588 ok=1

Cmd: disassembleShader
  platform=d3d11 type=15 mask=6 insize=2070 outsize=3593 ok=1

Cmd: disassembleShader
  platform=d3d11 type=15 mask=6 insize=2434 outsize=4078 ok=1

Cmd: disassembleShader
  platform=d3d11 type=15 mask=6 insize=2450 outsize=4072 ok=1

Cmd: disassembleShader
  platform=d3d11 type=15 mask=6 insize=2070 outsize=3588 ok=1

Cmd: disassembleShader
  platform=d3d11 type=15 mask=6 insize=1990 outsize=3436 ok=1

Cmd: disassembleShader
  platform=d3d11 type=15 mask=6 insize=2294 outsize=3855 ok=1

Cmd: disassembleShader
  platform=d3d11 type=15 mask=6 insize=2674 outsize=4344 ok=1

Cmd: disassembleShader
  platform=d3d11 type=15 mask=6 insize=2054 outsize=3594 ok=1

Cmd: disassembleShader
  platform=d3d11 type=15 mask=6 insize=2294 outsize=3855 ok=1

Cmd: disassembleShader
  platform=d3d11 type=17 mask=6 insize=2430 outsize=4300 ok=1

Cmd: disassembleShader
  platform=d3d11 type=17 mask=6 insize=2018 outsize=3649 ok=1

Cmd: disassembleShader
  platform=d3d11 type=17 mask=6 insize=1866 outsize=3449 ok=1

Cmd: disassembleShader
  platform=d3d11 type=17 mask=6 insize=1746 outsize=3247 ok=1

Cmd: disassembleShader
  platform=d3d11 type=17 mask=6 insize=1758 outsize=3238 ok=1

Cmd: disassembleShader
  platform=d3d11 type=17 mask=6 insize=2814 outsize=4477 ok=1

Cmd: disassembleShader
  platform=d3d11 type=17 mask=6 insize=3074 outsize=4885 ok=1

Cmd: disassembleShader
  platform=d3d11 type=17 mask=6 insize=1658 outsize=3005 ok=1

Cmd: disassembleShader
  platform=d3d11 type=17 mask=6 insize=1750 outsize=3170 ok=1

Cmd: disassembleShader
  platform=d3d11 type=17 mask=6 insize=1774 outsize=3284 ok=1

Cmd: disassembleShader
  platform=d3d11 type=17 mask=6 insize=1546 outsize=2930 ok=1

Cmd: disassembleShader
  platform=d3d11 type=17 mask=6 insize=2078 outsize=3740 ok=1

Cmd: disassembleShader
  platform=d3d11 type=17 mask=6 insize=1926 outsize=3540 ok=1

Cmd: disassembleShader
  platform=d3d11 type=17 mask=6 insize=1806 outsize=3338 ok=1

Cmd: disassembleShader
  platform=d3d11 type=17 mask=6 insize=2750 outsize=4759 ok=1

Cmd: disassembleShader
  platform=d3d11 type=17 mask=6 insize=5386 outsize=7866 ok=1

Cmd: disassembleShader
  platform=d3d11 type=17 mask=6 insize=5646 outsize=8273 ok=1

Cmd: disassembleShader
  platform=d3d11 type=17 mask=6 insize=2174 outsize=3714 ok=1

Cmd: disassembleShader
  platform=d3d11 type=17 mask=6 insize=2266 outsize=3879 ok=1

Cmd: shutdown
