Base path: 'C:/Program Files/Unity/Editor/Data', plugins path 'C:/Program Files/Unity/Editor/Data/PlaybackEngines'
Cmd: initializeCompiler

Cmd: disassembleShader
  platform=d3d11 type=15 mask=6 insize=2126 outsize=3622 ok=1

Cmd: disassembleShader
  platform=d3d11 type=15 mask=6 insize=2002 outsize=3466 ok=1

Cmd: disassembleShader
  platform=d3d11 type=15 mask=6 insize=2018 outsize=3466 ok=1

Cmd: disassembleShader
  platform=d3d11 type=15 mask=6 insize=2126 outsize=3622 ok=1

Cmd: disassembleShader
  platform=d3d11 type=15 mask=6 insize=2854 outsize=4651 ok=1

Cmd: disassembleShader
  platform=d3d11 type=15 mask=6 insize=1914 outsize=3389 ok=1

Cmd: disassembleShader
  platform=d3d11 type=15 mask=6 insize=2050 outsize=3578 ok=1

Cmd: disassembleShader
  platform=d3d11 type=15 mask=6 insize=2766 outsize=4491 ok=1

Cmd: disassembleShader
  platform=d3d11 type=15 mask=6 insize=3498 outsize=5538 ok=1

Cmd: disassembleShader
  platform=d3d11 type=15 mask=6 insize=2050 outsize=3578 ok=1

Cmd: disassembleShader
  platform=d3d11 type=15 mask=6 insize=3238 outsize=5198 ok=1

Cmd: disassembleShader
  platform=d3d11 type=15 mask=6 insize=1914 outsize=3337 ok=1

Cmd: disassembleShader
  platform=d3d11 type=15 mask=6 insize=2362 outsize=3924 ok=1

Cmd: disassembleShader
  platform=d3d11 type=15 mask=6 insize=2038 outsize=3493 ok=1

Cmd: disassembleShader
  platform=d3d11 type=15 mask=6 insize=1746 outsize=3138 ok=1

Cmd: disassembleShader
  platform=d3d11 type=15 mask=6 insize=2854 outsize=4651 ok=1

Cmd: disassembleShader
  platform=d3d11 type=15 mask=6 insize=2254 outsize=3800 ok=1

Cmd: disassembleShader
  platform=d3d11 type=15 mask=6 insize=2766 outsize=4491 ok=1

Cmd: disassembleShader
  platform=d3d11 type=15 mask=6 insize=2350 outsize=3971 ok=1

Cmd: disassembleShader
  platform=d3d11 type=15 mask=6 insize=2050 outsize=3578 ok=1

Cmd: disassembleShader
  platform=d3d11 type=15 mask=6 insize=3238 outsize=5198 ok=1

Cmd: disassembleShader
  platform=d3d11 type=17 mask=6 insize=6858 outsize=9669 ok=1

Cmd: disassembleShader
  platform=d3d11 type=17 mask=6 insize=6814 outsize=9628 ok=1

Cmd: disassembleShader
  platform=d3d11 type=17 mask=6 insize=6594 outsize=9431 ok=1

Cmd: disassembleShader
  platform=d3d11 type=17 mask=6 insize=7294 outsize=10370 ok=1

Cmd: disassembleShader
  platform=d3d11 type=17 mask=6 insize=7654 outsize=10892 ok=1

Cmd: disassembleShader
  platform=d3d11 type=17 mask=6 insize=4574 outsize=6869 ok=1

Cmd: disassembleShader
  platform=d3d11 type=17 mask=6 insize=5634 outsize=7946 ok=1

Cmd: disassembleShader
  platform=d3d11 type=17 mask=6 insize=6054 outsize=8624 ok=1

Cmd: disassembleShader
  platform=d3d11 type=17 mask=6 insize=6798 outsize=9732 ok=1

Cmd: disassembleShader
  platform=d3d11 type=17 mask=6 insize=5626 outsize=7975 ok=1

Cmd: compileSnippet
  insize=1489 path=Assets/DefaultResourcesExtra cachingPP=1 ppOnly=0 stripLineD=0 buildPlatform=5 rsLen=0 pKW=UNITY_ENABLE_REFLECTION_BUFFERS UNITY_USE_DITHER_MASK_FOR_ALPHABLENDED_SHADOWS UNITY_PBS_USE_BRDF1 UNITY_SPECCUBE_BOX_PROJECTION UNITY_SPECCUBE_BLENDING UNITY_ENABLE_DETAIL_NORMALMAP SHADER_API_DESKTOP UNITY_COLORSPACE_GAMMA UNITY_LIGHT_PROBE_PROXY_VOLUME UNITY_LIGHTMAP_FULL_HDR UNITY_PASS_FORWARDBASE uKW=DIRECTIONAL LIGHTPROBE_SH _EMISSION INSTANCING_ON _NORMALMAP dKW=FOG_LINEAR FOG_EXP FOG_EXP2 _ALPHATEST_ON _ALPHABLEND_ON _ALPHAPREMULTIPLY_ON _METALLICGLOSSMAP _DETAIL_MULX2 _SMOOTHNESS_TEXTURE_ALBEDO_CHANNEL_A _SPECULARHIGHLIGHTS_OFF _GLOSSYREFLECTIONS_OFF _PARALLAXMAP SHADOWS_SHADOWMASK DYNAMICLIGHTMAP_ON LIGHTMAP_ON LIGHTMAP_SHADOW_MIXING DIRLIGHTMAP_COMBINED SHADOWS_SCREEN UNITY_NO_DXT5nm UNITY_ENABLE_NATIVE_SHADOW_LOOKUPS UNITY_METAL_SHADOWS_USE_POINT_FILTERING UNITY_NO_SCREENSPACE_SHADOWS UNITY_PBS_USE_BRDF2 UNITY_PBS_USE_BRDF3 UNITY_NO_FULL_STANDARD_SHADER UNITY_HARDWARE_TIER1 UNITY_HARDWARE_TIER2 UNITY_HARDWARE_TIER3 UNITY_HALF_PRECISION_FRAGMENT_SHADER_REGISTERS UNITY_LIGHTMAP_DLDR_ENCODING UNITY_LIGHTMAP_RGBM_ENCODING UNITY_VIRTUAL_TEXTURING UNITY_PRETRANSFORM_TO_DISPLAY_ORIENTATION UNITY_ASTC_NORMALMAP_ENCODING SHADER_API_GLES30 flags=0 lang=0 type=Fragment platform=d3d11 reqs=2275 mask=6 start=68 ok=1 outsize=7474

Cmd: disassembleShader
  platform=d3d11 type=17 mask=6 insize=7474 outsize=10646 ok=1

Cmd: disassembleShader
  platform=d3d11 type=17 mask=6 insize=5670 outsize=8016 ok=1

Cmd: disassembleShader
  platform=d3d11 type=17 mask=6 insize=5698 outsize=8127 ok=1

Cmd: disassembleShader
  platform=d3d11 type=17 mask=6 insize=5802 outsize=8312 ok=1

Cmd: disassembleShader
  platform=d3d11 type=17 mask=6 insize=6194 outsize=8879 ok=1

Cmd: disassembleShader
  platform=d3d11 type=17 mask=6 insize=6834 outsize=9802 ok=1

Cmd: disassembleShader
  platform=d3d11 type=17 mask=6 insize=2906 outsize=4591 ok=1

Cmd: disassembleShader
  platform=d3d11 type=17 mask=6 insize=7234 outsize=10213 ok=1

Cmd: disassembleShader
  platform=d3d11 type=17 mask=6 insize=7626 outsize=10780 ok=1

Cmd: disassembleShader
  platform=d3d11 type=17 mask=6 insize=7202 outsize=10168 ok=1

Cmd: disassembleShader
  platform=d3d11 type=17 mask=6 insize=7594 outsize=10735 ok=1

Cmd: disassembleShader
  platform=d3d11 type=17 mask=6 insize=7462 outsize=10621 ok=1

Cmd: disassembleShader
  platform=d3d11 type=17 mask=6 insize=6170 outsize=8974 ok=1

Cmd: disassembleShader
  platform=d3d11 type=17 mask=6 insize=4410 outsize=6619 ok=1

Cmd: compileSnippet
  insize=1489 path=Assets/DefaultResourcesExtra cachingPP=1 ppOnly=0 stripLineD=0 buildPlatform=5 rsLen=0 pKW=UNITY_ENABLE_REFLECTION_BUFFERS UNITY_USE_DITHER_MASK_FOR_ALPHABLENDED_SHADOWS UNITY_PBS_USE_BRDF1 UNITY_SPECCUBE_BOX_PROJECTION UNITY_SPECCUBE_BLENDING UNITY_ENABLE_DETAIL_NORMALMAP SHADER_API_DESKTOP UNITY_COLORSPACE_GAMMA UNITY_LIGHT_PROBE_PROXY_VOLUME UNITY_LIGHTMAP_FULL_HDR UNITY_PASS_FORWARDBASE uKW=DIRECTIONAL SHADOWS_SCREEN FOG_EXP2 _EMISSION dKW=FOG_LINEAR FOG_EXP INSTANCING_ON _NORMALMAP _ALPHATEST_ON _ALPHABLEND_ON _ALPHAPREMULTIPLY_ON _METALLICGLOSSMAP _DETAIL_MULX2 _SMOOTHNESS_TEXTURE_ALBEDO_CHANNEL_A _SPECULARHIGHLIGHTS_OFF _GLOSSYREFLECTIONS_OFF _PARALLAXMAP LIGHTPROBE_SH SHADOWS_SHADOWMASK DYNAMICLIGHTMAP_ON LIGHTMAP_ON LIGHTMAP_SHADOW_MIXING DIRLIGHTMAP_COMBINED UNITY_NO_DXT5nm UNITY_ENABLE_NATIVE_SHADOW_LOOKUPS UNITY_METAL_SHADOWS_USE_POINT_FILTERING UNITY_NO_SCREENSPACE_SHADOWS UNITY_PBS_USE_BRDF2 UNITY_PBS_USE_BRDF3 UNITY_NO_FULL_STANDARD_SHADER UNITY_HARDWARE_TIER1 UNITY_HARDWARE_TIER2 UNITY_HARDWARE_TIER3 UNITY_HALF_PRECISION_FRAGMENT_SHADER_REGISTERS UNITY_LIGHTMAP_DLDR_ENCODING UNITY_LIGHTMAP_RGBM_ENCODING UNITY_VIRTUAL_TEXTURING UNITY_PRETRANSFORM_TO_DISPLAY_ORIENTATION UNITY_ASTC_NORMALMAP_ENCODING SHADER_API_GLES30 flags=0 lang=0 type=Fragment platform=d3d11 reqs=227 mask=6 start=68 ok=1 outsize=6430

Cmd: disassembleShader
  platform=d3d11 type=17 mask=6 insize=6430 outsize=9065 ok=1

Cmd: compileSnippet
  insize=1489 path=Assets/DefaultResourcesExtra cachingPP=1 ppOnly=0 stripLineD=0 buildPlatform=5 rsLen=0 pKW=UNITY_ENABLE_REFLECTION_BUFFERS UNITY_USE_DITHER_MASK_FOR_ALPHABLENDED_SHADOWS UNITY_PBS_USE_BRDF1 UNITY_SPECCUBE_BOX_PROJECTION UNITY_SPECCUBE_BLENDING UNITY_ENABLE_DETAIL_NORMALMAP SHADER_API_DESKTOP UNITY_COLORSPACE_GAMMA UNITY_LIGHT_PROBE_PROXY_VOLUME UNITY_LIGHTMAP_FULL_HDR UNITY_PASS_FORWARDBASE uKW=DIRECTIONAL LIGHTPROBE_SH FOG_EXP2 _EMISSION INSTANCING_ON _NORMALMAP dKW=FOG_LINEAR FOG_EXP _ALPHATEST_ON _ALPHABLEND_ON _ALPHAPREMULTIPLY_ON _METALLICGLOSSMAP _DETAIL_MULX2 _SMOOTHNESS_TEXTURE_ALBEDO_CHANNEL_A _SPECULARHIGHLIGHTS_OFF _GLOSSYREFLECTIONS_OFF _PARALLAXMAP SHADOWS_SHADOWMASK DYNAMICLIGHTMAP_ON LIGHTMAP_ON LIGHTMAP_SHADOW_MIXING DIRLIGHTMAP_COMBINED SHADOWS_SCREEN UNITY_NO_DXT5nm UNITY_ENABLE_NATIVE_SHADOW_LOOKUPS UNITY_METAL_SHADOWS_USE_POINT_FILTERING UNITY_NO_SCREENSPACE_SHADOWS UNITY_PBS_USE_BRDF2 UNITY_PBS_USE_BRDF3 UNITY_NO_FULL_STANDARD_SHADER UNITY_HARDWARE_TIER1 UNITY_HARDWARE_TIER2 UNITY_HARDWARE_TIER3 UNITY_HALF_PRECISION_FRAGMENT_SHADER_REGISTERS UNITY_LIGHTMAP_DLDR_ENCODING UNITY_LIGHTMAP_RGBM_ENCODING UNITY_VIRTUAL_TEXTURING UNITY_PRETRANSFORM_TO_DISPLAY_ORIENTATION UNITY_ASTC_NORMALMAP_ENCODING SHADER_API_GLES30 flags=0 lang=0 type=Fragment platform=d3d11 reqs=2275 mask=6 start=68 ok=1 outsize=7790

Cmd: disassembleShader
  platform=d3d11 type=17 mask=6 insize=7790 outsize=11046 ok=1

Cmd: disassembleShader
  platform=d3d11 type=15 mask=6 insize=2070 outsize=3564 ok=1

Cmd: disassembleShader
  platform=d3d11 type=15 mask=6 insize=2298 outsize=3894 ok=1

Cmd: disassembleShader
  platform=d3d11 type=15 mask=6 insize=2298 outsize=3889 ok=1

Cmd: disassembleShader
  platform=d3d11 type=15 mask=6 insize=1918 outsize=3420 ok=1

Cmd: disassembleShader
  platform=d3d11 type=15 mask=6 insize=1798 outsize=3236 ok=1

Cmd: disassembleShader
  platform=d3d11 type=15 mask=6 insize=1918 outsize=3410 ok=1

Cmd: disassembleShader
  platform=d3d11 type=15 mask=6 insize=2298 outsize=3894 ok=1

Cmd: disassembleShader
  platform=d3d11 type=15 mask=6 insize=2298 outsize=3894 ok=1

Cmd: disassembleShader
  platform=d3d11 type=15 mask=6 insize=1710 outsize=3107 ok=1

Cmd: disassembleShader
  platform=d3d11 type=15 mask=6 insize=1938 outsize=3442 ok=1

Cmd: disassembleShader
  platform=d3d11 type=15 mask=6 insize=1938 outsize=3432 ok=1

Cmd: disassembleShader
  platform=d3d11 type=15 mask=6 insize=1798 outsize=3236 ok=1

Cmd: disassembleShader
  platform=d3d11 type=15 mask=6 insize=2054 outsize=3594 ok=1

Cmd: disassembleShader
  platform=d3d11 type=15 mask=6 insize=1938 outsize=3437 ok=1

Cmd: disassembleShader
  platform=d3d11 type=15 mask=6 insize=2318 outsize=3921 ok=1

Cmd: disassembleShader
  platform=d3d11 type=15 mask=6 insize=2318 outsize=3921 ok=1

Cmd: disassembleShader
  platform=d3d11 type=17 mask=6 insize=2258 outsize=3702 ok=1

Cmd: disassembleShader
  platform=d3d11 type=17 mask=6 insize=4310 outsize=6470 ok=1

Cmd: disassembleShader
  platform=d3d11 type=17 mask=6 insize=4158 outsize=6270 ok=1

Cmd: disassembleShader
  platform=d3d11 type=17 mask=6 insize=3962 outsize=5979 ok=1

Cmd: disassembleShader
  platform=d3d11 type=17 mask=6 insize=5082 outsize=7482 ok=1

Cmd: disassembleShader
  platform=d3d11 type=17 mask=6 insize=6442 outsize=9372 ok=1

Cmd: disassembleShader
  platform=d3d11 type=17 mask=6 insize=4258 outsize=6347 ok=1

Cmd: disassembleShader
  platform=d3d11 type=17 mask=6 insize=4518 outsize=6754 ok=1

Cmd: disassembleShader
  platform=d3d11 type=17 mask=6 insize=4966 outsize=7199 ok=1

Cmd: disassembleShader
  platform=d3d11 type=17 mask=6 insize=5366 outsize=7846 ok=1

Cmd: disassembleShader
  platform=d3d11 type=17 mask=6 insize=5058 outsize=7364 ok=1

Cmd: disassembleShader
  platform=d3d11 type=17 mask=6 insize=5458 outsize=8011 ok=1

Cmd: disassembleShader
  platform=d3d11 type=17 mask=6 insize=4066 outsize=6105 ok=1

Cmd: disassembleShader
  platform=d3d11 type=17 mask=6 insize=3970 outsize=5919 ok=1

Cmd: disassembleShader
  platform=d3d11 type=17 mask=6 insize=4578 outsize=6817 ok=1

Cmd: disassembleShader
  platform=d3d11 type=17 mask=6 insize=4426 outsize=6617 ok=1

Cmd: disassembleShader
  platform=d3d11 type=17 mask=6 insize=4230 outsize=6326 ok=1

Cmd: disassembleShader
  platform=d3d11 type=17 mask=6 insize=5334 outsize=7779 ok=1

Cmd: disassembleShader
  platform=d3d11 type=17 mask=6 insize=6694 outsize=9669 ok=1

Cmd: disassembleShader
  platform=d3d11 type=17 mask=6 insize=4510 outsize=6644 ok=1

Cmd: disassembleShader
  platform=d3d11 type=17 mask=6 insize=4770 outsize=7051 ok=1

Cmd: disassembleShader
  platform=d3d11 type=17 mask=6 insize=5218 outsize=7496 ok=1

Cmd: disassembleShader
  platform=d3d11 type=17 mask=6 insize=5750 outsize=8257 ok=1

Cmd: disassembleShader
  platform=d3d11 type=17 mask=6 insize=5442 outsize=7775 ok=1

Cmd: disassembleShader
  platform=d3d11 type=17 mask=6 insize=5842 outsize=8422 ok=1

Cmd: disassembleShader
  platform=d3d11 type=17 mask=6 insize=4466 outsize=6566 ok=1

Cmd: disassembleShader
  platform=d3d11 type=15 mask=6 insize=1414 outsize=2269 ok=1

Cmd: disassembleShader
  platform=d3d11 type=17 mask=6 insize=218 outsize=660 ok=1

Cmd: disassembleShader
  platform=d3d11 type=15 mask=6 insize=1806 outsize=3163 ok=1

Cmd: disassembleShader
  platform=d3d11 type=15 mask=6 insize=1806 outsize=3163 ok=1

Cmd: disassembleShader
  platform=d3d11 type=15 mask=6 insize=2542 outsize=4155 ok=1

Cmd: disassembleShader
  platform=d3d11 type=15 mask=6 insize=2242 outsize=3797 ok=1

Cmd: disassembleShader
  platform=d3d11 type=15 mask=6 insize=1826 outsize=3242 ok=1

Cmd: disassembleShader
  platform=d3d11 type=17 mask=6 insize=2618 outsize=4649 ok=1

Cmd: disassembleShader
  platform=d3d11 type=17 mask=6 insize=3074 outsize=5350 ok=1

Cmd: disassembleShader
  platform=d3d11 type=17 mask=6 insize=1150 outsize=2437 ok=1

Cmd: disassembleShader
  platform=d3d11 type=17 mask=6 insize=2346 outsize=4270 ok=1

Cmd: disassembleShader
  platform=d3d11 type=17 mask=6 insize=2518 outsize=4473 ok=1

Cmd: disassembleShader
  platform=d3d11 type=17 mask=6 insize=3690 outsize=6246 ok=1

Cmd: disassembleShader
  platform=d3d11 type=17 mask=6 insize=1150 outsize=2458 ok=1

Cmd: disassembleShader
  platform=d3d11 type=17 mask=6 insize=1710 outsize=3356 ok=1

Cmd: disassembleShader
  platform=d3d11 type=17 mask=6 insize=1158 outsize=2492 ok=1

Cmd: disassembleShader
  platform=d3d11 type=17 mask=6 insize=2690 outsize=4739 ok=1

Cmd: disassembleShader
  platform=d3d11 type=17 mask=6 insize=3222 outsize=5589 ok=1

Cmd: disassembleShader
  platform=d3d11 type=17 mask=6 insize=2662 outsize=4703 ok=1

Cmd: disassembleShader
  platform=d3d11 type=17 mask=6 insize=1186 outsize=2507 ok=1

Cmd: disassembleShader
  platform=d3d11 type=17 mask=6 insize=1306 outsize=2772 ok=1

Cmd: disassembleShader
  platform=d3d11 type=17 mask=6 insize=1482 outsize=3058 ok=1

Cmd: disassembleShader
  platform=d3d11 type=17 mask=6 insize=1158 outsize=2471 ok=1

Cmd: disassembleShader
  platform=d3d11 type=17 mask=6 insize=2666 outsize=4712 ok=1

Cmd: disassembleShader
  platform=d3d11 type=17 mask=6 insize=2806 outsize=4995 ok=1

Cmd: disassembleShader
  platform=d3d11 type=17 mask=6 insize=3198 outsize=5562 ok=1

Cmd: disassembleShader
  platform=d3d11 type=17 mask=6 insize=3838 outsize=6485 ok=1

Cmd: disassembleShader
  platform=d3d11 type=17 mask=6 insize=2638 outsize=4676 ok=1

Cmd: disassembleShader
  platform=d3d11 type=17 mask=6 insize=1574 outsize=3119 ok=1

Cmd: compileSnippet
  insize=1432 path=Assets/DefaultResourcesExtra cachingPP=1 ppOnly=0 stripLineD=0 buildPlatform=5 rsLen=0 pKW=UNITY_ENABLE_REFLECTION_BUFFERS UNITY_USE_DITHER_MASK_FOR_ALPHABLENDED_SHADOWS UNITY_PBS_USE_BRDF1 UNITY_SPECCUBE_BOX_PROJECTION UNITY_SPECCUBE_BLENDING UNITY_ENABLE_DETAIL_NORMALMAP SHADER_API_DESKTOP UNITY_COLORSPACE_GAMMA UNITY_LIGHT_PROBE_PROXY_VOLUME UNITY_LIGHTMAP_FULL_HDR UNITY_PASS_DEFERRED uKW=_EMISSION INSTANCING_ON _NORMALMAP dKW=_ALPHATEST_ON _ALPHABLEND_ON _ALPHAPREMULTIPLY_ON _METALLICGLOSSMAP _SMOOTHNESS_TEXTURE_ALBEDO_CHANNEL_A _SPECULARHIGHLIGHTS_OFF _DETAIL_MULX2 _PARALLAXMAP LIGHTPROBE_SH DYNAMICLIGHTMAP_ON SHADOWS_SHADOWMASK LIGHTMAP_ON DIRLIGHTMAP_COMBINED UNITY_HDR_ON UNITY_NO_DXT5nm UNITY_ENABLE_NATIVE_SHADOW_LOOKUPS UNITY_METAL_SHADOWS_USE_POINT_FILTERING UNITY_NO_SCREENSPACE_SHADOWS UNITY_PBS_USE_BRDF2 UNITY_PBS_USE_BRDF3 UNITY_NO_FULL_STANDARD_SHADER UNITY_HARDWARE_TIER1 UNITY_HARDWARE_TIER2 UNITY_HARDWARE_TIER3 UNITY_HALF_PRECISION_FRAGMENT_SHADER_REGISTERS UNITY_LIGHTMAP_DLDR_ENCODING UNITY_LIGHTMAP_RGBM_ENCODING UNITY_VIRTUAL_TEXTURING UNITY_PRETRANSFORM_TO_DISPLAY_ORIENTATION UNITY_ASTC_NORMALMAP_ENCODING SHADER_API_GLES30 flags=0 lang=0 type=Fragment platform=d3d11 reqs=2275 mask=6 start=168 ok=1 outsize=1682

Cmd: disassembleShader
  platform=d3d11 type=17 mask=6 insize=1682 outsize=3292 ok=1

Cmd: disassembleShader
  platform=d3d11 type=15 mask=6 insize=2334 outsize=3950 ok=1

Cmd: disassembleShader
  platform=d3d11 type=15 mask=6 insize=2362 outsize=3924 ok=1

Cmd: disassembleShader
  platform=d3d11 type=15 mask=6 insize=2094 outsize=3555 ok=1

Cmd: disassembleShader
  platform=d3d11 type=15 mask=6 insize=1746 outsize=3138 ok=1

Cmd: disassembleShader
  platform=d3d11 type=15 mask=6 insize=2854 outsize=4651 ok=1

Cmd: disassembleShader
  platform=d3d11 type=15 mask=6 insize=2558 outsize=4217 ok=1

Cmd: disassembleShader
  platform=d3d11 type=15 mask=6 insize=2362 outsize=3924 ok=1

Cmd: disassembleShader
  platform=d3d11 type=15 mask=6 insize=2318 outsize=3822 ok=1

Cmd: disassembleShader
  platform=d3d11 type=15 mask=6 insize=1746 outsize=3138 ok=1

Cmd: disassembleShader
  platform=d3d11 type=15 mask=6 insize=2854 outsize=4651 ok=1

Cmd: disassembleShader
  platform=d3d11 type=17 mask=6 insize=2814 outsize=4671 ok=1

Cmd: disassembleShader
  platform=d3d11 type=17 mask=6 insize=2522 outsize=4241 ok=1

Cmd: disassembleShader
  platform=d3d11 type=17 mask=6 insize=6070 outsize=8571 ok=1

Cmd: disassembleShader
  platform=d3d11 type=17 mask=6 insize=6594 outsize=9431 ok=1

Cmd: compileSnippet
  insize=1284 path=Assets/DefaultResourcesExtra cachingPP=1 ppOnly=0 stripLineD=0 buildPlatform=5 rsLen=0 pKW=UNITY_ENABLE_REFLECTION_BUFFERS UNITY_USE_DITHER_MASK_FOR_ALPHABLENDED_SHADOWS UNITY_PBS_USE_BRDF1 UNITY_SPECCUBE_BOX_PROJECTION UNITY_SPECCUBE_BLENDING UNITY_ENABLE_DETAIL_NORMALMAP SHADER_API_DESKTOP UNITY_COLORSPACE_GAMMA UNITY_LIGHT_PROBE_PROXY_VOLUME UNITY_LIGHTMAP_FULL_HDR UNITY_PASS_FORWARDBASE uKW=DIRECTIONAL SHADOWS_SCREEN LIGHTPROBE_SH _EMISSION dKW=FOG_LINEAR FOG_EXP FOG_EXP2 _NORMALMAP _ALPHATEST_ON _ALPHABLEND_ON _ALPHAPREMULTIPLY_ON _METALLICGLOSSMAP _SMOOTHNESS_TEXTURE_ALBEDO_CHANNEL_A _SPECULARHIGHLIGHTS_OFF _GLOSSYREFLECTIONS_OFF SHADOWS_SHADOWMASK DYNAMICLIGHTMAP_ON LIGHTMAP_ON LIGHTMAP_SHADOW_MIXING UNITY_NO_DXT5nm UNITY_ENABLE_NATIVE_SHADOW_LOOKUPS UNITY_METAL_SHADOWS_USE_POINT_FILTERING UNITY_NO_SCREENSPACE_SHADOWS UNITY_PBS_USE_BRDF2 UNITY_PBS_USE_BRDF3 UNITY_NO_FULL_STANDARD_SHADER UNITY_HARDWARE_TIER1 UNITY_HARDWARE_TIER2 UNITY_HARDWARE_TIER3 UNITY_HALF_PRECISION_FRAGMENT_SHADER_REGISTERS UNITY_LIGHTMAP_DLDR_ENCODING UNITY_LIGHTMAP_RGBM_ENCODING UNITY_VIRTUAL_TEXTURING UNITY_PRETRANSFORM_TO_DISPLAY_ORIENTATION UNITY_ASTC_NORMALMAP_ENCODING SHADER_API_GLES30 flags=0 lang=0 type=Fragment platform=d3d11 reqs=227 mask=6 start=237 ok=1 outsize=7294

Cmd: disassembleShader
  platform=d3d11 type=17 mask=6 insize=7294 outsize=10370 ok=1

Cmd: disassembleShader
  platform=d3d11 type=17 mask=6 insize=7490 outsize=10535 ok=1

Cmd: compileSnippet
  insize=1284 path=Assets/DefaultResourcesExtra cachingPP=1 ppOnly=0 stripLineD=0 buildPlatform=5 rsLen=0 pKW=UNITY_ENABLE_REFLECTION_BUFFERS UNITY_USE_DITHER_MASK_FOR_ALPHABLENDED_SHADOWS UNITY_PBS_USE_BRDF1 UNITY_SPECCUBE_BOX_PROJECTION UNITY_SPECCUBE_BLENDING UNITY_ENABLE_DETAIL_NORMALMAP SHADER_API_DESKTOP UNITY_COLORSPACE_GAMMA UNITY_LIGHT_PROBE_PROXY_VOLUME UNITY_LIGHTMAP_FULL_HDR UNITY_PASS_FORWARDBASE uKW=DIRECTIONAL FOG_EXP2 _EMISSION _NORMALMAP dKW=FOG_LINEAR FOG_EXP _ALPHATEST_ON _ALPHABLEND_ON _ALPHAPREMULTIPLY_ON _METALLICGLOSSMAP _SMOOTHNESS_TEXTURE_ALBEDO_CHANNEL_A _SPECULARHIGHLIGHTS_OFF _GLOSSYREFLECTIONS_OFF LIGHTPROBE_SH SHADOWS_SHADOWMASK DYNAMICLIGHTMAP_ON LIGHTMAP_ON LIGHTMAP_SHADOW_MIXING SHADOWS_SCREEN UNITY_NO_DXT5nm UNITY_ENABLE_NATIVE_SHADOW_LOOKUPS UNITY_METAL_SHADOWS_USE_POINT_FILTERING UNITY_NO_SCREENSPACE_SHADOWS UNITY_PBS_USE_BRDF2 UNITY_PBS_USE_BRDF3 UNITY_NO_FULL_STANDARD_SHADER UNITY_HARDWARE_TIER1 UNITY_HARDWARE_TIER2 UNITY_HARDWARE_TIER3 UNITY_HALF_PRECISION_FRAGMENT_SHADER_REGISTERS UNITY_LIGHTMAP_DLDR_ENCODING UNITY_LIGHTMAP_RGBM_ENCODING UNITY_VIRTUAL_TEXTURING UNITY_PRETRANSFORM_TO_DISPLAY_ORIENTATION UNITY_ASTC_NORMALMAP_ENCODING SHADER_API_GLES30 flags=0 lang=0 type=Fragment platform=d3d11 reqs=1 mask=6 start=237 ok=1 outsize=3210

Cmd: disassembleShader
  platform=d3d11 type=17 mask=6 insize=3210 outsize=5320 ok=1

Cmd: disassembleShader
  platform=d3d11 type=15 mask=6 insize=1766 outsize=3169 ok=1

Cmd: disassembleShader
  platform=d3d11 type=15 mask=6 insize=2070 outsize=3588 ok=1

Cmd: disassembleShader
  platform=d3d11 type=15 mask=6 insize=1994 outsize=3494 ok=1

Cmd: disassembleShader
  platform=d3d11 type=15 mask=6 insize=1798 outsize=3236 ok=1

Cmd: disassembleShader
  platform=d3d11 type=15 mask=6 insize=2450 outsize=4072 ok=1

Cmd: disassembleShader
  platform=d3d11 type=15 mask=6 insize=2450 outsize=4072 ok=1

Cmd: disassembleShader
  platform=d3d11 type=15 mask=6 insize=1990 outsize=3436 ok=1

Cmd: disassembleShader
  platform=d3d11 type=15 mask=6 insize=2294 outsize=3860 ok=1

Cmd: disassembleShader
  platform=d3d11 type=15 mask=6 insize=2218 outsize=3761 ok=1

Cmd: disassembleShader
  platform=d3d11 type=15 mask=6 insize=2178 outsize=3720 ok=1

Cmd: disassembleShader
  platform=d3d11 type=15 mask=6 insize=2434 outsize=4078 ok=1

Cmd: disassembleShader
  platform=d3d11 type=15 mask=6 insize=2294 outsize=3855 ok=1

Cmd: disassembleShader
  platform=d3d11 type=17 mask=6 insize=1486 outsize=2839 ok=1

Cmd: disassembleShader
  platform=d3d11 type=17 mask=6 insize=2834 outsize=4871 ok=1

Cmd: disassembleShader
  platform=d3d11 type=17 mask=6 insize=2682 outsize=4671 ok=1

Cmd: disassembleShader
  platform=d3d11 type=17 mask=6 insize=2562 outsize=4469 ok=1

Cmd: disassembleShader
  platform=d3d11 type=17 mask=6 insize=2574 outsize=4460 ok=1

Cmd: disassembleShader
  platform=d3d11 type=17 mask=6 insize=4390 outsize=6461 ok=1

Cmd: disassembleShader
  platform=d3d11 type=17 mask=6 insize=4650 outsize=6868 ok=1

Cmd: disassembleShader
  platform=d3d11 type=17 mask=6 insize=2474 outsize=4227 ok=1

Cmd: disassembleShader
  platform=d3d11 type=17 mask=6 insize=2566 outsize=4392 ok=1

Cmd: disassembleShader
  platform=d3d11 type=17 mask=6 insize=2590 outsize=4506 ok=1

Cmd: disassembleShader
  platform=d3d11 type=17 mask=6 insize=2350 outsize=4123 ok=1

Cmd: disassembleShader
  platform=d3d11 type=17 mask=6 insize=2882 outsize=4932 ok=1

Cmd: disassembleShader
  platform=d3d11 type=17 mask=6 insize=2730 outsize=4732 ok=1

Cmd: disassembleShader
  platform=d3d11 type=17 mask=6 insize=2610 outsize=4530 ok=1

Cmd: disassembleShader
  platform=d3d11 type=17 mask=6 insize=2622 outsize=4521 ok=1

Cmd: disassembleShader
  platform=d3d11 type=17 mask=6 insize=4642 outsize=6758 ok=1

Cmd: disassembleShader
  platform=d3d11 type=17 mask=6 insize=4902 outsize=7165 ok=1

Cmd: disassembleShader
  platform=d3d11 type=17 mask=6 insize=2522 outsize=4288 ok=1

Cmd: disassembleShader
  platform=d3d11 type=17 mask=6 insize=2614 outsize=4453 ok=1

Cmd: disassembleShader
  platform=d3d11 type=17 mask=6 insize=2638 outsize=4567 ok=1

Cmd: disassembleShader
  platform=d3d11 type=15 mask=6 insize=1298 outsize=2142 ok=1

Cmd: disassembleShader
  platform=d3d11 type=17 mask=6 insize=442 outsize=1063 ok=1

Cmd: shutdown
