Base path: 'C:/Program Files/Unity/Editor/Data', plugins path 'C:/Program Files/Unity/Editor/Data/PlaybackEngines'
Cmd: initializeCompiler

Cmd: disassembleShader
  platform=d3d11 type=15 mask=6 insize=1638 outsize=2982 ok=1

Cmd: disassembleShader
  platform=d3d11 type=15 mask=6 insize=1746 outsize=3138 ok=1

Cmd: disassembleShader
  platform=d3d11 type=15 mask=6 insize=1638 outsize=2982 ok=1

Cmd: disassembleShader
  platform=d3d11 type=15 mask=6 insize=1746 outsize=3138 ok=1

Cmd: disassembleShader
  platform=d3d11 type=15 mask=6 insize=3214 outsize=5109 ok=1

Cmd: disassembleShader
  platform=d3d11 type=15 mask=6 insize=2234 outsize=3773 ok=1

Cmd: disassembleShader
  platform=d3d11 type=15 mask=6 insize=2466 outsize=4133 ok=1

Cmd: disassembleShader
  platform=d3d11 type=15 mask=6 insize=2330 outsize=3944 ok=1

Cmd: disassembleShader
  platform=d3d11 type=15 mask=6 insize=3102 outsize=5009 ok=1

Cmd: disassembleShader
  platform=d3d11 type=15 mask=6 insize=2050 outsize=3578 ok=1

Cmd: disassembleShader
  platform=d3d11 type=15 mask=6 insize=1914 outsize=3389 ok=1

Cmd: disassembleShader
  platform=d3d11 type=15 mask=6 insize=1914 outsize=3337 ok=1

Cmd: disassembleShader
  platform=d3d11 type=15 mask=6 insize=2002 outsize=3466 ok=1

Cmd: disassembleShader
  platform=d3d11 type=15 mask=6 insize=3126 outsize=4980 ok=1

Cmd: disassembleShader
  platform=d3d11 type=15 mask=6 insize=1746 outsize=3138 ok=1

Cmd: disassembleShader
  platform=d3d11 type=15 mask=6 insize=1658 outsize=3009 ok=1

Cmd: disassembleShader
  platform=d3d11 type=15 mask=6 insize=2466 outsize=4133 ok=1

Cmd: disassembleShader
  platform=d3d11 type=15 mask=6 insize=2766 outsize=4491 ok=1

Cmd: disassembleShader
  platform=d3d11 type=15 mask=6 insize=3122 outsize=5036 ok=1

Cmd: disassembleShader
  platform=d3d11 type=15 mask=6 insize=2050 outsize=3578 ok=1

Cmd: disassembleShader
  platform=d3d11 type=15 mask=6 insize=1934 outsize=3416 ok=1

Cmd: disassembleShader
  platform=d3d11 type=17 mask=6 insize=7310 outsize=10380 ok=1

Cmd: disassembleShader
  platform=d3d11 type=17 mask=6 insize=7382 outsize=10520 ok=1

Cmd: compileSnippet
  insize=1489 path=Assets/DefaultResourcesExtra cachingPP=1 ppOnly=0 stripLineD=0 buildPlatform=5 rsLen=0 pKW=UNITY_ENABLE_REFLECTION_BUFFERS UNITY_USE_DITHER_MASK_FOR_ALPHABLENDED_SHADOWS UNITY_PBS_USE_BRDF1 UNITY_SPECCUBE_BOX_PROJECTION UNITY_SPECCUBE_BLENDING UNITY_ENABLE_DETAIL_NORMALMAP SHADER_API_DESKTOP UNITY_COLORSPACE_GAMMA UNITY_LIGHT_PROBE_PROXY_VOLUME UNITY_LIGHTMAP_FULL_HDR UNITY_PASS_FORWARDBASE uKW=DIRECTIONAL SHADOWS_SCREEN _EMISSION _NORMALMAP dKW=FOG_LINEAR FOG_EXP FOG_EXP2 INSTANCING_ON _ALPHATEST_ON _ALPHABLEND_ON _ALPHAPREMULTIPLY_ON _METALLICGLOSSMAP _DETAIL_MULX2 _SMOOTHNESS_TEXTURE_ALBEDO_CHANNEL_A _SPECULARHIGHLIGHTS_OFF _GLOSSYREFLECTIONS_OFF _PARALLAXMAP LIGHTPROBE_SH SHADOWS_SHADOWMASK DYNAMICLIGHTMAP_ON LIGHTMAP_ON LIGHTMAP_SHADOW_MIXING DIRLIGHTMAP_COMBINED UNITY_NO_DXT5nm UNITY_ENABLE_NATIVE_SHADOW_LOOKUPS UNITY_METAL_SHADOWS_USE_POINT_FILTERING UNITY_NO_SCREENSPACE_SHADOWS UNITY_PBS_USE_BRDF2 UNITY_PBS_USE_BRDF3 UNITY_NO_FULL_STANDARD_SHADER UNITY_HARDWARE_TIER1 UNITY_HARDWARE_TIER2 UNITY_HARDWARE_TIER3 UNITY_HALF_PRECISION_FRAGMENT_SHADER_REGISTERS UNITY_LIGHTMAP_DLDR_ENCODING UNITY_LIGHTMAP_RGBM_ENCODING UNITY_VIRTUAL_TEXTURING UNITY_PRETRANSFORM_TO_DISPLAY_ORIENTATION UNITY_ASTC_NORMALMAP_ENCODING SHADER_API_GLES30 flags=0 lang=0 type=Fragment platform=d3d11 reqs=227 mask=6 start=68 ok=1 outsize=6522

Cmd: disassembleShader
  platform=d3d11 type=17 mask=6 insize=6522 outsize=9282 ok=1

Cmd: disassembleShader
  platform=d3d11 type=17 mask=6 insize=6106 outsize=8641 ok=1

Cmd: disassembleShader
  platform=d3d11 type=17 mask=6 insize=6134 outsize=8749 ok=1

Cmd: disassembleShader
  platform=d3d11 type=17 mask=6 insize=6238 outsize=8934 ok=1

Cmd: disassembleShader
  platform=d3d11 type=17 mask=6 insize=6526 outsize=9316 ok=1

Cmd: disassembleShader
  platform=d3d11 type=17 mask=6 insize=6630 outsize=9501 ok=1

Cmd: disassembleShader
  platform=d3d11 type=17 mask=6 insize=7270 outsize=10426 ok=1

Cmd: disassembleShader
  platform=d3d11 type=17 mask=6 insize=3446 outsize=5310 ok=1

Cmd: compileSnippet
  insize=1489 path=Assets/DefaultResourcesExtra cachingPP=1 ppOnly=0 stripLineD=0 buildPlatform=5 rsLen=0 pKW=UNITY_ENABLE_REFLECTION_BUFFERS UNITY_USE_DITHER_MASK_FOR_ALPHABLENDED_SHADOWS UNITY_PBS_USE_BRDF1 UNITY_SPECCUBE_BOX_PROJECTION UNITY_SPECCUBE_BLENDING UNITY_ENABLE_DETAIL_NORMALMAP SHADER_API_DESKTOP UNITY_COLORSPACE_GAMMA UNITY_LIGHT_PROBE_PROXY_VOLUME UNITY_LIGHTMAP_FULL_HDR UNITY_PASS_FORWARDBASE uKW=DIRECTIONAL SHADOWS_SCREEN LIGHTPROBE_SH _EMISSION INSTANCING_ON dKW=FOG_LINEAR FOG_EXP FOG_EXP2 _NORMALMAP _ALPHATEST_ON _ALPHABLEND_ON _ALPHAPREMULTIPLY_ON _METALLICGLOSSMAP _DETAIL_MULX2 _SMOOTHNESS_TEXTURE_ALBEDO_CHANNEL_A _SPECULARHIGHLIGHTS_OFF _GLOSSYREFLECTIONS_OFF _PARALLAXMAP SHADOWS_SHADOWMASK DYNAMICLIGHTMAP_ON LIGHTMAP_ON LIGHTMAP_SHADOW_MIXING DIRLIGHTMAP_COMBINED UNITY_NO_DXT5nm UNITY_ENABLE_NATIVE_SHADOW_LOOKUPS UNITY_METAL_SHADOWS_USE_POINT_FILTERING UNITY_NO_SCREENSPACE_SHADOWS UNITY_PBS_USE_BRDF2 UNITY_PBS_USE_BRDF3 UNITY_NO_FULL_STANDARD_SHADER UNITY_HARDWARE_TIER1 UNITY_HARDWARE_TIER2 UNITY_HARDWARE_TIER3 UNITY_HALF_PRECISION_FRAGMENT_SHADER_REGISTERS UNITY_LIGHTMAP_DLDR_ENCODING UNITY_LIGHTMAP_RGBM_ENCODING UNITY_VIRTUAL_TEXTURING UNITY_PRETRANSFORM_TO_DISPLAY_ORIENTATION UNITY_ASTC_NORMALMAP_ENCODING SHADER_API_GLES30 flags=0 lang=0 type=Fragment platform=d3d11 reqs=2275 mask=6 start=68 ok=1 outsize=7458

Cmd: disassembleShader
  platform=d3d11 type=17 mask=6 insize=7458 outsize=10636 ok=1

Cmd: disassembleShader
  platform=d3d11 type=17 mask=6 insize=7534 outsize=10576 ok=1

Cmd: disassembleShader
  platform=d3d11 type=17 mask=6 insize=7562 outsize=10675 ok=1

Cmd: disassembleShader
  platform=d3d11 type=17 mask=6 insize=7666 outsize=10860 ok=1

Cmd: disassembleShader
  platform=d3d11 type=17 mask=6 insize=7954 outsize=11242 ok=1

Cmd: disassembleShader
  platform=d3d11 type=17 mask=6 insize=8058 outsize=11427 ok=1

Cmd: disassembleShader
  platform=d3d11 type=17 mask=6 insize=7822 outsize=11128 ok=1

Cmd: disassembleShader
  platform=d3d11 type=17 mask=6 insize=8698 outsize=12355 ok=1

Cmd: disassembleShader
  platform=d3d11 type=17 mask=6 insize=4874 outsize=7219 ok=1

Cmd: compileSnippet
  insize=1489 path=Assets/DefaultResourcesExtra cachingPP=1 ppOnly=0 stripLineD=0 buildPlatform=5 rsLen=0 pKW=UNITY_ENABLE_REFLECTION_BUFFERS UNITY_USE_DITHER_MASK_FOR_ALPHABLENDED_SHADOWS UNITY_PBS_USE_BRDF1 UNITY_SPECCUBE_BOX_PROJECTION UNITY_SPECCUBE_BLENDING UNITY_ENABLE_DETAIL_NORMALMAP SHADER_API_DESKTOP UNITY_COLORSPACE_GAMMA UNITY_LIGHT_PROBE_PROXY_VOLUME UNITY_LIGHTMAP_FULL_HDR UNITY_PASS_FORWARDBASE uKW=DIRECTIONAL FOG_EXP2 _EMISSION dKW=FOG_LINEAR FOG_EXP INSTANCING_ON _NORMALMAP _ALPHATEST_ON _ALPHABLEND_ON _ALPHAPREMULTIPLY_ON _METALLICGLOSSMAP _DETAIL_MULX2 _SMOOTHNESS_TEXTURE_ALBEDO_CHANNEL_A _SPECULARHIGHLIGHTS_OFF _GLOSSYREFLECTIONS_OFF _PARALLAXMAP LIGHTPROBE_SH SHADOWS_SHADOWMASK DYNAMICLIGHTMAP_ON LIGHTMAP_ON LIGHTMAP_SHADOW_MIXING DIRLIGHTMAP_COMBINED SHADOWS_SCREEN UNITY_NO_DXT5nm UNITY_ENABLE_NATIVE_SHADOW_LOOKUPS UNITY_METAL_SHADOWS_USE_POINT_FILTERING UNITY_NO_SCREENSPACE_SHADOWS UNITY_PBS_USE_BRDF2 UNITY_PBS_USE_BRDF3 UNITY_NO_FULL_STANDARD_SHADER UNITY_HARDWARE_TIER1 UNITY_HARDWARE_TIER2 UNITY_HARDWARE_TIER3 UNITY_HALF_PRECISION_FRAGMENT_SHADER_REGISTERS UNITY_LIGHTMAP_DLDR_ENCODING UNITY_LIGHTMAP_RGBM_ENCODING UNITY_VIRTUAL_TEXTURING UNITY_PRETRANSFORM_TO_DISPLAY_ORIENTATION UNITY_ASTC_NORMALMAP_ENCODING SHADER_API_GLES30 flags=0 lang=0 type=Fragment platform=d3d11 reqs=227 mask=6 start=68 ok=1 outsize=6010

Cmd: disassembleShader
  platform=d3d11 type=17 mask=6 insize=6010 outsize=8490 ok=1

Cmd: disassembleShader
  platform=d3d11 type=17 mask=6 insize=6406 outsize=8991 ok=1

Cmd: disassembleShader
  platform=d3d11 type=17 mask=6 insize=6434 outsize=9099 ok=1

Cmd: disassembleShader
  platform=d3d11 type=17 mask=6 insize=6538 outsize=9284 ok=1

Cmd: disassembleShader
  platform=d3d11 type=17 mask=6 insize=6826 outsize=9666 ok=1

Cmd: disassembleShader
  platform=d3d11 type=17 mask=6 insize=6930 outsize=9851 ok=1

Cmd: disassembleShader
  platform=d3d11 type=17 mask=6 insize=6694 outsize=9552 ok=1

Cmd: disassembleShader
  platform=d3d11 type=17 mask=6 insize=7570 outsize=10776 ok=1

Cmd: disassembleShader
  platform=d3d11 type=17 mask=6 insize=5402 outsize=7896 ok=1

Cmd: disassembleShader
  platform=d3d11 type=17 mask=6 insize=3746 outsize=5660 ok=1

Cmd: disassembleShader
  platform=d3d11 type=17 mask=6 insize=6362 outsize=8950 ok=1

Cmd: compileSnippet
  insize=1489 path=Assets/DefaultResourcesExtra cachingPP=1 ppOnly=0 stripLineD=0 buildPlatform=5 rsLen=0 pKW=UNITY_ENABLE_REFLECTION_BUFFERS UNITY_USE_DITHER_MASK_FOR_ALPHABLENDED_SHADOWS UNITY_PBS_USE_BRDF1 UNITY_SPECCUBE_BOX_PROJECTION UNITY_SPECCUBE_BLENDING UNITY_ENABLE_DETAIL_NORMALMAP SHADER_API_DESKTOP UNITY_COLORSPACE_GAMMA UNITY_LIGHT_PROBE_PROXY_VOLUME UNITY_LIGHTMAP_FULL_HDR UNITY_PASS_FORWARDBASE uKW=DIRECTIONAL SHADOWS_SCREEN LIGHTPROBE_SH FOG_EXP2 _EMISSION INSTANCING_ON dKW=FOG_LINEAR FOG_EXP _NORMALMAP _ALPHATEST_ON _ALPHABLEND_ON _ALPHAPREMULTIPLY_ON _METALLICGLOSSMAP _DETAIL_MULX2 _SMOOTHNESS_TEXTURE_ALBEDO_CHANNEL_A _SPECULARHIGHLIGHTS_OFF _GLOSSYREFLECTIONS_OFF _PARALLAXMAP SHADOWS_SHADOWMASK DYNAMICLIGHTMAP_ON LIGHTMAP_ON LIGHTMAP_SHADOW_MIXING DIRLIGHTMAP_COMBINED UNITY_NO_DXT5nm UNITY_ENABLE_NATIVE_SHADOW_LOOKUPS UNITY_METAL_SHADOWS_USE_POINT_FILTERING UNITY_NO_SCREENSPACE_SHADOWS UNITY_PBS_USE_BRDF2 UNITY_PBS_USE_BRDF3 UNITY_NO_FULL_STANDARD_SHADER UNITY_HARDWARE_TIER1 UNITY_HARDWARE_TIER2 UNITY_HARDWARE_TIER3 UNITY_HALF_PRECISION_FRAGMENT_SHADER_REGISTERS UNITY_LIGHTMAP_DLDR_ENCODING UNITY_LIGHTMAP_RGBM_ENCODING UNITY_VIRTUAL_TEXTURING UNITY_PRETRANSFORM_TO_DISPLAY_ORIENTATION UNITY_ASTC_NORMALMAP_ENCODING SHADER_API_GLES30 flags=0 lang=0 type=Fragment platform=d3d11 reqs=2275 mask=6 start=68 ok=1 outsize=7758

Cmd: disassembleShader
  platform=d3d11 type=17 mask=6 insize=7758 outsize=10986 ok=1

Cmd: disassembleShader
  platform=d3d11 type=15 mask=6 insize=1918 outsize=3410 ok=1

Cmd: disassembleShader
  platform=d3d11 type=15 mask=6 insize=2298 outsize=3894 ok=1

Cmd: disassembleShader
  platform=d3d11 type=15 mask=6 insize=1918 outsize=3415 ok=1

Cmd: disassembleShader
  platform=d3d11 type=15 mask=6 insize=1918 outsize=3420 ok=1

Cmd: disassembleShader
  platform=d3d11 type=15 mask=6 insize=2054 outsize=3594 ok=1

Cmd: disassembleShader
  platform=d3d11 type=15 mask=6 insize=2298 outsize=3894 ok=1

Cmd: disassembleShader
  platform=d3d11 type=15 mask=6 insize=2298 outsize=3894 ok=1

Cmd: disassembleShader
  platform=d3d11 type=15 mask=6 insize=1918 outsize=3410 ok=1

Cmd: disassembleShader
  platform=d3d11 type=15 mask=6 insize=1710 outsize=3107 ok=1

Cmd: disassembleShader
  platform=d3d11 type=15 mask=6 insize=1938 outsize=3437 ok=1

Cmd: disassembleShader
  platform=d3d11 type=15 mask=6 insize=2318 outsize=3926 ok=1

Cmd: disassembleShader
  platform=d3d11 type=15 mask=6 insize=1798 outsize=3236 ok=1

Cmd: disassembleShader
  platform=d3d11 type=15 mask=6 insize=1938 outsize=3437 ok=1

Cmd: disassembleShader
  platform=d3d11 type=15 mask=6 insize=2318 outsize=3921 ok=1

Cmd: disassembleShader
  platform=d3d11 type=15 mask=6 insize=2318 outsize=3921 ok=1

Cmd: disassembleShader
  platform=d3d11 type=17 mask=6 insize=3770 outsize=5551 ok=1

Cmd: disassembleShader
  platform=d3d11 type=17 mask=6 insize=3378 outsize=4984 ok=1

Cmd: disassembleShader
  platform=d3d11 type=17 mask=6 insize=3986 outsize=5883 ok=1

Cmd: disassembleShader
  platform=d3d11 type=17 mask=6 insize=3834 outsize=5683 ok=1

Cmd: disassembleShader
  platform=d3d11 type=17 mask=6 insize=3638 outsize=5392 ok=1

Cmd: disassembleShader
  platform=d3d11 type=17 mask=6 insize=4758 outsize=6895 ok=1

Cmd: disassembleShader
  platform=d3d11 type=17 mask=6 insize=6118 outsize=8787 ok=1

Cmd: disassembleShader
  platform=d3d11 type=17 mask=6 insize=3934 outsize=5759 ok=1

Cmd: disassembleShader
  platform=d3d11 type=17 mask=6 insize=4194 outsize=6167 ok=1

Cmd: disassembleShader
  platform=d3d11 type=17 mask=6 insize=4642 outsize=6612 ok=1

Cmd: disassembleShader
  platform=d3d11 type=17 mask=6 insize=5042 outsize=7259 ok=1

Cmd: disassembleShader
  platform=d3d11 type=17 mask=6 insize=5526 outsize=7991 ok=1

Cmd: disassembleShader
  platform=d3d11 type=17 mask=6 insize=4134 outsize=6085 ok=1

Cmd: disassembleShader
  platform=d3d11 type=17 mask=6 insize=4038 outsize=5898 ok=1

Cmd: disassembleShader
  platform=d3d11 type=17 mask=6 insize=4646 outsize=6797 ok=1

Cmd: disassembleShader
  platform=d3d11 type=17 mask=6 insize=4494 outsize=6597 ok=1

Cmd: disassembleShader
  platform=d3d11 type=17 mask=6 insize=4298 outsize=6306 ok=1

Cmd: disassembleShader
  platform=d3d11 type=17 mask=6 insize=5086 outsize=7268 ok=1

Cmd: disassembleShader
  platform=d3d11 type=17 mask=6 insize=6446 outsize=9160 ok=1

Cmd: disassembleShader
  platform=d3d11 type=17 mask=6 insize=4262 outsize=6132 ok=1

Cmd: disassembleShader
  platform=d3d11 type=17 mask=6 insize=4522 outsize=6540 ok=1

Cmd: disassembleShader
  platform=d3d11 type=17 mask=6 insize=4958 outsize=7043 ok=1

Cmd: disassembleShader
  platform=d3d11 type=17 mask=6 insize=5358 outsize=7690 ok=1

Cmd: disassembleShader
  platform=d3d11 type=17 mask=6 insize=5050 outsize=7208 ok=1

Cmd: disassembleShader
  platform=d3d11 type=17 mask=6 insize=5450 outsize=7855 ok=1

Cmd: disassembleShader
  platform=d3d11 type=17 mask=6 insize=4074 outsize=5999 ok=1

Cmd: disassembleShader
  platform=d3d11 type=15 mask=6 insize=1414 outsize=2269 ok=1

Cmd: disassembleShader
  platform=d3d11 type=15 mask=6 insize=1458 outsize=2423 ok=1

Cmd: disassembleShader
  platform=d3d11 type=17 mask=6 insize=714 outsize=1505 ok=1

Cmd: disassembleShader
  platform=d3d11 type=17 mask=6 insize=218 outsize=660 ok=1

Cmd: disassembleShader
  platform=d3d11 type=15 mask=6 insize=2166 outsize=3621 ok=1

Cmd: disassembleShader
  platform=d3d11 type=15 mask=6 insize=1930 outsize=3319 ok=1

Cmd: disassembleShader
  platform=d3d11 type=15 mask=6 insize=1550 outsize=2835 ok=1

Cmd: disassembleShader
  platform=d3d11 type=15 mask=6 insize=2146 outsize=3626 ok=1

Cmd: disassembleShader
  platform=d3d11 type=15 mask=6 insize=2146 outsize=3626 ok=1

Cmd: disassembleShader
  platform=d3d11 type=17 mask=6 insize=1122 outsize=2422 ok=1

Cmd: disassembleShader
  platform=d3d11 type=17 mask=6 insize=2838 outsize=5051 ok=1

Cmd: disassembleShader
  platform=d3d11 type=17 mask=6 insize=1446 outsize=2988 ok=1

Cmd: disassembleShader
  platform=d3d11 type=17 mask=6 insize=2986 outsize=5189 ok=1

Cmd: disassembleShader
  platform=d3d11 type=17 mask=6 insize=2814 outsize=5024 ok=1

Cmd: compileSnippet
  insize=1432 path=Assets/DefaultResourcesExtra cachingPP=1 ppOnly=0 stripLineD=0 buildPlatform=5 rsLen=0 pKW=UNITY_ENABLE_REFLECTION_BUFFERS UNITY_USE_DITHER_MASK_FOR_ALPHABLENDED_SHADOWS UNITY_PBS_USE_BRDF1 UNITY_SPECCUBE_BOX_PROJECTION UNITY_SPECCUBE_BLENDING UNITY_ENABLE_DETAIL_NORMALMAP SHADER_API_DESKTOP UNITY_COLORSPACE_GAMMA UNITY_LIGHT_PROBE_PROXY_VOLUME UNITY_LIGHTMAP_FULL_HDR UNITY_PASS_DEFERRED uKW=_EMISSION _NORMALMAP dKW=INSTANCING_ON _ALPHATEST_ON _ALPHABLEND_ON _ALPHAPREMULTIPLY_ON _METALLICGLOSSMAP _SMOOTHNESS_TEXTURE_ALBEDO_CHANNEL_A _SPECULARHIGHLIGHTS_OFF _DETAIL_MULX2 _PARALLAXMAP LIGHTPROBE_SH DYNAMICLIGHTMAP_ON SHADOWS_SHADOWMASK LIGHTMAP_ON DIRLIGHTMAP_COMBINED UNITY_HDR_ON UNITY_NO_DXT5nm UNITY_ENABLE_NATIVE_SHADOW_LOOKUPS UNITY_METAL_SHADOWS_USE_POINT_FILTERING UNITY_NO_SCREENSPACE_SHADOWS UNITY_PBS_USE_BRDF2 UNITY_PBS_USE_BRDF3 UNITY_NO_FULL_STANDARD_SHADER UNITY_HARDWARE_TIER1 UNITY_HARDWARE_TIER2 UNITY_HARDWARE_TIER3 UNITY_HALF_PRECISION_FRAGMENT_SHADER_REGISTERS UNITY_LIGHTMAP_DLDR_ENCODING UNITY_LIGHTMAP_RGBM_ENCODING UNITY_VIRTUAL_TEXTURING UNITY_PRETRANSFORM_TO_DISPLAY_ORIENTATION UNITY_ASTC_NORMALMAP_ENCODING SHADER_API_GLES30 flags=0 lang=0 type=Fragment platform=d3d11 reqs=227 mask=6 start=168 ok=1 outsize=1646

Cmd: disassembleShader
  platform=d3d11 type=17 mask=6 insize=1646 outsize=3222 ok=1

Cmd: compileSnippet
  insize=1432 path=Assets/DefaultResourcesExtra cachingPP=1 ppOnly=0 stripLineD=0 buildPlatform=5 rsLen=0 pKW=UNITY_ENABLE_REFLECTION_BUFFERS UNITY_USE_DITHER_MASK_FOR_ALPHABLENDED_SHADOWS UNITY_PBS_USE_BRDF1 UNITY_SPECCUBE_BOX_PROJECTION UNITY_SPECCUBE_BLENDING UNITY_ENABLE_DETAIL_NORMALMAP SHADER_API_DESKTOP UNITY_COLORSPACE_GAMMA UNITY_LIGHT_PROBE_PROXY_VOLUME UNITY_LIGHTMAP_FULL_HDR UNITY_PASS_DEFERRED uKW=LIGHTPROBE_SH _EMISSION UNITY_HDR_ON INSTANCING_ON dKW=_NORMALMAP _ALPHATEST_ON _ALPHABLEND_ON _ALPHAPREMULTIPLY_ON _METALLICGLOSSMAP _SMOOTHNESS_TEXTURE_ALBEDO_CHANNEL_A _SPECULARHIGHLIGHTS_OFF _DETAIL_MULX2 _PARALLAXMAP DYNAMICLIGHTMAP_ON SHADOWS_SHADOWMASK LIGHTMAP_ON DIRLIGHTMAP_COMBINED UNITY_NO_DXT5nm UNITY_ENABLE_NATIVE_SHADOW_LOOKUPS UNITY_METAL_SHADOWS_USE_POINT_FILTERING UNITY_NO_SCREENSPACE_SHADOWS UNITY_PBS_USE_BRDF2 UNITY_PBS_USE_BRDF3 UNITY_NO_FULL_STANDARD_SHADER UNITY_HARDWARE_TIER1 UNITY_HARDWARE_TIER2 UNITY_HARDWARE_TIER3 UNITY_HALF_PRECISION_FRAGMENT_SHADER_REGISTERS UNITY_LIGHTMAP_DLDR_ENCODING UNITY_LIGHTMAP_RGBM_ENCODING UNITY_VIRTUAL_TEXTURING UNITY_PRETRANSFORM_TO_DISPLAY_ORIENTATION UNITY_ASTC_NORMALMAP_ENCODING SHADER_API_GLES30 flags=0 lang=0 type=Fragment platform=d3d11 reqs=2275 mask=6 start=168 ok=1 outsize=2742

Cmd: disassembleShader
  platform=d3d11 type=17 mask=6 insize=2742 outsize=4861 ok=1

Cmd: disassembleShader
  platform=d3d11 type=15 mask=6 insize=1714 outsize=3071 ok=1

Cmd: disassembleShader
  platform=d3d11 type=15 mask=6 insize=1746 outsize=3138 ok=1

Cmd: disassembleShader
  platform=d3d11 type=15 mask=6 insize=1714 outsize=3071 ok=1

Cmd: disassembleShader
  platform=d3d11 type=15 mask=6 insize=2126 outsize=3622 ok=1

Cmd: disassembleShader
  platform=d3d11 type=15 mask=6 insize=3214 outsize=5109 ok=1

Cmd: disassembleShader
  platform=d3d11 type=15 mask=6 insize=2558 outsize=4217 ok=1

Cmd: disassembleShader
  platform=d3d11 type=15 mask=6 insize=1746 outsize=3138 ok=1

Cmd: disassembleShader
  platform=d3d11 type=15 mask=6 insize=1938 outsize=3338 ok=1

Cmd: disassembleShader
  platform=d3d11 type=15 mask=6 insize=2126 outsize=3622 ok=1

Cmd: disassembleShader
  platform=d3d11 type=15 mask=6 insize=3214 outsize=5109 ok=1

Cmd: disassembleShader
  platform=d3d11 type=17 mask=6 insize=2710 outsize=4530 ok=1

Cmd: disassembleShader
  platform=d3d11 type=17 mask=6 insize=2098 outsize=3701 ok=1

Cmd: disassembleShader
  platform=d3d11 type=17 mask=6 insize=6098 outsize=8679 ok=1

Cmd: disassembleShader
  platform=d3d11 type=17 mask=6 insize=5066 outsize=7476 ok=1

Cmd: disassembleShader
  platform=d3d11 type=17 mask=6 insize=7582 outsize=10752 ok=1

Cmd: disassembleShader
  platform=d3d11 type=17 mask=6 insize=7234 outsize=10226 ok=1

Cmd: disassembleShader
  platform=d3d11 type=17 mask=6 insize=7366 outsize=10510 ok=1

Cmd: disassembleShader
  platform=d3d11 type=17 mask=6 insize=7654 outsize=10892 ok=1

Cmd: disassembleShader
  platform=d3d11 type=17 mask=6 insize=7758 outsize=11077 ok=1

Cmd: disassembleShader
  platform=d3d11 type=17 mask=6 insize=6230 outsize=9131 ok=1

Cmd: disassembleShader
  platform=d3d11 type=17 mask=6 insize=7190 outsize=10185 ok=1

Cmd: compileSnippet
  insize=1284 path=Assets/DefaultResourcesExtra cachingPP=1 ppOnly=0 stripLineD=0 buildPlatform=5 rsLen=0 pKW=UNITY_ENABLE_REFLECTION_BUFFERS UNITY_USE_DITHER_MASK_FOR_ALPHABLENDED_SHADOWS UNITY_PBS_USE_BRDF1 UNITY_SPECCUBE_BOX_PROJECTION UNITY_SPECCUBE_BLENDING UNITY_ENABLE_DETAIL_NORMALMAP SHADER_API_DESKTOP UNITY_COLORSPACE_GAMMA UNITY_LIGHT_PROBE_PROXY_VOLUME UNITY_LIGHTMAP_FULL_HDR UNITY_PASS_FORWARDBASE uKW=DIRECTIONAL _EMISSION dKW=FOG_LINEAR FOG_EXP FOG_EXP2 _NORMALMAP _ALPHATEST_ON _ALPHABLEND_ON _ALPHAPREMULTIPLY_ON _METALLICGLOSSMAP _SMOOTHNESS_TEXTURE_ALBEDO_CHANNEL_A _SPECULARHIGHLIGHTS_OFF _GLOSSYREFLECTIONS_OFF LIGHTPROBE_SH SHADOWS_SHADOWMASK DYNAMICLIGHTMAP_ON LIGHTMAP_ON LIGHTMAP_SHADOW_MIXING SHADOWS_SCREEN UNITY_NO_DXT5nm UNITY_ENABLE_NATIVE_SHADOW_LOOKUPS UNITY_METAL_SHADOWS_USE_POINT_FILTERING UNITY_NO_SCREENSPACE_SHADOWS UNITY_PBS_USE_BRDF2 UNITY_PBS_USE_BRDF3 UNITY_NO_FULL_STANDARD_SHADER UNITY_HARDWARE_TIER1 UNITY_HARDWARE_TIER2 UNITY_HARDWARE_TIER3 UNITY_HALF_PRECISION_FRAGMENT_SHADER_REGISTERS UNITY_LIGHTMAP_DLDR_ENCODING UNITY_LIGHTMAP_RGBM_ENCODING UNITY_VIRTUAL_TEXTURING UNITY_PRETRANSFORM_TO_DISPLAY_ORIENTATION UNITY_ASTC_NORMALMAP_ENCODING SHADER_API_GLES30 flags=0 lang=0 type=Fragment platform=d3d11 reqs=1 mask=6 start=237 ok=1 outsize=2814

Cmd: disassembleShader
  platform=d3d11 type=17 mask=6 insize=2814 outsize=4716 ok=1

Cmd: disassembleShader
  platform=d3d11 type=17 mask=6 insize=2926 outsize=4835 ok=1

Cmd: disassembleShader
  platform=d3d11 type=17 mask=6 insize=2958 outsize=4913 ok=1

Cmd: disassembleShader
  platform=d3d11 type=17 mask=6 insize=3062 outsize=5098 ok=1

Cmd: disassembleShader
  platform=d3d11 type=17 mask=6 insize=3242 outsize=5353 ok=1

Cmd: disassembleShader
  platform=d3d11 type=17 mask=6 insize=3346 outsize=5538 ok=1

Cmd: disassembleShader
  platform=d3d11 type=17 mask=6 insize=2634 outsize=4405 ok=1

Cmd: disassembleShader
  platform=d3d11 type=17 mask=6 insize=2210 outsize=3865 ok=1

Cmd: disassembleShader
  platform=d3d11 type=17 mask=6 insize=2898 outsize=4806 ok=1

Cmd: disassembleShader
  platform=d3d11 type=17 mask=6 insize=6718 outsize=9447 ok=1

Cmd: compileSnippet
  insize=1284 path=Assets/DefaultResourcesExtra cachingPP=1 ppOnly=0 stripLineD=0 buildPlatform=5 rsLen=0 pKW=UNITY_ENABLE_REFLECTION_BUFFERS UNITY_USE_DITHER_MASK_FOR_ALPHABLENDED_SHADOWS UNITY_PBS_USE_BRDF1 UNITY_SPECCUBE_BOX_PROJECTION UNITY_SPECCUBE_BLENDING UNITY_ENABLE_DETAIL_NORMALMAP SHADER_API_DESKTOP UNITY_COLORSPACE_GAMMA UNITY_LIGHT_PROBE_PROXY_VOLUME UNITY_LIGHTMAP_FULL_HDR UNITY_PASS_FORWARDBASE uKW=DIRECTIONAL SHADOWS_SCREEN FOG_EXP2 _EMISSION _NORMALMAP dKW=FOG_LINEAR FOG_EXP _ALPHATEST_ON _ALPHABLEND_ON _ALPHAPREMULTIPLY_ON _METALLICGLOSSMAP _SMOOTHNESS_TEXTURE_ALBEDO_CHANNEL_A _SPECULARHIGHLIGHTS_OFF _GLOSSYREFLECTIONS_OFF LIGHTPROBE_SH SHADOWS_SHADOWMASK DYNAMICLIGHTMAP_ON LIGHTMAP_ON LIGHTMAP_SHADOW_MIXING UNITY_NO_DXT5nm UNITY_ENABLE_NATIVE_SHADOW_LOOKUPS UNITY_METAL_SHADOWS_USE_POINT_FILTERING UNITY_NO_SCREENSPACE_SHADOWS UNITY_PBS_USE_BRDF2 UNITY_PBS_USE_BRDF3 UNITY_NO_FULL_STANDARD_SHADER UNITY_HARDWARE_TIER1 UNITY_HARDWARE_TIER2 UNITY_HARDWARE_TIER3 UNITY_HALF_PRECISION_FRAGMENT_SHADER_REGISTERS UNITY_LIGHTMAP_DLDR_ENCODING UNITY_LIGHTMAP_RGBM_ENCODING UNITY_VIRTUAL_TEXTURING UNITY_PRETRANSFORM_TO_DISPLAY_ORIENTATION UNITY_ASTC_NORMALMAP_ENCODING SHADER_API_GLES30 flags=0 lang=0 type=Fragment platform=d3d11 reqs=227 mask=6 start=237 ok=1 outsize=6822

Cmd: disassembleShader
  platform=d3d11 type=17 mask=6 insize=6822 outsize=9632 ok=1

Cmd: disassembleShader
  platform=d3d11 type=15 mask=6 insize=2070 outsize=3588 ok=1

Cmd: disassembleShader
  platform=d3d11 type=15 mask=6 insize=2450 outsize=4072 ok=1

Cmd: disassembleShader
  platform=d3d11 type=15 mask=6 insize=2070 outsize=3593 ok=1

Cmd: disassembleShader
  platform=d3d11 type=15 mask=6 insize=1798 outsize=3236 ok=1

Cmd: disassembleShader
  platform=d3d11 type=15 mask=6 insize=2070 outsize=3588 ok=1

Cmd: disassembleShader
  platform=d3d11 type=15 mask=6 insize=2450 outsize=4072 ok=1

Cmd: disassembleShader
  platform=d3d11 type=15 mask=6 insize=2370 outsize=3920 ok=1

Cmd: disassembleShader
  platform=d3d11 type=15 mask=6 insize=2294 outsize=3855 ok=1

Cmd: disassembleShader
  platform=d3d11 type=15 mask=6 insize=2218 outsize=3761 ok=1

Cmd: disassembleShader
  platform=d3d11 type=15 mask=6 insize=1798 outsize=3236 ok=1

Cmd: disassembleShader
  platform=d3d11 type=15 mask=6 insize=2674 outsize=4339 ok=1

Cmd: disassembleShader
  platform=d3d11 type=15 mask=6 insize=2674 outsize=4339 ok=1

Cmd: disassembleShader
  platform=d3d11 type=17 mask=6 insize=2242 outsize=3932 ok=1

Cmd: disassembleShader
  platform=d3d11 type=17 mask=6 insize=1954 outsize=3487 ok=1

Cmd: disassembleShader
  platform=d3d11 type=17 mask=6 insize=2486 outsize=4297 ok=1

Cmd: disassembleShader
  platform=d3d11 type=17 mask=6 insize=2334 outsize=4097 ok=1

Cmd: disassembleShader
  platform=d3d11 type=17 mask=6 insize=2214 outsize=3895 ok=1

Cmd: disassembleShader
  platform=d3d11 type=17 mask=6 insize=2226 outsize=3886 ok=1

Cmd: disassembleShader
  platform=d3d11 type=17 mask=6 insize=3934 outsize=5759 ok=1

Cmd: disassembleShader
  platform=d3d11 type=17 mask=6 insize=4194 outsize=6167 ok=1

Cmd: disassembleShader
  platform=d3d11 type=17 mask=6 insize=2126 outsize=3653 ok=1

Cmd: disassembleShader
  platform=d3d11 type=17 mask=6 insize=2218 outsize=3818 ok=1

Cmd: disassembleShader
  platform=d3d11 type=17 mask=6 insize=2290 outsize=3993 ok=1

Cmd: disassembleShader
  platform=d3d11 type=17 mask=6 insize=2002 outsize=3548 ok=1

Cmd: disassembleShader
  platform=d3d11 type=17 mask=6 insize=2534 outsize=4358 ok=1

Cmd: disassembleShader
  platform=d3d11 type=17 mask=6 insize=2382 outsize=4158 ok=1

Cmd: disassembleShader
  platform=d3d11 type=17 mask=6 insize=2558 outsize=4387 ok=1

Cmd: disassembleShader
  platform=d3d11 type=17 mask=6 insize=4578 outsize=6623 ok=1

Cmd: disassembleShader
  platform=d3d11 type=17 mask=6 insize=4838 outsize=7031 ok=1

Cmd: disassembleShader
  platform=d3d11 type=17 mask=6 insize=2458 outsize=4154 ok=1

Cmd: disassembleShader
  platform=d3d11 type=17 mask=6 insize=2550 outsize=4319 ok=1

Cmd: disassembleShader
  platform=d3d11 type=17 mask=6 insize=2574 outsize=4433 ok=1

Cmd: disassembleShader
  platform=d3d11 type=15 mask=6 insize=1414 outsize=2269 ok=1

Cmd: disassembleShader
  platform=d3d11 type=17 mask=6 insize=218 outsize=660 ok=1

Cmd: shutdown
