Using pre-set license
Built from '2021.1/staging' branch; Version is '2021.1.18f1 (25bdc3efbc2d) revision 2473411'; Using compiler version '192528614'; Build Type 'Release'
OS: 'Windows 10 Home; OS build 19043.1165; Version 2009; 64bit' Language: 'el' Physical Memory: 15734 MB
BatchMode: 1, IsHumanControllingUs: 0, StartBugReporterOnCrash: 0, Is64bit: 1, IsPro: 0

COMMAND LINE ARGUMENTS:
C:\Program Files\Unity\Hub\Editor\2021.1.18f1\Editor\Unity.exe
-adb2
-batchMode
-noUpm
-name
AssetImportWorker0
-projectPath
C:/Users/dimik/Desktop/πτυχιακή/JavaOffsprings/JavaOffspringsProject
-logFile
Logs/AssetImportWorker0.log
-srvPort
51536
Successfully changed project path to: C:/Users/dimik/Desktop/πτυχιακή/JavaOffsprings/JavaOffspringsProject
C:/Users/dimik/Desktop/πτυχιακή/JavaOffsprings/JavaOffspringsProject
Using Asset Import Pipeline V2.
Refreshing native plugins compatible for Editor in 70.22 ms, found 7 plugins.
Preloading 0 native plugins for Editor in 0.00 ms.
Initialize engine version: 2021.1.18f1 (25bdc3efbc2d)
[Subsystems] Discovering subsystems at path C:/Program Files/Unity/Hub/Editor/2021.1.18f1/Editor/Data/Resources/UnitySubsystems
[Subsystems] Discovering subsystems at path C:/Users/dimik/Desktop/πτυχιακή/JavaOffsprings/JavaOffspringsProject/Assets
GfxDevice: creating device client; threaded=0; jobified=0
Direct3D:
    Version:  Direct3D 11.0 [level 11.1]
    Renderer: AMD Radeon(TM) Graphics (ID=0x1636)
    Vendor:   ATI
    VRAM:     7867 MB
    Driver:   27.20.11028.10001
Initialize mono
Mono path[0] = 'C:/Program Files/Unity/Hub/Editor/2021.1.18f1/Editor/Data/Managed'
Mono path[1] = 'C:/Program Files/Unity/Hub/Editor/2021.1.18f1/Editor/Data/MonoBleedingEdge/lib/mono/unityjit'
Mono config path = 'C:/Program Files/Unity/Hub/Editor/2021.1.18f1/Editor/Data/MonoBleedingEdge/etc'
Using monoOptions --debugger-agent=transport=dt_socket,embedding=1,server=y,suspend=n,address=127.0.0.1:56548
Begin MonoManager ReloadAssembly
Registering precompiled unity dll's ...
Register platform support module: C:/Program Files/Unity/Hub/Editor/2021.1.18f1/Editor/Data/PlaybackEngines/WindowsStandaloneSupport/UnityEditor.WindowsStandalone.Extensions.dll
Registered in 0.001635 seconds.
Native extension for WindowsStandalone target not found
Refreshing native plugins compatible for Editor in 62.03 ms, found 7 plugins.
Preloading 0 native plugins for Editor in 0.00 ms.
Mono: successfully reloaded assembly
- Completed reload, in  1.103 seconds
Domain Reload Profiling:
	ReloadAssembly (1104ms)
		BeginReloadAssembly (56ms)
			ExecutionOrderSort (0ms)
			DisableScriptedObjects (0ms)
			BackupInstance (0ms)
			ReleaseScriptingObjects (0ms)
			CreateAndSetChildDomain (1ms)
		EndReloadAssembly (432ms)
			LoadAssemblies (54ms)
			RebuildTransferFunctionScriptingTraits (0ms)
			SetupTypeCache (166ms)
			ReleaseScriptCaches (0ms)
			RebuildScriptCaches (31ms)
			SetupLoadedEditorAssemblies (189ms)
				LogAssemblyErrors (0ms)
				InitializePlatformSupportModulesInManaged (6ms)
				SetLoadedEditorAssemblies (0ms)
				RefreshPlugins (62ms)
				BeforeProcessingInitializeOnLoad (1ms)
				ProcessInitializeOnLoadAttributes (91ms)
				ProcessInitializeOnLoadMethodAttributes (29ms)
				AfterProcessingInitializeOnLoad (0ms)
				EditorAssembliesLoaded (0ms)
			ExecutionOrderSort2 (0ms)
			AwakeInstancesAfterBackupRestoration (0ms)
Platform modules already initialized, skipping
Registering precompiled user dll's ...
Registered in 0.007447 seconds.
Begin MonoManager ReloadAssembly
Native extension for WindowsStandalone target not found
Refreshing native plugins compatible for Editor in 1.00 ms, found 7 plugins.
Preloading 0 native plugins for Editor in 0.00 ms.
Mono: successfully reloaded assembly
- Completed reload, in  1.032 seconds
Domain Reload Profiling:
	ReloadAssembly (1033ms)
		BeginReloadAssembly (142ms)
			ExecutionOrderSort (0ms)
			DisableScriptedObjects (4ms)
			BackupInstance (0ms)
			ReleaseScriptingObjects (0ms)
			CreateAndSetChildDomain (21ms)
		EndReloadAssembly (833ms)
			LoadAssemblies (83ms)
			RebuildTransferFunctionScriptingTraits (0ms)
			SetupTypeCache (276ms)
			ReleaseScriptCaches (0ms)
			RebuildScriptCaches (46ms)
			SetupLoadedEditorAssemblies (343ms)
				LogAssemblyErrors (0ms)
				InitializePlatformSupportModulesInManaged (4ms)
				SetLoadedEditorAssemblies (0ms)
				RefreshPlugins (1ms)
				BeforeProcessingInitializeOnLoad (51ms)
				ProcessInitializeOnLoadAttributes (274ms)
				ProcessInitializeOnLoadMethodAttributes (6ms)
				AfterProcessingInitializeOnLoad (6ms)
				EditorAssembliesLoaded (0ms)
			ExecutionOrderSort2 (0ms)
			AwakeInstancesAfterBackupRestoration (6ms)
Platform modules already initialized, skipping
========================================================================
Worker process is ready to serve import requests
Launched and connected shader compiler UnityShaderCompiler.exe after 0.05 seconds
Refreshing native plugins compatible for Editor in 0.97 ms, found 7 plugins.
Preloading 0 native plugins for Editor in 0.00 ms.
Unloading 2089 Unused Serialized files (Serialized files now loaded: 0)
System memory in use before: 118.5 MB.
System memory in use after: 118.3 MB.

Unloading 64 unused Assets to reduce memory usage. Loaded Objects now: 2517.
Total: 4.033000 ms (FindLiveObjects: 0.256300 ms CreateObjectMapping: 0.094800 ms MarkObjects: 3.485300 ms  DeleteObjects: 0.194800 ms)

AssetImportParameters requested are different than current active one (requested -> active):
  custom:framework-win-MediaFoundation: 216162199b28c13a410421893ffa2e32 -> 
  custom:video-decoder-ogg-theora: a1e56fd34408186e4bbccfd4996cb3dc -> 
  custom:container-muxer-webm: aa71ff27fc2769a1b78a27578f13a17b -> 
  custom:container-demuxer-webm: 4f35f7cbe854078d1ac9338744f61a02 -> 
  custom:container-demuxer-ogg: 62fdf1f143b41e24485cea50d1cbac27 -> 
  custom:video-encoder-webm-vp8: eb34c28f22e8b96e1ab97ce403110664 -> 
  custom:video-codec-MediaFoundation-h265: 746d11721c4dcdbdad8f713fa42b33f4 -> 
  custom:video-decoder-webm-vp8: 9c59270c3fd7afecdb556c50c9e8de78 -> 
  custom:audio-decoder-ogg-vorbis: bf7c407c2cedff20999df2af8eb42d56 -> 
  custom:audio-encoder-webm-vorbis: bf7c407c2cedff20999df2af8eb42d56 -> 
========================================================================
Received Import Request.
  path: Assets/MoveItem.cs
  artifactKey: Guid(42ffdbe43b7dcab4aada797648453553) Importer(815301076,1909f56bfc062723c751e8b465ee728b)
Start importing Assets/MoveItem.cs using Guid(42ffdbe43b7dcab4aada797648453553) Importer(815301076,1909f56bfc062723c751e8b465ee728b)  -> (artifact id: 'd77fded79eb112157c9cd21f86b36495') in 0.018297 seconds 
========================================================================
Received Prepare
Registering precompiled user dll's ...
Registered in 0.007182 seconds.
Begin MonoManager ReloadAssembly
Native extension for WindowsStandalone target not found
Refreshing native plugins compatible for Editor in 1.07 ms, found 7 plugins.
Preloading 0 native plugins for Editor in 0.00 ms.
Mono: successfully reloaded assembly
- Completed reload, in  1.005 seconds
Domain Reload Profiling:
	ReloadAssembly (1005ms)
		BeginReloadAssembly (129ms)
			ExecutionOrderSort (0ms)
			DisableScriptedObjects (4ms)
			BackupInstance (0ms)
			ReleaseScriptingObjects (0ms)
			CreateAndSetChildDomain (40ms)
		EndReloadAssembly (816ms)
			LoadAssemblies (85ms)
			RebuildTransferFunctionScriptingTraits (0ms)
			SetupTypeCache (283ms)
			ReleaseScriptCaches (1ms)
			RebuildScriptCaches (38ms)
			SetupLoadedEditorAssemblies (315ms)
				LogAssemblyErrors (0ms)
				InitializePlatformSupportModulesInManaged (4ms)
				SetLoadedEditorAssemblies (0ms)
				RefreshPlugins (1ms)
				BeforeProcessingInitializeOnLoad (45ms)
				ProcessInitializeOnLoadAttributes (253ms)
				ProcessInitializeOnLoadMethodAttributes (6ms)
				AfterProcessingInitializeOnLoad (6ms)
				EditorAssembliesLoaded (0ms)
			ExecutionOrderSort2 (0ms)
			AwakeInstancesAfterBackupRestoration (6ms)
Platform modules already initialized, skipping
Refreshing native plugins compatible for Editor in 0.99 ms, found 7 plugins.
Preloading 0 native plugins for Editor in 0.00 ms.
Unloading 2039 Unused Serialized files (Serialized files now loaded: 0)
System memory in use before: 114.1 MB.
System memory in use after: 113.9 MB.

Unloading 58 unused Assets to reduce memory usage. Loaded Objects now: 2520.
Total: 3.785000 ms (FindLiveObjects: 0.258700 ms CreateObjectMapping: 0.093000 ms MarkObjects: 3.252500 ms  DeleteObjects: 0.179200 ms)

AssetImportParameters requested are different than current active one (requested -> active):
  custom:framework-win-MediaFoundation: 216162199b28c13a410421893ffa2e32 -> 
  custom:video-decoder-ogg-theora: a1e56fd34408186e4bbccfd4996cb3dc -> 
  custom:container-muxer-webm: aa71ff27fc2769a1b78a27578f13a17b -> 
  custom:container-demuxer-webm: 4f35f7cbe854078d1ac9338744f61a02 -> 
  custom:container-demuxer-ogg: 62fdf1f143b41e24485cea50d1cbac27 -> 
  custom:video-encoder-webm-vp8: eb34c28f22e8b96e1ab97ce403110664 -> 
  custom:video-codec-MediaFoundation-h265: 746d11721c4dcdbdad8f713fa42b33f4 -> 
  custom:video-decoder-webm-vp8: 9c59270c3fd7afecdb556c50c9e8de78 -> 
  custom:audio-decoder-ogg-vorbis: bf7c407c2cedff20999df2af8eb42d56 -> 
  custom:audio-encoder-webm-vorbis: bf7c407c2cedff20999df2af8eb42d56 -> 
========================================================================
Received Import Request.
  Time since last request: 545.422929 seconds.
  path: Assets/MoveItem.cs
  artifactKey: Guid(42ffdbe43b7dcab4aada797648453553) Importer(815301076,1909f56bfc062723c751e8b465ee728b)
Start importing Assets/MoveItem.cs using Guid(42ffdbe43b7dcab4aada797648453553) Importer(815301076,1909f56bfc062723c751e8b465ee728b)  -> (artifact id: '4f427841e5cc26e5c1cebff140898694') in 0.005444 seconds 
========================================================================
Received Prepare
Registering precompiled user dll's ...
Registered in 0.007685 seconds.
Begin MonoManager ReloadAssembly
Native extension for WindowsStandalone target not found
Refreshing native plugins compatible for Editor in 1.03 ms, found 7 plugins.
Preloading 0 native plugins for Editor in 0.00 ms.
Mono: successfully reloaded assembly
- Completed reload, in  1.002 seconds
Domain Reload Profiling:
	ReloadAssembly (1002ms)
		BeginReloadAssembly (125ms)
			ExecutionOrderSort (0ms)
			DisableScriptedObjects (5ms)
			BackupInstance (0ms)
			ReleaseScriptingObjects (0ms)
			CreateAndSetChildDomain (36ms)
		EndReloadAssembly (819ms)
			LoadAssemblies (85ms)
			RebuildTransferFunctionScriptingTraits (0ms)
			SetupTypeCache (282ms)
			ReleaseScriptCaches (1ms)
			RebuildScriptCaches (36ms)
			SetupLoadedEditorAssemblies (329ms)
				LogAssemblyErrors (0ms)
				InitializePlatformSupportModulesInManaged (4ms)
				SetLoadedEditorAssemblies (0ms)
				RefreshPlugins (1ms)
				BeforeProcessingInitializeOnLoad (45ms)
				ProcessInitializeOnLoadAttributes (267ms)
				ProcessInitializeOnLoadMethodAttributes (5ms)
				AfterProcessingInitializeOnLoad (6ms)
				EditorAssembliesLoaded (0ms)
			ExecutionOrderSort2 (0ms)
			AwakeInstancesAfterBackupRestoration (6ms)
Platform modules already initialized, skipping
Refreshing native plugins compatible for Editor in 0.99 ms, found 7 plugins.
Preloading 0 native plugins for Editor in 0.00 ms.
Unloading 2039 Unused Serialized files (Serialized files now loaded: 0)
System memory in use before: 114.1 MB.
System memory in use after: 114.0 MB.

Unloading 58 unused Assets to reduce memory usage. Loaded Objects now: 2523.
Total: 4.013300 ms (FindLiveObjects: 0.325400 ms CreateObjectMapping: 0.130500 ms MarkObjects: 3.373800 ms  DeleteObjects: 0.181600 ms)

AssetImportParameters requested are different than current active one (requested -> active):
  custom:framework-win-MediaFoundation: 216162199b28c13a410421893ffa2e32 -> 
  custom:video-decoder-ogg-theora: a1e56fd34408186e4bbccfd4996cb3dc -> 
  custom:container-muxer-webm: aa71ff27fc2769a1b78a27578f13a17b -> 
  custom:container-demuxer-webm: 4f35f7cbe854078d1ac9338744f61a02 -> 
  custom:container-demuxer-ogg: 62fdf1f143b41e24485cea50d1cbac27 -> 
  custom:video-encoder-webm-vp8: eb34c28f22e8b96e1ab97ce403110664 -> 
  custom:video-codec-MediaFoundation-h265: 746d11721c4dcdbdad8f713fa42b33f4 -> 
  custom:video-decoder-webm-vp8: 9c59270c3fd7afecdb556c50c9e8de78 -> 
  custom:audio-decoder-ogg-vorbis: bf7c407c2cedff20999df2af8eb42d56 -> 
  custom:audio-encoder-webm-vorbis: bf7c407c2cedff20999df2af8eb42d56 -> 
========================================================================
Received Import Request.
  Time since last request: 265.684701 seconds.
  path: Assets/MoveItem.cs
  artifactKey: Guid(42ffdbe43b7dcab4aada797648453553) Importer(815301076,1909f56bfc062723c751e8b465ee728b)
Start importing Assets/MoveItem.cs using Guid(42ffdbe43b7dcab4aada797648453553) Importer(815301076,1909f56bfc062723c751e8b465ee728b)  -> (artifact id: '109fb2518a1aecbe913c81dfc708084e') in 0.005207 seconds 
========================================================================
Received Import Request.
  Time since last request: 9.612688 seconds.
  path: Assets/Scenes/Game/Game.unity
  artifactKey: Guid(9d99a684b541cc046bf54e92be20bc4e) Importer(815301076,1909f56bfc062723c751e8b465ee728b)
Start importing Assets/Scenes/Game/Game.unity using Guid(9d99a684b541cc046bf54e92be20bc4e) Importer(815301076,1909f56bfc062723c751e8b465ee728b)  -> (artifact id: '61fbc7c4eec11c41bf2f241032cf69ee') in 0.014262 seconds 
========================================================================
Received Import Request.
  Time since last request: 427.813685 seconds.
  path: Assets/Unity Store Assets/Sun_Temple/Prefabs/Props/Prop_Bed_A.prefab
  artifactKey: Guid(051ad94ddce68f94fa32b1eeeb503536) Importer(815301076,1909f56bfc062723c751e8b465ee728b)
Start importing Assets/Unity Store Assets/Sun_Temple/Prefabs/Props/Prop_Bed_A.prefab using Guid(051ad94ddce68f94fa32b1eeeb503536) Importer(815301076,1909f56bfc062723c751e8b465ee728b)  -> (artifact id: '07ca25eef186f272d547f5699c0ff093') in 0.107558 seconds 
========================================================================
Received Import Request.
  Time since last request: 0.000256 seconds.
  path: Assets/Unity Store Assets/Sun_Temple/Prefabs/Props/Prop_Bed_E.prefab
  artifactKey: Guid(6d14b2d545d49fc4fb80106e92bc2b16) Importer(815301076,1909f56bfc062723c751e8b465ee728b)
Start importing Assets/Unity Store Assets/Sun_Temple/Prefabs/Props/Prop_Bed_E.prefab using Guid(6d14b2d545d49fc4fb80106e92bc2b16) Importer(815301076,1909f56bfc062723c751e8b465ee728b)  -> (artifact id: '8ab327f7265505c64679b209161b5738') in 0.031313 seconds 
========================================================================
Received Import Request.
  Time since last request: 0.000349 seconds.
  path: Assets/Unity Store Assets/Sun_Temple/Prefabs/Props/Prop_BookCase_B.prefab
  artifactKey: Guid(2902e212c68388d4c8574293809001c8) Importer(815301076,1909f56bfc062723c751e8b465ee728b)
Start importing Assets/Unity Store Assets/Sun_Temple/Prefabs/Props/Prop_BookCase_B.prefab using Guid(2902e212c68388d4c8574293809001c8) Importer(815301076,1909f56bfc062723c751e8b465ee728b)  -> (artifact id: '4cbdce3f07e1159be0285cf3b82fa2d1') in 0.040782 seconds 
========================================================================
Received Import Request.
  Time since last request: 0.000330 seconds.
  path: Assets/Unity Store Assets/Sun_Temple/Prefabs/Props/Prop_BookCase_A.prefab
  artifactKey: Guid(0db4603a37a6beb4ab919580fb219033) Importer(815301076,1909f56bfc062723c751e8b465ee728b)
Start importing Assets/Unity Store Assets/Sun_Temple/Prefabs/Props/Prop_BookCase_A.prefab using Guid(0db4603a37a6beb4ab919580fb219033) Importer(815301076,1909f56bfc062723c751e8b465ee728b)  -> (artifact id: '6243d54880076bb8a92227bc863c2c71') in 0.024299 seconds 
========================================================================
Received Import Request.
  Time since last request: 2.892395 seconds.
  path: Assets/Unity Store Assets/Sun_Temple/Prefabs/Props/Prop_Candles_B.prefab
  artifactKey: Guid(d13fb576f5aa0ac4a9b4cd9db48def44) Importer(815301076,1909f56bfc062723c751e8b465ee728b)
Start importing Assets/Unity Store Assets/Sun_Temple/Prefabs/Props/Prop_Candles_B.prefab using Guid(d13fb576f5aa0ac4a9b4cd9db48def44) Importer(815301076,1909f56bfc062723c751e8b465ee728b)  -> (artifact id: 'f8b520cb82a6f3cddcae4eee08f6a044') in 0.019346 seconds 
========================================================================
Received Import Request.
  Time since last request: 0.006630 seconds.
  path: Assets/Unity Store Assets/Sun_Temple/Prefabs/Props/Prop_Chair_C.prefab
  artifactKey: Guid(4079c68ba0036f24b9f26a82d809a8b5) Importer(815301076,1909f56bfc062723c751e8b465ee728b)
Start importing Assets/Unity Store Assets/Sun_Temple/Prefabs/Props/Prop_Chair_C.prefab using Guid(4079c68ba0036f24b9f26a82d809a8b5) Importer(815301076,1909f56bfc062723c751e8b465ee728b)  -> (artifact id: 'b0380bf48ab01c0e10be8efaa1a0f443') in 0.021202 seconds 
========================================================================
Received Import Request.
  Time since last request: 0.414881 seconds.
  path: Assets/Unity Store Assets/Sun_Temple/Prefabs/Props/Prop_CupBoard_A.prefab
  artifactKey: Guid(cd8f29cefe22c514abbd8824d857f3ef) Importer(815301076,1909f56bfc062723c751e8b465ee728b)
Start importing Assets/Unity Store Assets/Sun_Temple/Prefabs/Props/Prop_CupBoard_A.prefab using Guid(cd8f29cefe22c514abbd8824d857f3ef) Importer(815301076,1909f56bfc062723c751e8b465ee728b)  -> (artifact id: '87d453e0de5a22bbbaa91feafc4fab04') in 0.038201 seconds 
========================================================================
Received Import Request.
  Time since last request: 0.000291 seconds.
  path: Assets/Unity Store Assets/Sun_Temple/Prefabs/Props/Prop_Cupboard_B.prefab
  artifactKey: Guid(1d8417c21ebd51945a62681014ad4314) Importer(815301076,1909f56bfc062723c751e8b465ee728b)
Start importing Assets/Unity Store Assets/Sun_Temple/Prefabs/Props/Prop_Cupboard_B.prefab using Guid(1d8417c21ebd51945a62681014ad4314) Importer(815301076,1909f56bfc062723c751e8b465ee728b)  -> (artifact id: '14f91cc9d6edde1403e9a0353494fd7d') in 0.052818 seconds 
========================================================================
Received Import Request.
  Time since last request: 1.866814 seconds.
  path: Assets/Unity Store Assets/Sun_Temple/Prefabs/Props/Prop_OvenSet_A.prefab
  artifactKey: Guid(e407a9b9a74b89444a4ae4528203cb01) Importer(815301076,1909f56bfc062723c751e8b465ee728b)
Start importing Assets/Unity Store Assets/Sun_Temple/Prefabs/Props/Prop_OvenSet_A.prefab using Guid(e407a9b9a74b89444a4ae4528203cb01) Importer(815301076,1909f56bfc062723c751e8b465ee728b)  -> (artifact id: '1b166a9f4d751e78f7dad3f353660e4e') in 0.062086 seconds 
========================================================================
Received Import Request.
  Time since last request: 0.342679 seconds.
  path: Assets/Unity Store Assets/Sun_Temple/Prefabs/Props/Prop_Pillow_B.prefab
  artifactKey: Guid(3e4aa3cf9b4ce6c4a83e9cd290caf3f3) Importer(815301076,1909f56bfc062723c751e8b465ee728b)
Start importing Assets/Unity Store Assets/Sun_Temple/Prefabs/Props/Prop_Pillow_B.prefab using Guid(3e4aa3cf9b4ce6c4a83e9cd290caf3f3) Importer(815301076,1909f56bfc062723c751e8b465ee728b)  -> (artifact id: 'dacfbbd6a3ee7de6af5f3f5297a29561') in 0.019374 seconds 
========================================================================
Received Import Request.
  Time since last request: 0.000274 seconds.
  path: Assets/Unity Store Assets/Sun_Temple/Prefabs/Props/Prop_Roughbench_B_Det_A.prefab
  artifactKey: Guid(71605caf757c6b64281cb10ffa80caa1) Importer(815301076,1909f56bfc062723c751e8b465ee728b)
Start importing Assets/Unity Store Assets/Sun_Temple/Prefabs/Props/Prop_Roughbench_B_Det_A.prefab using Guid(71605caf757c6b64281cb10ffa80caa1) Importer(815301076,1909f56bfc062723c751e8b465ee728b)  -> (artifact id: '76f505a898c55dc24d76324d4cb3fb7b') in 0.017712 seconds 
========================================================================
Received Import Request.
  Time since last request: 1.193136 seconds.
  path: Assets/Unity Store Assets/Sun_Temple/Prefabs/Props/Prop_Sofa_B.prefab
  artifactKey: Guid(109311ae22786fa4689248ba85a3e6a3) Importer(815301076,1909f56bfc062723c751e8b465ee728b)
Start importing Assets/Unity Store Assets/Sun_Temple/Prefabs/Props/Prop_Sofa_B.prefab using Guid(109311ae22786fa4689248ba85a3e6a3) Importer(815301076,1909f56bfc062723c751e8b465ee728b)  -> (artifact id: '30d11a75523b95c772cb852d113ee1e7') in 0.020280 seconds 
========================================================================
Received Import Request.
  Time since last request: 0.000304 seconds.
  path: Assets/Unity Store Assets/Sun_Temple/Prefabs/Props/Prop_Sofa_C.prefab
  artifactKey: Guid(ee030b0ec84e4cb4199f6eea85012a80) Importer(815301076,1909f56bfc062723c751e8b465ee728b)
Start importing Assets/Unity Store Assets/Sun_Temple/Prefabs/Props/Prop_Sofa_C.prefab using Guid(ee030b0ec84e4cb4199f6eea85012a80) Importer(815301076,1909f56bfc062723c751e8b465ee728b)  -> (artifact id: '12deef327b99e42cc7c3ffe9e1f1038d') in 0.020202 seconds 
========================================================================
Received Import Request.
  Time since last request: 0.000276 seconds.
  path: Assets/Unity Store Assets/Sun_Temple/Prefabs/Props/Prop_StoneBricks_C (7).prefab
  artifactKey: Guid(ffc465d2bfb74694087098a965a100be) Importer(815301076,1909f56bfc062723c751e8b465ee728b)
Start importing Assets/Unity Store Assets/Sun_Temple/Prefabs/Props/Prop_StoneBricks_C (7).prefab using Guid(ffc465d2bfb74694087098a965a100be) Importer(815301076,1909f56bfc062723c751e8b465ee728b)  -> (artifact id: '3aacc395aefab3d4bdd1b23442104e2e') in 0.023967 seconds 
========================================================================
Received Import Request.
  Time since last request: 0.000275 seconds.
  path: Assets/Unity Store Assets/Sun_Temple/Prefabs/Props/Prop_Sofa_D.prefab
  artifactKey: Guid(9e82725a488a8094b9cbd49420058692) Importer(815301076,1909f56bfc062723c751e8b465ee728b)
Start importing Assets/Unity Store Assets/Sun_Temple/Prefabs/Props/Prop_Sofa_D.prefab using Guid(9e82725a488a8094b9cbd49420058692) Importer(815301076,1909f56bfc062723c751e8b465ee728b)  -> (artifact id: '32c220f8be2f29456f7e9851bfb073dc') in 0.035093 seconds 
========================================================================
Received Import Request.
  Time since last request: 264.143599 seconds.
  path: Assets/Scenes/Game/Game.unity
  artifactKey: Guid(9d99a684b541cc046bf54e92be20bc4e) Importer(815301076,1909f56bfc062723c751e8b465ee728b)
Start importing Assets/Scenes/Game/Game.unity using Guid(9d99a684b541cc046bf54e92be20bc4e) Importer(815301076,1909f56bfc062723c751e8b465ee728b)  -> (artifact id: '491151825e979f0dbadc35884f2c7898') in 0.005404 seconds 
AssetImportWorkerClient::OnTransportError - code=2 error=End of file
